[0.070s] DEBUG:colcon:Command line arguments: ['/usr/bin/colcon', 'build']
[0.070s] DEBUG:colcon:Parsed command line arguments: Namespace(log_base=None, log_level=None, verb_name='build', build_base='build', install_base='install', merge_install=False, symlink_install=False, test_result_base=None, continue_on_error=False, executor='parallel', parallel_workers=12, event_handlers=None, ignore_user_meta=False, metas=['./colcon.meta'], base_paths=['.'], packages_ignore=None, packages_ignore_regex=None, paths=None, packages_up_to=None, packages_up_to_regex=None, packages_above=None, packages_above_and_dependencies=None, packages_above_depth=None, packages_select_by_dep=None, packages_skip_by_dep=None, packages_skip_up_to=None, packages_select_build_failed=False, packages_skip_build_finished=False, packages_select_test_failures=False, packages_skip_test_passed=False, packages_select=None, packages_skip=None, packages_select_regex=None, packages_skip_regex=None, packages_start=None, packages_end=None, allow_overriding=[], cmake_args=None, cmake_target=None, cmake_target_skip_unavailable=False, cmake_clean_cache=False, cmake_clean_first=False, cmake_force_configure=False, ament_cmake_args=None, catkin_cmake_args=None, catkin_skip_building_tests=False, mixin_files=None, mixin=None, verb_parser=<colcon_mixin.mixin.mixin_argument.MixinArgumentDecorator object at 0x776b02949840>, verb_extension=<colcon_core.verb.build.BuildVerb object at 0x776b02949390>, main=<bound method BuildVerb.main of <colcon_core.verb.build.BuildVerb object at 0x776b02949390>>, mixin_verb=('build',))
[0.173s] Level 1:colcon.colcon_core.package_discovery:discover_packages(colcon_meta) check parameters
[0.173s] Level 1:colcon.colcon_core.package_discovery:discover_packages(recursive) check parameters
[0.173s] Level 1:colcon.colcon_core.package_discovery:discover_packages(ignore) check parameters
[0.173s] Level 1:colcon.colcon_core.package_discovery:discover_packages(path) check parameters
[0.173s] Level 1:colcon.colcon_core.package_discovery:discover_packages(colcon_meta) discover
[0.173s] Level 1:colcon.colcon_core.package_discovery:discover_packages(recursive) discover
[0.173s] INFO:colcon.colcon_core.package_discovery:Crawling recursively for packages in '/home/luz/Escritorio/Robotica/week2/lab1ej2_ws'
[0.173s] Level 1:colcon.colcon_core.package_identification:_identify(.) by extensions ['ignore', 'ignore_ament_install']
[0.173s] Level 1:colcon.colcon_core.package_identification:_identify(.) by extension 'ignore'
[0.173s] Level 1:colcon.colcon_core.package_identification:_identify(.) by extension 'ignore_ament_install'
[0.173s] Level 1:colcon.colcon_core.package_identification:_identify(.) by extensions ['colcon_pkg']
[0.173s] Level 1:colcon.colcon_core.package_identification:_identify(.) by extension 'colcon_pkg'
[0.173s] Level 1:colcon.colcon_core.package_identification:_identify(.) by extensions ['colcon_meta']
[0.173s] Level 1:colcon.colcon_core.package_identification:_identify(.) by extension 'colcon_meta'
[0.173s] Level 1:colcon.colcon_core.package_identification:_identify(.) by extensions ['ros']
[0.173s] Level 1:colcon.colcon_core.package_identification:_identify(.) by extension 'ros'
[0.183s] Level 1:colcon.colcon_core.package_identification:_identify(.) by extensions ['cmake', 'python']
[0.183s] Level 1:colcon.colcon_core.package_identification:_identify(.) by extension 'cmake'
[0.183s] Level 1:colcon.colcon_core.package_identification:_identify(.) by extension 'python'
[0.183s] Level 1:colcon.colcon_core.package_identification:_identify(.) by extensions ['python_setup_py']
[0.183s] Level 1:colcon.colcon_core.package_identification:_identify(.) by extension 'python_setup_py'
[0.183s] Level 1:colcon.colcon_core.package_identification:_identify(build) by extensions ['ignore', 'ignore_ament_install']
[0.183s] Level 1:colcon.colcon_core.package_identification:_identify(build) by extension 'ignore'
[0.183s] Level 1:colcon.colcon_core.package_identification:_identify(build) ignored
[0.183s] Level 1:colcon.colcon_core.package_identification:_identify(install) by extensions ['ignore', 'ignore_ament_install']
[0.183s] Level 1:colcon.colcon_core.package_identification:_identify(install) by extension 'ignore'
[0.183s] Level 1:colcon.colcon_core.package_identification:_identify(install) ignored
[0.183s] Level 1:colcon.colcon_core.package_identification:_identify(log) by extensions ['ignore', 'ignore_ament_install']
[0.183s] Level 1:colcon.colcon_core.package_identification:_identify(log) by extension 'ignore'
[0.183s] Level 1:colcon.colcon_core.package_identification:_identify(log) ignored
[0.183s] Level 1:colcon.colcon_core.package_identification:_identify(src) by extensions ['ignore', 'ignore_ament_install']
[0.183s] Level 1:colcon.colcon_core.package_identification:_identify(src) by extension 'ignore'
[0.183s] Level 1:colcon.colcon_core.package_identification:_identify(src) by extension 'ignore_ament_install'
[0.183s] Level 1:colcon.colcon_core.package_identification:_identify(src) by extensions ['colcon_pkg']
[0.184s] Level 1:colcon.colcon_core.package_identification:_identify(src) by extension 'colcon_pkg'
[0.184s] Level 1:colcon.colcon_core.package_identification:_identify(src) by extensions ['colcon_meta']
[0.184s] Level 1:colcon.colcon_core.package_identification:_identify(src) by extension 'colcon_meta'
[0.184s] Level 1:colcon.colcon_core.package_identification:_identify(src) by extensions ['ros']
[0.184s] Level 1:colcon.colcon_core.package_identification:_identify(src) by extension 'ros'
[0.184s] Level 1:colcon.colcon_core.package_identification:_identify(src) by extensions ['cmake', 'python']
[0.184s] Level 1:colcon.colcon_core.package_identification:_identify(src) by extension 'cmake'
[0.184s] Level 1:colcon.colcon_core.package_identification:_identify(src) by extension 'python'
[0.184s] Level 1:colcon.colcon_core.package_identification:_identify(src) by extensions ['python_setup_py']
[0.184s] Level 1:colcon.colcon_core.package_identification:_identify(src) by extension 'python_setup_py'
[0.184s] Level 1:colcon.colcon_core.package_identification:_identify(src/lab_p_ps_s) by extensions ['ignore', 'ignore_ament_install']
[0.184s] Level 1:colcon.colcon_core.package_identification:_identify(src/lab_p_ps_s) by extension 'ignore'
[0.184s] Level 1:colcon.colcon_core.package_identification:_identify(src/lab_p_ps_s) by extension 'ignore_ament_install'
[0.184s] Level 1:colcon.colcon_core.package_identification:_identify(src/lab_p_ps_s) by extensions ['colcon_pkg']
[0.184s] Level 1:colcon.colcon_core.package_identification:_identify(src/lab_p_ps_s) by extension 'colcon_pkg'
[0.184s] Level 1:colcon.colcon_core.package_identification:_identify(src/lab_p_ps_s) by extensions ['colcon_meta']
[0.184s] Level 1:colcon.colcon_core.package_identification:_identify(src/lab_p_ps_s) by extension 'colcon_meta'
[0.184s] Level 1:colcon.colcon_core.package_identification:_identify(src/lab_p_ps_s) by extensions ['ros']
[0.184s] Level 1:colcon.colcon_core.package_identification:_identify(src/lab_p_ps_s) by extension 'ros'
[0.186s] DEBUG:colcon.colcon_core.package_identification:Package 'src/lab_p_ps_s' with type 'ros.ament_python' and name 'lab_p_ps_s'
[0.186s] Level 1:colcon.colcon_core.package_discovery:discover_packages(recursive) using defaults
[0.186s] Level 1:colcon.colcon_core.package_discovery:discover_packages(ignore) discover
[0.186s] Level 1:colcon.colcon_core.package_discovery:discover_packages(ignore) using defaults
[0.186s] Level 1:colcon.colcon_core.package_discovery:discover_packages(path) discover
[0.186s] Level 1:colcon.colcon_core.package_discovery:discover_packages(path) using defaults
[0.206s] Level 1:colcon.colcon_core.package_discovery:discover_packages(prefix_path) check parameters
[0.207s] Level 1:colcon.colcon_core.package_discovery:discover_packages(prefix_path) discover
[0.208s] DEBUG:colcon.colcon_installed_package_information.package_discovery:Found 274 installed packages in /opt/ros/humble
[0.209s] Level 1:colcon.colcon_core.package_discovery:discover_packages(prefix_path) using defaults
[0.231s] Level 5:colcon.colcon_core.verb:set package 'lab_p_ps_s' build argument 'cmake_args' from command line to 'None'
[0.231s] Level 5:colcon.colcon_core.verb:set package 'lab_p_ps_s' build argument 'cmake_target' from command line to 'None'
[0.231s] Level 5:colcon.colcon_core.verb:set package 'lab_p_ps_s' build argument 'cmake_target_skip_unavailable' from command line to 'False'
[0.231s] Level 5:colcon.colcon_core.verb:set package 'lab_p_ps_s' build argument 'cmake_clean_cache' from command line to 'False'
[0.231s] Level 5:colcon.colcon_core.verb:set package 'lab_p_ps_s' build argument 'cmake_clean_first' from command line to 'False'
[0.231s] Level 5:colcon.colcon_core.verb:set package 'lab_p_ps_s' build argument 'cmake_force_configure' from command line to 'False'
[0.231s] Level 5:colcon.colcon_core.verb:set package 'lab_p_ps_s' build argument 'ament_cmake_args' from command line to 'None'
[0.231s] Level 5:colcon.colcon_core.verb:set package 'lab_p_ps_s' build argument 'catkin_cmake_args' from command line to 'None'
[0.231s] Level 5:colcon.colcon_core.verb:set package 'lab_p_ps_s' build argument 'catkin_skip_building_tests' from command line to 'False'
[0.231s] DEBUG:colcon.colcon_core.verb:Building package 'lab_p_ps_s' with the following arguments: {'ament_cmake_args': None, 'build_base': '/home/luz/Escritorio/Robotica/week2/lab1ej2_ws/build/lab_p_ps_s', 'catkin_cmake_args': None, 'catkin_skip_building_tests': False, 'cmake_args': None, 'cmake_clean_cache': False, 'cmake_clean_first': False, 'cmake_force_configure': False, 'cmake_target': None, 'cmake_target_skip_unavailable': False, 'install_base': '/home/luz/Escritorio/Robotica/week2/lab1ej2_ws/install/lab_p_ps_s', 'merge_install': False, 'path': '/home/luz/Escritorio/Robotica/week2/lab1ej2_ws/src/lab_p_ps_s', 'symlink_install': False, 'test_result_base': None}
[0.231s] INFO:colcon.colcon_core.executor:Executing jobs using 'parallel' executor
[0.232s] DEBUG:colcon.colcon_parallel_executor.executor.parallel:run_until_complete
[0.232s] INFO:colcon.colcon_ros.task.ament_python.build:Building ROS package in '/home/luz/Escritorio/Robotica/week2/lab1ej2_ws/src/lab_p_ps_s' with build type 'ament_python'
[0.232s] Level 1:colcon.colcon_core.shell:create_environment_hook('lab_p_ps_s', 'ament_prefix_path')
[0.233s] INFO:colcon.colcon_core.plugin_system:Skipping extension 'colcon_core.shell.bat': Not used on non-Windows systems
[0.233s] INFO:colcon.colcon_core.shell:Creating environment hook '/home/luz/Escritorio/Robotica/week2/lab1ej2_ws/install/lab_p_ps_s/share/lab_p_ps_s/hook/ament_prefix_path.ps1'
[0.234s] INFO:colcon.colcon_core.shell:Creating environment descriptor '/home/luz/Escritorio/Robotica/week2/lab1ej2_ws/install/lab_p_ps_s/share/lab_p_ps_s/hook/ament_prefix_path.dsv'
[0.234s] INFO:colcon.colcon_core.shell:Creating environment hook '/home/luz/Escritorio/Robotica/week2/lab1ej2_ws/install/lab_p_ps_s/share/lab_p_ps_s/hook/ament_prefix_path.sh'
[0.235s] INFO:colcon.colcon_core.shell:Skip shell extension 'powershell' for command environment: Not usable outside of PowerShell
[0.235s] DEBUG:colcon.colcon_core.shell:Skip shell extension 'dsv' for command environment
[0.397s] INFO:colcon.colcon_core.task.python.build:Building Python package in '/home/luz/Escritorio/Robotica/week2/lab1ej2_ws/src/lab_p_ps_s'
[0.398s] INFO:colcon.colcon_core.shell:Skip shell extension 'powershell' for command environment: Not usable outside of PowerShell
[0.398s] DEBUG:colcon.colcon_core.shell:Skip shell extension 'dsv' for command environment
[0.608s] DEBUG:colcon.colcon_core.event_handler.log_command:Invoking command in '/home/luz/Escritorio/Robotica/week2/lab1ej2_ws/src/lab_p_ps_s': PYTHONPATH=/home/luz/Escritorio/Robotica/week2/lab1ej2_ws/build/lab_p_ps_s/prefix_override:/usr/lib/python3/dist-packages/colcon_core/task/python/colcon_distutils_commands:/home/luz/Escritorio/Robotica/week2/lab1ej2_ws/install/lab_p_ps_s/lib/python3.10/site-packages:${PYTHONPATH} /usr/bin/python3 -W ignore:setup.py install is deprecated -W ignore:easy_install command is deprecated setup.py egg_info --egg-base ../../build/lab_p_ps_s build --build-base /home/luz/Escritorio/Robotica/week2/lab1ej2_ws/build/lab_p_ps_s/build install --record /home/luz/Escritorio/Robotica/week2/lab1ej2_ws/build/lab_p_ps_s/install.log --single-version-externally-managed install_data
[0.788s] DEBUG:colcon.colcon_core.event_handler.log_command:Invoked command in '/home/luz/Escritorio/Robotica/week2/lab1ej2_ws/src/lab_p_ps_s' returned '0': PYTHONPATH=/home/luz/Escritorio/Robotica/week2/lab1ej2_ws/build/lab_p_ps_s/prefix_override:/usr/lib/python3/dist-packages/colcon_core/task/python/colcon_distutils_commands:/home/luz/Escritorio/Robotica/week2/lab1ej2_ws/install/lab_p_ps_s/lib/python3.10/site-packages:${PYTHONPATH} /usr/bin/python3 -W ignore:setup.py install is deprecated -W ignore:easy_install command is deprecated setup.py egg_info --egg-base ../../build/lab_p_ps_s build --build-base /home/luz/Escritorio/Robotica/week2/lab1ej2_ws/build/lab_p_ps_s/build install --record /home/luz/Escritorio/Robotica/week2/lab1ej2_ws/build/lab_p_ps_s/install.log --single-version-externally-managed install_data
[0.789s] Level 1:colcon.colcon_core.environment:checking '/home/luz/Escritorio/Robotica/week2/lab1ej2_ws/install/lab_p_ps_s' for CMake module files
[0.790s] Level 1:colcon.colcon_core.environment:checking '/home/luz/Escritorio/Robotica/week2/lab1ej2_ws/install/lab_p_ps_s' for CMake config files
[0.790s] Level 1:colcon.colcon_core.environment:checking '/home/luz/Escritorio/Robotica/week2/lab1ej2_ws/install/lab_p_ps_s/lib'
[0.790s] Level 1:colcon.colcon_core.environment:checking '/home/luz/Escritorio/Robotica/week2/lab1ej2_ws/install/lab_p_ps_s/bin'
[0.790s] Level 1:colcon.colcon_core.environment:checking '/home/luz/Escritorio/Robotica/week2/lab1ej2_ws/install/lab_p_ps_s/lib/pkgconfig/lab_p_ps_s.pc'
[0.790s] Level 1:colcon.colcon_core.environment:checking '/home/luz/Escritorio/Robotica/week2/lab1ej2_ws/install/lab_p_ps_s/lib/python3.10/site-packages'
[0.791s] Level 1:colcon.colcon_core.shell:create_environment_hook('lab_p_ps_s', 'pythonpath')
[0.791s] INFO:colcon.colcon_core.shell:Creating environment hook '/home/luz/Escritorio/Robotica/week2/lab1ej2_ws/install/lab_p_ps_s/share/lab_p_ps_s/hook/pythonpath.ps1'
[0.791s] INFO:colcon.colcon_core.shell:Creating environment descriptor '/home/luz/Escritorio/Robotica/week2/lab1ej2_ws/install/lab_p_ps_s/share/lab_p_ps_s/hook/pythonpath.dsv'
[0.791s] INFO:colcon.colcon_core.shell:Creating environment hook '/home/luz/Escritorio/Robotica/week2/lab1ej2_ws/install/lab_p_ps_s/share/lab_p_ps_s/hook/pythonpath.sh'
[0.792s] Level 1:colcon.colcon_core.environment:checking '/home/luz/Escritorio/Robotica/week2/lab1ej2_ws/install/lab_p_ps_s/bin'
[0.792s] Level 1:colcon.colcon_core.environment:create_environment_scripts_only(lab_p_ps_s)
[0.792s] INFO:colcon.colcon_core.shell:Creating package script '/home/luz/Escritorio/Robotica/week2/lab1ej2_ws/install/lab_p_ps_s/share/lab_p_ps_s/package.ps1'
[0.793s] INFO:colcon.colcon_core.shell:Creating package descriptor '/home/luz/Escritorio/Robotica/week2/lab1ej2_ws/install/lab_p_ps_s/share/lab_p_ps_s/package.dsv'
[0.793s] INFO:colcon.colcon_core.shell:Creating package script '/home/luz/Escritorio/Robotica/week2/lab1ej2_ws/install/lab_p_ps_s/share/lab_p_ps_s/package.sh'
[0.793s] INFO:colcon.colcon_core.shell:Creating package script '/home/luz/Escritorio/Robotica/week2/lab1ej2_ws/install/lab_p_ps_s/share/lab_p_ps_s/package.bash'
[0.794s] INFO:colcon.colcon_core.shell:Creating package script '/home/luz/Escritorio/Robotica/week2/lab1ej2_ws/install/lab_p_ps_s/share/lab_p_ps_s/package.zsh'
[0.794s] Level 1:colcon.colcon_core.environment:create_file_with_runtime_dependencies(/home/luz/Escritorio/Robotica/week2/lab1ej2_ws/install/lab_p_ps_s/share/colcon-core/packages/lab_p_ps_s)
[0.795s] DEBUG:colcon.colcon_parallel_executor.executor.parallel:closing loop
[0.795s] DEBUG:colcon.colcon_parallel_executor.executor.parallel:loop closed
[0.795s] DEBUG:colcon.colcon_parallel_executor.executor.parallel:run_until_complete finished with '0'
[0.795s] DEBUG:colcon.colcon_core.event_reactor:joining thread
[0.800s] INFO:colcon.colcon_core.plugin_system:Skipping extension 'colcon_notification.desktop_notification.terminal_notifier': Not used on non-Darwin systems
[0.800s] INFO:colcon.colcon_core.plugin_system:Skipping extension 'colcon_notification.desktop_notification.win32': Not used on non-Windows systems
[0.800s] INFO:colcon.colcon_notification.desktop_notification:Sending desktop notification using 'notify2'
[0.809s] DEBUG:colcon.colcon_core.event_reactor:joined thread
[0.809s] INFO:colcon.colcon_core.shell:Creating prefix script '/home/luz/Escritorio/Robotica/week2/lab1ej2_ws/install/local_setup.ps1'
[0.810s] INFO:colcon.colcon_core.shell:Creating prefix util module '/home/luz/Escritorio/Robotica/week2/lab1ej2_ws/install/_local_setup_util_ps1.py'
[0.811s] INFO:colcon.colcon_core.shell:Creating prefix chain script '/home/luz/Escritorio/Robotica/week2/lab1ej2_ws/install/setup.ps1'
[0.811s] INFO:colcon.colcon_core.shell:Creating prefix script '/home/luz/Escritorio/Robotica/week2/lab1ej2_ws/install/local_setup.sh'
[0.812s] INFO:colcon.colcon_core.shell:Creating prefix util module '/home/luz/Escritorio/Robotica/week2/lab1ej2_ws/install/_local_setup_util_sh.py'
[0.812s] INFO:colcon.colcon_core.shell:Creating prefix chain script '/home/luz/Escritorio/Robotica/week2/lab1ej2_ws/install/setup.sh'
[0.813s] INFO:colcon.colcon_core.shell:Creating prefix script '/home/luz/Escritorio/Robotica/week2/lab1ej2_ws/install/local_setup.bash'
[0.813s] INFO:colcon.colcon_core.shell:Creating prefix chain script '/home/luz/Escritorio/Robotica/week2/lab1ej2_ws/install/setup.bash'
[0.814s] INFO:colcon.colcon_core.shell:Creating prefix script '/home/luz/Escritorio/Robotica/week2/lab1ej2_ws/install/local_setup.zsh'
[0.814s] INFO:colcon.colcon_core.shell:Creating prefix chain script '/home/luz/Escritorio/Robotica/week2/lab1ej2_ws/install/setup.zsh'
