running egg_info
writing ../../build/pata_perro_pkg/pata_perro_pkg.egg-info/PKG-INFO
writing dependency_links to ../../build/pata_perro_pkg/pata_perro_pkg.egg-info/dependency_links.txt
writing entry points to ../../build/pata_perro_pkg/pata_perro_pkg.egg-info/entry_points.txt
writing requirements to ../../build/pata_perro_pkg/pata_perro_pkg.egg-info/requires.txt
writing top-level names to ../../build/pata_perro_pkg/pata_perro_pkg.egg-info/top_level.txt
reading manifest file '../../build/pata_perro_pkg/pata_perro_pkg.egg-info/SOURCES.txt'
adding license file 'LICENSE'
writing manifest file '../../build/pata_perro_pkg/pata_perro_pkg.egg-info/SOURCES.txt'
running build
running build_py
running install
running install_lib
running install_data
running install_egg_info
removing '/home/luz/Escritorio/Robotica/week4/lab3_2_ws/install/pata_perro_pkg/lib/python3.10/site-packages/pata_perro_pkg-0.0.0-py3.10.egg-info' (and everything under it)
Copying ../../build/pata_perro_pkg/pata_perro_pkg.egg-info to /home/luz/Escritorio/Robotica/week4/lab3_2_ws/install/pata_perro_pkg/lib/python3.10/site-packages/pata_perro_pkg-0.0.0-py3.10.egg-info
running install_scripts
Installing Client_perro script to /home/luz/Escritorio/Robotica/week4/lab3_2_ws/install/pata_perro_pkg/lib/pata_perro_pkg
Installing Server_perro script to /home/luz/Escritorio/Robotica/week4/lab3_2_ws/install/pata_perro_pkg/lib/pata_perro_pkg
writing list of installed files to '/home/luz/Escritorio/Robotica/week4/lab3_2_ws/build/pata_perro_pkg/install.log'
