/home/luz/Escritorio/ucbrob_ws/install/pubsub_py/lib/python3.10/site-packages/pubsub_py/client_angles.py
/home/luz/Escritorio/ucbrob_ws/install/pubsub_py/lib/python3.10/site-packages/pubsub_py/sub_angles.py
/home/luz/Escritorio/ucbrob_ws/install/pubsub_py/lib/python3.10/site-packages/pubsub_py/publicador.py
/home/luz/Escritorio/ucbrob_ws/install/pubsub_py/lib/python3.10/site-packages/pubsub_py/subscriptor.py
/home/luz/Escritorio/ucbrob_ws/install/pubsub_py/lib/python3.10/site-packages/pubsub_py/__init__.py
/home/luz/Escritorio/ucbrob_ws/install/pubsub_py/lib/python3.10/site-packages/pubsub_py/destino.py
/home/luz/Escritorio/ucbrob_ws/install/pubsub_py/lib/python3.10/site-packages/pubsub_py/process.py
/home/luz/Escritorio/ucbrob_ws/install/pubsub_py/lib/python3.10/site-packages/pubsub_py/pub_angles.py
/home/luz/Escritorio/ucbrob_ws/install/pubsub_py/lib/python3.10/site-packages/pubsub_py/server_angles.py
/home/luz/Escritorio/ucbrob_ws/install/pubsub_py/lib/python3.10/site-packages/pubsub_py/origen.py
/home/luz/Escritorio/ucbrob_ws/install/pubsub_py/lib/python3.10/site-packages/pubsub_py/__pycache__/client_angles.cpython-310.pyc
/home/luz/Escritorio/ucbrob_ws/install/pubsub_py/lib/python3.10/site-packages/pubsub_py/__pycache__/sub_angles.cpython-310.pyc
/home/luz/Escritorio/ucbrob_ws/install/pubsub_py/lib/python3.10/site-packages/pubsub_py/__pycache__/publicador.cpython-310.pyc
/home/luz/Escritorio/ucbrob_ws/install/pubsub_py/lib/python3.10/site-packages/pubsub_py/__pycache__/subscriptor.cpython-310.pyc
/home/luz/Escritorio/ucbrob_ws/install/pubsub_py/lib/python3.10/site-packages/pubsub_py/__pycache__/__init__.cpython-310.pyc
/home/luz/Escritorio/ucbrob_ws/install/pubsub_py/lib/python3.10/site-packages/pubsub_py/__pycache__/destino.cpython-310.pyc
/home/luz/Escritorio/ucbrob_ws/install/pubsub_py/lib/python3.10/site-packages/pubsub_py/__pycache__/process.cpython-310.pyc
/home/luz/Escritorio/ucbrob_ws/install/pubsub_py/lib/python3.10/site-packages/pubsub_py/__pycache__/pub_angles.cpython-310.pyc
/home/luz/Escritorio/ucbrob_ws/install/pubsub_py/lib/python3.10/site-packages/pubsub_py/__pycache__/server_angles.cpython-310.pyc
/home/luz/Escritorio/ucbrob_ws/install/pubsub_py/lib/python3.10/site-packages/pubsub_py/__pycache__/origen.cpython-310.pyc
/home/luz/Escritorio/ucbrob_ws/install/pubsub_py/share/ament_index/resource_index/packages/pubsub_py
/home/luz/Escritorio/ucbrob_ws/install/pubsub_py/share/pubsub_py/package.xml
/home/luz/Escritorio/ucbrob_ws/install/pubsub_py/lib/python3.10/site-packages/pubsub_py-0.0.0-py3.10.egg-info/PKG-INFO
/home/luz/Escritorio/ucbrob_ws/install/pubsub_py/lib/python3.10/site-packages/pubsub_py-0.0.0-py3.10.egg-info/zip-safe
/home/luz/Escritorio/ucbrob_ws/install/pubsub_py/lib/python3.10/site-packages/pubsub_py-0.0.0-py3.10.egg-info/requires.txt
/home/luz/Escritorio/ucbrob_ws/install/pubsub_py/lib/python3.10/site-packages/pubsub_py-0.0.0-py3.10.egg-info/top_level.txt
/home/luz/Escritorio/ucbrob_ws/install/pubsub_py/lib/python3.10/site-packages/pubsub_py-0.0.0-py3.10.egg-info/SOURCES.txt
/home/luz/Escritorio/ucbrob_ws/install/pubsub_py/lib/python3.10/site-packages/pubsub_py-0.0.0-py3.10.egg-info/dependency_links.txt
/home/luz/Escritorio/ucbrob_ws/install/pubsub_py/lib/python3.10/site-packages/pubsub_py-0.0.0-py3.10.egg-info/entry_points.txt
/home/luz/Escritorio/ucbrob_ws/install/pubsub_py/lib/pubsub_py/Angulo
/home/luz/Escritorio/ucbrob_ws/install/pubsub_py/lib/pubsub_py/Client
/home/luz/Escritorio/ucbrob_ws/install/pubsub_py/lib/pubsub_py/Destino
/home/luz/Escritorio/ucbrob_ws/install/pubsub_py/lib/pubsub_py/Matrix
/home/luz/Escritorio/ucbrob_ws/install/pubsub_py/lib/pubsub_py/Origen
/home/luz/Escritorio/ucbrob_ws/install/pubsub_py/lib/pubsub_py/Process
/home/luz/Escritorio/ucbrob_ws/install/pubsub_py/lib/pubsub_py/Publicador
/home/luz/Escritorio/ucbrob_ws/install/pubsub_py/lib/pubsub_py/Server
/home/luz/Escritorio/ucbrob_ws/install/pubsub_py/lib/pubsub_py/Subscriptor
