[0.015s] Invoking command in '/home/luz/Escritorio/Robotica/week9/ros2_ws/build/cartographer_ros_msgs': CMAKE_PREFIX_PATH=/home/luz/Escritorio/Robotica/week9/ros2_ws/install/stage_ros2:/opt/ros/humble:/home/luz/Escritorio/Robotica/week9/ros2_ws/install/stage:/home/luz/Escritorio/Robotica/week9/ros2_ws/install/navigation_tb3:/home/luz/Escritorio/Robotica/week9/ros2_ws/install/cartographer_rviz:/home/luz/Escritorio/Robotica/week9/ros2_ws/install/cartographer_ros:/home/luz/Escritorio/Robotica/week9/ros2_ws/install/cartographer_ros_msgs /usr/bin/cmake /home/luz/Escritorio/Robotica/week9/ros2_ws/src/cartographer_ros/cartographer_ros_msgs -DOpenGL_GL_PREFERENCE=LEGACY -DAMENT_CMAKE_SYMLINK_INSTALL=1 -DCMAKE_INSTALL_PREFIX=/home/luz/Escritorio/Robotica/week9/ros2_ws/install/cartographer_ros_msgs
[0.030s] -- Found ament_cmake: 1.3.12 (/opt/ros/humble/share/ament_cmake/cmake)
[0.143s] -- Override CMake install command with custom implementation using symlinks instead of copying resources
[0.148s] -- Found rosidl_default_generators: 1.2.0 (/opt/ros/humble/share/rosidl_default_generators/cmake)
[0.149s] -- Using all available rosidl_typesupport_c: rosidl_typesupport_fastrtps_c;rosidl_typesupport_introspection_c
[0.151s] -- Found rosidl_adapter: 3.1.7 (/opt/ros/humble/share/rosidl_adapter/cmake)
[0.171s] -- Using all available rosidl_typesupport_cpp: rosidl_typesupport_fastrtps_cpp;rosidl_typesupport_introspection_cpp
[0.187s] -- Found builtin_interfaces: 1.2.2 (/opt/ros/humble/share/builtin_interfaces/cmake)
[0.194s] -- Found geometry_msgs: 4.9.0 (/opt/ros/humble/share/geometry_msgs/cmake)
[0.601s] -- Found ament_cmake_cppcheck: 0.12.14 (/opt/ros/humble/share/ament_cmake_cppcheck/cmake)
[0.601s] -- Found ament_cmake_cpplint: 0.12.14 (/opt/ros/humble/share/ament_cmake_cpplint/cmake)
[0.602s] -- Found ament_cmake_uncrustify: 0.12.14 (/opt/ros/humble/share/ament_cmake_uncrustify/cmake)
[0.603s] -- Found ament_cmake_ros: 0.10.0 (/opt/ros/humble/share/ament_cmake_ros/cmake)
[0.829s] -- Using all available rosidl_typesupport_c: rosidl_typesupport_fastrtps_c;rosidl_typesupport_introspection_c
[1.098s] -- Using all available rosidl_typesupport_cpp: rosidl_typesupport_fastrtps_cpp;rosidl_typesupport_introspection_cpp
[1.119s] -- Found python_cmake_module: 0.10.0 (/opt/ros/humble/share/python_cmake_module/cmake)
[1.135s] -- Using PYTHON_EXECUTABLE: /usr/bin/python3
[1.136s] -- Using PYTHON_INCLUDE_DIRS: /usr/include/python3.10
[1.136s] -- Using PYTHON_LIBRARIES: /usr/lib/x86_64-linux-gnu/libpython3.10.so
[1.261s] -- Found ament_cmake_flake8: 0.12.14 (/opt/ros/humble/share/ament_cmake_flake8/cmake)
[1.262s] -- Found ament_cmake_pep257: 0.12.14 (/opt/ros/humble/share/ament_cmake_pep257/cmake)
[1.278s] -- Configuring done
[1.346s] -- Generating done
[1.348s] [33mCMake Warning:
[1.348s]   Manually-specified variables were not used by the project:
[1.348s] 
[1.348s]     OpenGL_GL_PREFERENCE
[1.348s] 
[1.348s] [0m
[1.356s] -- Build files have been written to: /home/luz/Escritorio/Robotica/week9/ros2_ws/build/cartographer_ros_msgs
