[0.011s] Invoking command in '/home/luz/Escritorio/Robotica/week9/ros2_ws/build/cartographer_rviz': CMAKE_PREFIX_PATH=/home/luz/Escritorio/Robotica/week9/ros2_ws/install/cartographer_ros:/home/luz/Escritorio/Robotica/week9/ros2_ws/install/cartographer_ros_msgs:/home/luz/Escritorio/Robotica/week9/ros2_ws/install/navigation_tb3:/home/luz/Escritorio/Robotica/week9/ros2_ws/install/cartographer_rviz:/home/luz/Escritorio/Robotica/week9/ros2_ws/install/stage_ros2:/opt/ros/humble:/home/luz/Escritorio/Robotica/week9/ros2_ws/install/stage LD_LIBRARY_PATH=/home/luz/Escritorio/Robotica/week9/ros2_ws/install/cartographer_ros_msgs/lib:/home/luz/Escritorio/Robotica/week9/ros2_ws/install/cartographer_rviz/lib:/home/luz/Escritorio/Robotica/week9/ros2_ws/install/cartographer_ros/lib:/home/luz/Escritorio/Robotica/week9/ros2_ws/install/stage_ros2/lib:/home/luz/Escritorio/Robotica/week9/ros2_ws/install/stage/lib:/usr/lib/x86_64-linux-gnu/gazebo-11/plugins:/opt/ros/humble/opt/rviz_ogre_vendor/lib:/opt/ros/humble/lib/x86_64-linux-gnu:/opt/ros/humble/lib /usr/bin/cmake --build /home/luz/Escritorio/Robotica/week9/ros2_ws/build/cartographer_rviz -- -j12 -l12
[0.062s] [ 16%] [34m[1mAutomatic MOC for target cartographer_rviz[0m
[0.066s] [ 16%] Built target cartographer_rviz_detect_changes
[0.097s] [ 16%] Built target cartographer_rviz_autogen
[0.149s] [100%] Built target cartographer_rviz
[0.162s] Invoked command in '/home/luz/Escritorio/Robotica/week9/ros2_ws/build/cartographer_rviz' returned '0': CMAKE_PREFIX_PATH=/home/luz/Escritorio/Robotica/week9/ros2_ws/install/cartographer_ros:/home/luz/Escritorio/Robotica/week9/ros2_ws/install/cartographer_ros_msgs:/home/luz/Escritorio/Robotica/week9/ros2_ws/install/navigation_tb3:/home/luz/Escritorio/Robotica/week9/ros2_ws/install/cartographer_rviz:/home/luz/Escritorio/Robotica/week9/ros2_ws/install/stage_ros2:/opt/ros/humble:/home/luz/Escritorio/Robotica/week9/ros2_ws/install/stage LD_LIBRARY_PATH=/home/luz/Escritorio/Robotica/week9/ros2_ws/install/cartographer_ros_msgs/lib:/home/luz/Escritorio/Robotica/week9/ros2_ws/install/cartographer_rviz/lib:/home/luz/Escritorio/Robotica/week9/ros2_ws/install/cartographer_ros/lib:/home/luz/Escritorio/Robotica/week9/ros2_ws/install/stage_ros2/lib:/home/luz/Escritorio/Robotica/week9/ros2_ws/install/stage/lib:/usr/lib/x86_64-linux-gnu/gazebo-11/plugins:/opt/ros/humble/opt/rviz_ogre_vendor/lib:/opt/ros/humble/lib/x86_64-linux-gnu:/opt/ros/humble/lib /usr/bin/cmake --build /home/luz/Escritorio/Robotica/week9/ros2_ws/build/cartographer_rviz -- -j12 -l12
[0.164s] Invoking command in '/home/luz/Escritorio/Robotica/week9/ros2_ws/build/cartographer_rviz': CMAKE_PREFIX_PATH=/home/luz/Escritorio/Robotica/week9/ros2_ws/install/cartographer_ros:/home/luz/Escritorio/Robotica/week9/ros2_ws/install/cartographer_ros_msgs:/home/luz/Escritorio/Robotica/week9/ros2_ws/install/navigation_tb3:/home/luz/Escritorio/Robotica/week9/ros2_ws/install/cartographer_rviz:/home/luz/Escritorio/Robotica/week9/ros2_ws/install/stage_ros2:/opt/ros/humble:/home/luz/Escritorio/Robotica/week9/ros2_ws/install/stage LD_LIBRARY_PATH=/home/luz/Escritorio/Robotica/week9/ros2_ws/install/cartographer_ros_msgs/lib:/home/luz/Escritorio/Robotica/week9/ros2_ws/install/cartographer_rviz/lib:/home/luz/Escritorio/Robotica/week9/ros2_ws/install/cartographer_ros/lib:/home/luz/Escritorio/Robotica/week9/ros2_ws/install/stage_ros2/lib:/home/luz/Escritorio/Robotica/week9/ros2_ws/install/stage/lib:/usr/lib/x86_64-linux-gnu/gazebo-11/plugins:/opt/ros/humble/opt/rviz_ogre_vendor/lib:/opt/ros/humble/lib/x86_64-linux-gnu:/opt/ros/humble/lib /usr/bin/cmake --install /home/luz/Escritorio/Robotica/week9/ros2_ws/build/cartographer_rviz
[0.172s] -- Install configuration: "Release"
[0.172s] -- Up-to-date: /home/luz/Escritorio/Robotica/week9/ros2_ws/install/cartographer_rviz/share/cartographer_rviz/rviz_plugin_description.xml
[0.172s] -- Up-to-date: /home/luz/Escritorio/Robotica/week9/ros2_ws/install/cartographer_rviz/lib/libcartographer_rviz.so
[0.172s] -- Up-to-date: /home/luz/Escritorio/Robotica/week9/ros2_ws/install/cartographer_rviz/include/
[0.172s] -- Up-to-date: /home/luz/Escritorio/Robotica/week9/ros2_ws/install/cartographer_rviz/include//cartographer_rviz
[0.172s] -- Up-to-date: /home/luz/Escritorio/Robotica/week9/ros2_ws/install/cartographer_rviz/include//cartographer_rviz/drawable_submap.h
[0.172s] -- Up-to-date: /home/luz/Escritorio/Robotica/week9/ros2_ws/install/cartographer_rviz/include//cartographer_rviz/submaps_display.h
[0.172s] -- Up-to-date: /home/luz/Escritorio/Robotica/week9/ros2_ws/install/cartographer_rviz/include//cartographer_rviz/ogre_slice.h
[0.172s] -- Up-to-date: /home/luz/Escritorio/Robotica/week9/ros2_ws/install/cartographer_rviz/share/cartographer_rviz/environment/library_path.sh
[0.172s] -- Up-to-date: /home/luz/Escritorio/Robotica/week9/ros2_ws/install/cartographer_rviz/share/cartographer_rviz/environment/library_path.dsv
[0.172s] -- Up-to-date: /home/luz/Escritorio/Robotica/week9/ros2_ws/install/cartographer_rviz/share/ament_index/resource_index/package_run_dependencies/cartographer_rviz
[0.172s] -- Up-to-date: /home/luz/Escritorio/Robotica/week9/ros2_ws/install/cartographer_rviz/share/ament_index/resource_index/parent_prefix_path/cartographer_rviz
[0.172s] -- Up-to-date: /home/luz/Escritorio/Robotica/week9/ros2_ws/install/cartographer_rviz/share/cartographer_rviz/environment/ament_prefix_path.sh
[0.173s] -- Up-to-date: /home/luz/Escritorio/Robotica/week9/ros2_ws/install/cartographer_rviz/share/cartographer_rviz/environment/ament_prefix_path.dsv
[0.173s] -- Up-to-date: /home/luz/Escritorio/Robotica/week9/ros2_ws/install/cartographer_rviz/share/cartographer_rviz/environment/path.sh
[0.173s] -- Up-to-date: /home/luz/Escritorio/Robotica/week9/ros2_ws/install/cartographer_rviz/share/cartographer_rviz/environment/path.dsv
[0.173s] -- Up-to-date: /home/luz/Escritorio/Robotica/week9/ros2_ws/install/cartographer_rviz/share/cartographer_rviz/local_setup.bash
[0.173s] -- Up-to-date: /home/luz/Escritorio/Robotica/week9/ros2_ws/install/cartographer_rviz/share/cartographer_rviz/local_setup.sh
[0.173s] -- Up-to-date: /home/luz/Escritorio/Robotica/week9/ros2_ws/install/cartographer_rviz/share/cartographer_rviz/local_setup.zsh
[0.173s] -- Up-to-date: /home/luz/Escritorio/Robotica/week9/ros2_ws/install/cartographer_rviz/share/cartographer_rviz/local_setup.dsv
[0.173s] -- Installing: /home/luz/Escritorio/Robotica/week9/ros2_ws/install/cartographer_rviz/share/cartographer_rviz/package.dsv
[0.173s] -- Up-to-date: /home/luz/Escritorio/Robotica/week9/ros2_ws/install/cartographer_rviz/share/ament_index/resource_index/packages/cartographer_rviz
[0.173s] -- Up-to-date: /home/luz/Escritorio/Robotica/week9/ros2_ws/install/cartographer_rviz/share/ament_index/resource_index/rviz_common__pluginlib__plugin/cartographer_rviz
[0.173s] -- Up-to-date: /home/luz/Escritorio/Robotica/week9/ros2_ws/install/cartographer_rviz/share/cartographer_rviz/ogre_media/materials/glsl120
[0.173s] -- Up-to-date: /home/luz/Escritorio/Robotica/week9/ros2_ws/install/cartographer_rviz/share/cartographer_rviz/ogre_media/materials/glsl120/submap.vert
[0.173s] -- Up-to-date: /home/luz/Escritorio/Robotica/week9/ros2_ws/install/cartographer_rviz/share/cartographer_rviz/ogre_media/materials/glsl120/glsl120.program
[0.173s] -- Up-to-date: /home/luz/Escritorio/Robotica/week9/ros2_ws/install/cartographer_rviz/share/cartographer_rviz/ogre_media/materials/glsl120/submap.frag
[0.173s] -- Up-to-date: /home/luz/Escritorio/Robotica/week9/ros2_ws/install/cartographer_rviz/share/cartographer_rviz/ogre_media/materials/scripts
[0.173s] -- Up-to-date: /home/luz/Escritorio/Robotica/week9/ros2_ws/install/cartographer_rviz/share/cartographer_rviz/ogre_media/materials/scripts/submap.material
[0.173s] -- Up-to-date: /home/luz/Escritorio/Robotica/week9/ros2_ws/install/cartographer_rviz/share/ament_index/resource_index/rviz_ogre_media_exports/cartographer_rviz
[0.173s] -- Up-to-date: /home/luz/Escritorio/Robotica/week9/ros2_ws/install/cartographer_rviz/share/cartographer_rviz/cmake/cartographer_rvizExport.cmake
[0.173s] -- Up-to-date: /home/luz/Escritorio/Robotica/week9/ros2_ws/install/cartographer_rviz/share/cartographer_rviz/cmake/cartographer_rvizExport-release.cmake
[0.173s] -- Up-to-date: /home/luz/Escritorio/Robotica/week9/ros2_ws/install/cartographer_rviz/share/cartographer_rviz/cmake/ament_cmake_export_include_directories-extras.cmake
[0.173s] -- Up-to-date: /home/luz/Escritorio/Robotica/week9/ros2_ws/install/cartographer_rviz/share/cartographer_rviz/cmake/ament_cmake_export_targets-extras.cmake
[0.173s] -- Up-to-date: /home/luz/Escritorio/Robotica/week9/ros2_ws/install/cartographer_rviz/share/cartographer_rviz/cmake/ament_cmake_export_dependencies-extras.cmake
[0.173s] -- Up-to-date: /home/luz/Escritorio/Robotica/week9/ros2_ws/install/cartographer_rviz/share/cartographer_rviz/cmake/cartographer_rvizConfig.cmake
[0.173s] -- Up-to-date: /home/luz/Escritorio/Robotica/week9/ros2_ws/install/cartographer_rviz/share/cartographer_rviz/cmake/cartographer_rvizConfig-version.cmake
[0.173s] -- Up-to-date: /home/luz/Escritorio/Robotica/week9/ros2_ws/install/cartographer_rviz/share/cartographer_rviz/package.xml
[0.175s] Invoked command in '/home/luz/Escritorio/Robotica/week9/ros2_ws/build/cartographer_rviz' returned '0': CMAKE_PREFIX_PATH=/home/luz/Escritorio/Robotica/week9/ros2_ws/install/cartographer_ros:/home/luz/Escritorio/Robotica/week9/ros2_ws/install/cartographer_ros_msgs:/home/luz/Escritorio/Robotica/week9/ros2_ws/install/navigation_tb3:/home/luz/Escritorio/Robotica/week9/ros2_ws/install/cartographer_rviz:/home/luz/Escritorio/Robotica/week9/ros2_ws/install/stage_ros2:/opt/ros/humble:/home/luz/Escritorio/Robotica/week9/ros2_ws/install/stage LD_LIBRARY_PATH=/home/luz/Escritorio/Robotica/week9/ros2_ws/install/cartographer_ros_msgs/lib:/home/luz/Escritorio/Robotica/week9/ros2_ws/install/cartographer_rviz/lib:/home/luz/Escritorio/Robotica/week9/ros2_ws/install/cartographer_ros/lib:/home/luz/Escritorio/Robotica/week9/ros2_ws/install/stage_ros2/lib:/home/luz/Escritorio/Robotica/week9/ros2_ws/install/stage/lib:/usr/lib/x86_64-linux-gnu/gazebo-11/plugins:/opt/ros/humble/opt/rviz_ogre_vendor/lib:/opt/ros/humble/lib/x86_64-linux-gnu:/opt/ros/humble/lib /usr/bin/cmake --install /home/luz/Escritorio/Robotica/week9/ros2_ws/build/cartographer_rviz
