[0.378s] Invoking command in '/home/luz/Escritorio/Robotica/week3/lab2_ws/src/rotations_pkg': PYTHONPATH=/home/luz/Escritorio/Robotica/week3/lab2_ws/build/rotations_pkg/prefix_override:/usr/lib/python3/dist-packages/colcon_core/task/python/colcon_distutils_commands:/home/luz/Escritorio/Robotica/week3/lab2_ws/install/rotations_pkg/lib/python3.10/site-packages:${PYTHONPATH} /usr/bin/python3 -W ignore:setup.py install is deprecated -W ignore:easy_install command is deprecated setup.py egg_info --egg-base ../../build/rotations_pkg build --build-base /home/luz/Escritorio/Robotica/week3/lab2_ws/build/rotations_pkg/build install --record /home/luz/Escritorio/Robotica/week3/lab2_ws/build/rotations_pkg/install.log --single-version-externally-managed install_data
[0.525s] running egg_info
[0.525s] writing ../../build/rotations_pkg/rotations_pkg.egg-info/PKG-INFO
[0.525s] writing dependency_links to ../../build/rotations_pkg/rotations_pkg.egg-info/dependency_links.txt
[0.525s] writing entry points to ../../build/rotations_pkg/rotations_pkg.egg-info/entry_points.txt
[0.525s] writing requirements to ../../build/rotations_pkg/rotations_pkg.egg-info/requires.txt
[0.525s] writing top-level names to ../../build/rotations_pkg/rotations_pkg.egg-info/top_level.txt
[0.526s] reading manifest file '../../build/rotations_pkg/rotations_pkg.egg-info/SOURCES.txt'
[0.527s] adding license file 'LICENSE'
[0.527s] writing manifest file '../../build/rotations_pkg/rotations_pkg.egg-info/SOURCES.txt'
[0.527s] running build
[0.527s] running build_py
[0.527s] running install
[0.527s] running install_lib
[0.528s] running install_data
[0.528s] running install_egg_info
[0.530s] removing '/home/luz/Escritorio/Robotica/week3/lab2_ws/install/rotations_pkg/lib/python3.10/site-packages/rotations_pkg-0.0.0-py3.10.egg-info' (and everything under it)
[0.530s] Copying ../../build/rotations_pkg/rotations_pkg.egg-info to /home/luz/Escritorio/Robotica/week3/lab2_ws/install/rotations_pkg/lib/python3.10/site-packages/rotations_pkg-0.0.0-py3.10.egg-info
[0.530s] running install_scripts
[0.544s] Installing Angulo script to /home/luz/Escritorio/Robotica/week3/lab2_ws/install/rotations_pkg/lib/rotations_pkg
[0.545s] writing list of installed files to '/home/luz/Escritorio/Robotica/week3/lab2_ws/build/rotations_pkg/install.log'
[0.560s] Invoked command in '/home/luz/Escritorio/Robotica/week3/lab2_ws/src/rotations_pkg' returned '0': PYTHONPATH=/home/luz/Escritorio/Robotica/week3/lab2_ws/build/rotations_pkg/prefix_override:/usr/lib/python3/dist-packages/colcon_core/task/python/colcon_distutils_commands:/home/luz/Escritorio/Robotica/week3/lab2_ws/install/rotations_pkg/lib/python3.10/site-packages:${PYTHONPATH} /usr/bin/python3 -W ignore:setup.py install is deprecated -W ignore:easy_install command is deprecated setup.py egg_info --egg-base ../../build/rotations_pkg build --build-base /home/luz/Escritorio/Robotica/week3/lab2_ws/build/rotations_pkg/build install --record /home/luz/Escritorio/Robotica/week3/lab2_ws/build/rotations_pkg/install.log --single-version-externally-managed install_data
