running egg_info
writing ../../build/lab_pubsub/lab_pubsub.egg-info/PKG-INFO
writing dependency_links to ../../build/lab_pubsub/lab_pubsub.egg-info/dependency_links.txt
writing entry points to ../../build/lab_pubsub/lab_pubsub.egg-info/entry_points.txt
writing requirements to ../../build/lab_pubsub/lab_pubsub.egg-info/requires.txt
writing top-level names to ../../build/lab_pubsub/lab_pubsub.egg-info/top_level.txt
reading manifest file '../../build/lab_pubsub/lab_pubsub.egg-info/SOURCES.txt'
adding license file 'LICENSE'
writing manifest file '../../build/lab_pubsub/lab_pubsub.egg-info/SOURCES.txt'
running build
running build_py
copying lab_pubsub/l1publisher.py -> /home/luz/Escritorio/Robotica/week2/lab1_ws/build/lab_pubsub/build/lib/lab_pubsub
running install
running install_lib
copying /home/luz/Escritorio/Robotica/week2/lab1_ws/build/lab_pubsub/build/lib/lab_pubsub/l1publisher.py -> /home/luz/Escritorio/Robotica/week2/lab1_ws/install/lab_pubsub/lib/python3.10/site-packages/lab_pubsub
byte-compiling /home/luz/Escritorio/Robotica/week2/lab1_ws/install/lab_pubsub/lib/python3.10/site-packages/lab_pubsub/l1publisher.py to l1publisher.cpython-310.pyc
running install_data
copying package.xml -> /home/luz/Escritorio/Robotica/week2/lab1_ws/install/lab_pubsub/share/lab_pubsub
running install_egg_info
removing '/home/luz/Escritorio/Robotica/week2/lab1_ws/install/lab_pubsub/lib/python3.10/site-packages/lab_pubsub-0.0.0-py3.10.egg-info' (and everything under it)
Copying ../../build/lab_pubsub/lab_pubsub.egg-info to /home/luz/Escritorio/Robotica/week2/lab1_ws/install/lab_pubsub/lib/python3.10/site-packages/lab_pubsub-0.0.0-py3.10.egg-info
running install_scripts
Installing hablador script to /home/luz/Escritorio/Robotica/week2/lab1_ws/install/lab_pubsub/lib/lab_pubsub
writing list of installed files to '/home/luz/Escritorio/Robotica/week2/lab1_ws/build/lab_pubsub/install.log'
