[0.011s] Invoking command in '/home/luz/Escritorio/Robotica/week9/ros2_ws/build/cartographer_ros': AMENT_PREFIX_PATH=/home/luz/Escritorio/Robotica/week9/ros2_ws/install/cartographer_ros_msgs:${AMENT_PREFIX_PATH} CMAKE_PREFIX_PATH=/home/luz/Escritorio/Robotica/week9/ros2_ws/install/cartographer_ros_msgs:/home/luz/Escritorio/Robotica/week9/ros2_ws/install/stage_ros2:/opt/ros/humble:/home/luz/Escritorio/Robotica/week9/ros2_ws/install/stage LD_LIBRARY_PATH=/home/luz/Escritorio/Robotica/week9/ros2_ws/install/cartographer_ros_msgs/lib:${LD_LIBRARY_PATH} PYTHONPATH=/home/luz/Escritorio/Robotica/week9/ros2_ws/install/cartographer_ros_msgs/local/lib/python3.10/dist-packages:${PYTHONPATH} /usr/bin/cmake /home/luz/Escritorio/Robotica/week9/ros2_ws/src/cartographer_ros/cartographer_ros -DCMAKE_INSTALL_PREFIX=/home/luz/Escritorio/Robotica/week9/ros2_ws/install/cartographer_ros
[0.069s] -- The C compiler identification is GNU 11.4.0
[0.131s] -- The CXX compiler identification is GNU 11.4.0
[0.136s] -- Detecting C compiler ABI info
[0.223s] -- Detecting C compiler ABI info - done
[0.229s] -- Check for working C compiler: /usr/bin/cc - skipped
[0.229s] -- Detecting C compile features
[0.230s] -- Detecting C compile features - done
[0.233s] -- Detecting CXX compiler ABI info
[0.331s] -- Detecting CXX compiler ABI info - done
[0.336s] -- Check for working CXX compiler: /usr/bin/c++ - skipped
[0.336s] -- Detecting CXX compile features
[0.337s] -- Detecting CXX compile features - done
[0.339s] -- Found ament_cmake: 1.3.12 (/opt/ros/humble/share/ament_cmake/cmake)
[0.462s] -- Found Python3: /usr/bin/python3 (found version "3.10.12") found components: Interpreter 
[0.529s] -- Found builtin_interfaces: 1.2.2 (/opt/ros/humble/share/builtin_interfaces/cmake)
[0.554s] -- Found rosidl_generator_c: 3.1.7 (/opt/ros/humble/share/rosidl_generator_c/cmake)
[0.558s] -- Found rosidl_adapter: 3.1.7 (/opt/ros/humble/share/rosidl_adapter/cmake)
[0.564s] -- Found rosidl_generator_cpp: 3.1.7 (/opt/ros/humble/share/rosidl_generator_cpp/cmake)
[0.573s] -- Using all available rosidl_typesupport_c: rosidl_typesupport_fastrtps_c;rosidl_typesupport_introspection_c
[0.584s] -- Using all available rosidl_typesupport_cpp: rosidl_typesupport_fastrtps_cpp;rosidl_typesupport_introspection_cpp
[0.603s] -- Looking for pthread.h
[0.678s] -- Looking for pthread.h - found
[0.678s] -- Performing Test CMAKE_HAVE_LIBC_PTHREAD
[0.773s] -- Performing Test CMAKE_HAVE_LIBC_PTHREAD - Success
[0.774s] -- Found Threads: TRUE  
[0.780s] -- Found required Ceres dependency: Eigen version 3.4.0 in /usr/include/eigen3
[0.787s] -- Found required Ceres dependency: glog
[0.788s] -- Found required Ceres dependency: gflags
[0.789s] -- Found Ceres version: 2.0.0 installed in: /usr with components: [EigenSparse, SparseLinearAlgebraLibrary, LAPACK, SuiteSparse, CXSparse, SchurSpecializations, Multithreading]
[0.825s] -- Found Boost: /usr/lib/x86_64-linux-gnu/cmake/Boost-1.74.0/BoostConfig.cmake (found version "1.74.0") found components: iostreams 
[0.827s] -- Found cartographer_ros_msgs: 2.0.9003 (/home/luz/Escritorio/Robotica/week9/ros2_ws/install/cartographer_ros_msgs/share/cartographer_ros_msgs/cmake)
[0.875s] -- Checking for module 'eigen3'
[0.890s] --   Found eigen3, version 3.4.0
[0.960s] -- Found Eigen: /usr/include/eigen3 (Required is at least version "3.1") 
[0.960s] -- Eigen found (include: /usr/include/eigen3, version: 3.4.0)
[0.983s] -- Found Boost: /usr/lib/x86_64-linux-gnu/cmake/Boost-1.74.0/BoostConfig.cmake (found suitable version "1.74.0", minimum required is "1.65.0") found components: system filesystem date_time iostreams serialization 
[0.984s] -- looking for PCL_COMMON
[0.985s] -- Found PCL_COMMON: /usr/lib/x86_64-linux-gnu/libpcl_common.so  
[0.985s] -- Found PCL: pcl_common;Boost::system;Boost::filesystem;Boost::date_time;Boost::iostreams;Boost::serialization  
[0.986s] -- Found nav_msgs: 4.9.0 (/opt/ros/humble/share/nav_msgs/cmake)
[0.999s] -- Found pcl_conversions: 2.4.5 (/opt/ros/humble/share/pcl_conversions/cmake)
[1.032s] -- Found rmw_implementation_cmake: 6.1.2 (/opt/ros/humble/share/rmw_implementation_cmake/cmake)
[1.034s] -- Found rmw_fastrtps_cpp: 6.2.8 (/opt/ros/humble/share/rmw_fastrtps_cpp/cmake)
[1.132s] -- Found OpenSSL: /usr/lib/x86_64-linux-gnu/libcrypto.so (found version "3.0.2")  
[1.159s] -- Found FastRTPS: /opt/ros/humble/include  
[1.192s] -- Using RMW implementation 'rmw_fastrtps_cpp' as default
[1.265s] -- Found rosbag2_cpp: 0.15.15 (/opt/ros/humble/share/rosbag2_cpp/cmake)
[1.301s] -- Found tf2: 0.25.16 (/opt/ros/humble/share/tf2/cmake)
[1.305s] -- Found tf2_eigen: 0.25.16 (/opt/ros/humble/share/tf2_eigen/cmake)
[1.370s] -- Found urdf: 2.6.1 (/opt/ros/humble/share/urdf/cmake)
[1.383s] -- Found visualization_msgs: 4.9.0 (/opt/ros/humble/share/visualization_msgs/cmake)
[1.515s] -- Configuring done
[1.625s] -- Generating done
[1.644s] -- Build files have been written to: /home/luz/Escritorio/Robotica/week9/ros2_ws/build/cartographer_ros
[1.654s] Invoked command in '/home/luz/Escritorio/Robotica/week9/ros2_ws/build/cartographer_ros' returned '0': AMENT_PREFIX_PATH=/home/luz/Escritorio/Robotica/week9/ros2_ws/install/cartographer_ros_msgs:${AMENT_PREFIX_PATH} CMAKE_PREFIX_PATH=/home/luz/Escritorio/Robotica/week9/ros2_ws/install/cartographer_ros_msgs:/home/luz/Escritorio/Robotica/week9/ros2_ws/install/stage_ros2:/opt/ros/humble:/home/luz/Escritorio/Robotica/week9/ros2_ws/install/stage LD_LIBRARY_PATH=/home/luz/Escritorio/Robotica/week9/ros2_ws/install/cartographer_ros_msgs/lib:${LD_LIBRARY_PATH} PYTHONPATH=/home/luz/Escritorio/Robotica/week9/ros2_ws/install/cartographer_ros_msgs/local/lib/python3.10/dist-packages:${PYTHONPATH} /usr/bin/cmake /home/luz/Escritorio/Robotica/week9/ros2_ws/src/cartographer_ros/cartographer_ros -DCMAKE_INSTALL_PREFIX=/home/luz/Escritorio/Robotica/week9/ros2_ws/install/cartographer_ros
[1.655s] Invoking command in '/home/luz/Escritorio/Robotica/week9/ros2_ws/build/cartographer_ros': AMENT_PREFIX_PATH=/home/luz/Escritorio/Robotica/week9/ros2_ws/install/cartographer_ros_msgs:${AMENT_PREFIX_PATH} CMAKE_PREFIX_PATH=/home/luz/Escritorio/Robotica/week9/ros2_ws/install/cartographer_ros_msgs:/home/luz/Escritorio/Robotica/week9/ros2_ws/install/stage_ros2:/opt/ros/humble:/home/luz/Escritorio/Robotica/week9/ros2_ws/install/stage LD_LIBRARY_PATH=/home/luz/Escritorio/Robotica/week9/ros2_ws/install/cartographer_ros_msgs/lib:${LD_LIBRARY_PATH} PYTHONPATH=/home/luz/Escritorio/Robotica/week9/ros2_ws/install/cartographer_ros_msgs/local/lib/python3.10/dist-packages:${PYTHONPATH} /usr/bin/cmake --build /home/luz/Escritorio/Robotica/week9/ros2_ws/build/cartographer_ros -- -j12 -l12
[1.714s] [  2%] [32mBuilding CXX object CMakeFiles/cartographer_ros.dir/src/map_builder_bridge.cpp.o[0m
[1.714s] [  8%] [32mBuilding CXX object CMakeFiles/cartographer_ros.dir/src/node.cpp.o[0m
[1.715s] [  8%] [32mBuilding CXX object CMakeFiles/cartographer_ros.dir/src/msg_conversion.cpp.o[0m
[1.717s] [ 11%] [32mBuilding CXX object CMakeFiles/cartographer_ros.dir/src/assets_writer.cpp.o[0m
[1.719s] [ 14%] [32mBuilding CXX object CMakeFiles/cartographer_ros.dir/src/node_options.cpp.o[0m
[1.719s] [ 17%] [32mBuilding CXX object CMakeFiles/cartographer_ros.dir/src/node_constants.cpp.o[0m
[1.719s] [ 22%] [32mBuilding CXX object CMakeFiles/cartographer_ros.dir/src/offline_node.cpp.o[0m
[1.719s] [ 22%] [32mBuilding CXX object CMakeFiles/cartographer_ros.dir/src/playable_bag.cpp.o[0m
[1.721s] [ 25%] [32mBuilding CXX object CMakeFiles/cartographer_ros.dir/src/ros_log_sink.cpp.o[0m
[1.722s] [ 28%] [32mBuilding CXX object CMakeFiles/cartographer_ros.dir/src/ros_map.cpp.o[0m
[1.724s] [ 31%] [32mBuilding CXX object CMakeFiles/cartographer_ros.dir/src/ros_map_writing_points_processor.cpp.o[0m
[1.726s] [ 34%] [32mBuilding CXX object CMakeFiles/cartographer_ros.dir/src/sensor_bridge.cpp.o[0m
[2.174s] [ 37%] [32mBuilding CXX object CMakeFiles/cartographer_ros.dir/src/submap.cpp.o[0m
[4.833s] [ 40%] [32mBuilding CXX object CMakeFiles/cartographer_ros.dir/src/tf_bridge.cpp.o[0m
[5.984s] [ 42%] [32mBuilding CXX object CMakeFiles/cartographer_ros.dir/src/time_conversion.cpp.o[0m
[6.031s] [ 45%] [32mBuilding CXX object CMakeFiles/cartographer_ros.dir/src/trajectory_options.cpp.o[0m
[6.561s] [ 48%] [32mBuilding CXX object CMakeFiles/cartographer_ros.dir/src/urdf_reader.cpp.o[0m
[9.946s] [ 51%] [32mBuilding CXX object CMakeFiles/cartographer_ros.dir/src/metrics/family_factory.cpp.o[0m
[10.131s] [ 54%] [32mBuilding CXX object CMakeFiles/cartographer_ros.dir/src/metrics/internal/family.cpp.o[0m
[10.546s] [ 57%] [32mBuilding CXX object CMakeFiles/cartographer_ros.dir/src/metrics/internal/histogram.cpp.o[0m
[33.200s] [ 60%] [32m[1mLinking CXX static library libcartographer_ros.a[0m
[34.072s] [ 60%] Built target cartographer_ros
[34.124s] [ 62%] [32mBuilding CXX object CMakeFiles/cartographer_rosbag_validate.dir/src/rosbag_validate_main.cpp.o[0m
[34.125s] [ 65%] [32mBuilding CXX object CMakeFiles/cartographer_pbstream_to_ros_map.dir/src/pbstream_to_ros_map_main.cpp.o[0m
[34.127s] [ 68%] [32mBuilding CXX object CMakeFiles/cartographer_pbstream_map_publisher.dir/src/pbstream_map_publisher_main.cpp.o[0m
[34.127s] [ 71%] [32mBuilding CXX object CMakeFiles/cartographer_assets_writer.dir/src/assets_writer_main.cpp.o[0m
[34.129s] [ 74%] [32mBuilding CXX object CMakeFiles/cartographer_node.dir/src/node_main.cpp.o[0m
[34.131s] [ 77%] [32mBuilding CXX object CMakeFiles/cartographer_occupancy_grid_node.dir/src/occupancy_grid_node_main.cpp.o[0m
[34.133s] [ 80%] [32mBuilding CXX object CMakeFiles/cartographer_offline_node.dir/src/offline_node_main.cpp.o[0m
[38.794s] [ 82%] [32m[1mLinking CXX executable cartographer_pbstream_to_ros_map[0m
[39.300s] [ 82%] Built target cartographer_pbstream_to_ros_map
[39.874s] [ 85%] [32m[1mLinking CXX executable cartographer_node[0m
[40.888s] [ 88%] [32m[1mLinking CXX executable cartographer_assets_writer[0m
[41.622s] [ 88%] Built target cartographer_assets_writer
[41.826s] [ 91%] [32m[1mLinking CXX executable cartographer_rosbag_validate[0m
[41.845s] [ 94%] [32m[1mLinking CXX executable cartographer_offline_node[0m
[42.176s] [ 94%] Built target cartographer_rosbag_validate
[43.147s] [ 94%] Built target cartographer_node
[43.834s] [ 97%] [32m[1mLinking CXX executable cartographer_pbstream_map_publisher[0m
[44.267s] [ 97%] Built target cartographer_pbstream_map_publisher
[44.497s] [100%] [32m[1mLinking CXX executable cartographer_occupancy_grid_node[0m
[44.812s] [100%] Built target cartographer_offline_node
[45.217s] [100%] Built target cartographer_occupancy_grid_node
[45.226s] Invoked command in '/home/luz/Escritorio/Robotica/week9/ros2_ws/build/cartographer_ros' returned '0': AMENT_PREFIX_PATH=/home/luz/Escritorio/Robotica/week9/ros2_ws/install/cartographer_ros_msgs:${AMENT_PREFIX_PATH} CMAKE_PREFIX_PATH=/home/luz/Escritorio/Robotica/week9/ros2_ws/install/cartographer_ros_msgs:/home/luz/Escritorio/Robotica/week9/ros2_ws/install/stage_ros2:/opt/ros/humble:/home/luz/Escritorio/Robotica/week9/ros2_ws/install/stage LD_LIBRARY_PATH=/home/luz/Escritorio/Robotica/week9/ros2_ws/install/cartographer_ros_msgs/lib:${LD_LIBRARY_PATH} PYTHONPATH=/home/luz/Escritorio/Robotica/week9/ros2_ws/install/cartographer_ros_msgs/local/lib/python3.10/dist-packages:${PYTHONPATH} /usr/bin/cmake --build /home/luz/Escritorio/Robotica/week9/ros2_ws/build/cartographer_ros -- -j12 -l12
[45.227s] Invoking command in '/home/luz/Escritorio/Robotica/week9/ros2_ws/build/cartographer_ros': AMENT_PREFIX_PATH=/home/luz/Escritorio/Robotica/week9/ros2_ws/install/cartographer_ros_msgs:${AMENT_PREFIX_PATH} CMAKE_PREFIX_PATH=/home/luz/Escritorio/Robotica/week9/ros2_ws/install/cartographer_ros_msgs:/home/luz/Escritorio/Robotica/week9/ros2_ws/install/stage_ros2:/opt/ros/humble:/home/luz/Escritorio/Robotica/week9/ros2_ws/install/stage LD_LIBRARY_PATH=/home/luz/Escritorio/Robotica/week9/ros2_ws/install/cartographer_ros_msgs/lib:${LD_LIBRARY_PATH} PYTHONPATH=/home/luz/Escritorio/Robotica/week9/ros2_ws/install/cartographer_ros_msgs/local/lib/python3.10/dist-packages:${PYTHONPATH} /usr/bin/cmake --install /home/luz/Escritorio/Robotica/week9/ros2_ws/build/cartographer_ros
[45.235s] -- Install configuration: ""
[45.235s] -- Installing: /home/luz/Escritorio/Robotica/week9/ros2_ws/install/cartographer_ros/lib/libcartographer_ros.a
[45.270s] -- Installing: /home/luz/Escritorio/Robotica/week9/ros2_ws/install/cartographer_ros/lib/cartographer_ros/cartographer_node
[45.281s] -- Set runtime path of "/home/luz/Escritorio/Robotica/week9/ros2_ws/install/cartographer_ros/lib/cartographer_ros/cartographer_node" to ""
[45.281s] -- Installing: /home/luz/Escritorio/Robotica/week9/ros2_ws/install/cartographer_ros/lib/cartographer_ros/cartographer_occupancy_grid_node
[45.284s] -- Set runtime path of "/home/luz/Escritorio/Robotica/week9/ros2_ws/install/cartographer_ros/lib/cartographer_ros/cartographer_occupancy_grid_node" to ""
[45.285s] -- Installing: /home/luz/Escritorio/Robotica/week9/ros2_ws/install/cartographer_ros/lib/cartographer_ros/cartographer_offline_node
[45.296s] -- Set runtime path of "/home/luz/Escritorio/Robotica/week9/ros2_ws/install/cartographer_ros/lib/cartographer_ros/cartographer_offline_node" to ""
[45.296s] -- Installing: /home/luz/Escritorio/Robotica/week9/ros2_ws/install/cartographer_ros/lib/cartographer_ros/cartographer_assets_writer
[45.297s] -- Set runtime path of "/home/luz/Escritorio/Robotica/week9/ros2_ws/install/cartographer_ros/lib/cartographer_ros/cartographer_assets_writer" to ""
[45.298s] -- Installing: /home/luz/Escritorio/Robotica/week9/ros2_ws/install/cartographer_ros/lib/cartographer_ros/cartographer_pbstream_map_publisher
[45.299s] -- Set runtime path of "/home/luz/Escritorio/Robotica/week9/ros2_ws/install/cartographer_ros/lib/cartographer_ros/cartographer_pbstream_map_publisher" to ""
[45.299s] -- Installing: /home/luz/Escritorio/Robotica/week9/ros2_ws/install/cartographer_ros/lib/cartographer_ros/cartographer_pbstream_to_ros_map
[45.300s] -- Set runtime path of "/home/luz/Escritorio/Robotica/week9/ros2_ws/install/cartographer_ros/lib/cartographer_ros/cartographer_pbstream_to_ros_map" to ""
[45.300s] -- Installing: /home/luz/Escritorio/Robotica/week9/ros2_ws/install/cartographer_ros/lib/cartographer_ros/cartographer_rosbag_validate
[45.300s] -- Set runtime path of "/home/luz/Escritorio/Robotica/week9/ros2_ws/install/cartographer_ros/lib/cartographer_ros/cartographer_rosbag_validate" to ""
[45.301s] -- Installing: /home/luz/Escritorio/Robotica/week9/ros2_ws/install/cartographer_ros/include/
[45.301s] -- Installing: /home/luz/Escritorio/Robotica/week9/ros2_ws/install/cartographer_ros/include//cartographer_ros
[45.301s] -- Installing: /home/luz/Escritorio/Robotica/week9/ros2_ws/install/cartographer_ros/include//cartographer_ros/sensor_bridge.h
[45.301s] -- Installing: /home/luz/Escritorio/Robotica/week9/ros2_ws/install/cartographer_ros/include//cartographer_ros/urdf_reader.h
[45.301s] -- Installing: /home/luz/Escritorio/Robotica/week9/ros2_ws/install/cartographer_ros/include//cartographer_ros/assets_writer.h
[45.301s] -- Installing: /home/luz/Escritorio/Robotica/week9/ros2_ws/install/cartographer_ros/include//cartographer_ros/metrics
[45.301s] -- Installing: /home/luz/Escritorio/Robotica/week9/ros2_ws/install/cartographer_ros/include//cartographer_ros/metrics/internal
[45.301s] -- Installing: /home/luz/Escritorio/Robotica/week9/ros2_ws/install/cartographer_ros/include//cartographer_ros/metrics/internal/counter.h
[45.301s] -- Installing: /home/luz/Escritorio/Robotica/week9/ros2_ws/install/cartographer_ros/include//cartographer_ros/metrics/internal/histogram.h
[45.301s] -- Installing: /home/luz/Escritorio/Robotica/week9/ros2_ws/install/cartographer_ros/include//cartographer_ros/metrics/internal/family.h
[45.301s] -- Installing: /home/luz/Escritorio/Robotica/week9/ros2_ws/install/cartographer_ros/include//cartographer_ros/metrics/internal/gauge.h
[45.301s] -- Installing: /home/luz/Escritorio/Robotica/week9/ros2_ws/install/cartographer_ros/include//cartographer_ros/metrics/family_factory.h
[45.301s] -- Installing: /home/luz/Escritorio/Robotica/week9/ros2_ws/install/cartographer_ros/include//cartographer_ros/node.h
[45.301s] -- Installing: /home/luz/Escritorio/Robotica/week9/ros2_ws/install/cartographer_ros/include//cartographer_ros/node_options.h
[45.301s] -- Installing: /home/luz/Escritorio/Robotica/week9/ros2_ws/install/cartographer_ros/include//cartographer_ros/submap.h
[45.301s] -- Installing: /home/luz/Escritorio/Robotica/week9/ros2_ws/install/cartographer_ros/include//cartographer_ros/trajectory_options.h
[45.301s] -- Installing: /home/luz/Escritorio/Robotica/week9/ros2_ws/install/cartographer_ros/include//cartographer_ros/ros_log_sink.h
[45.301s] -- Installing: /home/luz/Escritorio/Robotica/week9/ros2_ws/install/cartographer_ros/include//cartographer_ros/offline_node.h
[45.301s] -- Installing: /home/luz/Escritorio/Robotica/week9/ros2_ws/install/cartographer_ros/include//cartographer_ros/tf_bridge.h
[45.302s] -- Installing: /home/luz/Escritorio/Robotica/week9/ros2_ws/install/cartographer_ros/include//cartographer_ros/ros_map.h
[45.302s] -- Installing: /home/luz/Escritorio/Robotica/week9/ros2_ws/install/cartographer_ros/include//cartographer_ros/node_constants.h
[45.302s] -- Installing: /home/luz/Escritorio/Robotica/week9/ros2_ws/install/cartographer_ros/include//cartographer_ros/time_conversion.h
[45.302s] -- Installing: /home/luz/Escritorio/Robotica/week9/ros2_ws/install/cartographer_ros/include//cartographer_ros/playable_bag.h
[45.302s] -- Installing: /home/luz/Escritorio/Robotica/week9/ros2_ws/install/cartographer_ros/include//cartographer_ros/ros_map_writing_points_processor.h
[45.302s] -- Installing: /home/luz/Escritorio/Robotica/week9/ros2_ws/install/cartographer_ros/include//cartographer_ros/msg_conversion.h
[45.302s] -- Installing: /home/luz/Escritorio/Robotica/week9/ros2_ws/install/cartographer_ros/include//cartographer_ros/map_builder_bridge.h
[45.302s] -- Installing: /home/luz/Escritorio/Robotica/week9/ros2_ws/install/cartographer_ros/share/cartographer_ros//configuration_files
[45.302s] -- Installing: /home/luz/Escritorio/Robotica/week9/ros2_ws/install/cartographer_ros/share/cartographer_ros//configuration_files/demo_2d.rviz
[45.302s] -- Installing: /home/luz/Escritorio/Robotica/week9/ros2_ws/install/cartographer_ros/share/cartographer_ros//configuration_files/demo_3d.rviz
[45.302s] -- Installing: /home/luz/Escritorio/Robotica/week9/ros2_ws/install/cartographer_ros/share/cartographer_ros//configuration_files/backpack_2d.lua
[45.302s] -- Installing: /home/luz/Escritorio/Robotica/week9/ros2_ws/install/cartographer_ros/share/cartographer_ros//configuration_files/backpack_3d.lua
[45.302s] -- Installing: /home/luz/Escritorio/Robotica/week9/ros2_ws/install/cartographer_ros/share/cartographer_ros//configuration_files/assets_writer_ros_map.lua
[45.302s] -- Installing: /home/luz/Escritorio/Robotica/week9/ros2_ws/install/cartographer_ros/share/cartographer_ros//configuration_files/transform.lua
[45.302s] -- Installing: /home/luz/Escritorio/Robotica/week9/ros2_ws/install/cartographer_ros/share/cartographer_ros//configuration_files/assets_writer_backpack_2d.lua
[45.302s] -- Installing: /home/luz/Escritorio/Robotica/week9/ros2_ws/install/cartographer_ros/share/cartographer_ros//configuration_files/visualize_pbstream.lua
[45.302s] -- Installing: /home/luz/Escritorio/Robotica/week9/ros2_ws/install/cartographer_ros/share/cartographer_ros//configuration_files/assets_writer_backpack_2d_ci.lua
[45.302s] -- Installing: /home/luz/Escritorio/Robotica/week9/ros2_ws/install/cartographer_ros/share/cartographer_ros//configuration_files/mir-100-mapping.lua
[45.302s] -- Installing: /home/luz/Escritorio/Robotica/week9/ros2_ws/install/cartographer_ros/share/cartographer_ros//configuration_files/backpack_2d_server.lua
[45.302s] -- Installing: /home/luz/Escritorio/Robotica/week9/ros2_ws/install/cartographer_ros/share/cartographer_ros//configuration_files/assets_writer_backpack_3d.lua
[45.302s] -- Installing: /home/luz/Escritorio/Robotica/week9/ros2_ws/install/cartographer_ros/share/cartographer_ros//configuration_files/backpack_2d_localization_evaluation.lua
[45.302s] -- Installing: /home/luz/Escritorio/Robotica/week9/ros2_ws/install/cartographer_ros/share/cartographer_ros//configuration_files/backpack_2d_localization.lua
[45.302s] -- Installing: /home/luz/Escritorio/Robotica/week9/ros2_ws/install/cartographer_ros/share/cartographer_ros//configuration_files/pr2.lua
[45.302s] -- Installing: /home/luz/Escritorio/Robotica/week9/ros2_ws/install/cartographer_ros/share/cartographer_ros//configuration_files/taurob_tracker.lua
[45.302s] -- Installing: /home/luz/Escritorio/Robotica/week9/ros2_ws/install/cartographer_ros/share/cartographer_ros//configuration_files/revo_lds.lua
[45.302s] -- Installing: /home/luz/Escritorio/Robotica/week9/ros2_ws/install/cartographer_ros/share/cartographer_ros//configuration_files/backpack_3d_localization.lua
[45.302s] -- Installing: /home/luz/Escritorio/Robotica/week9/ros2_ws/install/cartographer_ros/share/cartographer_ros//urdf
[45.302s] -- Installing: /home/luz/Escritorio/Robotica/week9/ros2_ws/install/cartographer_ros/share/cartographer_ros//urdf/backpack_2d.urdf
[45.302s] -- Installing: /home/luz/Escritorio/Robotica/week9/ros2_ws/install/cartographer_ros/share/cartographer_ros//urdf/backpack_3d.urdf
[45.303s] -- Installing: /home/luz/Escritorio/Robotica/week9/ros2_ws/install/cartographer_ros/share/cartographer_ros//urdf/mir-100.urdf
[45.303s] -- Installing: /home/luz/Escritorio/Robotica/week9/ros2_ws/install/cartographer_ros/share/cartographer_ros//launch
[45.303s] -- Installing: /home/luz/Escritorio/Robotica/week9/ros2_ws/install/cartographer_ros/share/cartographer_ros//launch/demo_backpack_3d.launch.py
[45.303s] -- Installing: /home/luz/Escritorio/Robotica/week9/ros2_ws/install/cartographer_ros/share/cartographer_ros//launch/demo_revo_lds.launch.py
[45.303s] -- Installing: /home/luz/Escritorio/Robotica/week9/ros2_ws/install/cartographer_ros/share/cartographer_ros//launch/demo_taurob_tracker.launch.py
[45.303s] -- Installing: /home/luz/Escritorio/Robotica/week9/ros2_ws/install/cartographer_ros/share/cartographer_ros//launch/visualize_pbstream.launch.py
[45.303s] -- Installing: /home/luz/Escritorio/Robotica/week9/ros2_ws/install/cartographer_ros/share/cartographer_ros//launch/demo_backpack_2d_localization.launch.py
[45.303s] -- Installing: /home/luz/Escritorio/Robotica/week9/ros2_ws/install/cartographer_ros/share/cartographer_ros//launch/offline_backpack_3d.launch.py
[45.303s] -- Installing: /home/luz/Escritorio/Robotica/week9/ros2_ws/install/cartographer_ros/share/cartographer_ros//launch/backpack_3d.launch.py
[45.303s] -- Installing: /home/luz/Escritorio/Robotica/week9/ros2_ws/install/cartographer_ros/share/cartographer_ros//launch/assets_writer_backpack_2d.launch.py
[45.303s] -- Installing: /home/luz/Escritorio/Robotica/week9/ros2_ws/install/cartographer_ros/share/cartographer_ros//launch/taurob_tracker.launch.py
[45.303s] -- Installing: /home/luz/Escritorio/Robotica/week9/ros2_ws/install/cartographer_ros/share/cartographer_ros//launch/backpack_2d.launch.py
[45.303s] -- Installing: /home/luz/Escritorio/Robotica/week9/ros2_ws/install/cartographer_ros/share/cartographer_ros//launch/grpc_demo_backpack_2d.launch
[45.303s] -- Installing: /home/luz/Escritorio/Robotica/week9/ros2_ws/install/cartographer_ros/share/cartographer_ros//launch/assets_writer_ros_map.launch.py
[45.303s] -- Installing: /home/luz/Escritorio/Robotica/week9/ros2_ws/install/cartographer_ros/share/cartographer_ros//launch/demo_backpack_3d_localization.launch.py
[45.303s] -- Installing: /home/luz/Escritorio/Robotica/week9/ros2_ws/install/cartographer_ros/share/cartographer_ros//launch/offline_backpack_2d.launch.py
[45.303s] -- Installing: /home/luz/Escritorio/Robotica/week9/ros2_ws/install/cartographer_ros/share/cartographer_ros//launch/demo_backpack_2d.launch.py
[45.303s] -- Installing: /home/luz/Escritorio/Robotica/week9/ros2_ws/install/cartographer_ros/share/cartographer_ros//launch/grpc_demo_backpack_2d_localization.launch
[45.303s] -- Installing: /home/luz/Escritorio/Robotica/week9/ros2_ws/install/cartographer_ros/share/cartographer_ros//launch/offline_node.launch.py
[45.303s] -- Installing: /home/luz/Escritorio/Robotica/week9/ros2_ws/install/cartographer_ros/share/cartographer_ros//launch/offline_mir_100_rviz.launch.py
[45.303s] -- Installing: /home/luz/Escritorio/Robotica/week9/ros2_ws/install/cartographer_ros/share/cartographer_ros//launch/assets_writer_backpack_3d.launch.py
[45.303s] -- Installing: /home/luz/Escritorio/Robotica/week9/ros2_ws/install/cartographer_ros/share/cartographer_ros//launch/demo_pr2.launch
[45.303s] -- Installing: /home/luz/Escritorio/Robotica/week9/ros2_ws/install/cartographer_ros/share/cartographer_ros/environment/library_path.sh
[45.303s] -- Installing: /home/luz/Escritorio/Robotica/week9/ros2_ws/install/cartographer_ros/share/cartographer_ros/environment/library_path.dsv
[45.304s] -- Installing: /home/luz/Escritorio/Robotica/week9/ros2_ws/install/cartographer_ros/share/ament_index/resource_index/package_run_dependencies/cartographer_ros
[45.304s] -- Installing: /home/luz/Escritorio/Robotica/week9/ros2_ws/install/cartographer_ros/share/ament_index/resource_index/parent_prefix_path/cartographer_ros
[45.304s] -- Installing: /home/luz/Escritorio/Robotica/week9/ros2_ws/install/cartographer_ros/share/cartographer_ros/environment/ament_prefix_path.sh
[45.304s] -- Installing: /home/luz/Escritorio/Robotica/week9/ros2_ws/install/cartographer_ros/share/cartographer_ros/environment/ament_prefix_path.dsv
[45.304s] -- Installing: /home/luz/Escritorio/Robotica/week9/ros2_ws/install/cartographer_ros/share/cartographer_ros/environment/path.sh
[45.304s] -- Installing: /home/luz/Escritorio/Robotica/week9/ros2_ws/install/cartographer_ros/share/cartographer_ros/environment/path.dsv
[45.304s] -- Installing: /home/luz/Escritorio/Robotica/week9/ros2_ws/install/cartographer_ros/share/cartographer_ros/local_setup.bash
[45.304s] -- Installing: /home/luz/Escritorio/Robotica/week9/ros2_ws/install/cartographer_ros/share/cartographer_ros/local_setup.sh
[45.304s] -- Installing: /home/luz/Escritorio/Robotica/week9/ros2_ws/install/cartographer_ros/share/cartographer_ros/local_setup.zsh
[45.304s] -- Installing: /home/luz/Escritorio/Robotica/week9/ros2_ws/install/cartographer_ros/share/cartographer_ros/local_setup.dsv
[45.304s] -- Installing: /home/luz/Escritorio/Robotica/week9/ros2_ws/install/cartographer_ros/share/cartographer_ros/package.dsv
[45.304s] -- Installing: /home/luz/Escritorio/Robotica/week9/ros2_ws/install/cartographer_ros/share/ament_index/resource_index/packages/cartographer_ros
[45.304s] -- Installing: /home/luz/Escritorio/Robotica/week9/ros2_ws/install/cartographer_ros/share/cartographer_ros/cmake/ament_cmake_export_include_directories-extras.cmake
[45.304s] -- Installing: /home/luz/Escritorio/Robotica/week9/ros2_ws/install/cartographer_ros/share/cartographer_ros/cmake/ament_cmake_export_libraries-extras.cmake
[45.304s] -- Installing: /home/luz/Escritorio/Robotica/week9/ros2_ws/install/cartographer_ros/share/cartographer_ros/cmake/ament_cmake_export_dependencies-extras.cmake
[45.304s] -- Installing: /home/luz/Escritorio/Robotica/week9/ros2_ws/install/cartographer_ros/share/cartographer_ros/cmake/cartographer_rosConfig.cmake
[45.305s] -- Installing: /home/luz/Escritorio/Robotica/week9/ros2_ws/install/cartographer_ros/share/cartographer_ros/cmake/cartographer_rosConfig-version.cmake
[45.305s] -- Installing: /home/luz/Escritorio/Robotica/week9/ros2_ws/install/cartographer_ros/share/cartographer_ros/package.xml
[45.307s] Invoked command in '/home/luz/Escritorio/Robotica/week9/ros2_ws/build/cartographer_ros' returned '0': AMENT_PREFIX_PATH=/home/luz/Escritorio/Robotica/week9/ros2_ws/install/cartographer_ros_msgs:${AMENT_PREFIX_PATH} CMAKE_PREFIX_PATH=/home/luz/Escritorio/Robotica/week9/ros2_ws/install/cartographer_ros_msgs:/home/luz/Escritorio/Robotica/week9/ros2_ws/install/stage_ros2:/opt/ros/humble:/home/luz/Escritorio/Robotica/week9/ros2_ws/install/stage LD_LIBRARY_PATH=/home/luz/Escritorio/Robotica/week9/ros2_ws/install/cartographer_ros_msgs/lib:${LD_LIBRARY_PATH} PYTHONPATH=/home/luz/Escritorio/Robotica/week9/ros2_ws/install/cartographer_ros_msgs/local/lib/python3.10/dist-packages:${PYTHONPATH} /usr/bin/cmake --install /home/luz/Escritorio/Robotica/week9/ros2_ws/build/cartographer_ros
