running egg_info
writing ../../build/lab_p_ps_s/lab_p_ps_s.egg-info/PKG-INFO
writing dependency_links to ../../build/lab_p_ps_s/lab_p_ps_s.egg-info/dependency_links.txt
writing entry points to ../../build/lab_p_ps_s/lab_p_ps_s.egg-info/entry_points.txt
writing requirements to ../../build/lab_p_ps_s/lab_p_ps_s.egg-info/requires.txt
writing top-level names to ../../build/lab_p_ps_s/lab_p_ps_s.egg-info/top_level.txt
reading manifest file '../../build/lab_p_ps_s/lab_p_ps_s.egg-info/SOURCES.txt'
adding license file 'LICENSE'
writing manifest file '../../build/lab_p_ps_s/lab_p_ps_s.egg-info/SOURCES.txt'
running build
running build_py
running install
running install_lib
running install_data
running install_egg_info
removing '/home/luz/Escritorio/Robotica/week2/lab1ej2_ws/install/lab_p_ps_s/lib/python3.10/site-packages/lab_p_ps_s-0.0.0-py3.10.egg-info' (and everything under it)
Copying ../../build/lab_p_ps_s/lab_p_ps_s.egg-info to /home/luz/Escritorio/Robotica/week2/lab1ej2_ws/install/lab_p_ps_s/lib/python3.10/site-packages/lab_p_ps_s-0.0.0-py3.10.egg-info
running install_scripts
Installing Origen script to /home/luz/Escritorio/Robotica/week2/lab1ej2_ws/install/lab_p_ps_s/lib/lab_p_ps_s
writing list of installed files to '/home/luz/Escritorio/Robotica/week2/lab1ej2_ws/build/lab_p_ps_s/install.log'
