[0.123s] DEBUG:colcon:Command line arguments: ['/usr/bin/colcon', 'build']
[0.123s] DEBUG:colcon:Parsed command line arguments: Namespace(log_base=None, log_level=None, verb_name='build', build_base='build', install_base='install', merge_install=False, symlink_install=False, test_result_base=None, continue_on_error=False, executor='parallel', parallel_workers=12, event_handlers=None, ignore_user_meta=False, metas=['./colcon.meta'], base_paths=['.'], packages_ignore=None, packages_ignore_regex=None, paths=None, packages_up_to=None, packages_up_to_regex=None, packages_above=None, packages_above_and_dependencies=None, packages_above_depth=None, packages_select_by_dep=None, packages_skip_by_dep=None, packages_skip_up_to=None, packages_select_build_failed=False, packages_skip_build_finished=False, packages_select_test_failures=False, packages_skip_test_passed=False, packages_select=None, packages_skip=None, packages_select_regex=None, packages_skip_regex=None, packages_start=None, packages_end=None, allow_overriding=[], cmake_args=None, cmake_target=None, cmake_target_skip_unavailable=False, cmake_clean_cache=False, cmake_clean_first=False, cmake_force_configure=False, ament_cmake_args=None, catkin_cmake_args=None, catkin_skip_building_tests=False, mixin_files=None, mixin=None, verb_parser=<colcon_mixin.mixin.mixin_argument.MixinArgumentDecorator object at 0x763413f4dab0>, verb_extension=<colcon_core.verb.build.BuildVerb object at 0x763413f4d600>, main=<bound method BuildVerb.main of <colcon_core.verb.build.BuildVerb object at 0x763413f4d600>>, mixin_verb=('build',))
[0.324s] Level 1:colcon.colcon_core.package_discovery:discover_packages(colcon_meta) check parameters
[0.324s] Level 1:colcon.colcon_core.package_discovery:discover_packages(recursive) check parameters
[0.324s] Level 1:colcon.colcon_core.package_discovery:discover_packages(ignore) check parameters
[0.324s] Level 1:colcon.colcon_core.package_discovery:discover_packages(path) check parameters
[0.324s] Level 1:colcon.colcon_core.package_discovery:discover_packages(colcon_meta) discover
[0.324s] Level 1:colcon.colcon_core.package_discovery:discover_packages(recursive) discover
[0.324s] INFO:colcon.colcon_core.package_discovery:Crawling recursively for packages in '/home/luz/Escritorio/ucbrob_ws'
[0.324s] Level 1:colcon.colcon_core.package_identification:_identify(.) by extensions ['ignore', 'ignore_ament_install']
[0.324s] Level 1:colcon.colcon_core.package_identification:_identify(.) by extension 'ignore'
[0.324s] Level 1:colcon.colcon_core.package_identification:_identify(.) by extension 'ignore_ament_install'
[0.324s] Level 1:colcon.colcon_core.package_identification:_identify(.) by extensions ['colcon_pkg']
[0.324s] Level 1:colcon.colcon_core.package_identification:_identify(.) by extension 'colcon_pkg'
[0.324s] Level 1:colcon.colcon_core.package_identification:_identify(.) by extensions ['colcon_meta']
[0.324s] Level 1:colcon.colcon_core.package_identification:_identify(.) by extension 'colcon_meta'
[0.324s] Level 1:colcon.colcon_core.package_identification:_identify(.) by extensions ['ros']
[0.324s] Level 1:colcon.colcon_core.package_identification:_identify(.) by extension 'ros'
[0.335s] Level 1:colcon.colcon_core.package_identification:_identify(.) by extensions ['cmake', 'python']
[0.335s] Level 1:colcon.colcon_core.package_identification:_identify(.) by extension 'cmake'
[0.335s] Level 1:colcon.colcon_core.package_identification:_identify(.) by extension 'python'
[0.335s] Level 1:colcon.colcon_core.package_identification:_identify(.) by extensions ['python_setup_py']
[0.335s] Level 1:colcon.colcon_core.package_identification:_identify(.) by extension 'python_setup_py'
[0.335s] Level 1:colcon.colcon_core.package_identification:_identify(build) by extensions ['ignore', 'ignore_ament_install']
[0.335s] Level 1:colcon.colcon_core.package_identification:_identify(build) by extension 'ignore'
[0.335s] Level 1:colcon.colcon_core.package_identification:_identify(build) ignored
[0.335s] Level 1:colcon.colcon_core.package_identification:_identify(install) by extensions ['ignore', 'ignore_ament_install']
[0.335s] Level 1:colcon.colcon_core.package_identification:_identify(install) by extension 'ignore'
[0.335s] Level 1:colcon.colcon_core.package_identification:_identify(install) ignored
[0.335s] Level 1:colcon.colcon_core.package_identification:_identify(log) by extensions ['ignore', 'ignore_ament_install']
[0.335s] Level 1:colcon.colcon_core.package_identification:_identify(log) by extension 'ignore'
[0.336s] Level 1:colcon.colcon_core.package_identification:_identify(log) ignored
[0.336s] Level 1:colcon.colcon_core.package_identification:_identify(src) by extensions ['ignore', 'ignore_ament_install']
[0.336s] Level 1:colcon.colcon_core.package_identification:_identify(src) by extension 'ignore'
[0.336s] Level 1:colcon.colcon_core.package_identification:_identify(src) by extension 'ignore_ament_install'
[0.336s] Level 1:colcon.colcon_core.package_identification:_identify(src) by extensions ['colcon_pkg']
[0.336s] Level 1:colcon.colcon_core.package_identification:_identify(src) by extension 'colcon_pkg'
[0.336s] Level 1:colcon.colcon_core.package_identification:_identify(src) by extensions ['colcon_meta']
[0.336s] Level 1:colcon.colcon_core.package_identification:_identify(src) by extension 'colcon_meta'
[0.336s] Level 1:colcon.colcon_core.package_identification:_identify(src) by extensions ['ros']
[0.336s] Level 1:colcon.colcon_core.package_identification:_identify(src) by extension 'ros'
[0.336s] Level 1:colcon.colcon_core.package_identification:_identify(src) by extensions ['cmake', 'python']
[0.336s] Level 1:colcon.colcon_core.package_identification:_identify(src) by extension 'cmake'
[0.336s] Level 1:colcon.colcon_core.package_identification:_identify(src) by extension 'python'
[0.336s] Level 1:colcon.colcon_core.package_identification:_identify(src) by extensions ['python_setup_py']
[0.336s] Level 1:colcon.colcon_core.package_identification:_identify(src) by extension 'python_setup_py'
[0.336s] Level 1:colcon.colcon_core.package_identification:_identify(src/pubsub_py) by extensions ['ignore', 'ignore_ament_install']
[0.336s] Level 1:colcon.colcon_core.package_identification:_identify(src/pubsub_py) by extension 'ignore'
[0.336s] Level 1:colcon.colcon_core.package_identification:_identify(src/pubsub_py) by extension 'ignore_ament_install'
[0.336s] Level 1:colcon.colcon_core.package_identification:_identify(src/pubsub_py) by extensions ['colcon_pkg']
[0.336s] Level 1:colcon.colcon_core.package_identification:_identify(src/pubsub_py) by extension 'colcon_pkg'
[0.336s] Level 1:colcon.colcon_core.package_identification:_identify(src/pubsub_py) by extensions ['colcon_meta']
[0.336s] Level 1:colcon.colcon_core.package_identification:_identify(src/pubsub_py) by extension 'colcon_meta'
[0.336s] Level 1:colcon.colcon_core.package_identification:_identify(src/pubsub_py) by extensions ['ros']
[0.336s] Level 1:colcon.colcon_core.package_identification:_identify(src/pubsub_py) by extension 'ros'
[0.339s] DEBUG:colcon.colcon_core.package_identification:Package 'src/pubsub_py' with type 'ros.ament_python' and name 'pubsub_py'
[0.339s] Level 1:colcon.colcon_core.package_identification:_identify(src/ucb_interfaces) by extensions ['ignore', 'ignore_ament_install']
[0.339s] Level 1:colcon.colcon_core.package_identification:_identify(src/ucb_interfaces) by extension 'ignore'
[0.339s] Level 1:colcon.colcon_core.package_identification:_identify(src/ucb_interfaces) by extension 'ignore_ament_install'
[0.339s] Level 1:colcon.colcon_core.package_identification:_identify(src/ucb_interfaces) by extensions ['colcon_pkg']
[0.339s] Level 1:colcon.colcon_core.package_identification:_identify(src/ucb_interfaces) by extension 'colcon_pkg'
[0.339s] Level 1:colcon.colcon_core.package_identification:_identify(src/ucb_interfaces) by extensions ['colcon_meta']
[0.339s] Level 1:colcon.colcon_core.package_identification:_identify(src/ucb_interfaces) by extension 'colcon_meta'
[0.339s] Level 1:colcon.colcon_core.package_identification:_identify(src/ucb_interfaces) by extensions ['ros']
[0.339s] Level 1:colcon.colcon_core.package_identification:_identify(src/ucb_interfaces) by extension 'ros'
[0.339s] DEBUG:colcon.colcon_core.package_identification:Package 'src/ucb_interfaces' with type 'ros.ament_cmake' and name 'ucb_interfaces'
[0.339s] Level 1:colcon.colcon_core.package_discovery:discover_packages(recursive) using defaults
[0.339s] Level 1:colcon.colcon_core.package_discovery:discover_packages(ignore) discover
[0.339s] Level 1:colcon.colcon_core.package_discovery:discover_packages(ignore) using defaults
[0.339s] Level 1:colcon.colcon_core.package_discovery:discover_packages(path) discover
[0.339s] Level 1:colcon.colcon_core.package_discovery:discover_packages(path) using defaults
[0.366s] Level 1:colcon.colcon_core.package_discovery:discover_packages(prefix_path) check parameters
[0.366s] Level 1:colcon.colcon_core.package_discovery:discover_packages(prefix_path) discover
[0.368s] DEBUG:colcon.colcon_installed_package_information.package_discovery:Found 2 installed packages in /home/luz/Escritorio/ucbrob_ws/install
[0.369s] DEBUG:colcon.colcon_installed_package_information.package_discovery:Found 271 installed packages in /opt/ros/humble
[0.369s] Level 1:colcon.colcon_core.package_discovery:discover_packages(prefix_path) using defaults
[0.391s] Level 5:colcon.colcon_core.verb:set package 'pubsub_py' build argument 'cmake_args' from command line to 'None'
[0.391s] Level 5:colcon.colcon_core.verb:set package 'pubsub_py' build argument 'cmake_target' from command line to 'None'
[0.391s] Level 5:colcon.colcon_core.verb:set package 'pubsub_py' build argument 'cmake_target_skip_unavailable' from command line to 'False'
[0.391s] Level 5:colcon.colcon_core.verb:set package 'pubsub_py' build argument 'cmake_clean_cache' from command line to 'False'
[0.391s] Level 5:colcon.colcon_core.verb:set package 'pubsub_py' build argument 'cmake_clean_first' from command line to 'False'
[0.391s] Level 5:colcon.colcon_core.verb:set package 'pubsub_py' build argument 'cmake_force_configure' from command line to 'False'
[0.391s] Level 5:colcon.colcon_core.verb:set package 'pubsub_py' build argument 'ament_cmake_args' from command line to 'None'
[0.391s] Level 5:colcon.colcon_core.verb:set package 'pubsub_py' build argument 'catkin_cmake_args' from command line to 'None'
[0.391s] Level 5:colcon.colcon_core.verb:set package 'pubsub_py' build argument 'catkin_skip_building_tests' from command line to 'False'
[0.391s] DEBUG:colcon.colcon_core.verb:Building package 'pubsub_py' with the following arguments: {'ament_cmake_args': None, 'build_base': '/home/luz/Escritorio/ucbrob_ws/build/pubsub_py', 'catkin_cmake_args': None, 'catkin_skip_building_tests': False, 'cmake_args': None, 'cmake_clean_cache': False, 'cmake_clean_first': False, 'cmake_force_configure': False, 'cmake_target': None, 'cmake_target_skip_unavailable': False, 'install_base': '/home/luz/Escritorio/ucbrob_ws/install/pubsub_py', 'merge_install': False, 'path': '/home/luz/Escritorio/ucbrob_ws/src/pubsub_py', 'symlink_install': False, 'test_result_base': None}
[0.391s] Level 5:colcon.colcon_core.verb:set package 'ucb_interfaces' build argument 'cmake_args' from command line to 'None'
[0.391s] Level 5:colcon.colcon_core.verb:set package 'ucb_interfaces' build argument 'cmake_target' from command line to 'None'
[0.391s] Level 5:colcon.colcon_core.verb:set package 'ucb_interfaces' build argument 'cmake_target_skip_unavailable' from command line to 'False'
[0.391s] Level 5:colcon.colcon_core.verb:set package 'ucb_interfaces' build argument 'cmake_clean_cache' from command line to 'False'
[0.391s] Level 5:colcon.colcon_core.verb:set package 'ucb_interfaces' build argument 'cmake_clean_first' from command line to 'False'
[0.391s] Level 5:colcon.colcon_core.verb:set package 'ucb_interfaces' build argument 'cmake_force_configure' from command line to 'False'
[0.391s] Level 5:colcon.colcon_core.verb:set package 'ucb_interfaces' build argument 'ament_cmake_args' from command line to 'None'
[0.391s] Level 5:colcon.colcon_core.verb:set package 'ucb_interfaces' build argument 'catkin_cmake_args' from command line to 'None'
[0.391s] Level 5:colcon.colcon_core.verb:set package 'ucb_interfaces' build argument 'catkin_skip_building_tests' from command line to 'False'
[0.391s] DEBUG:colcon.colcon_core.verb:Building package 'ucb_interfaces' with the following arguments: {'ament_cmake_args': None, 'build_base': '/home/luz/Escritorio/ucbrob_ws/build/ucb_interfaces', 'catkin_cmake_args': None, 'catkin_skip_building_tests': False, 'cmake_args': None, 'cmake_clean_cache': False, 'cmake_clean_first': False, 'cmake_force_configure': False, 'cmake_target': None, 'cmake_target_skip_unavailable': False, 'install_base': '/home/luz/Escritorio/ucbrob_ws/install/ucb_interfaces', 'merge_install': False, 'path': '/home/luz/Escritorio/ucbrob_ws/src/ucb_interfaces', 'symlink_install': False, 'test_result_base': None}
[0.392s] INFO:colcon.colcon_core.executor:Executing jobs using 'parallel' executor
[0.392s] DEBUG:colcon.colcon_parallel_executor.executor.parallel:run_until_complete
[0.393s] INFO:colcon.colcon_ros.task.ament_python.build:Building ROS package in '/home/luz/Escritorio/ucbrob_ws/src/pubsub_py' with build type 'ament_python'
[0.393s] Level 1:colcon.colcon_core.shell:create_environment_hook('pubsub_py', 'ament_prefix_path')
[0.395s] INFO:colcon.colcon_core.plugin_system:Skipping extension 'colcon_core.shell.bat': Not used on non-Windows systems
[0.396s] INFO:colcon.colcon_core.shell:Creating environment hook '/home/luz/Escritorio/ucbrob_ws/install/pubsub_py/share/pubsub_py/hook/ament_prefix_path.ps1'
[0.396s] INFO:colcon.colcon_core.shell:Creating environment descriptor '/home/luz/Escritorio/ucbrob_ws/install/pubsub_py/share/pubsub_py/hook/ament_prefix_path.dsv'
[0.397s] INFO:colcon.colcon_core.shell:Creating environment hook '/home/luz/Escritorio/ucbrob_ws/install/pubsub_py/share/pubsub_py/hook/ament_prefix_path.sh'
[0.398s] INFO:colcon.colcon_core.shell:Skip shell extension 'powershell' for command environment: Not usable outside of PowerShell
[0.398s] DEBUG:colcon.colcon_core.shell:Skip shell extension 'dsv' for command environment
[0.400s] INFO:colcon.colcon_ros.task.ament_cmake.build:Building ROS package in '/home/luz/Escritorio/ucbrob_ws/src/ucb_interfaces' with build type 'ament_cmake'
[0.400s] INFO:colcon.colcon_cmake.task.cmake.build:Building CMake package in '/home/luz/Escritorio/ucbrob_ws/src/ucb_interfaces'
[0.400s] INFO:colcon.colcon_core.shell:Skip shell extension 'powershell' for command environment: Not usable outside of PowerShell
[0.400s] DEBUG:colcon.colcon_core.shell:Skip shell extension 'dsv' for command environment
[0.556s] INFO:colcon.colcon_core.task.python.build:Building Python package in '/home/luz/Escritorio/ucbrob_ws/src/pubsub_py'
[0.556s] INFO:colcon.colcon_core.shell:Skip shell extension 'powershell' for command environment: Not usable outside of PowerShell
[0.556s] DEBUG:colcon.colcon_core.shell:Skip shell extension 'dsv' for command environment
[0.561s] DEBUG:colcon.colcon_core.event_handler.log_command:Invoking command in '/home/luz/Escritorio/ucbrob_ws/build/ucb_interfaces': CMAKE_PREFIX_PATH=${CMAKE_PREFIX_PATH}:/home/luz/Escritorio/ucbrob_ws/install/pubsub_py:/opt/ros/humble /usr/bin/cmake --build /home/luz/Escritorio/ucbrob_ws/build/ucb_interfaces -- -j12 -l12
[0.618s] DEBUG:colcon.colcon_core.event_handler.log_command:Invoked command in '/home/luz/Escritorio/ucbrob_ws/build/ucb_interfaces' returned '0': CMAKE_PREFIX_PATH=${CMAKE_PREFIX_PATH}:/home/luz/Escritorio/ucbrob_ws/install/pubsub_py:/opt/ros/humble /usr/bin/cmake --build /home/luz/Escritorio/ucbrob_ws/build/ucb_interfaces -- -j12 -l12
[0.625s] DEBUG:colcon.colcon_core.event_handler.log_command:Invoking command in '/home/luz/Escritorio/ucbrob_ws/build/ucb_interfaces': CMAKE_PREFIX_PATH=${CMAKE_PREFIX_PATH}:/home/luz/Escritorio/ucbrob_ws/install/pubsub_py:/opt/ros/humble /usr/bin/cmake --install /home/luz/Escritorio/ucbrob_ws/build/ucb_interfaces
[0.637s] Level 1:colcon.colcon_core.environment:create_environment_scripts_only(ucb_interfaces)
[0.638s] DEBUG:colcon.colcon_core.event_handler.log_command:Invoked command in '/home/luz/Escritorio/ucbrob_ws/build/ucb_interfaces' returned '0': CMAKE_PREFIX_PATH=${CMAKE_PREFIX_PATH}:/home/luz/Escritorio/ucbrob_ws/install/pubsub_py:/opt/ros/humble /usr/bin/cmake --install /home/luz/Escritorio/ucbrob_ws/build/ucb_interfaces
[0.641s] Level 1:colcon.colcon_core.environment:checking '/home/luz/Escritorio/ucbrob_ws/install/ucb_interfaces' for CMake module files
[0.642s] Level 1:colcon.colcon_core.environment:checking '/home/luz/Escritorio/ucbrob_ws/install/ucb_interfaces' for CMake config files
[0.642s] Level 1:colcon.colcon_core.shell:create_environment_hook('ucb_interfaces', 'cmake_prefix_path')
[0.642s] INFO:colcon.colcon_core.shell:Creating environment hook '/home/luz/Escritorio/ucbrob_ws/install/ucb_interfaces/share/ucb_interfaces/hook/cmake_prefix_path.ps1'
[0.642s] INFO:colcon.colcon_core.shell:Creating environment descriptor '/home/luz/Escritorio/ucbrob_ws/install/ucb_interfaces/share/ucb_interfaces/hook/cmake_prefix_path.dsv'
[0.643s] INFO:colcon.colcon_core.shell:Creating environment hook '/home/luz/Escritorio/ucbrob_ws/install/ucb_interfaces/share/ucb_interfaces/hook/cmake_prefix_path.sh'
[0.643s] Level 1:colcon.colcon_core.environment:checking '/home/luz/Escritorio/ucbrob_ws/install/ucb_interfaces/bin'
[0.643s] Level 1:colcon.colcon_core.environment:checking '/home/luz/Escritorio/ucbrob_ws/install/ucb_interfaces/lib/pkgconfig/ucb_interfaces.pc'
[0.643s] Level 1:colcon.colcon_core.environment:checking '/home/luz/Escritorio/ucbrob_ws/install/ucb_interfaces/lib/python3.10/site-packages'
[0.643s] Level 1:colcon.colcon_core.environment:checking '/home/luz/Escritorio/ucbrob_ws/install/ucb_interfaces/bin'
[0.644s] INFO:colcon.colcon_core.shell:Creating package script '/home/luz/Escritorio/ucbrob_ws/install/ucb_interfaces/share/ucb_interfaces/package.ps1'
[0.644s] INFO:colcon.colcon_core.shell:Creating package descriptor '/home/luz/Escritorio/ucbrob_ws/install/ucb_interfaces/share/ucb_interfaces/package.dsv'
[0.645s] INFO:colcon.colcon_core.shell:Creating package script '/home/luz/Escritorio/ucbrob_ws/install/ucb_interfaces/share/ucb_interfaces/package.sh'
[0.646s] INFO:colcon.colcon_core.shell:Creating package script '/home/luz/Escritorio/ucbrob_ws/install/ucb_interfaces/share/ucb_interfaces/package.bash'
[0.646s] INFO:colcon.colcon_core.shell:Creating package script '/home/luz/Escritorio/ucbrob_ws/install/ucb_interfaces/share/ucb_interfaces/package.zsh'
[0.647s] Level 1:colcon.colcon_core.environment:create_file_with_runtime_dependencies(/home/luz/Escritorio/ucbrob_ws/install/ucb_interfaces/share/colcon-core/packages/ucb_interfaces)
[0.647s] Level 1:colcon.colcon_core.environment:create_environment_scripts_only(ucb_interfaces)
[0.647s] Level 1:colcon.colcon_core.environment:checking '/home/luz/Escritorio/ucbrob_ws/install/ucb_interfaces' for CMake module files
[0.647s] Level 1:colcon.colcon_core.environment:checking '/home/luz/Escritorio/ucbrob_ws/install/ucb_interfaces' for CMake config files
[0.648s] Level 1:colcon.colcon_core.shell:create_environment_hook('ucb_interfaces', 'cmake_prefix_path')
[0.648s] INFO:colcon.colcon_core.shell:Creating environment hook '/home/luz/Escritorio/ucbrob_ws/install/ucb_interfaces/share/ucb_interfaces/hook/cmake_prefix_path.ps1'
[0.648s] INFO:colcon.colcon_core.shell:Creating environment descriptor '/home/luz/Escritorio/ucbrob_ws/install/ucb_interfaces/share/ucb_interfaces/hook/cmake_prefix_path.dsv'
[0.648s] INFO:colcon.colcon_core.shell:Creating environment hook '/home/luz/Escritorio/ucbrob_ws/install/ucb_interfaces/share/ucb_interfaces/hook/cmake_prefix_path.sh'
[0.648s] Level 1:colcon.colcon_core.environment:checking '/home/luz/Escritorio/ucbrob_ws/install/ucb_interfaces/bin'
[0.648s] Level 1:colcon.colcon_core.environment:checking '/home/luz/Escritorio/ucbrob_ws/install/ucb_interfaces/lib/pkgconfig/ucb_interfaces.pc'
[0.649s] Level 1:colcon.colcon_core.environment:checking '/home/luz/Escritorio/ucbrob_ws/install/ucb_interfaces/lib/python3.10/site-packages'
[0.649s] Level 1:colcon.colcon_core.environment:checking '/home/luz/Escritorio/ucbrob_ws/install/ucb_interfaces/bin'
[0.649s] INFO:colcon.colcon_core.shell:Creating package script '/home/luz/Escritorio/ucbrob_ws/install/ucb_interfaces/share/ucb_interfaces/package.ps1'
[0.649s] INFO:colcon.colcon_core.shell:Creating package descriptor '/home/luz/Escritorio/ucbrob_ws/install/ucb_interfaces/share/ucb_interfaces/package.dsv'
[0.649s] INFO:colcon.colcon_core.shell:Creating package script '/home/luz/Escritorio/ucbrob_ws/install/ucb_interfaces/share/ucb_interfaces/package.sh'
[0.650s] INFO:colcon.colcon_core.shell:Creating package script '/home/luz/Escritorio/ucbrob_ws/install/ucb_interfaces/share/ucb_interfaces/package.bash'
[0.650s] INFO:colcon.colcon_core.shell:Creating package script '/home/luz/Escritorio/ucbrob_ws/install/ucb_interfaces/share/ucb_interfaces/package.zsh'
[0.650s] Level 1:colcon.colcon_core.environment:create_file_with_runtime_dependencies(/home/luz/Escritorio/ucbrob_ws/install/ucb_interfaces/share/colcon-core/packages/ucb_interfaces)
[0.810s] DEBUG:colcon.colcon_core.event_handler.log_command:Invoking command in '/home/luz/Escritorio/ucbrob_ws/src/pubsub_py': PYTHONPATH=/home/luz/Escritorio/ucbrob_ws/build/pubsub_py/prefix_override:/usr/lib/python3/dist-packages/colcon_core/task/python/colcon_distutils_commands:/home/luz/Escritorio/ucbrob_ws/install/pubsub_py/lib/python3.10/site-packages:${PYTHONPATH} /usr/bin/python3 -W ignore:setup.py install is deprecated -W ignore:easy_install command is deprecated setup.py egg_info --egg-base ../../build/pubsub_py build --build-base /home/luz/Escritorio/ucbrob_ws/build/pubsub_py/build install --record /home/luz/Escritorio/ucbrob_ws/build/pubsub_py/install.log --single-version-externally-managed install_data
[0.995s] Level 1:colcon.colcon_core.environment:checking '/home/luz/Escritorio/ucbrob_ws/install/pubsub_py' for CMake module files
[0.995s] DEBUG:colcon.colcon_core.event_handler.log_command:Invoked command in '/home/luz/Escritorio/ucbrob_ws/src/pubsub_py' returned '0': PYTHONPATH=/home/luz/Escritorio/ucbrob_ws/build/pubsub_py/prefix_override:/usr/lib/python3/dist-packages/colcon_core/task/python/colcon_distutils_commands:/home/luz/Escritorio/ucbrob_ws/install/pubsub_py/lib/python3.10/site-packages:${PYTHONPATH} /usr/bin/python3 -W ignore:setup.py install is deprecated -W ignore:easy_install command is deprecated setup.py egg_info --egg-base ../../build/pubsub_py build --build-base /home/luz/Escritorio/ucbrob_ws/build/pubsub_py/build install --record /home/luz/Escritorio/ucbrob_ws/build/pubsub_py/install.log --single-version-externally-managed install_data
[0.995s] Level 1:colcon.colcon_core.environment:checking '/home/luz/Escritorio/ucbrob_ws/install/pubsub_py' for CMake config files
[0.996s] Level 1:colcon.colcon_core.environment:checking '/home/luz/Escritorio/ucbrob_ws/install/pubsub_py/lib'
[0.996s] Level 1:colcon.colcon_core.environment:checking '/home/luz/Escritorio/ucbrob_ws/install/pubsub_py/bin'
[0.996s] Level 1:colcon.colcon_core.environment:checking '/home/luz/Escritorio/ucbrob_ws/install/pubsub_py/lib/pkgconfig/pubsub_py.pc'
[0.996s] Level 1:colcon.colcon_core.environment:checking '/home/luz/Escritorio/ucbrob_ws/install/pubsub_py/lib/python3.10/site-packages'
[0.996s] Level 1:colcon.colcon_core.shell:create_environment_hook('pubsub_py', 'pythonpath')
[0.996s] INFO:colcon.colcon_core.shell:Creating environment hook '/home/luz/Escritorio/ucbrob_ws/install/pubsub_py/share/pubsub_py/hook/pythonpath.ps1'
[0.996s] INFO:colcon.colcon_core.shell:Creating environment descriptor '/home/luz/Escritorio/ucbrob_ws/install/pubsub_py/share/pubsub_py/hook/pythonpath.dsv'
[0.997s] INFO:colcon.colcon_core.shell:Creating environment hook '/home/luz/Escritorio/ucbrob_ws/install/pubsub_py/share/pubsub_py/hook/pythonpath.sh'
[0.997s] Level 1:colcon.colcon_core.environment:checking '/home/luz/Escritorio/ucbrob_ws/install/pubsub_py/bin'
[0.997s] Level 1:colcon.colcon_core.environment:create_environment_scripts_only(pubsub_py)
[0.997s] INFO:colcon.colcon_core.shell:Creating package script '/home/luz/Escritorio/ucbrob_ws/install/pubsub_py/share/pubsub_py/package.ps1'
[0.998s] INFO:colcon.colcon_core.shell:Creating package descriptor '/home/luz/Escritorio/ucbrob_ws/install/pubsub_py/share/pubsub_py/package.dsv'
[0.998s] INFO:colcon.colcon_core.shell:Creating package script '/home/luz/Escritorio/ucbrob_ws/install/pubsub_py/share/pubsub_py/package.sh'
[0.998s] INFO:colcon.colcon_core.shell:Creating package script '/home/luz/Escritorio/ucbrob_ws/install/pubsub_py/share/pubsub_py/package.bash'
[0.998s] INFO:colcon.colcon_core.shell:Creating package script '/home/luz/Escritorio/ucbrob_ws/install/pubsub_py/share/pubsub_py/package.zsh'
[0.998s] Level 1:colcon.colcon_core.environment:create_file_with_runtime_dependencies(/home/luz/Escritorio/ucbrob_ws/install/pubsub_py/share/colcon-core/packages/pubsub_py)
[0.999s] DEBUG:colcon.colcon_parallel_executor.executor.parallel:closing loop
[0.999s] DEBUG:colcon.colcon_parallel_executor.executor.parallel:loop closed
[0.999s] DEBUG:colcon.colcon_parallel_executor.executor.parallel:run_until_complete finished with '0'
[0.999s] DEBUG:colcon.colcon_core.event_reactor:joining thread
[1.002s] INFO:colcon.colcon_core.plugin_system:Skipping extension 'colcon_notification.desktop_notification.terminal_notifier': Not used on non-Darwin systems
[1.003s] INFO:colcon.colcon_core.plugin_system:Skipping extension 'colcon_notification.desktop_notification.win32': Not used on non-Windows systems
[1.003s] INFO:colcon.colcon_notification.desktop_notification:Sending desktop notification using 'notify2'
[1.013s] DEBUG:colcon.colcon_core.event_reactor:joined thread
[1.013s] INFO:colcon.colcon_core.shell:Creating prefix script '/home/luz/Escritorio/ucbrob_ws/install/local_setup.ps1'
[1.014s] INFO:colcon.colcon_core.shell:Creating prefix util module '/home/luz/Escritorio/ucbrob_ws/install/_local_setup_util_ps1.py'
[1.015s] INFO:colcon.colcon_core.shell:Creating prefix chain script '/home/luz/Escritorio/ucbrob_ws/install/setup.ps1'
[1.016s] INFO:colcon.colcon_core.shell:Creating prefix script '/home/luz/Escritorio/ucbrob_ws/install/local_setup.sh'
[1.016s] INFO:colcon.colcon_core.shell:Creating prefix util module '/home/luz/Escritorio/ucbrob_ws/install/_local_setup_util_sh.py'
[1.017s] INFO:colcon.colcon_core.shell:Creating prefix chain script '/home/luz/Escritorio/ucbrob_ws/install/setup.sh'
[1.018s] INFO:colcon.colcon_core.shell:Creating prefix script '/home/luz/Escritorio/ucbrob_ws/install/local_setup.bash'
[1.018s] INFO:colcon.colcon_core.shell:Creating prefix chain script '/home/luz/Escritorio/ucbrob_ws/install/setup.bash'
[1.019s] INFO:colcon.colcon_core.shell:Creating prefix script '/home/luz/Escritorio/ucbrob_ws/install/local_setup.zsh'
[1.019s] INFO:colcon.colcon_core.shell:Creating prefix chain script '/home/luz/Escritorio/ucbrob_ws/install/setup.zsh'
