[0.013s] Invoking command in '/home/luz/Escritorio/Robotica/week9/ros2_ws/build/cartographer_rviz': AMENT_PREFIX_PATH=/home/luz/Escritorio/Robotica/week9/ros2_ws/install/cartographer_ros:/home/luz/Escritorio/Robotica/week9/ros2_ws/install/cartographer_ros_msgs:${AMENT_PREFIX_PATH} CMAKE_PREFIX_PATH=/home/luz/Escritorio/Robotica/week9/ros2_ws/install/cartographer_ros:/home/luz/Escritorio/Robotica/week9/ros2_ws/install/cartographer_ros_msgs:/opt/ros/humble LD_LIBRARY_PATH=/home/luz/Escritorio/Robotica/week9/ros2_ws/install/cartographer_ros/lib:/home/luz/Escritorio/Robotica/week9/ros2_ws/install/cartographer_ros_msgs/lib:${LD_LIBRARY_PATH} PYTHONPATH=/home/luz/Escritorio/Robotica/week9/ros2_ws/install/cartographer_ros_msgs/local/lib/python3.10/dist-packages:${PYTHONPATH} /usr/bin/cmake --build /home/luz/Escritorio/Robotica/week9/ros2_ws/build/cartographer_rviz -- -j12 -l12
[0.074s] [ 16%] [34m[1mAutomatic MOC for target cartographer_rviz[0m
[0.082s] [ 16%] Built target cartographer_rviz_detect_changes
[0.117s] [ 16%] Built target cartographer_rviz_autogen
[0.171s] [100%] Built target cartographer_rviz
[0.182s] Invoked command in '/home/luz/Escritorio/Robotica/week9/ros2_ws/build/cartographer_rviz' returned '0': AMENT_PREFIX_PATH=/home/luz/Escritorio/Robotica/week9/ros2_ws/install/cartographer_ros:/home/luz/Escritorio/Robotica/week9/ros2_ws/install/cartographer_ros_msgs:${AMENT_PREFIX_PATH} CMAKE_PREFIX_PATH=/home/luz/Escritorio/Robotica/week9/ros2_ws/install/cartographer_ros:/home/luz/Escritorio/Robotica/week9/ros2_ws/install/cartographer_ros_msgs:/opt/ros/humble LD_LIBRARY_PATH=/home/luz/Escritorio/Robotica/week9/ros2_ws/install/cartographer_ros/lib:/home/luz/Escritorio/Robotica/week9/ros2_ws/install/cartographer_ros_msgs/lib:${LD_LIBRARY_PATH} PYTHONPATH=/home/luz/Escritorio/Robotica/week9/ros2_ws/install/cartographer_ros_msgs/local/lib/python3.10/dist-packages:${PYTHONPATH} /usr/bin/cmake --build /home/luz/Escritorio/Robotica/week9/ros2_ws/build/cartographer_rviz -- -j12 -l12
[0.184s] Invoking command in '/home/luz/Escritorio/Robotica/week9/ros2_ws/build/cartographer_rviz': AMENT_PREFIX_PATH=/home/luz/Escritorio/Robotica/week9/ros2_ws/install/cartographer_ros:/home/luz/Escritorio/Robotica/week9/ros2_ws/install/cartographer_ros_msgs:${AMENT_PREFIX_PATH} CMAKE_PREFIX_PATH=/home/luz/Escritorio/Robotica/week9/ros2_ws/install/cartographer_ros:/home/luz/Escritorio/Robotica/week9/ros2_ws/install/cartographer_ros_msgs:/opt/ros/humble LD_LIBRARY_PATH=/home/luz/Escritorio/Robotica/week9/ros2_ws/install/cartographer_ros/lib:/home/luz/Escritorio/Robotica/week9/ros2_ws/install/cartographer_ros_msgs/lib:${LD_LIBRARY_PATH} PYTHONPATH=/home/luz/Escritorio/Robotica/week9/ros2_ws/install/cartographer_ros_msgs/local/lib/python3.10/dist-packages:${PYTHONPATH} /usr/bin/cmake --install /home/luz/Escritorio/Robotica/week9/ros2_ws/build/cartographer_rviz
[0.191s] -- Install configuration: "Release"
[0.192s] -- Up-to-date: /home/luz/Escritorio/Robotica/week9/ros2_ws/install/cartographer_rviz/share/cartographer_rviz/rviz_plugin_description.xml
[0.193s] -- Up-to-date: /home/luz/Escritorio/Robotica/week9/ros2_ws/install/cartographer_rviz/lib/libcartographer_rviz.so
[0.193s] -- Up-to-date: /home/luz/Escritorio/Robotica/week9/ros2_ws/install/cartographer_rviz/include/
[0.194s] -- Up-to-date: /home/luz/Escritorio/Robotica/week9/ros2_ws/install/cartographer_rviz/include//cartographer_rviz
[0.194s] -- Up-to-date: /home/luz/Escritorio/Robotica/week9/ros2_ws/install/cartographer_rviz/include//cartographer_rviz/drawable_submap.h
[0.194s] -- Up-to-date: /home/luz/Escritorio/Robotica/week9/ros2_ws/install/cartographer_rviz/include//cartographer_rviz/submaps_display.h
[0.194s] -- Up-to-date: /home/luz/Escritorio/Robotica/week9/ros2_ws/install/cartographer_rviz/include//cartographer_rviz/ogre_slice.h
[0.194s] -- Up-to-date: /home/luz/Escritorio/Robotica/week9/ros2_ws/install/cartographer_rviz/share/cartographer_rviz/environment/library_path.sh
[0.194s] -- Up-to-date: /home/luz/Escritorio/Robotica/week9/ros2_ws/install/cartographer_rviz/share/cartographer_rviz/environment/library_path.dsv
[0.195s] -- Up-to-date: /home/luz/Escritorio/Robotica/week9/ros2_ws/install/cartographer_rviz/share/ament_index/resource_index/package_run_dependencies/cartographer_rviz
[0.195s] -- Up-to-date: /home/luz/Escritorio/Robotica/week9/ros2_ws/install/cartographer_rviz/share/ament_index/resource_index/parent_prefix_path/cartographer_rviz
[0.195s] -- Up-to-date: /home/luz/Escritorio/Robotica/week9/ros2_ws/install/cartographer_rviz/share/cartographer_rviz/environment/ament_prefix_path.sh
[0.195s] -- Up-to-date: /home/luz/Escritorio/Robotica/week9/ros2_ws/install/cartographer_rviz/share/cartographer_rviz/environment/ament_prefix_path.dsv
[0.195s] -- Up-to-date: /home/luz/Escritorio/Robotica/week9/ros2_ws/install/cartographer_rviz/share/cartographer_rviz/environment/path.sh
[0.195s] -- Up-to-date: /home/luz/Escritorio/Robotica/week9/ros2_ws/install/cartographer_rviz/share/cartographer_rviz/environment/path.dsv
[0.195s] -- Up-to-date: /home/luz/Escritorio/Robotica/week9/ros2_ws/install/cartographer_rviz/share/cartographer_rviz/local_setup.bash
[0.195s] -- Up-to-date: /home/luz/Escritorio/Robotica/week9/ros2_ws/install/cartographer_rviz/share/cartographer_rviz/local_setup.sh
[0.195s] -- Up-to-date: /home/luz/Escritorio/Robotica/week9/ros2_ws/install/cartographer_rviz/share/cartographer_rviz/local_setup.zsh
[0.195s] -- Up-to-date: /home/luz/Escritorio/Robotica/week9/ros2_ws/install/cartographer_rviz/share/cartographer_rviz/local_setup.dsv
[0.195s] -- Installing: /home/luz/Escritorio/Robotica/week9/ros2_ws/install/cartographer_rviz/share/cartographer_rviz/package.dsv
[0.196s] -- Up-to-date: /home/luz/Escritorio/Robotica/week9/ros2_ws/install/cartographer_rviz/share/ament_index/resource_index/packages/cartographer_rviz
[0.196s] -- Up-to-date: /home/luz/Escritorio/Robotica/week9/ros2_ws/install/cartographer_rviz/share/ament_index/resource_index/rviz_common__pluginlib__plugin/cartographer_rviz
[0.196s] -- Up-to-date: /home/luz/Escritorio/Robotica/week9/ros2_ws/install/cartographer_rviz/share/cartographer_rviz/ogre_media/materials/glsl120
[0.196s] -- Up-to-date: /home/luz/Escritorio/Robotica/week9/ros2_ws/install/cartographer_rviz/share/cartographer_rviz/ogre_media/materials/glsl120/submap.vert
[0.196s] -- Up-to-date: /home/luz/Escritorio/Robotica/week9/ros2_ws/install/cartographer_rviz/share/cartographer_rviz/ogre_media/materials/glsl120/glsl120.program
[0.196s] -- Up-to-date: /home/luz/Escritorio/Robotica/week9/ros2_ws/install/cartographer_rviz/share/cartographer_rviz/ogre_media/materials/glsl120/submap.frag
[0.196s] -- Up-to-date: /home/luz/Escritorio/Robotica/week9/ros2_ws/install/cartographer_rviz/share/cartographer_rviz/ogre_media/materials/scripts
[0.196s] -- Up-to-date: /home/luz/Escritorio/Robotica/week9/ros2_ws/install/cartographer_rviz/share/cartographer_rviz/ogre_media/materials/scripts/submap.material
[0.197s] -- Up-to-date: /home/luz/Escritorio/Robotica/week9/ros2_ws/install/cartographer_rviz/share/ament_index/resource_index/rviz_ogre_media_exports/cartographer_rviz
[0.198s] -- Up-to-date: /home/luz/Escritorio/Robotica/week9/ros2_ws/install/cartographer_rviz/share/cartographer_rviz/cmake/cartographer_rvizExport.cmake
[0.198s] -- Up-to-date: /home/luz/Escritorio/Robotica/week9/ros2_ws/install/cartographer_rviz/share/cartographer_rviz/cmake/cartographer_rvizExport-release.cmake
[0.198s] -- Up-to-date: /home/luz/Escritorio/Robotica/week9/ros2_ws/install/cartographer_rviz/share/cartographer_rviz/cmake/ament_cmake_export_include_directories-extras.cmake
[0.198s] -- Up-to-date: /home/luz/Escritorio/Robotica/week9/ros2_ws/install/cartographer_rviz/share/cartographer_rviz/cmake/ament_cmake_export_targets-extras.cmake
[0.198s] -- Up-to-date: /home/luz/Escritorio/Robotica/week9/ros2_ws/install/cartographer_rviz/share/cartographer_rviz/cmake/ament_cmake_export_dependencies-extras.cmake
[0.198s] -- Up-to-date: /home/luz/Escritorio/Robotica/week9/ros2_ws/install/cartographer_rviz/share/cartographer_rviz/cmake/cartographer_rvizConfig.cmake
[0.198s] -- Up-to-date: /home/luz/Escritorio/Robotica/week9/ros2_ws/install/cartographer_rviz/share/cartographer_rviz/cmake/cartographer_rvizConfig-version.cmake
[0.198s] -- Up-to-date: /home/luz/Escritorio/Robotica/week9/ros2_ws/install/cartographer_rviz/share/cartographer_rviz/package.xml
[0.200s] Invoked command in '/home/luz/Escritorio/Robotica/week9/ros2_ws/build/cartographer_rviz' returned '0': AMENT_PREFIX_PATH=/home/luz/Escritorio/Robotica/week9/ros2_ws/install/cartographer_ros:/home/luz/Escritorio/Robotica/week9/ros2_ws/install/cartographer_ros_msgs:${AMENT_PREFIX_PATH} CMAKE_PREFIX_PATH=/home/luz/Escritorio/Robotica/week9/ros2_ws/install/cartographer_ros:/home/luz/Escritorio/Robotica/week9/ros2_ws/install/cartographer_ros_msgs:/opt/ros/humble LD_LIBRARY_PATH=/home/luz/Escritorio/Robotica/week9/ros2_ws/install/cartographer_ros/lib:/home/luz/Escritorio/Robotica/week9/ros2_ws/install/cartographer_ros_msgs/lib:${LD_LIBRARY_PATH} PYTHONPATH=/home/luz/Escritorio/Robotica/week9/ros2_ws/install/cartographer_ros_msgs/local/lib/python3.10/dist-packages:${PYTHONPATH} /usr/bin/cmake --install /home/luz/Escritorio/Robotica/week9/ros2_ws/build/cartographer_rviz
