[0.008s] Invoking command in '/home/luz/Escritorio/Robotica/week4/lab3_2_ws/build/matrix_interfaces': CMAKE_PREFIX_PATH=/opt/ros/humble /usr/bin/cmake --build /home/luz/Escritorio/Robotica/week4/lab3_2_ws/build/matrix_interfaces -- -j12 -l12
[0.044s] [  9%] Built target matrix_interfaces__rosidl_generator_c
[0.047s] [ 12%] Built target matrix_interfaces__cpp
[0.054s] [ 12%] Built target ament_cmake_python_copy_matrix_interfaces
[0.060s] [ 22%] Built target matrix_interfaces__rosidl_typesupport_c
[0.061s] [ 32%] Built target matrix_interfaces__rosidl_typesupport_introspection_cpp
[0.062s] [ 41%] Built target matrix_interfaces__rosidl_typesupport_introspection_c
[0.063s] [ 51%] Built target matrix_interfaces__rosidl_typesupport_fastrtps_c
[0.064s] [ 61%] Built target matrix_interfaces__rosidl_typesupport_cpp
[0.065s] [ 70%] Built target matrix_interfaces__rosidl_typesupport_fastrtps_cpp
[0.081s] [ 70%] Built target matrix_interfaces
[0.099s] [ 74%] Built target matrix_interfaces__py
[0.117s] [ 80%] Built target matrix_interfaces__rosidl_generator_py
[0.132s] [ 87%] Built target matrix_interfaces__rosidl_typesupport_introspection_c__pyext
[0.136s] [ 93%] Built target matrix_interfaces__rosidl_typesupport_fastrtps_c__pyext
[0.136s] [100%] Built target matrix_interfaces__rosidl_typesupport_c__pyext
[0.202s] running egg_info
[0.202s] writing matrix_interfaces.egg-info/PKG-INFO
[0.203s] writing dependency_links to matrix_interfaces.egg-info/dependency_links.txt
[0.203s] writing top-level names to matrix_interfaces.egg-info/top_level.txt
[0.204s] reading manifest file 'matrix_interfaces.egg-info/SOURCES.txt'
[0.204s] writing manifest file 'matrix_interfaces.egg-info/SOURCES.txt'
[0.224s] [100%] Built target ament_cmake_python_build_matrix_interfaces_egg
[0.232s] Invoked command in '/home/luz/Escritorio/Robotica/week4/lab3_2_ws/build/matrix_interfaces' returned '0': CMAKE_PREFIX_PATH=/opt/ros/humble /usr/bin/cmake --build /home/luz/Escritorio/Robotica/week4/lab3_2_ws/build/matrix_interfaces -- -j12 -l12
[0.241s] Invoking command in '/home/luz/Escritorio/Robotica/week4/lab3_2_ws/build/matrix_interfaces': CMAKE_PREFIX_PATH=/opt/ros/humble /usr/bin/cmake --install /home/luz/Escritorio/Robotica/week4/lab3_2_ws/build/matrix_interfaces
[0.251s] -- Install configuration: ""
[0.251s] -- Up-to-date: /home/luz/Escritorio/Robotica/week4/lab3_2_ws/install/matrix_interfaces/share/ament_index/resource_index/rosidl_interfaces/matrix_interfaces
[0.251s] -- Up-to-date: /home/luz/Escritorio/Robotica/week4/lab3_2_ws/install/matrix_interfaces/include/matrix_interfaces/matrix_interfaces
[0.251s] -- Up-to-date: /home/luz/Escritorio/Robotica/week4/lab3_2_ws/install/matrix_interfaces/include/matrix_interfaces/matrix_interfaces/srv
[0.251s] -- Up-to-date: /home/luz/Escritorio/Robotica/week4/lab3_2_ws/install/matrix_interfaces/include/matrix_interfaces/matrix_interfaces/srv/rotxyz.h
[0.251s] -- Up-to-date: /home/luz/Escritorio/Robotica/week4/lab3_2_ws/install/matrix_interfaces/include/matrix_interfaces/matrix_interfaces/srv/detail
[0.251s] -- Up-to-date: /home/luz/Escritorio/Robotica/week4/lab3_2_ws/install/matrix_interfaces/include/matrix_interfaces/matrix_interfaces/srv/detail/rotxyz__functions.c
[0.252s] -- Up-to-date: /home/luz/Escritorio/Robotica/week4/lab3_2_ws/install/matrix_interfaces/include/matrix_interfaces/matrix_interfaces/srv/detail/rotxyz__type_support.h
[0.252s] -- Up-to-date: /home/luz/Escritorio/Robotica/week4/lab3_2_ws/install/matrix_interfaces/include/matrix_interfaces/matrix_interfaces/srv/detail/rotxyz__functions.h
[0.252s] -- Up-to-date: /home/luz/Escritorio/Robotica/week4/lab3_2_ws/install/matrix_interfaces/include/matrix_interfaces/matrix_interfaces/srv/detail/rotxyz__struct.h
[0.252s] -- Up-to-date: /home/luz/Escritorio/Robotica/week4/lab3_2_ws/install/matrix_interfaces/include/matrix_interfaces/matrix_interfaces/msg
[0.252s] -- Up-to-date: /home/luz/Escritorio/Robotica/week4/lab3_2_ws/install/matrix_interfaces/include/matrix_interfaces/matrix_interfaces/msg/rosidl_generator_c__visibility_control.h
[0.252s] -- Up-to-date: /home/luz/Escritorio/Robotica/week4/lab3_2_ws/install/matrix_interfaces/share/matrix_interfaces/environment/library_path.sh
[0.252s] -- Up-to-date: /home/luz/Escritorio/Robotica/week4/lab3_2_ws/install/matrix_interfaces/share/matrix_interfaces/environment/library_path.dsv
[0.252s] -- Up-to-date: /home/luz/Escritorio/Robotica/week4/lab3_2_ws/install/matrix_interfaces/lib/libmatrix_interfaces__rosidl_generator_c.so
[0.252s] -- Up-to-date: /home/luz/Escritorio/Robotica/week4/lab3_2_ws/install/matrix_interfaces/include/matrix_interfaces/matrix_interfaces
[0.252s] -- Up-to-date: /home/luz/Escritorio/Robotica/week4/lab3_2_ws/install/matrix_interfaces/include/matrix_interfaces/matrix_interfaces/srv
[0.253s] -- Up-to-date: /home/luz/Escritorio/Robotica/week4/lab3_2_ws/install/matrix_interfaces/include/matrix_interfaces/matrix_interfaces/srv/detail
[0.253s] -- Up-to-date: /home/luz/Escritorio/Robotica/week4/lab3_2_ws/install/matrix_interfaces/include/matrix_interfaces/matrix_interfaces/srv/detail/rotxyz__rosidl_typesupport_fastrtps_c.h
[0.253s] -- Up-to-date: /home/luz/Escritorio/Robotica/week4/lab3_2_ws/install/matrix_interfaces/include/matrix_interfaces/matrix_interfaces/msg
[0.253s] -- Up-to-date: /home/luz/Escritorio/Robotica/week4/lab3_2_ws/install/matrix_interfaces/include/matrix_interfaces/matrix_interfaces/msg/rosidl_typesupport_fastrtps_c__visibility_control.h
[0.253s] -- Up-to-date: /home/luz/Escritorio/Robotica/week4/lab3_2_ws/install/matrix_interfaces/lib/libmatrix_interfaces__rosidl_typesupport_fastrtps_c.so
[0.253s] -- Up-to-date: /home/luz/Escritorio/Robotica/week4/lab3_2_ws/install/matrix_interfaces/include/matrix_interfaces/matrix_interfaces
[0.253s] -- Up-to-date: /home/luz/Escritorio/Robotica/week4/lab3_2_ws/install/matrix_interfaces/include/matrix_interfaces/matrix_interfaces/srv
[0.253s] -- Up-to-date: /home/luz/Escritorio/Robotica/week4/lab3_2_ws/install/matrix_interfaces/include/matrix_interfaces/matrix_interfaces/srv/detail
[0.253s] -- Up-to-date: /home/luz/Escritorio/Robotica/week4/lab3_2_ws/install/matrix_interfaces/include/matrix_interfaces/matrix_interfaces/srv/detail/rotxyz__type_support.c
[0.253s] -- Up-to-date: /home/luz/Escritorio/Robotica/week4/lab3_2_ws/install/matrix_interfaces/include/matrix_interfaces/matrix_interfaces/srv/detail/rotxyz__rosidl_typesupport_introspection_c.h
[0.253s] -- Up-to-date: /home/luz/Escritorio/Robotica/week4/lab3_2_ws/install/matrix_interfaces/include/matrix_interfaces/matrix_interfaces/msg
[0.254s] -- Up-to-date: /home/luz/Escritorio/Robotica/week4/lab3_2_ws/install/matrix_interfaces/include/matrix_interfaces/matrix_interfaces/msg/rosidl_typesupport_introspection_c__visibility_control.h
[0.254s] -- Up-to-date: /home/luz/Escritorio/Robotica/week4/lab3_2_ws/install/matrix_interfaces/lib/libmatrix_interfaces__rosidl_typesupport_introspection_c.so
[0.254s] -- Up-to-date: /home/luz/Escritorio/Robotica/week4/lab3_2_ws/install/matrix_interfaces/lib/libmatrix_interfaces__rosidl_typesupport_c.so
[0.254s] -- Up-to-date: /home/luz/Escritorio/Robotica/week4/lab3_2_ws/install/matrix_interfaces/include/matrix_interfaces/matrix_interfaces
[0.254s] -- Up-to-date: /home/luz/Escritorio/Robotica/week4/lab3_2_ws/install/matrix_interfaces/include/matrix_interfaces/matrix_interfaces/srv
[0.254s] -- Up-to-date: /home/luz/Escritorio/Robotica/week4/lab3_2_ws/install/matrix_interfaces/include/matrix_interfaces/matrix_interfaces/srv/rotxyz.hpp
[0.254s] -- Up-to-date: /home/luz/Escritorio/Robotica/week4/lab3_2_ws/install/matrix_interfaces/include/matrix_interfaces/matrix_interfaces/srv/detail
[0.254s] -- Up-to-date: /home/luz/Escritorio/Robotica/week4/lab3_2_ws/install/matrix_interfaces/include/matrix_interfaces/matrix_interfaces/srv/detail/rotxyz__type_support.hpp
[0.254s] -- Up-to-date: /home/luz/Escritorio/Robotica/week4/lab3_2_ws/install/matrix_interfaces/include/matrix_interfaces/matrix_interfaces/srv/detail/rotxyz__traits.hpp
[0.254s] -- Up-to-date: /home/luz/Escritorio/Robotica/week4/lab3_2_ws/install/matrix_interfaces/include/matrix_interfaces/matrix_interfaces/srv/detail/rotxyz__struct.hpp
[0.254s] -- Up-to-date: /home/luz/Escritorio/Robotica/week4/lab3_2_ws/install/matrix_interfaces/include/matrix_interfaces/matrix_interfaces/srv/detail/rotxyz__builder.hpp
[0.254s] -- Up-to-date: /home/luz/Escritorio/Robotica/week4/lab3_2_ws/install/matrix_interfaces/include/matrix_interfaces/matrix_interfaces/msg
[0.254s] -- Up-to-date: /home/luz/Escritorio/Robotica/week4/lab3_2_ws/install/matrix_interfaces/include/matrix_interfaces/matrix_interfaces/msg/rosidl_generator_cpp__visibility_control.hpp
[0.255s] -- Up-to-date: /home/luz/Escritorio/Robotica/week4/lab3_2_ws/install/matrix_interfaces/include/matrix_interfaces/matrix_interfaces
[0.255s] -- Up-to-date: /home/luz/Escritorio/Robotica/week4/lab3_2_ws/install/matrix_interfaces/include/matrix_interfaces/matrix_interfaces/srv
[0.255s] -- Up-to-date: /home/luz/Escritorio/Robotica/week4/lab3_2_ws/install/matrix_interfaces/include/matrix_interfaces/matrix_interfaces/srv/detail
[0.255s] -- Up-to-date: /home/luz/Escritorio/Robotica/week4/lab3_2_ws/install/matrix_interfaces/include/matrix_interfaces/matrix_interfaces/srv/detail/dds_fastrtps
[0.255s] -- Up-to-date: /home/luz/Escritorio/Robotica/week4/lab3_2_ws/install/matrix_interfaces/include/matrix_interfaces/matrix_interfaces/srv/detail/rotxyz__rosidl_typesupport_fastrtps_cpp.hpp
[0.255s] -- Up-to-date: /home/luz/Escritorio/Robotica/week4/lab3_2_ws/install/matrix_interfaces/include/matrix_interfaces/matrix_interfaces/msg
[0.255s] -- Up-to-date: /home/luz/Escritorio/Robotica/week4/lab3_2_ws/install/matrix_interfaces/include/matrix_interfaces/matrix_interfaces/msg/rosidl_typesupport_fastrtps_cpp__visibility_control.h
[0.255s] -- Up-to-date: /home/luz/Escritorio/Robotica/week4/lab3_2_ws/install/matrix_interfaces/lib/libmatrix_interfaces__rosidl_typesupport_fastrtps_cpp.so
[0.255s] -- Up-to-date: /home/luz/Escritorio/Robotica/week4/lab3_2_ws/install/matrix_interfaces/include/matrix_interfaces/matrix_interfaces
[0.255s] -- Up-to-date: /home/luz/Escritorio/Robotica/week4/lab3_2_ws/install/matrix_interfaces/include/matrix_interfaces/matrix_interfaces/srv
[0.255s] -- Up-to-date: /home/luz/Escritorio/Robotica/week4/lab3_2_ws/install/matrix_interfaces/include/matrix_interfaces/matrix_interfaces/srv/detail
[0.255s] -- Up-to-date: /home/luz/Escritorio/Robotica/week4/lab3_2_ws/install/matrix_interfaces/include/matrix_interfaces/matrix_interfaces/srv/detail/rotxyz__rosidl_typesupport_introspection_cpp.hpp
[0.255s] -- Up-to-date: /home/luz/Escritorio/Robotica/week4/lab3_2_ws/install/matrix_interfaces/include/matrix_interfaces/matrix_interfaces/srv/detail/rotxyz__type_support.cpp
[0.256s] -- Up-to-date: /home/luz/Escritorio/Robotica/week4/lab3_2_ws/install/matrix_interfaces/lib/libmatrix_interfaces__rosidl_typesupport_introspection_cpp.so
[0.256s] -- Up-to-date: /home/luz/Escritorio/Robotica/week4/lab3_2_ws/install/matrix_interfaces/lib/libmatrix_interfaces__rosidl_typesupport_cpp.so
[0.256s] -- Up-to-date: /home/luz/Escritorio/Robotica/week4/lab3_2_ws/install/matrix_interfaces/share/matrix_interfaces/environment/pythonpath.sh
[0.256s] -- Up-to-date: /home/luz/Escritorio/Robotica/week4/lab3_2_ws/install/matrix_interfaces/share/matrix_interfaces/environment/pythonpath.dsv
[0.256s] -- Up-to-date: /home/luz/Escritorio/Robotica/week4/lab3_2_ws/install/matrix_interfaces/local/lib/python3.10/dist-packages/matrix_interfaces-0.0.0-py3.10.egg-info
[0.256s] -- Installing: /home/luz/Escritorio/Robotica/week4/lab3_2_ws/install/matrix_interfaces/local/lib/python3.10/dist-packages/matrix_interfaces-0.0.0-py3.10.egg-info/PKG-INFO
[0.256s] -- Installing: /home/luz/Escritorio/Robotica/week4/lab3_2_ws/install/matrix_interfaces/local/lib/python3.10/dist-packages/matrix_interfaces-0.0.0-py3.10.egg-info/top_level.txt
[0.256s] -- Installing: /home/luz/Escritorio/Robotica/week4/lab3_2_ws/install/matrix_interfaces/local/lib/python3.10/dist-packages/matrix_interfaces-0.0.0-py3.10.egg-info/SOURCES.txt
[0.256s] -- Installing: /home/luz/Escritorio/Robotica/week4/lab3_2_ws/install/matrix_interfaces/local/lib/python3.10/dist-packages/matrix_interfaces-0.0.0-py3.10.egg-info/dependency_links.txt
[0.256s] -- Up-to-date: /home/luz/Escritorio/Robotica/week4/lab3_2_ws/install/matrix_interfaces/local/lib/python3.10/dist-packages/matrix_interfaces
[0.256s] -- Up-to-date: /home/luz/Escritorio/Robotica/week4/lab3_2_ws/install/matrix_interfaces/local/lib/python3.10/dist-packages/matrix_interfaces/_matrix_interfaces_s.ep.rosidl_typesupport_fastrtps_c.c
[0.256s] -- Up-to-date: /home/luz/Escritorio/Robotica/week4/lab3_2_ws/install/matrix_interfaces/local/lib/python3.10/dist-packages/matrix_interfaces/srv
[0.256s] -- Up-to-date: /home/luz/Escritorio/Robotica/week4/lab3_2_ws/install/matrix_interfaces/local/lib/python3.10/dist-packages/matrix_interfaces/srv/_rotxyz.py
[0.257s] -- Up-to-date: /home/luz/Escritorio/Robotica/week4/lab3_2_ws/install/matrix_interfaces/local/lib/python3.10/dist-packages/matrix_interfaces/srv/__init__.py
[0.257s] -- Up-to-date: /home/luz/Escritorio/Robotica/week4/lab3_2_ws/install/matrix_interfaces/local/lib/python3.10/dist-packages/matrix_interfaces/srv/_rotxyz_s.c
[0.257s] -- Up-to-date: /home/luz/Escritorio/Robotica/week4/lab3_2_ws/install/matrix_interfaces/local/lib/python3.10/dist-packages/matrix_interfaces/matrix_interfaces_s__rosidl_typesupport_introspection_c.cpython-310-x86_64-linux-gnu.so
[0.257s] -- Up-to-date: /home/luz/Escritorio/Robotica/week4/lab3_2_ws/install/matrix_interfaces/local/lib/python3.10/dist-packages/matrix_interfaces/libmatrix_interfaces__rosidl_generator_py.so
[0.257s] -- Up-to-date: /home/luz/Escritorio/Robotica/week4/lab3_2_ws/install/matrix_interfaces/local/lib/python3.10/dist-packages/matrix_interfaces/matrix_interfaces_s__rosidl_typesupport_c.cpython-310-x86_64-linux-gnu.so
[0.257s] -- Up-to-date: /home/luz/Escritorio/Robotica/week4/lab3_2_ws/install/matrix_interfaces/local/lib/python3.10/dist-packages/matrix_interfaces/matrix_interfaces_s__rosidl_typesupport_fastrtps_c.cpython-310-x86_64-linux-gnu.so
[0.257s] -- Up-to-date: /home/luz/Escritorio/Robotica/week4/lab3_2_ws/install/matrix_interfaces/local/lib/python3.10/dist-packages/matrix_interfaces/_matrix_interfaces_s.ep.rosidl_typesupport_introspection_c.c
[0.257s] -- Up-to-date: /home/luz/Escritorio/Robotica/week4/lab3_2_ws/install/matrix_interfaces/local/lib/python3.10/dist-packages/matrix_interfaces/__init__.py
[0.257s] -- Up-to-date: /home/luz/Escritorio/Robotica/week4/lab3_2_ws/install/matrix_interfaces/local/lib/python3.10/dist-packages/matrix_interfaces/_matrix_interfaces_s.ep.rosidl_typesupport_c.c
[0.274s] Listing '/home/luz/Escritorio/Robotica/week4/lab3_2_ws/install/matrix_interfaces/local/lib/python3.10/dist-packages/matrix_interfaces'...
[0.274s] Listing '/home/luz/Escritorio/Robotica/week4/lab3_2_ws/install/matrix_interfaces/local/lib/python3.10/dist-packages/matrix_interfaces/srv'...
[0.277s] -- Up-to-date: /home/luz/Escritorio/Robotica/week4/lab3_2_ws/install/matrix_interfaces/local/lib/python3.10/dist-packages/matrix_interfaces/matrix_interfaces_s__rosidl_typesupport_fastrtps_c.cpython-310-x86_64-linux-gnu.so
[0.277s] -- Up-to-date: /home/luz/Escritorio/Robotica/week4/lab3_2_ws/install/matrix_interfaces/local/lib/python3.10/dist-packages/matrix_interfaces/matrix_interfaces_s__rosidl_typesupport_introspection_c.cpython-310-x86_64-linux-gnu.so
[0.277s] -- Up-to-date: /home/luz/Escritorio/Robotica/week4/lab3_2_ws/install/matrix_interfaces/local/lib/python3.10/dist-packages/matrix_interfaces/matrix_interfaces_s__rosidl_typesupport_c.cpython-310-x86_64-linux-gnu.so
[0.278s] -- Up-to-date: /home/luz/Escritorio/Robotica/week4/lab3_2_ws/install/matrix_interfaces/lib/libmatrix_interfaces__rosidl_generator_py.so
[0.278s] -- Up-to-date: /home/luz/Escritorio/Robotica/week4/lab3_2_ws/install/matrix_interfaces/share/matrix_interfaces/srv/Rotxyz.idl
[0.278s] -- Up-to-date: /home/luz/Escritorio/Robotica/week4/lab3_2_ws/install/matrix_interfaces/share/matrix_interfaces/srv/Rotxyz.srv
[0.278s] -- Up-to-date: /home/luz/Escritorio/Robotica/week4/lab3_2_ws/install/matrix_interfaces/share/matrix_interfaces/srv/Rotxyz_Request.msg
[0.278s] -- Up-to-date: /home/luz/Escritorio/Robotica/week4/lab3_2_ws/install/matrix_interfaces/share/matrix_interfaces/srv/Rotxyz_Response.msg
[0.278s] -- Up-to-date: /home/luz/Escritorio/Robotica/week4/lab3_2_ws/install/matrix_interfaces/share/ament_index/resource_index/package_run_dependencies/matrix_interfaces
[0.278s] -- Up-to-date: /home/luz/Escritorio/Robotica/week4/lab3_2_ws/install/matrix_interfaces/share/ament_index/resource_index/parent_prefix_path/matrix_interfaces
[0.278s] -- Up-to-date: /home/luz/Escritorio/Robotica/week4/lab3_2_ws/install/matrix_interfaces/share/matrix_interfaces/environment/ament_prefix_path.sh
[0.279s] -- Up-to-date: /home/luz/Escritorio/Robotica/week4/lab3_2_ws/install/matrix_interfaces/share/matrix_interfaces/environment/ament_prefix_path.dsv
[0.279s] -- Up-to-date: /home/luz/Escritorio/Robotica/week4/lab3_2_ws/install/matrix_interfaces/share/matrix_interfaces/environment/path.sh
[0.279s] -- Up-to-date: /home/luz/Escritorio/Robotica/week4/lab3_2_ws/install/matrix_interfaces/share/matrix_interfaces/environment/path.dsv
[0.279s] -- Up-to-date: /home/luz/Escritorio/Robotica/week4/lab3_2_ws/install/matrix_interfaces/share/matrix_interfaces/local_setup.bash
[0.279s] -- Up-to-date: /home/luz/Escritorio/Robotica/week4/lab3_2_ws/install/matrix_interfaces/share/matrix_interfaces/local_setup.sh
[0.279s] -- Up-to-date: /home/luz/Escritorio/Robotica/week4/lab3_2_ws/install/matrix_interfaces/share/matrix_interfaces/local_setup.zsh
[0.279s] -- Up-to-date: /home/luz/Escritorio/Robotica/week4/lab3_2_ws/install/matrix_interfaces/share/matrix_interfaces/local_setup.dsv
[0.279s] -- Installing: /home/luz/Escritorio/Robotica/week4/lab3_2_ws/install/matrix_interfaces/share/matrix_interfaces/package.dsv
[0.279s] -- Up-to-date: /home/luz/Escritorio/Robotica/week4/lab3_2_ws/install/matrix_interfaces/share/ament_index/resource_index/packages/matrix_interfaces
[0.279s] -- Up-to-date: /home/luz/Escritorio/Robotica/week4/lab3_2_ws/install/matrix_interfaces/share/matrix_interfaces/cmake/export_matrix_interfaces__rosidl_generator_cExport.cmake
[0.279s] -- Up-to-date: /home/luz/Escritorio/Robotica/week4/lab3_2_ws/install/matrix_interfaces/share/matrix_interfaces/cmake/export_matrix_interfaces__rosidl_generator_cExport-noconfig.cmake
[0.280s] -- Up-to-date: /home/luz/Escritorio/Robotica/week4/lab3_2_ws/install/matrix_interfaces/share/matrix_interfaces/cmake/export_matrix_interfaces__rosidl_typesupport_fastrtps_cExport.cmake
[0.280s] -- Up-to-date: /home/luz/Escritorio/Robotica/week4/lab3_2_ws/install/matrix_interfaces/share/matrix_interfaces/cmake/export_matrix_interfaces__rosidl_typesupport_fastrtps_cExport-noconfig.cmake
[0.280s] -- Up-to-date: /home/luz/Escritorio/Robotica/week4/lab3_2_ws/install/matrix_interfaces/share/matrix_interfaces/cmake/matrix_interfaces__rosidl_typesupport_introspection_cExport.cmake
[0.280s] -- Up-to-date: /home/luz/Escritorio/Robotica/week4/lab3_2_ws/install/matrix_interfaces/share/matrix_interfaces/cmake/matrix_interfaces__rosidl_typesupport_introspection_cExport-noconfig.cmake
[0.280s] -- Up-to-date: /home/luz/Escritorio/Robotica/week4/lab3_2_ws/install/matrix_interfaces/share/matrix_interfaces/cmake/matrix_interfaces__rosidl_typesupport_cExport.cmake
[0.281s] -- Up-to-date: /home/luz/Escritorio/Robotica/week4/lab3_2_ws/install/matrix_interfaces/share/matrix_interfaces/cmake/matrix_interfaces__rosidl_typesupport_cExport-noconfig.cmake
[0.281s] -- Up-to-date: /home/luz/Escritorio/Robotica/week4/lab3_2_ws/install/matrix_interfaces/share/matrix_interfaces/cmake/export_matrix_interfaces__rosidl_generator_cppExport.cmake
[0.281s] -- Up-to-date: /home/luz/Escritorio/Robotica/week4/lab3_2_ws/install/matrix_interfaces/share/matrix_interfaces/cmake/export_matrix_interfaces__rosidl_typesupport_fastrtps_cppExport.cmake
[0.281s] -- Up-to-date: /home/luz/Escritorio/Robotica/week4/lab3_2_ws/install/matrix_interfaces/share/matrix_interfaces/cmake/export_matrix_interfaces__rosidl_typesupport_fastrtps_cppExport-noconfig.cmake
[0.281s] -- Up-to-date: /home/luz/Escritorio/Robotica/week4/lab3_2_ws/install/matrix_interfaces/share/matrix_interfaces/cmake/matrix_interfaces__rosidl_typesupport_introspection_cppExport.cmake
[0.281s] -- Up-to-date: /home/luz/Escritorio/Robotica/week4/lab3_2_ws/install/matrix_interfaces/share/matrix_interfaces/cmake/matrix_interfaces__rosidl_typesupport_introspection_cppExport-noconfig.cmake
[0.281s] -- Up-to-date: /home/luz/Escritorio/Robotica/week4/lab3_2_ws/install/matrix_interfaces/share/matrix_interfaces/cmake/matrix_interfaces__rosidl_typesupport_cppExport.cmake
[0.281s] -- Up-to-date: /home/luz/Escritorio/Robotica/week4/lab3_2_ws/install/matrix_interfaces/share/matrix_interfaces/cmake/matrix_interfaces__rosidl_typesupport_cppExport-noconfig.cmake
[0.281s] -- Up-to-date: /home/luz/Escritorio/Robotica/week4/lab3_2_ws/install/matrix_interfaces/share/matrix_interfaces/cmake/export_matrix_interfaces__rosidl_generator_pyExport.cmake
[0.282s] -- Up-to-date: /home/luz/Escritorio/Robotica/week4/lab3_2_ws/install/matrix_interfaces/share/matrix_interfaces/cmake/export_matrix_interfaces__rosidl_generator_pyExport-noconfig.cmake
[0.282s] -- Up-to-date: /home/luz/Escritorio/Robotica/week4/lab3_2_ws/install/matrix_interfaces/share/matrix_interfaces/cmake/rosidl_cmake-extras.cmake
[0.282s] -- Up-to-date: /home/luz/Escritorio/Robotica/week4/lab3_2_ws/install/matrix_interfaces/share/matrix_interfaces/cmake/ament_cmake_export_include_directories-extras.cmake
[0.282s] -- Up-to-date: /home/luz/Escritorio/Robotica/week4/lab3_2_ws/install/matrix_interfaces/share/matrix_interfaces/cmake/ament_cmake_export_libraries-extras.cmake
[0.282s] -- Up-to-date: /home/luz/Escritorio/Robotica/week4/lab3_2_ws/install/matrix_interfaces/share/matrix_interfaces/cmake/ament_cmake_export_targets-extras.cmake
[0.282s] -- Up-to-date: /home/luz/Escritorio/Robotica/week4/lab3_2_ws/install/matrix_interfaces/share/matrix_interfaces/cmake/rosidl_cmake_export_typesupport_targets-extras.cmake
[0.282s] -- Up-to-date: /home/luz/Escritorio/Robotica/week4/lab3_2_ws/install/matrix_interfaces/share/matrix_interfaces/cmake/ament_cmake_export_dependencies-extras.cmake
[0.282s] -- Up-to-date: /home/luz/Escritorio/Robotica/week4/lab3_2_ws/install/matrix_interfaces/share/matrix_interfaces/cmake/rosidl_cmake_export_typesupport_libraries-extras.cmake
[0.282s] -- Up-to-date: /home/luz/Escritorio/Robotica/week4/lab3_2_ws/install/matrix_interfaces/share/matrix_interfaces/cmake/matrix_interfacesConfig.cmake
[0.282s] -- Up-to-date: /home/luz/Escritorio/Robotica/week4/lab3_2_ws/install/matrix_interfaces/share/matrix_interfaces/cmake/matrix_interfacesConfig-version.cmake
[0.282s] -- Up-to-date: /home/luz/Escritorio/Robotica/week4/lab3_2_ws/install/matrix_interfaces/share/matrix_interfaces/package.xml
[0.282s] Invoked command in '/home/luz/Escritorio/Robotica/week4/lab3_2_ws/build/matrix_interfaces' returned '0': CMAKE_PREFIX_PATH=/opt/ros/humble /usr/bin/cmake --install /home/luz/Escritorio/Robotica/week4/lab3_2_ws/build/matrix_interfaces
