[0.012s] Invoking command in '/home/luz/Escritorio/Robotica/week9/ros2_ws/build/stage': /usr/bin/cmake /home/luz/Escritorio/Robotica/week9/ros2_ws/src/Stage -DCATKIN_INSTALL_INTO_PREFIX_ROOT=0 -DCMAKE_INSTALL_PREFIX=/home/luz/Escritorio/Robotica/week9/ros2_ws/install/stage
[0.020s] -- Stage version 4.3.0
[0.020s] -- Operating system is Linux
[0.020s] -- Installing Libraries to /home/luz/Escritorio/Robotica/week9/ros2_ws/install/stage/lib
[0.020s] -- Installing Plugins to /home/luz/Escritorio/Robotica/week9/ros2_ws/install/stage/lib/Stage-4.3
[0.020s] -- Build type RELEASE
[0.020s] -- Checking for libtool
[0.020s] -- Checking for required libraries...
[0.073s] -- Checking for optional libraries...
[0.073s] -- Installation path CMAKE_INSTALL_PREFIX=/home/luz/Escritorio/Robotica/week9/ros2_ws/install/stage
[0.074s] -- Configuring libstage
[0.080s] -- Checking for one of the modules 'playercore>=2.1.0'
[0.084s] --   * Player not detected. If Player is installed but not detected, check your PKG_CONFIG_PATH.
[0.093s] -- Configuring done
[0.138s] -- Generating done
[0.144s] -- Build files have been written to: /home/luz/Escritorio/Robotica/week9/ros2_ws/build/stage
[0.147s] Invoked command in '/home/luz/Escritorio/Robotica/week9/ros2_ws/build/stage' returned '0': /usr/bin/cmake /home/luz/Escritorio/Robotica/week9/ros2_ws/src/Stage -DCATKIN_INSTALL_INTO_PREFIX_ROOT=0 -DCMAKE_INSTALL_PREFIX=/home/luz/Escritorio/Robotica/week9/ros2_ws/install/stage
[0.148s] Invoking command in '/home/luz/Escritorio/Robotica/week9/ros2_ws/build/stage': /usr/bin/cmake --build /home/luz/Escritorio/Robotica/week9/ros2_ws/build/stage -- -j12 -l12
[0.192s] [35m[1mConsolidate compiler generated dependencies of target stage[0m
[0.218s] [ 57%] Built target stage
[0.234s] [35m[1mConsolidate compiler generated dependencies of target sink[0m
[0.234s] [35m[1mConsolidate compiler generated dependencies of target fasr[0m
[0.234s] [35m[1mConsolidate compiler generated dependencies of target source[0m
[0.234s] [35m[1mConsolidate compiler generated dependencies of target rasterize[0m
[0.234s] [35m[1mConsolidate compiler generated dependencies of target fasr2[0m
[0.234s] [35m[1mConsolidate compiler generated dependencies of target wander[0m
[0.234s] [35m[1mConsolidate compiler generated dependencies of target lasernoise[0m
[0.234s] [35m[1mConsolidate compiler generated dependencies of target pioneer_flocking[0m
[0.236s] [35m[1mConsolidate compiler generated dependencies of target stagebinary[0m
[0.236s] [35m[1mConsolidate compiler generated dependencies of target dynamic[0m
[0.238s] [35m[1mConsolidate compiler generated dependencies of target expand_swarm[0m
[0.243s] [35m[1mConsolidate compiler generated dependencies of target expand_pioneer[0m
[0.245s] [ 64%] Built target pioneer_flocking
[0.246s] [ 64%] Built target fasr
[0.246s] [ 67%] Built target wander
[0.247s] [ 71%] Built target sink
[0.248s] [ 74%] Built target rasterize
[0.251s] [ 77%] Built target lasernoise
[0.251s] [ 81%] Built target dynamic
[0.253s] [ 86%] Built target source
[0.254s] [ 88%] Built target stagebinary
[0.254s] [ 91%] Built target expand_swarm
[0.254s] [ 96%] Built target fasr2
[0.255s] [100%] Built target expand_pioneer
[0.263s] Invoked command in '/home/luz/Escritorio/Robotica/week9/ros2_ws/build/stage' returned '0': /usr/bin/cmake --build /home/luz/Escritorio/Robotica/week9/ros2_ws/build/stage -- -j12 -l12
[0.271s] Invoking command in '/home/luz/Escritorio/Robotica/week9/ros2_ws/build/stage': /usr/bin/cmake --install /home/luz/Escritorio/Robotica/week9/ros2_ws/build/stage
[0.277s] -- Install configuration: "RELEASE"
[0.277s] -- Up-to-date: /home/luz/Escritorio/Robotica/week9/ros2_ws/install/stage/lib/pkgconfig/stage.pc
[0.277s] -- Installing: /home/luz/Escritorio/Robotica/week9/ros2_ws/install/stage/lib/cmake/Stage/stage-config.cmake
[0.277s] -- Up-to-date: /home/luz/Escritorio/Robotica/week9/ros2_ws/install/stage/lib/cmake/Stage/stage-config-version.cmake
[0.277s] -- Up-to-date: /home/luz/Escritorio/Robotica/week9/ros2_ws/install/stage/bin/stage
[0.278s] -- Up-to-date: /home/luz/Escritorio/Robotica/week9/ros2_ws/install/stage/lib/libstage.so.4.3.0
[0.278s] -- Up-to-date: /home/luz/Escritorio/Robotica/week9/ros2_ws/install/stage/lib/libstage.so
[0.278s] -- Up-to-date: /home/luz/Escritorio/Robotica/week9/ros2_ws/install/stage/include/Stage-4.3/stage.hh
[0.278s] -- Up-to-date: /home/luz/Escritorio/Robotica/week9/ros2_ws/install/stage/lib/Stage-4.3/fasr.so
[0.279s] -- Up-to-date: /home/luz/Escritorio/Robotica/week9/ros2_ws/install/stage/lib/Stage-4.3/sink.so
[0.279s] -- Up-to-date: /home/luz/Escritorio/Robotica/week9/ros2_ws/install/stage/lib/Stage-4.3/source.so
[0.279s] -- Up-to-date: /home/luz/Escritorio/Robotica/week9/ros2_ws/install/stage/lib/Stage-4.3/wander.so
[0.279s] -- Up-to-date: /home/luz/Escritorio/Robotica/week9/ros2_ws/install/stage/lib/Stage-4.3/pioneer_flocking.so
[0.279s] -- Up-to-date: /home/luz/Escritorio/Robotica/week9/ros2_ws/install/stage/lib/Stage-4.3/rasterize.so
[0.279s] -- Up-to-date: /home/luz/Escritorio/Robotica/week9/ros2_ws/install/stage/lib/Stage-4.3/lasernoise.so
[0.279s] -- Up-to-date: /home/luz/Escritorio/Robotica/week9/ros2_ws/install/stage/lib/Stage-4.3/dynamic.so
[0.280s] -- Up-to-date: /home/luz/Escritorio/Robotica/week9/ros2_ws/install/stage/lib/Stage-4.3/fasr2.so
[0.280s] -- Up-to-date: /home/luz/Escritorio/Robotica/week9/ros2_ws/install/stage/share/stage/assets/blue.png
[0.280s] -- Up-to-date: /home/luz/Escritorio/Robotica/week9/ros2_ws/install/stage/share/stage/assets/death.png
[0.280s] -- Up-to-date: /home/luz/Escritorio/Robotica/week9/ros2_ws/install/stage/share/stage/assets/green.png
[0.280s] -- Up-to-date: /home/luz/Escritorio/Robotica/week9/ros2_ws/install/stage/share/stage/assets/logo.png
[0.280s] -- Up-to-date: /home/luz/Escritorio/Robotica/week9/ros2_ws/install/stage/share/stage/assets/mains.png
[0.280s] -- Up-to-date: /home/luz/Escritorio/Robotica/week9/ros2_ws/install/stage/share/stage/assets/mainspower.png
[0.280s] -- Up-to-date: /home/luz/Escritorio/Robotica/week9/ros2_ws/install/stage/share/stage/assets/question_mark.png
[0.280s] -- Up-to-date: /home/luz/Escritorio/Robotica/week9/ros2_ws/install/stage/share/stage/assets/red.png
[0.280s] -- Up-to-date: /home/luz/Escritorio/Robotica/week9/ros2_ws/install/stage/share/stage/assets/stagelogo.png
[0.280s] -- Up-to-date: /home/luz/Escritorio/Robotica/week9/ros2_ws/install/stage/share/stage/assets/stall-old.png
[0.280s] -- Up-to-date: /home/luz/Escritorio/Robotica/week9/ros2_ws/install/stage/share/stage/assets/stall.png
[0.281s] -- Up-to-date: /home/luz/Escritorio/Robotica/week9/ros2_ws/install/stage/share/stage/assets/rgb.txt
[0.281s] -- Up-to-date: /home/luz/Escritorio/Robotica/week9/ros2_ws/install/stage/share/stage/rgb.txt
[0.294s] -- Up-to-date: /home/luz/Escritorio/Robotica/week9/ros2_ws/install/stage/share/stage/worlds/amcl-sonar.cfg
[0.298s] -- Up-to-date: /home/luz/Escritorio/Robotica/week9/ros2_ws/install/stage/share/stage/worlds/autolab.cfg
[0.298s] -- Up-to-date: /home/luz/Escritorio/Robotica/week9/ros2_ws/install/stage/share/stage/worlds/camera.cfg
[0.298s] -- Up-to-date: /home/luz/Escritorio/Robotica/week9/ros2_ws/install/stage/share/stage/worlds/everything.cfg
[0.298s] -- Up-to-date: /home/luz/Escritorio/Robotica/week9/ros2_ws/install/stage/share/stage/worlds/lsp_test.cfg
[0.298s] -- Up-to-date: /home/luz/Escritorio/Robotica/week9/ros2_ws/install/stage/share/stage/worlds/mbicp.cfg
[0.298s] -- Up-to-date: /home/luz/Escritorio/Robotica/week9/ros2_ws/install/stage/share/stage/worlds/nd.cfg
[0.298s] -- Up-to-date: /home/luz/Escritorio/Robotica/week9/ros2_ws/install/stage/share/stage/worlds/roomba.cfg
[0.299s] -- Up-to-date: /home/luz/Escritorio/Robotica/week9/ros2_ws/install/stage/share/stage/worlds/simple.cfg
[0.299s] -- Up-to-date: /home/luz/Escritorio/Robotica/week9/ros2_ws/install/stage/share/stage/worlds/test.cfg
[0.299s] -- Up-to-date: /home/luz/Escritorio/Robotica/week9/ros2_ws/install/stage/share/stage/worlds/uoa_robotics_lab.cfg
[0.299s] -- Up-to-date: /home/luz/Escritorio/Robotica/week9/ros2_ws/install/stage/share/stage/worlds/vfh.cfg
[0.299s] -- Up-to-date: /home/luz/Escritorio/Robotica/week9/ros2_ws/install/stage/share/stage/worlds/wavefront-remote.cfg
[0.299s] -- Up-to-date: /home/luz/Escritorio/Robotica/week9/ros2_ws/install/stage/share/stage/worlds/wavefront.cfg
[0.299s] -- Up-to-date: /home/luz/Escritorio/Robotica/week9/ros2_ws/install/stage/share/stage/worlds/wifi.cfg
[0.299s] -- Up-to-date: /home/luz/Escritorio/Robotica/week9/ros2_ws/install/stage/share/stage/worlds/SFU.world
[0.299s] -- Up-to-date: /home/luz/Escritorio/Robotica/week9/ros2_ws/install/stage/share/stage/worlds/autolab.world
[0.299s] -- Up-to-date: /home/luz/Escritorio/Robotica/week9/ros2_ws/install/stage/share/stage/worlds/camera.world
[0.299s] -- Up-to-date: /home/luz/Escritorio/Robotica/week9/ros2_ws/install/stage/share/stage/worlds/circuit.world
[0.299s] -- Up-to-date: /home/luz/Escritorio/Robotica/week9/ros2_ws/install/stage/share/stage/worlds/everything.world
[0.299s] -- Up-to-date: /home/luz/Escritorio/Robotica/week9/ros2_ws/install/stage/share/stage/worlds/fasr.world
[0.300s] -- Up-to-date: /home/luz/Escritorio/Robotica/week9/ros2_ws/install/stage/share/stage/worlds/fasr2.world
[0.300s] -- Up-to-date: /home/luz/Escritorio/Robotica/week9/ros2_ws/install/stage/share/stage/worlds/fasr_plan.world
[0.300s] -- Up-to-date: /home/luz/Escritorio/Robotica/week9/ros2_ws/install/stage/share/stage/worlds/large.world
[0.300s] -- Up-to-date: /home/luz/Escritorio/Robotica/week9/ros2_ws/install/stage/share/stage/worlds/lsp_test.world
[0.300s] -- Up-to-date: /home/luz/Escritorio/Robotica/week9/ros2_ws/install/stage/share/stage/worlds/mbicp.world
[0.300s] -- Up-to-date: /home/luz/Escritorio/Robotica/week9/ros2_ws/install/stage/share/stage/worlds/pioneer_flocking.world
[0.300s] -- Up-to-date: /home/luz/Escritorio/Robotica/week9/ros2_ws/install/stage/share/stage/worlds/pioneer_follow.world
[0.300s] -- Up-to-date: /home/luz/Escritorio/Robotica/week9/ros2_ws/install/stage/share/stage/worlds/pioneer_walle.world
[0.300s] -- Up-to-date: /home/luz/Escritorio/Robotica/week9/ros2_ws/install/stage/share/stage/worlds/roomba.world
[0.300s] -- Up-to-date: /home/luz/Escritorio/Robotica/week9/ros2_ws/install/stage/share/stage/worlds/sensor_noise_demo.world
[0.300s] -- Up-to-date: /home/luz/Escritorio/Robotica/week9/ros2_ws/install/stage/share/stage/worlds/sensor_noise_module_demo.world
[0.300s] -- Up-to-date: /home/luz/Escritorio/Robotica/week9/ros2_ws/install/stage/share/stage/worlds/simple.world
[0.300s] -- Up-to-date: /home/luz/Escritorio/Robotica/week9/ros2_ws/install/stage/share/stage/worlds/uoa_robotics_lab.world
[0.301s] -- Up-to-date: /home/luz/Escritorio/Robotica/week9/ros2_ws/install/stage/share/stage/worlds/wifi.world
[0.301s] -- Up-to-date: /home/luz/Escritorio/Robotica/week9/ros2_ws/install/stage/share/stage/worlds/beacons.inc
[0.301s] -- Up-to-date: /home/luz/Escritorio/Robotica/week9/ros2_ws/install/stage/share/stage/worlds/chatterbox.inc
[0.301s] -- Up-to-date: /home/luz/Escritorio/Robotica/week9/ros2_ws/install/stage/share/stage/worlds/hokuyo.inc
[0.301s] -- Up-to-date: /home/luz/Escritorio/Robotica/week9/ros2_ws/install/stage/share/stage/worlds/irobot.inc
[0.301s] -- Up-to-date: /home/luz/Escritorio/Robotica/week9/ros2_ws/install/stage/share/stage/worlds/map.inc
[0.301s] -- Up-to-date: /home/luz/Escritorio/Robotica/week9/ros2_ws/install/stage/share/stage/worlds/objects.inc
[0.301s] -- Up-to-date: /home/luz/Escritorio/Robotica/week9/ros2_ws/install/stage/share/stage/worlds/pantilt.inc
[0.301s] -- Up-to-date: /home/luz/Escritorio/Robotica/week9/ros2_ws/install/stage/share/stage/worlds/pioneer.inc
[0.301s] -- Up-to-date: /home/luz/Escritorio/Robotica/week9/ros2_ws/install/stage/share/stage/worlds/sick.inc
[0.301s] -- Up-to-date: /home/luz/Escritorio/Robotica/week9/ros2_ws/install/stage/share/stage/worlds/ubot.inc
[0.301s] -- Up-to-date: /home/luz/Escritorio/Robotica/week9/ros2_ws/install/stage/share/stage/worlds/uoa_robotics_lab_models.inc
[0.302s] -- Up-to-date: /home/luz/Escritorio/Robotica/week9/ros2_ws/install/stage/share/stage/worlds/walle.inc
[0.302s] -- Up-to-date: /home/luz/Escritorio/Robotica/week9/ros2_ws/install/stage/share/stage/worlds/cfggen.sh
[0.302s] -- Up-to-date: /home/luz/Escritorio/Robotica/week9/ros2_ws/install/stage/share/stage/worlds/test.sh
[0.302s] -- Up-to-date: /home/luz/Escritorio/Robotica/week9/ros2_ws/install/stage/share/stage/worlds/worldgen.sh
[0.302s] -- Up-to-date: /home/luz/Escritorio/Robotica/week9/ros2_ws/install/stage/lib/Stage-4.3/expand_swarm.so
[0.302s] -- Up-to-date: /home/luz/Escritorio/Robotica/week9/ros2_ws/install/stage/lib/Stage-4.3/expand_pioneer.so
[0.302s] -- Up-to-date: /home/luz/Escritorio/Robotica/week9/ros2_ws/install/stage/share/stage/worlds/bitmaps/889_05.png
[0.302s] -- Up-to-date: /home/luz/Escritorio/Robotica/week9/ros2_ws/install/stage/share/stage/worlds/bitmaps/SFU_1200x615.png
[0.302s] -- Up-to-date: /home/luz/Escritorio/Robotica/week9/ros2_ws/install/stage/share/stage/worlds/bitmaps/SRI-AIC-kwing.png
[0.303s] -- Up-to-date: /home/luz/Escritorio/Robotica/week9/ros2_ws/install/stage/share/stage/worlds/bitmaps/autolab.png
[0.303s] -- Up-to-date: /home/luz/Escritorio/Robotica/week9/ros2_ws/install/stage/share/stage/worlds/bitmaps/cave.png
[0.303s] -- Up-to-date: /home/luz/Escritorio/Robotica/week9/ros2_ws/install/stage/share/stage/worlds/bitmaps/cave_compact.png
[0.303s] -- Up-to-date: /home/luz/Escritorio/Robotica/week9/ros2_ws/install/stage/share/stage/worlds/bitmaps/cave_filled.png
[0.303s] -- Up-to-date: /home/luz/Escritorio/Robotica/week9/ros2_ws/install/stage/share/stage/worlds/bitmaps/frieburg.png
[0.303s] -- Up-to-date: /home/luz/Escritorio/Robotica/week9/ros2_ws/install/stage/share/stage/worlds/bitmaps/ghost.png
[0.303s] -- Up-to-date: /home/luz/Escritorio/Robotica/week9/ros2_ws/install/stage/share/stage/worlds/bitmaps/hospital.png
[0.303s] -- Up-to-date: /home/luz/Escritorio/Robotica/week9/ros2_ws/install/stage/share/stage/worlds/bitmaps/hospital_section.png
[0.303s] -- Up-to-date: /home/luz/Escritorio/Robotica/week9/ros2_ws/install/stage/share/stage/worlds/bitmaps/human_outline.png
[0.303s] -- Up-to-date: /home/luz/Escritorio/Robotica/week9/ros2_ws/install/stage/share/stage/worlds/bitmaps/mbicp.png
[0.303s] -- Up-to-date: /home/luz/Escritorio/Robotica/week9/ros2_ws/install/stage/share/stage/worlds/bitmaps/rink.png
[0.303s] -- Up-to-date: /home/luz/Escritorio/Robotica/week9/ros2_ws/install/stage/share/stage/worlds/bitmaps/sal2.png
[0.305s] -- Up-to-date: /home/luz/Escritorio/Robotica/week9/ros2_ws/install/stage/share/stage/worlds/bitmaps/simple_rooms.png
[0.305s] -- Up-to-date: /home/luz/Escritorio/Robotica/week9/ros2_ws/install/stage/share/stage/worlds/bitmaps/space_invader.png
[0.305s] -- Up-to-date: /home/luz/Escritorio/Robotica/week9/ros2_ws/install/stage/share/stage/worlds/bitmaps/submarine.png
[0.305s] -- Up-to-date: /home/luz/Escritorio/Robotica/week9/ros2_ws/install/stage/share/stage/worlds/bitmaps/submarine_small.png
[0.305s] -- Up-to-date: /home/luz/Escritorio/Robotica/week9/ros2_ws/install/stage/share/stage/worlds/bitmaps/table.png
[0.306s] -- Up-to-date: /home/luz/Escritorio/Robotica/week9/ros2_ws/install/stage/share/stage/worlds/bitmaps/uoa_robotics_lab.png
[0.306s] -- Up-to-date: /home/luz/Escritorio/Robotica/week9/ros2_ws/install/stage/share/stage/worlds/wifi/commando.world
[0.306s] -- Up-to-date: /home/luz/Escritorio/Robotica/week9/ros2_ws/install/stage/share/stage/worlds/wifi/hosp_wifi.world
[0.306s] -- Up-to-date: /home/luz/Escritorio/Robotica/week9/ros2_ws/install/stage/share/stage/worlds/wifi/hosp_wifi_5.world
[0.306s] -- Up-to-date: /home/luz/Escritorio/Robotica/week9/ros2_ws/install/stage/share/stage/worlds/wifi/wifi.world
[0.306s] -- Up-to-date: /home/luz/Escritorio/Robotica/week9/ros2_ws/install/stage/share/stage/worlds/wifi/wifi_itu.world
[0.306s] -- Up-to-date: /home/luz/Escritorio/Robotica/week9/ros2_ws/install/stage/share/stage/worlds/wifi/wifi_logdistance.world
[0.306s] -- Up-to-date: /home/luz/Escritorio/Robotica/week9/ros2_ws/install/stage/share/stage/worlds/wifi/wifi_ray.world
[0.306s] -- Up-to-date: /home/luz/Escritorio/Robotica/week9/ros2_ws/install/stage/share/stage/worlds/wifi/wifi_simple.world
[0.306s] -- Up-to-date: /home/luz/Escritorio/Robotica/week9/ros2_ws/install/stage/share/stage/worlds/wifi/map.inc
[0.306s] Invoked command in '/home/luz/Escritorio/Robotica/week9/ros2_ws/build/stage' returned '0': /usr/bin/cmake --install /home/luz/Escritorio/Robotica/week9/ros2_ws/build/stage
