[0.361s] Invoking command in '/home/luz/Escritorio/Robotica/week2/lab1_ws/src/lab_pubsub': PYTHONPATH=/home/luz/Escritorio/Robotica/week2/lab1_ws/build/lab_pubsub/prefix_override:/usr/lib/python3/dist-packages/colcon_core/task/python/colcon_distutils_commands:/home/luz/Escritorio/Robotica/week2/lab1_ws/install/lab_pubsub/lib/python3.10/site-packages:${PYTHONPATH} /usr/bin/python3 -W ignore:setup.py install is deprecated -W ignore:easy_install command is deprecated setup.py egg_info --egg-base ../../build/lab_pubsub build --build-base /home/luz/Escritorio/Robotica/week2/lab1_ws/build/lab_pubsub/build install --record /home/luz/Escritorio/Robotica/week2/lab1_ws/build/lab_pubsub/install.log --single-version-externally-managed install_data
[0.512s] running egg_info
[0.512s] writing ../../build/lab_pubsub/lab_pubsub.egg-info/PKG-INFO
[0.512s] writing dependency_links to ../../build/lab_pubsub/lab_pubsub.egg-info/dependency_links.txt
[0.512s] writing entry points to ../../build/lab_pubsub/lab_pubsub.egg-info/entry_points.txt
[0.512s] writing requirements to ../../build/lab_pubsub/lab_pubsub.egg-info/requires.txt
[0.512s] writing top-level names to ../../build/lab_pubsub/lab_pubsub.egg-info/top_level.txt
[0.513s] reading manifest file '../../build/lab_pubsub/lab_pubsub.egg-info/SOURCES.txt'
[0.513s] adding license file 'LICENSE'
[0.514s] writing manifest file '../../build/lab_pubsub/lab_pubsub.egg-info/SOURCES.txt'
[0.514s] running build
[0.514s] running build_py
[0.514s] copying lab_pubsub/l1publisher.py -> /home/luz/Escritorio/Robotica/week2/lab1_ws/build/lab_pubsub/build/lib/lab_pubsub
[0.514s] running install
[0.514s] running install_lib
[0.515s] copying /home/luz/Escritorio/Robotica/week2/lab1_ws/build/lab_pubsub/build/lib/lab_pubsub/l1publisher.py -> /home/luz/Escritorio/Robotica/week2/lab1_ws/install/lab_pubsub/lib/python3.10/site-packages/lab_pubsub
[0.515s] byte-compiling /home/luz/Escritorio/Robotica/week2/lab1_ws/install/lab_pubsub/lib/python3.10/site-packages/lab_pubsub/l1publisher.py to l1publisher.cpython-310.pyc
[0.515s] running install_data
[0.516s] running install_egg_info
[0.517s] removing '/home/luz/Escritorio/Robotica/week2/lab1_ws/install/lab_pubsub/lib/python3.10/site-packages/lab_pubsub-0.0.0-py3.10.egg-info' (and everything under it)
[0.517s] Copying ../../build/lab_pubsub/lab_pubsub.egg-info to /home/luz/Escritorio/Robotica/week2/lab1_ws/install/lab_pubsub/lib/python3.10/site-packages/lab_pubsub-0.0.0-py3.10.egg-info
[0.517s] running install_scripts
[0.532s] Installing hablador script to /home/luz/Escritorio/Robotica/week2/lab1_ws/install/lab_pubsub/lib/lab_pubsub
[0.532s] writing list of installed files to '/home/luz/Escritorio/Robotica/week2/lab1_ws/build/lab_pubsub/install.log'
[0.548s] Invoked command in '/home/luz/Escritorio/Robotica/week2/lab1_ws/src/lab_pubsub' returned '0': PYTHONPATH=/home/luz/Escritorio/Robotica/week2/lab1_ws/build/lab_pubsub/prefix_override:/usr/lib/python3/dist-packages/colcon_core/task/python/colcon_distutils_commands:/home/luz/Escritorio/Robotica/week2/lab1_ws/install/lab_pubsub/lib/python3.10/site-packages:${PYTHONPATH} /usr/bin/python3 -W ignore:setup.py install is deprecated -W ignore:easy_install command is deprecated setup.py egg_info --egg-base ../../build/lab_pubsub build --build-base /home/luz/Escritorio/Robotica/week2/lab1_ws/build/lab_pubsub/build install --record /home/luz/Escritorio/Robotica/week2/lab1_ws/build/lab_pubsub/install.log --single-version-externally-managed install_data
