[0.008s] Invoking command in '/home/luz/Escritorio/Robotica/week4/lab3_2_ws/build/matrix_interfaces': CMAKE_PREFIX_PATH=/opt/ros/humble /usr/bin/cmake --build /home/luz/Escritorio/Robotica/week4/lab3_2_ws/build/matrix_interfaces -- -j12 -l12
[0.026s] -- Found rosidl_default_generators: 1.2.0 (/opt/ros/humble/share/rosidl_default_generators/cmake)
[0.026s] -- Found ament_cmake_core: 1.3.12 (/opt/ros/humble/share/ament_cmake_core/cmake)
[0.113s] -- Using all available rosidl_typesupport_c: rosidl_typesupport_fastrtps_c;rosidl_typesupport_introspection_c
[0.117s] -- Found rosidl_adapter: 3.1.7 (/opt/ros/humble/share/rosidl_adapter/cmake)
[0.140s] -- Using all available rosidl_typesupport_cpp: rosidl_typesupport_fastrtps_cpp;rosidl_typesupport_introspection_cpp
[0.341s] -- Found ament_cmake_ros: 0.10.0 (/opt/ros/humble/share/ament_cmake_ros/cmake)
[0.477s] -- Using all available rosidl_typesupport_c: rosidl_typesupport_fastrtps_c;rosidl_typesupport_introspection_c
[0.669s] -- Using all available rosidl_typesupport_cpp: rosidl_typesupport_fastrtps_cpp;rosidl_typesupport_introspection_cpp
[0.694s] -- Found python_cmake_module: 0.10.0 (/opt/ros/humble/share/python_cmake_module/cmake)
[0.717s] -- Using PYTHON_EXECUTABLE: /usr/bin/python3
[0.717s] -- Using PYTHON_INCLUDE_DIRS: /usr/include/python3.10
[0.717s] -- Using PYTHON_LIBRARIES: /usr/lib/x86_64-linux-gnu/libpython3.10.so
[0.725s] -- Found ament_lint_auto: 0.12.14 (/opt/ros/humble/share/ament_lint_auto/cmake)
[0.730s] -- Added test 'lint_cmake' to check CMake code style
[0.731s] -- Added test 'xmllint' to check XML markup files
[0.732s] -- Configuring done
[0.748s] -- Generating done
[0.755s] -- Build files have been written to: /home/luz/Escritorio/Robotica/week4/lab3_2_ws/build/matrix_interfaces
[0.775s] [  3%] [34m[1mGenerating C code for ROS interfaces[0m
[0.786s] [  6%] [34m[1mGenerating C++ code for ROS interfaces[0m
[0.787s] [  6%] Built target ament_cmake_python_copy_matrix_interfaces
[0.941s] running egg_info
[0.942s] writing matrix_interfaces.egg-info/PKG-INFO
[0.942s] writing dependency_links to matrix_interfaces.egg-info/dependency_links.txt
[0.942s] writing top-level names to matrix_interfaces.egg-info/top_level.txt
[0.944s] reading manifest file 'matrix_interfaces.egg-info/SOURCES.txt'
[0.945s] writing manifest file 'matrix_interfaces.egg-info/SOURCES.txt'
[0.963s] [35m[1mConsolidate compiler generated dependencies of target matrix_interfaces__rosidl_generator_c[0m
[0.968s] [  6%] Built target matrix_interfaces__cpp
[0.968s] [  6%] Built target ament_cmake_python_build_matrix_interfaces_egg
[0.972s] [  9%] [32mBuilding C object CMakeFiles/matrix_interfaces__rosidl_generator_c.dir/rosidl_generator_c/matrix_interfaces/srv/detail/rotxyz__functions.c.o[0m
[0.974s] [ 12%] [34m[1mGenerating C++ type support dispatch for ROS interfaces[0m
[0.974s] [ 16%] [34m[1mGenerating C++ introspection for ROS interfaces[0m
[0.978s] [ 19%] [34m[1mGenerating C++ type support for eProsima Fast-RTPS[0m
[1.015s] [ 22%] [32m[1mLinking C shared library libmatrix_interfaces__rosidl_generator_c.so[0m
[1.047s] [ 22%] Built target matrix_interfaces__rosidl_generator_c
[1.053s] [ 25%] [34m[1mGenerating C introspection for ROS interfaces[0m
[1.057s] [ 32%] [34m[1mGenerating C type support for eProsima Fast-RTPS[0m
[1.057s] [ 32%] [34m[1mGenerating C type support dispatch for ROS interfaces[0m
[1.116s] [35m[1mConsolidate compiler generated dependencies of target matrix_interfaces__rosidl_typesupport_cpp[0m
[1.124s] [ 35%] [32mBuilding CXX object CMakeFiles/matrix_interfaces__rosidl_typesupport_cpp.dir/rosidl_typesupport_cpp/matrix_interfaces/srv/rotxyz__type_support.cpp.o[0m
[1.132s] [35m[1mConsolidate compiler generated dependencies of target matrix_interfaces__rosidl_typesupport_introspection_cpp[0m
[1.144s] [ 38%] [32mBuilding CXX object CMakeFiles/matrix_interfaces__rosidl_typesupport_introspection_cpp.dir/rosidl_typesupport_introspection_cpp/matrix_interfaces/srv/detail/rotxyz__type_support.cpp.o[0m
[1.201s] [35m[1mConsolidate compiler generated dependencies of target matrix_interfaces__rosidl_typesupport_c[0m
[1.209s] [ 41%] [32mBuilding CXX object CMakeFiles/matrix_interfaces__rosidl_typesupport_c.dir/rosidl_typesupport_c/matrix_interfaces/srv/rotxyz__type_support.cpp.o[0m
[1.216s] [35m[1mConsolidate compiler generated dependencies of target matrix_interfaces__rosidl_typesupport_introspection_c[0m
[1.226s] [ 45%] [32mBuilding C object CMakeFiles/matrix_interfaces__rosidl_typesupport_introspection_c.dir/rosidl_typesupport_introspection_c/matrix_interfaces/srv/detail/rotxyz__type_support.c.o[0m
[1.230s] [ 48%] [32m[1mLinking CXX shared library libmatrix_interfaces__rosidl_typesupport_c.so[0m
[1.251s] [ 51%] [32m[1mLinking C shared library libmatrix_interfaces__rosidl_typesupport_introspection_c.so[0m
[1.257s] [ 51%] Built target matrix_interfaces__rosidl_typesupport_c
[1.273s] [ 51%] Built target matrix_interfaces__rosidl_typesupport_introspection_c
[1.283s] [35m[1mConsolidate compiler generated dependencies of target matrix_interfaces__rosidl_typesupport_fastrtps_cpp[0m
[1.292s] [ 54%] [32m[1mLinking CXX shared library libmatrix_interfaces__rosidl_typesupport_cpp.so[0m
[1.296s] [ 58%] [32mBuilding CXX object CMakeFiles/matrix_interfaces__rosidl_typesupport_fastrtps_cpp.dir/rosidl_typesupport_fastrtps_cpp/matrix_interfaces/srv/detail/dds_fastrtps/rotxyz__type_support.cpp.o[0m
[1.321s] [ 58%] Built target matrix_interfaces__rosidl_typesupport_cpp
[1.344s] [35m[1mConsolidate compiler generated dependencies of target matrix_interfaces__rosidl_typesupport_fastrtps_c[0m
[1.354s] [ 61%] [32mBuilding CXX object CMakeFiles/matrix_interfaces__rosidl_typesupport_fastrtps_c.dir/rosidl_typesupport_fastrtps_c/matrix_interfaces/srv/detail/rotxyz__type_support_c.cpp.o[0m
[1.454s] [ 64%] [32m[1mLinking CXX shared library libmatrix_interfaces__rosidl_typesupport_introspection_cpp.so[0m
[1.519s] [ 64%] Built target matrix_interfaces__rosidl_typesupport_introspection_cpp
[1.574s] [ 67%] [32m[1mLinking CXX shared library libmatrix_interfaces__rosidl_typesupport_fastrtps_cpp.so[0m
[1.575s] [ 70%] [32m[1mLinking CXX shared library libmatrix_interfaces__rosidl_typesupport_fastrtps_c.so[0m
[1.631s] [ 70%] Built target matrix_interfaces__rosidl_typesupport_fastrtps_cpp
[1.633s] [ 70%] Built target matrix_interfaces__rosidl_typesupport_fastrtps_c
[1.651s] [ 70%] Built target matrix_interfaces
[1.672s] [ 74%] [34m[1mGenerating Python code for ROS interfaces[0m
[1.893s] [ 74%] Built target matrix_interfaces__py
[1.902s] [35m[1mConsolidate compiler generated dependencies of target matrix_interfaces__rosidl_generator_py[0m
[1.911s] [ 77%] [32mBuilding C object CMakeFiles/matrix_interfaces__rosidl_generator_py.dir/rosidl_generator_py/matrix_interfaces/srv/_rotxyz_s.c.o[0m
[1.981s] [ 80%] [32m[1mLinking C shared library rosidl_generator_py/matrix_interfaces/libmatrix_interfaces__rosidl_generator_py.so[0m
[2.012s] [ 80%] Built target matrix_interfaces__rosidl_generator_py
[2.020s] [35m[1mConsolidate compiler generated dependencies of target matrix_interfaces__rosidl_typesupport_c__pyext[0m
[2.022s] [35m[1mConsolidate compiler generated dependencies of target matrix_interfaces__rosidl_typesupport_fastrtps_c__pyext[0m
[2.022s] [35m[1mConsolidate compiler generated dependencies of target matrix_interfaces__rosidl_typesupport_introspection_c__pyext[0m
[2.028s] [ 83%] [32mBuilding C object CMakeFiles/matrix_interfaces__rosidl_typesupport_c__pyext.dir/rosidl_generator_py/matrix_interfaces/_matrix_interfaces_s.ep.rosidl_typesupport_c.c.o[0m
[2.033s] [ 87%] [32mBuilding C object CMakeFiles/matrix_interfaces__rosidl_typesupport_introspection_c__pyext.dir/rosidl_generator_py/matrix_interfaces/_matrix_interfaces_s.ep.rosidl_typesupport_introspection_c.c.o[0m
[2.036s] [ 90%] [32mBuilding C object CMakeFiles/matrix_interfaces__rosidl_typesupport_fastrtps_c__pyext.dir/rosidl_generator_py/matrix_interfaces/_matrix_interfaces_s.ep.rosidl_typesupport_fastrtps_c.c.o[0m
[2.101s] [ 93%] [32m[1mLinking C shared library rosidl_generator_py/matrix_interfaces/matrix_interfaces_s__rosidl_typesupport_introspection_c.cpython-310-x86_64-linux-gnu.so[0m
[2.129s] [ 96%] [32m[1mLinking C shared library rosidl_generator_py/matrix_interfaces/matrix_interfaces_s__rosidl_typesupport_c.cpython-310-x86_64-linux-gnu.so[0m
[2.129s] [ 96%] Built target matrix_interfaces__rosidl_typesupport_introspection_c__pyext
[2.142s] [100%] [32m[1mLinking C shared library rosidl_generator_py/matrix_interfaces/matrix_interfaces_s__rosidl_typesupport_fastrtps_c.cpython-310-x86_64-linux-gnu.so[0m
[2.161s] [100%] Built target matrix_interfaces__rosidl_typesupport_c__pyext
[2.167s] [100%] Built target matrix_interfaces__rosidl_typesupport_fastrtps_c__pyext
[2.176s] Invoked command in '/home/luz/Escritorio/Robotica/week4/lab3_2_ws/build/matrix_interfaces' returned '0': CMAKE_PREFIX_PATH=/opt/ros/humble /usr/bin/cmake --build /home/luz/Escritorio/Robotica/week4/lab3_2_ws/build/matrix_interfaces -- -j12 -l12
[2.183s] Invoking command in '/home/luz/Escritorio/Robotica/week4/lab3_2_ws/build/matrix_interfaces': CMAKE_PREFIX_PATH=/opt/ros/humble /usr/bin/cmake --install /home/luz/Escritorio/Robotica/week4/lab3_2_ws/build/matrix_interfaces
[2.189s] -- Install configuration: ""
[2.189s] -- Up-to-date: /home/luz/Escritorio/Robotica/week4/lab3_2_ws/install/matrix_interfaces/share/ament_index/resource_index/rosidl_interfaces/matrix_interfaces
[2.189s] -- Up-to-date: /home/luz/Escritorio/Robotica/week4/lab3_2_ws/install/matrix_interfaces/include/matrix_interfaces/matrix_interfaces
[2.189s] -- Up-to-date: /home/luz/Escritorio/Robotica/week4/lab3_2_ws/install/matrix_interfaces/include/matrix_interfaces/matrix_interfaces/srv
[2.190s] -- Installing: /home/luz/Escritorio/Robotica/week4/lab3_2_ws/install/matrix_interfaces/include/matrix_interfaces/matrix_interfaces/srv/rotxyz.h
[2.190s] -- Up-to-date: /home/luz/Escritorio/Robotica/week4/lab3_2_ws/install/matrix_interfaces/include/matrix_interfaces/matrix_interfaces/srv/detail
[2.190s] -- Installing: /home/luz/Escritorio/Robotica/week4/lab3_2_ws/install/matrix_interfaces/include/matrix_interfaces/matrix_interfaces/srv/detail/rotxyz__functions.c
[2.190s] -- Installing: /home/luz/Escritorio/Robotica/week4/lab3_2_ws/install/matrix_interfaces/include/matrix_interfaces/matrix_interfaces/srv/detail/rotxyz__type_support.h
[2.190s] -- Installing: /home/luz/Escritorio/Robotica/week4/lab3_2_ws/install/matrix_interfaces/include/matrix_interfaces/matrix_interfaces/srv/detail/rotxyz__functions.h
[2.190s] -- Installing: /home/luz/Escritorio/Robotica/week4/lab3_2_ws/install/matrix_interfaces/include/matrix_interfaces/matrix_interfaces/srv/detail/rotxyz__struct.h
[2.190s] -- Up-to-date: /home/luz/Escritorio/Robotica/week4/lab3_2_ws/install/matrix_interfaces/include/matrix_interfaces/matrix_interfaces/msg
[2.190s] -- Up-to-date: /home/luz/Escritorio/Robotica/week4/lab3_2_ws/install/matrix_interfaces/include/matrix_interfaces/matrix_interfaces/msg/rosidl_generator_c__visibility_control.h
[2.190s] -- Up-to-date: /home/luz/Escritorio/Robotica/week4/lab3_2_ws/install/matrix_interfaces/share/matrix_interfaces/environment/library_path.sh
[2.190s] -- Installing: /home/luz/Escritorio/Robotica/week4/lab3_2_ws/install/matrix_interfaces/share/matrix_interfaces/environment/library_path.dsv
[2.190s] -- Installing: /home/luz/Escritorio/Robotica/week4/lab3_2_ws/install/matrix_interfaces/lib/libmatrix_interfaces__rosidl_generator_c.so
[2.190s] -- Set runtime path of "/home/luz/Escritorio/Robotica/week4/lab3_2_ws/install/matrix_interfaces/lib/libmatrix_interfaces__rosidl_generator_c.so" to ""
[2.190s] -- Up-to-date: /home/luz/Escritorio/Robotica/week4/lab3_2_ws/install/matrix_interfaces/include/matrix_interfaces/matrix_interfaces
[2.190s] -- Up-to-date: /home/luz/Escritorio/Robotica/week4/lab3_2_ws/install/matrix_interfaces/include/matrix_interfaces/matrix_interfaces/srv
[2.190s] -- Up-to-date: /home/luz/Escritorio/Robotica/week4/lab3_2_ws/install/matrix_interfaces/include/matrix_interfaces/matrix_interfaces/srv/detail
[2.190s] -- Installing: /home/luz/Escritorio/Robotica/week4/lab3_2_ws/install/matrix_interfaces/include/matrix_interfaces/matrix_interfaces/srv/detail/rotxyz__rosidl_typesupport_fastrtps_c.h
[2.190s] -- Up-to-date: /home/luz/Escritorio/Robotica/week4/lab3_2_ws/install/matrix_interfaces/include/matrix_interfaces/matrix_interfaces/msg
[2.190s] -- Up-to-date: /home/luz/Escritorio/Robotica/week4/lab3_2_ws/install/matrix_interfaces/include/matrix_interfaces/matrix_interfaces/msg/rosidl_typesupport_fastrtps_c__visibility_control.h
[2.191s] -- Installing: /home/luz/Escritorio/Robotica/week4/lab3_2_ws/install/matrix_interfaces/lib/libmatrix_interfaces__rosidl_typesupport_fastrtps_c.so
[2.191s] -- Set runtime path of "/home/luz/Escritorio/Robotica/week4/lab3_2_ws/install/matrix_interfaces/lib/libmatrix_interfaces__rosidl_typesupport_fastrtps_c.so" to ""
[2.191s] -- Up-to-date: /home/luz/Escritorio/Robotica/week4/lab3_2_ws/install/matrix_interfaces/include/matrix_interfaces/matrix_interfaces
[2.191s] -- Up-to-date: /home/luz/Escritorio/Robotica/week4/lab3_2_ws/install/matrix_interfaces/include/matrix_interfaces/matrix_interfaces/srv
[2.191s] -- Up-to-date: /home/luz/Escritorio/Robotica/week4/lab3_2_ws/install/matrix_interfaces/include/matrix_interfaces/matrix_interfaces/srv/detail
[2.191s] -- Installing: /home/luz/Escritorio/Robotica/week4/lab3_2_ws/install/matrix_interfaces/include/matrix_interfaces/matrix_interfaces/srv/detail/rotxyz__type_support.c
[2.191s] -- Installing: /home/luz/Escritorio/Robotica/week4/lab3_2_ws/install/matrix_interfaces/include/matrix_interfaces/matrix_interfaces/srv/detail/rotxyz__rosidl_typesupport_introspection_c.h
[2.192s] -- Up-to-date: /home/luz/Escritorio/Robotica/week4/lab3_2_ws/install/matrix_interfaces/include/matrix_interfaces/matrix_interfaces/msg
[2.192s] -- Up-to-date: /home/luz/Escritorio/Robotica/week4/lab3_2_ws/install/matrix_interfaces/include/matrix_interfaces/matrix_interfaces/msg/rosidl_typesupport_introspection_c__visibility_control.h
[2.192s] -- Installing: /home/luz/Escritorio/Robotica/week4/lab3_2_ws/install/matrix_interfaces/lib/libmatrix_interfaces__rosidl_typesupport_introspection_c.so
[2.192s] -- Set runtime path of "/home/luz/Escritorio/Robotica/week4/lab3_2_ws/install/matrix_interfaces/lib/libmatrix_interfaces__rosidl_typesupport_introspection_c.so" to ""
[2.192s] -- Installing: /home/luz/Escritorio/Robotica/week4/lab3_2_ws/install/matrix_interfaces/lib/libmatrix_interfaces__rosidl_typesupport_c.so
[2.192s] -- Set runtime path of "/home/luz/Escritorio/Robotica/week4/lab3_2_ws/install/matrix_interfaces/lib/libmatrix_interfaces__rosidl_typesupport_c.so" to ""
[2.192s] -- Up-to-date: /home/luz/Escritorio/Robotica/week4/lab3_2_ws/install/matrix_interfaces/include/matrix_interfaces/matrix_interfaces
[2.192s] -- Up-to-date: /home/luz/Escritorio/Robotica/week4/lab3_2_ws/install/matrix_interfaces/include/matrix_interfaces/matrix_interfaces/srv
[2.193s] -- Installing: /home/luz/Escritorio/Robotica/week4/lab3_2_ws/install/matrix_interfaces/include/matrix_interfaces/matrix_interfaces/srv/rotxyz.hpp
[2.193s] -- Up-to-date: /home/luz/Escritorio/Robotica/week4/lab3_2_ws/install/matrix_interfaces/include/matrix_interfaces/matrix_interfaces/srv/detail
[2.193s] -- Installing: /home/luz/Escritorio/Robotica/week4/lab3_2_ws/install/matrix_interfaces/include/matrix_interfaces/matrix_interfaces/srv/detail/rotxyz__type_support.hpp
[2.193s] -- Installing: /home/luz/Escritorio/Robotica/week4/lab3_2_ws/install/matrix_interfaces/include/matrix_interfaces/matrix_interfaces/srv/detail/rotxyz__traits.hpp
[2.193s] -- Installing: /home/luz/Escritorio/Robotica/week4/lab3_2_ws/install/matrix_interfaces/include/matrix_interfaces/matrix_interfaces/srv/detail/rotxyz__struct.hpp
[2.193s] -- Installing: /home/luz/Escritorio/Robotica/week4/lab3_2_ws/install/matrix_interfaces/include/matrix_interfaces/matrix_interfaces/srv/detail/rotxyz__builder.hpp
[2.193s] -- Up-to-date: /home/luz/Escritorio/Robotica/week4/lab3_2_ws/install/matrix_interfaces/include/matrix_interfaces/matrix_interfaces/msg
[2.193s] -- Up-to-date: /home/luz/Escritorio/Robotica/week4/lab3_2_ws/install/matrix_interfaces/include/matrix_interfaces/matrix_interfaces/msg/rosidl_generator_cpp__visibility_control.hpp
[2.193s] -- Up-to-date: /home/luz/Escritorio/Robotica/week4/lab3_2_ws/install/matrix_interfaces/include/matrix_interfaces/matrix_interfaces
[2.193s] -- Up-to-date: /home/luz/Escritorio/Robotica/week4/lab3_2_ws/install/matrix_interfaces/include/matrix_interfaces/matrix_interfaces/srv
[2.194s] -- Up-to-date: /home/luz/Escritorio/Robotica/week4/lab3_2_ws/install/matrix_interfaces/include/matrix_interfaces/matrix_interfaces/srv/detail
[2.194s] -- Up-to-date: /home/luz/Escritorio/Robotica/week4/lab3_2_ws/install/matrix_interfaces/include/matrix_interfaces/matrix_interfaces/srv/detail/dds_fastrtps
[2.194s] -- Installing: /home/luz/Escritorio/Robotica/week4/lab3_2_ws/install/matrix_interfaces/include/matrix_interfaces/matrix_interfaces/srv/detail/rotxyz__rosidl_typesupport_fastrtps_cpp.hpp
[2.194s] -- Up-to-date: /home/luz/Escritorio/Robotica/week4/lab3_2_ws/install/matrix_interfaces/include/matrix_interfaces/matrix_interfaces/msg
[2.194s] -- Up-to-date: /home/luz/Escritorio/Robotica/week4/lab3_2_ws/install/matrix_interfaces/include/matrix_interfaces/matrix_interfaces/msg/rosidl_typesupport_fastrtps_cpp__visibility_control.h
[2.194s] -- Installing: /home/luz/Escritorio/Robotica/week4/lab3_2_ws/install/matrix_interfaces/lib/libmatrix_interfaces__rosidl_typesupport_fastrtps_cpp.so
[2.194s] -- Set runtime path of "/home/luz/Escritorio/Robotica/week4/lab3_2_ws/install/matrix_interfaces/lib/libmatrix_interfaces__rosidl_typesupport_fastrtps_cpp.so" to ""
[2.194s] -- Up-to-date: /home/luz/Escritorio/Robotica/week4/lab3_2_ws/install/matrix_interfaces/include/matrix_interfaces/matrix_interfaces
[2.194s] -- Up-to-date: /home/luz/Escritorio/Robotica/week4/lab3_2_ws/install/matrix_interfaces/include/matrix_interfaces/matrix_interfaces/srv
[2.195s] -- Up-to-date: /home/luz/Escritorio/Robotica/week4/lab3_2_ws/install/matrix_interfaces/include/matrix_interfaces/matrix_interfaces/srv/detail
[2.195s] -- Installing: /home/luz/Escritorio/Robotica/week4/lab3_2_ws/install/matrix_interfaces/include/matrix_interfaces/matrix_interfaces/srv/detail/rotxyz__rosidl_typesupport_introspection_cpp.hpp
[2.195s] -- Installing: /home/luz/Escritorio/Robotica/week4/lab3_2_ws/install/matrix_interfaces/include/matrix_interfaces/matrix_interfaces/srv/detail/rotxyz__type_support.cpp
[2.195s] -- Installing: /home/luz/Escritorio/Robotica/week4/lab3_2_ws/install/matrix_interfaces/lib/libmatrix_interfaces__rosidl_typesupport_introspection_cpp.so
[2.195s] -- Set runtime path of "/home/luz/Escritorio/Robotica/week4/lab3_2_ws/install/matrix_interfaces/lib/libmatrix_interfaces__rosidl_typesupport_introspection_cpp.so" to ""
[2.195s] -- Installing: /home/luz/Escritorio/Robotica/week4/lab3_2_ws/install/matrix_interfaces/lib/libmatrix_interfaces__rosidl_typesupport_cpp.so
[2.195s] -- Set runtime path of "/home/luz/Escritorio/Robotica/week4/lab3_2_ws/install/matrix_interfaces/lib/libmatrix_interfaces__rosidl_typesupport_cpp.so" to ""
[2.195s] -- Up-to-date: /home/luz/Escritorio/Robotica/week4/lab3_2_ws/install/matrix_interfaces/share/matrix_interfaces/environment/pythonpath.sh
[2.195s] -- Installing: /home/luz/Escritorio/Robotica/week4/lab3_2_ws/install/matrix_interfaces/share/matrix_interfaces/environment/pythonpath.dsv
[2.195s] -- Up-to-date: /home/luz/Escritorio/Robotica/week4/lab3_2_ws/install/matrix_interfaces/local/lib/python3.10/dist-packages/matrix_interfaces-0.0.0-py3.10.egg-info
[2.195s] -- Installing: /home/luz/Escritorio/Robotica/week4/lab3_2_ws/install/matrix_interfaces/local/lib/python3.10/dist-packages/matrix_interfaces-0.0.0-py3.10.egg-info/PKG-INFO
[2.196s] -- Installing: /home/luz/Escritorio/Robotica/week4/lab3_2_ws/install/matrix_interfaces/local/lib/python3.10/dist-packages/matrix_interfaces-0.0.0-py3.10.egg-info/top_level.txt
[2.196s] -- Installing: /home/luz/Escritorio/Robotica/week4/lab3_2_ws/install/matrix_interfaces/local/lib/python3.10/dist-packages/matrix_interfaces-0.0.0-py3.10.egg-info/SOURCES.txt
[2.196s] -- Installing: /home/luz/Escritorio/Robotica/week4/lab3_2_ws/install/matrix_interfaces/local/lib/python3.10/dist-packages/matrix_interfaces-0.0.0-py3.10.egg-info/dependency_links.txt
[2.196s] -- Up-to-date: /home/luz/Escritorio/Robotica/week4/lab3_2_ws/install/matrix_interfaces/local/lib/python3.10/dist-packages/matrix_interfaces
[2.196s] -- Installing: /home/luz/Escritorio/Robotica/week4/lab3_2_ws/install/matrix_interfaces/local/lib/python3.10/dist-packages/matrix_interfaces/_matrix_interfaces_s.ep.rosidl_typesupport_fastrtps_c.c
[2.196s] -- Up-to-date: /home/luz/Escritorio/Robotica/week4/lab3_2_ws/install/matrix_interfaces/local/lib/python3.10/dist-packages/matrix_interfaces/srv
[2.196s] -- Installing: /home/luz/Escritorio/Robotica/week4/lab3_2_ws/install/matrix_interfaces/local/lib/python3.10/dist-packages/matrix_interfaces/srv/_rotxyz.py
[2.196s] -- Installing: /home/luz/Escritorio/Robotica/week4/lab3_2_ws/install/matrix_interfaces/local/lib/python3.10/dist-packages/matrix_interfaces/srv/__init__.py
[2.196s] -- Installing: /home/luz/Escritorio/Robotica/week4/lab3_2_ws/install/matrix_interfaces/local/lib/python3.10/dist-packages/matrix_interfaces/srv/_rotxyz_s.c
[2.196s] -- Installing: /home/luz/Escritorio/Robotica/week4/lab3_2_ws/install/matrix_interfaces/local/lib/python3.10/dist-packages/matrix_interfaces/matrix_interfaces_s__rosidl_typesupport_introspection_c.cpython-310-x86_64-linux-gnu.so
[2.196s] -- Installing: /home/luz/Escritorio/Robotica/week4/lab3_2_ws/install/matrix_interfaces/local/lib/python3.10/dist-packages/matrix_interfaces/libmatrix_interfaces__rosidl_generator_py.so
[2.196s] -- Installing: /home/luz/Escritorio/Robotica/week4/lab3_2_ws/install/matrix_interfaces/local/lib/python3.10/dist-packages/matrix_interfaces/matrix_interfaces_s__rosidl_typesupport_c.cpython-310-x86_64-linux-gnu.so
[2.197s] -- Installing: /home/luz/Escritorio/Robotica/week4/lab3_2_ws/install/matrix_interfaces/local/lib/python3.10/dist-packages/matrix_interfaces/matrix_interfaces_s__rosidl_typesupport_fastrtps_c.cpython-310-x86_64-linux-gnu.so
[2.197s] -- Installing: /home/luz/Escritorio/Robotica/week4/lab3_2_ws/install/matrix_interfaces/local/lib/python3.10/dist-packages/matrix_interfaces/_matrix_interfaces_s.ep.rosidl_typesupport_introspection_c.c
[2.197s] -- Installing: /home/luz/Escritorio/Robotica/week4/lab3_2_ws/install/matrix_interfaces/local/lib/python3.10/dist-packages/matrix_interfaces/__init__.py
[2.197s] -- Installing: /home/luz/Escritorio/Robotica/week4/lab3_2_ws/install/matrix_interfaces/local/lib/python3.10/dist-packages/matrix_interfaces/_matrix_interfaces_s.ep.rosidl_typesupport_c.c
[2.217s] Listing '/home/luz/Escritorio/Robotica/week4/lab3_2_ws/install/matrix_interfaces/local/lib/python3.10/dist-packages/matrix_interfaces'...
[2.217s] Compiling '/home/luz/Escritorio/Robotica/week4/lab3_2_ws/install/matrix_interfaces/local/lib/python3.10/dist-packages/matrix_interfaces/__init__.py'...
[2.218s] Listing '/home/luz/Escritorio/Robotica/week4/lab3_2_ws/install/matrix_interfaces/local/lib/python3.10/dist-packages/matrix_interfaces/srv'...
[2.218s] Compiling '/home/luz/Escritorio/Robotica/week4/lab3_2_ws/install/matrix_interfaces/local/lib/python3.10/dist-packages/matrix_interfaces/srv/__init__.py'...
[2.218s] Compiling '/home/luz/Escritorio/Robotica/week4/lab3_2_ws/install/matrix_interfaces/local/lib/python3.10/dist-packages/matrix_interfaces/srv/_rotxyz.py'...
[2.221s] -- Installing: /home/luz/Escritorio/Robotica/week4/lab3_2_ws/install/matrix_interfaces/local/lib/python3.10/dist-packages/matrix_interfaces/matrix_interfaces_s__rosidl_typesupport_fastrtps_c.cpython-310-x86_64-linux-gnu.so
[2.221s] -- Set runtime path of "/home/luz/Escritorio/Robotica/week4/lab3_2_ws/install/matrix_interfaces/local/lib/python3.10/dist-packages/matrix_interfaces/matrix_interfaces_s__rosidl_typesupport_fastrtps_c.cpython-310-x86_64-linux-gnu.so" to ""
[2.221s] -- Installing: /home/luz/Escritorio/Robotica/week4/lab3_2_ws/install/matrix_interfaces/local/lib/python3.10/dist-packages/matrix_interfaces/matrix_interfaces_s__rosidl_typesupport_introspection_c.cpython-310-x86_64-linux-gnu.so
[2.222s] -- Set runtime path of "/home/luz/Escritorio/Robotica/week4/lab3_2_ws/install/matrix_interfaces/local/lib/python3.10/dist-packages/matrix_interfaces/matrix_interfaces_s__rosidl_typesupport_introspection_c.cpython-310-x86_64-linux-gnu.so" to ""
[2.222s] -- Installing: /home/luz/Escritorio/Robotica/week4/lab3_2_ws/install/matrix_interfaces/local/lib/python3.10/dist-packages/matrix_interfaces/matrix_interfaces_s__rosidl_typesupport_c.cpython-310-x86_64-linux-gnu.so
[2.222s] -- Set runtime path of "/home/luz/Escritorio/Robotica/week4/lab3_2_ws/install/matrix_interfaces/local/lib/python3.10/dist-packages/matrix_interfaces/matrix_interfaces_s__rosidl_typesupport_c.cpython-310-x86_64-linux-gnu.so" to ""
[2.222s] -- Installing: /home/luz/Escritorio/Robotica/week4/lab3_2_ws/install/matrix_interfaces/lib/libmatrix_interfaces__rosidl_generator_py.so
[2.222s] -- Set runtime path of "/home/luz/Escritorio/Robotica/week4/lab3_2_ws/install/matrix_interfaces/lib/libmatrix_interfaces__rosidl_generator_py.so" to ""
[2.223s] -- Installing: /home/luz/Escritorio/Robotica/week4/lab3_2_ws/install/matrix_interfaces/share/matrix_interfaces/srv/Rotxyz.idl
[2.223s] -- Installing: /home/luz/Escritorio/Robotica/week4/lab3_2_ws/install/matrix_interfaces/share/matrix_interfaces/srv/Rotxyz.srv
[2.223s] -- Up-to-date: /home/luz/Escritorio/Robotica/week4/lab3_2_ws/install/matrix_interfaces/share/matrix_interfaces/srv/Rotxyz_Request.msg
[2.223s] -- Installing: /home/luz/Escritorio/Robotica/week4/lab3_2_ws/install/matrix_interfaces/share/matrix_interfaces/srv/Rotxyz_Response.msg
[2.223s] -- Up-to-date: /home/luz/Escritorio/Robotica/week4/lab3_2_ws/install/matrix_interfaces/share/ament_index/resource_index/package_run_dependencies/matrix_interfaces
[2.223s] -- Installing: /home/luz/Escritorio/Robotica/week4/lab3_2_ws/install/matrix_interfaces/share/ament_index/resource_index/parent_prefix_path/matrix_interfaces
[2.223s] -- Up-to-date: /home/luz/Escritorio/Robotica/week4/lab3_2_ws/install/matrix_interfaces/share/matrix_interfaces/environment/ament_prefix_path.sh
[2.223s] -- Installing: /home/luz/Escritorio/Robotica/week4/lab3_2_ws/install/matrix_interfaces/share/matrix_interfaces/environment/ament_prefix_path.dsv
[2.223s] -- Up-to-date: /home/luz/Escritorio/Robotica/week4/lab3_2_ws/install/matrix_interfaces/share/matrix_interfaces/environment/path.sh
[2.224s] -- Installing: /home/luz/Escritorio/Robotica/week4/lab3_2_ws/install/matrix_interfaces/share/matrix_interfaces/environment/path.dsv
[2.224s] -- Up-to-date: /home/luz/Escritorio/Robotica/week4/lab3_2_ws/install/matrix_interfaces/share/matrix_interfaces/local_setup.bash
[2.224s] -- Up-to-date: /home/luz/Escritorio/Robotica/week4/lab3_2_ws/install/matrix_interfaces/share/matrix_interfaces/local_setup.sh
[2.224s] -- Up-to-date: /home/luz/Escritorio/Robotica/week4/lab3_2_ws/install/matrix_interfaces/share/matrix_interfaces/local_setup.zsh
[2.224s] -- Installing: /home/luz/Escritorio/Robotica/week4/lab3_2_ws/install/matrix_interfaces/share/matrix_interfaces/local_setup.dsv
[2.224s] -- Installing: /home/luz/Escritorio/Robotica/week4/lab3_2_ws/install/matrix_interfaces/share/matrix_interfaces/package.dsv
[2.224s] -- Up-to-date: /home/luz/Escritorio/Robotica/week4/lab3_2_ws/install/matrix_interfaces/share/ament_index/resource_index/packages/matrix_interfaces
[2.224s] -- Up-to-date: /home/luz/Escritorio/Robotica/week4/lab3_2_ws/install/matrix_interfaces/share/matrix_interfaces/cmake/export_matrix_interfaces__rosidl_generator_cExport.cmake
[2.224s] -- Up-to-date: /home/luz/Escritorio/Robotica/week4/lab3_2_ws/install/matrix_interfaces/share/matrix_interfaces/cmake/export_matrix_interfaces__rosidl_generator_cExport-noconfig.cmake
[2.224s] -- Up-to-date: /home/luz/Escritorio/Robotica/week4/lab3_2_ws/install/matrix_interfaces/share/matrix_interfaces/cmake/export_matrix_interfaces__rosidl_typesupport_fastrtps_cExport.cmake
[2.224s] -- Up-to-date: /home/luz/Escritorio/Robotica/week4/lab3_2_ws/install/matrix_interfaces/share/matrix_interfaces/cmake/export_matrix_interfaces__rosidl_typesupport_fastrtps_cExport-noconfig.cmake
[2.224s] -- Up-to-date: /home/luz/Escritorio/Robotica/week4/lab3_2_ws/install/matrix_interfaces/share/matrix_interfaces/cmake/matrix_interfaces__rosidl_typesupport_introspection_cExport.cmake
[2.225s] -- Up-to-date: /home/luz/Escritorio/Robotica/week4/lab3_2_ws/install/matrix_interfaces/share/matrix_interfaces/cmake/matrix_interfaces__rosidl_typesupport_introspection_cExport-noconfig.cmake
[2.225s] -- Up-to-date: /home/luz/Escritorio/Robotica/week4/lab3_2_ws/install/matrix_interfaces/share/matrix_interfaces/cmake/matrix_interfaces__rosidl_typesupport_cExport.cmake
[2.225s] -- Up-to-date: /home/luz/Escritorio/Robotica/week4/lab3_2_ws/install/matrix_interfaces/share/matrix_interfaces/cmake/matrix_interfaces__rosidl_typesupport_cExport-noconfig.cmake
[2.225s] -- Up-to-date: /home/luz/Escritorio/Robotica/week4/lab3_2_ws/install/matrix_interfaces/share/matrix_interfaces/cmake/export_matrix_interfaces__rosidl_generator_cppExport.cmake
[2.225s] -- Up-to-date: /home/luz/Escritorio/Robotica/week4/lab3_2_ws/install/matrix_interfaces/share/matrix_interfaces/cmake/export_matrix_interfaces__rosidl_typesupport_fastrtps_cppExport.cmake
[2.225s] -- Up-to-date: /home/luz/Escritorio/Robotica/week4/lab3_2_ws/install/matrix_interfaces/share/matrix_interfaces/cmake/export_matrix_interfaces__rosidl_typesupport_fastrtps_cppExport-noconfig.cmake
[2.225s] -- Up-to-date: /home/luz/Escritorio/Robotica/week4/lab3_2_ws/install/matrix_interfaces/share/matrix_interfaces/cmake/matrix_interfaces__rosidl_typesupport_introspection_cppExport.cmake
[2.225s] -- Up-to-date: /home/luz/Escritorio/Robotica/week4/lab3_2_ws/install/matrix_interfaces/share/matrix_interfaces/cmake/matrix_interfaces__rosidl_typesupport_introspection_cppExport-noconfig.cmake
[2.225s] -- Up-to-date: /home/luz/Escritorio/Robotica/week4/lab3_2_ws/install/matrix_interfaces/share/matrix_interfaces/cmake/matrix_interfaces__rosidl_typesupport_cppExport.cmake
[2.225s] -- Up-to-date: /home/luz/Escritorio/Robotica/week4/lab3_2_ws/install/matrix_interfaces/share/matrix_interfaces/cmake/matrix_interfaces__rosidl_typesupport_cppExport-noconfig.cmake
[2.226s] -- Up-to-date: /home/luz/Escritorio/Robotica/week4/lab3_2_ws/install/matrix_interfaces/share/matrix_interfaces/cmake/export_matrix_interfaces__rosidl_generator_pyExport.cmake
[2.226s] -- Up-to-date: /home/luz/Escritorio/Robotica/week4/lab3_2_ws/install/matrix_interfaces/share/matrix_interfaces/cmake/export_matrix_interfaces__rosidl_generator_pyExport-noconfig.cmake
[2.226s] -- Up-to-date: /home/luz/Escritorio/Robotica/week4/lab3_2_ws/install/matrix_interfaces/share/matrix_interfaces/cmake/rosidl_cmake-extras.cmake
[2.226s] -- Up-to-date: /home/luz/Escritorio/Robotica/week4/lab3_2_ws/install/matrix_interfaces/share/matrix_interfaces/cmake/ament_cmake_export_include_directories-extras.cmake
[2.226s] -- Up-to-date: /home/luz/Escritorio/Robotica/week4/lab3_2_ws/install/matrix_interfaces/share/matrix_interfaces/cmake/ament_cmake_export_libraries-extras.cmake
[2.227s] -- Up-to-date: /home/luz/Escritorio/Robotica/week4/lab3_2_ws/install/matrix_interfaces/share/matrix_interfaces/cmake/ament_cmake_export_targets-extras.cmake
[2.227s] -- Up-to-date: /home/luz/Escritorio/Robotica/week4/lab3_2_ws/install/matrix_interfaces/share/matrix_interfaces/cmake/rosidl_cmake_export_typesupport_targets-extras.cmake
[2.227s] -- Up-to-date: /home/luz/Escritorio/Robotica/week4/lab3_2_ws/install/matrix_interfaces/share/matrix_interfaces/cmake/ament_cmake_export_dependencies-extras.cmake
[2.227s] -- Up-to-date: /home/luz/Escritorio/Robotica/week4/lab3_2_ws/install/matrix_interfaces/share/matrix_interfaces/cmake/rosidl_cmake_export_typesupport_libraries-extras.cmake
[2.227s] -- Up-to-date: /home/luz/Escritorio/Robotica/week4/lab3_2_ws/install/matrix_interfaces/share/matrix_interfaces/cmake/matrix_interfacesConfig.cmake
[2.228s] -- Up-to-date: /home/luz/Escritorio/Robotica/week4/lab3_2_ws/install/matrix_interfaces/share/matrix_interfaces/cmake/matrix_interfacesConfig-version.cmake
[2.228s] -- Up-to-date: /home/luz/Escritorio/Robotica/week4/lab3_2_ws/install/matrix_interfaces/share/matrix_interfaces/package.xml
[2.228s] Invoked command in '/home/luz/Escritorio/Robotica/week4/lab3_2_ws/build/matrix_interfaces' returned '0': CMAKE_PREFIX_PATH=/opt/ros/humble /usr/bin/cmake --install /home/luz/Escritorio/Robotica/week4/lab3_2_ws/build/matrix_interfaces
