running egg_info
creating ../../build/pubsub_py/pubsub_py.egg-info
writing ../../build/pubsub_py/pubsub_py.egg-info/PKG-INFO
writing dependency_links to ../../build/pubsub_py/pubsub_py.egg-info/dependency_links.txt
writing entry points to ../../build/pubsub_py/pubsub_py.egg-info/entry_points.txt
writing requirements to ../../build/pubsub_py/pubsub_py.egg-info/requires.txt
writing top-level names to ../../build/pubsub_py/pubsub_py.egg-info/top_level.txt
writing manifest file '../../build/pubsub_py/pubsub_py.egg-info/SOURCES.txt'
reading manifest file '../../build/pubsub_py/pubsub_py.egg-info/SOURCES.txt'
adding license file 'LICENSE'
writing manifest file '../../build/pubsub_py/pubsub_py.egg-info/SOURCES.txt'
running build
running build_py
creating /home/luz/Escritorio/ucbrob_ws/build/pubsub_py/build
creating /home/luz/Escritorio/ucbrob_ws/build/pubsub_py/build/lib
creating /home/luz/Escritorio/ucbrob_ws/build/pubsub_py/build/lib/pubsub_py
copying pubsub_py/publicador.py -> /home/luz/Escritorio/ucbrob_ws/build/pubsub_py/build/lib/pubsub_py
copying pubsub_py/subscriptor.py -> /home/luz/Escritorio/ucbrob_ws/build/pubsub_py/build/lib/pubsub_py
copying pubsub_py/__init__.py -> /home/luz/Escritorio/ucbrob_ws/build/pubsub_py/build/lib/pubsub_py
copying pubsub_py/destino.py -> /home/luz/Escritorio/ucbrob_ws/build/pubsub_py/build/lib/pubsub_py
copying pubsub_py/process.py -> /home/luz/Escritorio/ucbrob_ws/build/pubsub_py/build/lib/pubsub_py
copying pubsub_py/origen.py -> /home/luz/Escritorio/ucbrob_ws/build/pubsub_py/build/lib/pubsub_py
running install
running install_lib
creating /home/luz/Escritorio/ucbrob_ws/install/pubsub_py/lib/python3.10/site-packages/pubsub_py
copying /home/luz/Escritorio/ucbrob_ws/build/pubsub_py/build/lib/pubsub_py/publicador.py -> /home/luz/Escritorio/ucbrob_ws/install/pubsub_py/lib/python3.10/site-packages/pubsub_py
copying /home/luz/Escritorio/ucbrob_ws/build/pubsub_py/build/lib/pubsub_py/subscriptor.py -> /home/luz/Escritorio/ucbrob_ws/install/pubsub_py/lib/python3.10/site-packages/pubsub_py
copying /home/luz/Escritorio/ucbrob_ws/build/pubsub_py/build/lib/pubsub_py/__init__.py -> /home/luz/Escritorio/ucbrob_ws/install/pubsub_py/lib/python3.10/site-packages/pubsub_py
copying /home/luz/Escritorio/ucbrob_ws/build/pubsub_py/build/lib/pubsub_py/destino.py -> /home/luz/Escritorio/ucbrob_ws/install/pubsub_py/lib/python3.10/site-packages/pubsub_py
copying /home/luz/Escritorio/ucbrob_ws/build/pubsub_py/build/lib/pubsub_py/process.py -> /home/luz/Escritorio/ucbrob_ws/install/pubsub_py/lib/python3.10/site-packages/pubsub_py
copying /home/luz/Escritorio/ucbrob_ws/build/pubsub_py/build/lib/pubsub_py/origen.py -> /home/luz/Escritorio/ucbrob_ws/install/pubsub_py/lib/python3.10/site-packages/pubsub_py
byte-compiling /home/luz/Escritorio/ucbrob_ws/install/pubsub_py/lib/python3.10/site-packages/pubsub_py/publicador.py to publicador.cpython-310.pyc
byte-compiling /home/luz/Escritorio/ucbrob_ws/install/pubsub_py/lib/python3.10/site-packages/pubsub_py/subscriptor.py to subscriptor.cpython-310.pyc
byte-compiling /home/luz/Escritorio/ucbrob_ws/install/pubsub_py/lib/python3.10/site-packages/pubsub_py/__init__.py to __init__.cpython-310.pyc
byte-compiling /home/luz/Escritorio/ucbrob_ws/install/pubsub_py/lib/python3.10/site-packages/pubsub_py/destino.py to destino.cpython-310.pyc
byte-compiling /home/luz/Escritorio/ucbrob_ws/install/pubsub_py/lib/python3.10/site-packages/pubsub_py/process.py to process.cpython-310.pyc
byte-compiling /home/luz/Escritorio/ucbrob_ws/install/pubsub_py/lib/python3.10/site-packages/pubsub_py/origen.py to origen.cpython-310.pyc
running install_data
creating /home/luz/Escritorio/ucbrob_ws/install/pubsub_py/share/ament_index
creating /home/luz/Escritorio/ucbrob_ws/install/pubsub_py/share/ament_index/resource_index
creating /home/luz/Escritorio/ucbrob_ws/install/pubsub_py/share/ament_index/resource_index/packages
copying resource/pubsub_py -> /home/luz/Escritorio/ucbrob_ws/install/pubsub_py/share/ament_index/resource_index/packages
copying package.xml -> /home/luz/Escritorio/ucbrob_ws/install/pubsub_py/share/pubsub_py
running install_egg_info
Copying ../../build/pubsub_py/pubsub_py.egg-info to /home/luz/Escritorio/ucbrob_ws/install/pubsub_py/lib/python3.10/site-packages/pubsub_py-0.0.0-py3.10.egg-info
running install_scripts
Installing Origen script to /home/luz/Escritorio/ucbrob_ws/install/pubsub_py/lib/pubsub_py
Installing Publicador script to /home/luz/Escritorio/ucbrob_ws/install/pubsub_py/lib/pubsub_py
Installing Subscriptor script to /home/luz/Escritorio/ucbrob_ws/install/pubsub_py/lib/pubsub_py
writing list of installed files to '/home/luz/Escritorio/ucbrob_ws/build/pubsub_py/install.log'
