[0.348s] Invoking command in '/home/luz/Escritorio/ucbrob_ws/src/pubsub_py': PYTHONPATH=/home/luz/Escritorio/ucbrob_ws/build/pubsub_py/prefix_override:/usr/lib/python3/dist-packages/colcon_core/task/python/colcon_distutils_commands:/home/luz/Escritorio/ucbrob_ws/install/pubsub_py/lib/python3.10/site-packages:${PYTHONPATH} /usr/bin/python3 -W ignore:setup.py install is deprecated -W ignore:easy_install command is deprecated setup.py egg_info --egg-base ../../build/pubsub_py build --build-base /home/luz/Escritorio/ucbrob_ws/build/pubsub_py/build install --record /home/luz/Escritorio/ucbrob_ws/build/pubsub_py/install.log --single-version-externally-managed install_data
[0.488s] running egg_info
[0.488s] creating ../../build/pubsub_py/pubsub_py.egg-info
[0.488s] writing ../../build/pubsub_py/pubsub_py.egg-info/PKG-INFO
[0.488s] writing dependency_links to ../../build/pubsub_py/pubsub_py.egg-info/dependency_links.txt
[0.489s] writing entry points to ../../build/pubsub_py/pubsub_py.egg-info/entry_points.txt
[0.489s] writing requirements to ../../build/pubsub_py/pubsub_py.egg-info/requires.txt
[0.489s] writing top-level names to ../../build/pubsub_py/pubsub_py.egg-info/top_level.txt
[0.489s] writing manifest file '../../build/pubsub_py/pubsub_py.egg-info/SOURCES.txt'
[0.490s] reading manifest file '../../build/pubsub_py/pubsub_py.egg-info/SOURCES.txt'
[0.490s] adding license file 'LICENSE'
[0.490s] writing manifest file '../../build/pubsub_py/pubsub_py.egg-info/SOURCES.txt'
[0.490s] running build
[0.490s] running build_py
[0.490s] creating /home/luz/Escritorio/ucbrob_ws/build/pubsub_py/build
[0.490s] creating /home/luz/Escritorio/ucbrob_ws/build/pubsub_py/build/lib
[0.490s] creating /home/luz/Escritorio/ucbrob_ws/build/pubsub_py/build/lib/pubsub_py
[0.490s] copying pubsub_py/publicador.py -> /home/luz/Escritorio/ucbrob_ws/build/pubsub_py/build/lib/pubsub_py
[0.490s] copying pubsub_py/subscriptor.py -> /home/luz/Escritorio/ucbrob_ws/build/pubsub_py/build/lib/pubsub_py
[0.490s] copying pubsub_py/__init__.py -> /home/luz/Escritorio/ucbrob_ws/build/pubsub_py/build/lib/pubsub_py
[0.491s] copying pubsub_py/destino.py -> /home/luz/Escritorio/ucbrob_ws/build/pubsub_py/build/lib/pubsub_py
[0.491s] copying pubsub_py/process.py -> /home/luz/Escritorio/ucbrob_ws/build/pubsub_py/build/lib/pubsub_py
[0.491s] copying pubsub_py/origen.py -> /home/luz/Escritorio/ucbrob_ws/build/pubsub_py/build/lib/pubsub_py
[0.491s] running install
[0.491s] running install_lib
[0.491s] creating /home/luz/Escritorio/ucbrob_ws/install/pubsub_py/lib/python3.10/site-packages/pubsub_py
[0.491s] copying /home/luz/Escritorio/ucbrob_ws/build/pubsub_py/build/lib/pubsub_py/publicador.py -> /home/luz/Escritorio/ucbrob_ws/install/pubsub_py/lib/python3.10/site-packages/pubsub_py
[0.491s] copying /home/luz/Escritorio/ucbrob_ws/build/pubsub_py/build/lib/pubsub_py/subscriptor.py -> /home/luz/Escritorio/ucbrob_ws/install/pubsub_py/lib/python3.10/site-packages/pubsub_py
[0.491s] copying /home/luz/Escritorio/ucbrob_ws/build/pubsub_py/build/lib/pubsub_py/__init__.py -> /home/luz/Escritorio/ucbrob_ws/install/pubsub_py/lib/python3.10/site-packages/pubsub_py
[0.491s] copying /home/luz/Escritorio/ucbrob_ws/build/pubsub_py/build/lib/pubsub_py/destino.py -> /home/luz/Escritorio/ucbrob_ws/install/pubsub_py/lib/python3.10/site-packages/pubsub_py
[0.491s] copying /home/luz/Escritorio/ucbrob_ws/build/pubsub_py/build/lib/pubsub_py/process.py -> /home/luz/Escritorio/ucbrob_ws/install/pubsub_py/lib/python3.10/site-packages/pubsub_py
[0.491s] copying /home/luz/Escritorio/ucbrob_ws/build/pubsub_py/build/lib/pubsub_py/origen.py -> /home/luz/Escritorio/ucbrob_ws/install/pubsub_py/lib/python3.10/site-packages/pubsub_py
[0.492s] byte-compiling /home/luz/Escritorio/ucbrob_ws/install/pubsub_py/lib/python3.10/site-packages/pubsub_py/publicador.py to publicador.cpython-310.pyc
[0.492s] byte-compiling /home/luz/Escritorio/ucbrob_ws/install/pubsub_py/lib/python3.10/site-packages/pubsub_py/subscriptor.py to subscriptor.cpython-310.pyc
[0.492s] byte-compiling /home/luz/Escritorio/ucbrob_ws/install/pubsub_py/lib/python3.10/site-packages/pubsub_py/__init__.py to __init__.cpython-310.pyc
[0.492s] byte-compiling /home/luz/Escritorio/ucbrob_ws/install/pubsub_py/lib/python3.10/site-packages/pubsub_py/destino.py to destino.cpython-310.pyc
[0.492s] byte-compiling /home/luz/Escritorio/ucbrob_ws/install/pubsub_py/lib/python3.10/site-packages/pubsub_py/process.py to process.cpython-310.pyc
[0.493s] byte-compiling /home/luz/Escritorio/ucbrob_ws/install/pubsub_py/lib/python3.10/site-packages/pubsub_py/origen.py to origen.cpython-310.pyc
[0.493s] running install_data
[0.493s] creating /home/luz/Escritorio/ucbrob_ws/install/pubsub_py/share/ament_index
[0.493s] creating /home/luz/Escritorio/ucbrob_ws/install/pubsub_py/share/ament_index/resource_index
[0.493s] creating /home/luz/Escritorio/ucbrob_ws/install/pubsub_py/share/ament_index/resource_index/packages
[0.493s] copying resource/pubsub_py -> /home/luz/Escritorio/ucbrob_ws/install/pubsub_py/share/ament_index/resource_index/packages
[0.493s] copying package.xml -> /home/luz/Escritorio/ucbrob_ws/install/pubsub_py/share/pubsub_py
[0.493s] running install_egg_info
[0.494s] Copying ../../build/pubsub_py/pubsub_py.egg-info to /home/luz/Escritorio/ucbrob_ws/install/pubsub_py/lib/python3.10/site-packages/pubsub_py-0.0.0-py3.10.egg-info
[0.495s] running install_scripts
[0.508s] Installing Origen script to /home/luz/Escritorio/ucbrob_ws/install/pubsub_py/lib/pubsub_py
[0.508s] Installing Publicador script to /home/luz/Escritorio/ucbrob_ws/install/pubsub_py/lib/pubsub_py
[0.508s] Installing Subscriptor script to /home/luz/Escritorio/ucbrob_ws/install/pubsub_py/lib/pubsub_py
[0.508s] writing list of installed files to '/home/luz/Escritorio/ucbrob_ws/build/pubsub_py/install.log'
[0.523s] Invoked command in '/home/luz/Escritorio/ucbrob_ws/src/pubsub_py' returned '0': PYTHONPATH=/home/luz/Escritorio/ucbrob_ws/build/pubsub_py/prefix_override:/usr/lib/python3/dist-packages/colcon_core/task/python/colcon_distutils_commands:/home/luz/Escritorio/ucbrob_ws/install/pubsub_py/lib/python3.10/site-packages:${PYTHONPATH} /usr/bin/python3 -W ignore:setup.py install is deprecated -W ignore:easy_install command is deprecated setup.py egg_info --egg-base ../../build/pubsub_py build --build-base /home/luz/Escritorio/ucbrob_ws/build/pubsub_py/build install --record /home/luz/Escritorio/ucbrob_ws/build/pubsub_py/install.log --single-version-externally-managed install_data
