[0.370s] Invoking command in '/home/luz/Escritorio/Robotica/week2/lab1_ws/src/lab_pubsub': PYTHONPATH=/home/luz/Escritorio/Robotica/week2/lab1_ws/build/lab_pubsub/prefix_override:/usr/lib/python3/dist-packages/colcon_core/task/python/colcon_distutils_commands:/home/luz/Escritorio/Robotica/week2/lab1_ws/install/lab_pubsub/lib/python3.10/site-packages:${PYTHONPATH} /usr/bin/python3 -W ignore:setup.py install is deprecated -W ignore:easy_install command is deprecated setup.py egg_info --egg-base ../../build/lab_pubsub build --build-base /home/luz/Escritorio/Robotica/week2/lab1_ws/build/lab_pubsub/build install --record /home/luz/Escritorio/Robotica/week2/lab1_ws/build/lab_pubsub/install.log --single-version-externally-managed install_data
[0.533s] running egg_info
[0.533s] writing ../../build/lab_pubsub/lab_pubsub.egg-info/PKG-INFO
[0.533s] writing dependency_links to ../../build/lab_pubsub/lab_pubsub.egg-info/dependency_links.txt
[0.534s] writing entry points to ../../build/lab_pubsub/lab_pubsub.egg-info/entry_points.txt
[0.534s] writing requirements to ../../build/lab_pubsub/lab_pubsub.egg-info/requires.txt
[0.534s] writing top-level names to ../../build/lab_pubsub/lab_pubsub.egg-info/top_level.txt
[0.535s] reading manifest file '../../build/lab_pubsub/lab_pubsub.egg-info/SOURCES.txt'
[0.535s] adding license file 'LICENSE'
[0.535s] writing manifest file '../../build/lab_pubsub/lab_pubsub.egg-info/SOURCES.txt'
[0.535s] running build
[0.535s] running build_py
[0.536s] running install
[0.536s] running install_lib
[0.536s] running install_data
[0.537s] running install_egg_info
[0.538s] removing '/home/luz/Escritorio/Robotica/week2/lab1_ws/install/lab_pubsub/lib/python3.10/site-packages/lab_pubsub-0.0.0-py3.10.egg-info' (and everything under it)
[0.538s] Copying ../../build/lab_pubsub/lab_pubsub.egg-info to /home/luz/Escritorio/Robotica/week2/lab1_ws/install/lab_pubsub/lib/python3.10/site-packages/lab_pubsub-0.0.0-py3.10.egg-info
[0.538s] running install_scripts
[0.553s] Installing hablador script to /home/luz/Escritorio/Robotica/week2/lab1_ws/install/lab_pubsub/lib/lab_pubsub
[0.553s] writing list of installed files to '/home/luz/Escritorio/Robotica/week2/lab1_ws/build/lab_pubsub/install.log'
[0.569s] Invoked command in '/home/luz/Escritorio/Robotica/week2/lab1_ws/src/lab_pubsub' returned '0': PYTHONPATH=/home/luz/Escritorio/Robotica/week2/lab1_ws/build/lab_pubsub/prefix_override:/usr/lib/python3/dist-packages/colcon_core/task/python/colcon_distutils_commands:/home/luz/Escritorio/Robotica/week2/lab1_ws/install/lab_pubsub/lib/python3.10/site-packages:${PYTHONPATH} /usr/bin/python3 -W ignore:setup.py install is deprecated -W ignore:easy_install command is deprecated setup.py egg_info --egg-base ../../build/lab_pubsub build --build-base /home/luz/Escritorio/Robotica/week2/lab1_ws/build/lab_pubsub/build install --record /home/luz/Escritorio/Robotica/week2/lab1_ws/build/lab_pubsub/install.log --single-version-externally-managed install_data
