[  1%] [32mBuilding CXX object libstage/CMakeFiles/stage.dir/file_manager.cc.o[0m
[  3%] [32mBuilding CXX object libstage/CMakeFiles/stage.dir/worldgui.cc.o[0m
[  5%] [32mBuilding CXX object libstage/CMakeFiles/stage.dir/stage.cc.o[0m
[  6%] [32mBuilding CXX object libstage/CMakeFiles/stage.dir/model.cc.o[0m
[  8%] [32m[1mLinking CXX shared library libstage.so[0m
[ 57%] Built target stage
[ 61%] [32m[1mLinking CXX shared module sink.so[0m
[ 61%] [32mBuilding CXX object libstage/CMakeFiles/stagebinary.dir/main.cc.o[0m
[ 62%] [32m[1mLinking CXX shared module fasr.so[0m
[ 64%] [32m[1mLinking CXX shared module wander.so[0m
[ 66%] [32m[1mLinking CXX shared module pioneer_flocking.so[0m
[ 67%] [32m[1mLinking CXX shared module lasernoise.so[0m
[ 69%] [32m[1mLinking CXX shared module rasterize.so[0m
[ 72%] [32m[1mLinking CXX shared module dynamic.so[0m
[ 72%] [32m[1mLinking CXX shared module source.so[0m
[ 74%] [32m[1mLinking CXX shared module expand_swarm.so[0m
[ 76%] [32m[1mLinking CXX shared module expand_pioneer.so[0m
[ 77%] [32m[1mLinking CXX shared module fasr2.so[0m
[ 79%] Built target rasterize
[ 81%] Built target wander
[ 83%] Built target sink
[ 84%] Built target dynamic
[ 86%] Built target lasernoise
[ 88%] Built target source
[ 89%] Built target fasr
[ 91%] Built target expand_pioneer
[ 93%] Built target expand_swarm
[ 98%] Built target fasr2
[ 98%] Built target pioneer_flocking
[100%] [32m[1mLinking CXX executable stage[0m
[100%] Built target stagebinary
-- Install configuration: "RELEASE"
-- Up-to-date: /home/luz/Escritorio/Robotica/week9/ros2_ws/install/stage/lib/pkgconfig/stage.pc
-- Up-to-date: /home/luz/Escritorio/Robotica/week9/ros2_ws/install/stage/lib/cmake/Stage/stage-config.cmake
-- Up-to-date: /home/luz/Escritorio/Robotica/week9/ros2_ws/install/stage/lib/cmake/Stage/stage-config-version.cmake
-- Installing: /home/luz/Escritorio/Robotica/week9/ros2_ws/install/stage/bin/stage
-- Set runtime path of "/home/luz/Escritorio/Robotica/week9/ros2_ws/install/stage/bin/stage" to ""
-- Installing: /home/luz/Escritorio/Robotica/week9/ros2_ws/install/stage/lib/libstage.so.4.3.0
-- Up-to-date: /home/luz/Escritorio/Robotica/week9/ros2_ws/install/stage/lib/libstage.so
-- Up-to-date: /home/luz/Escritorio/Robotica/week9/ros2_ws/install/stage/include/Stage-4.3/stage.hh
-- Installing: /home/luz/Escritorio/Robotica/week9/ros2_ws/install/stage/lib/Stage-4.3/fasr.so
-- Set runtime path of "/home/luz/Escritorio/Robotica/week9/ros2_ws/install/stage/lib/Stage-4.3/fasr.so" to ""
-- Installing: /home/luz/Escritorio/Robotica/week9/ros2_ws/install/stage/lib/Stage-4.3/sink.so
-- Set runtime path of "/home/luz/Escritorio/Robotica/week9/ros2_ws/install/stage/lib/Stage-4.3/sink.so" to ""
-- Installing: /home/luz/Escritorio/Robotica/week9/ros2_ws/install/stage/lib/Stage-4.3/source.so
-- Set runtime path of "/home/luz/Escritorio/Robotica/week9/ros2_ws/install/stage/lib/Stage-4.3/source.so" to ""
-- Installing: /home/luz/Escritorio/Robotica/week9/ros2_ws/install/stage/lib/Stage-4.3/wander.so
-- Set runtime path of "/home/luz/Escritorio/Robotica/week9/ros2_ws/install/stage/lib/Stage-4.3/wander.so" to ""
-- Installing: /home/luz/Escritorio/Robotica/week9/ros2_ws/install/stage/lib/Stage-4.3/pioneer_flocking.so
-- Set runtime path of "/home/luz/Escritorio/Robotica/week9/ros2_ws/install/stage/lib/Stage-4.3/pioneer_flocking.so" to ""
-- Installing: /home/luz/Escritorio/Robotica/week9/ros2_ws/install/stage/lib/Stage-4.3/rasterize.so
-- Set runtime path of "/home/luz/Escritorio/Robotica/week9/ros2_ws/install/stage/lib/Stage-4.3/rasterize.so" to ""
-- Installing: /home/luz/Escritorio/Robotica/week9/ros2_ws/install/stage/lib/Stage-4.3/lasernoise.so
-- Set runtime path of "/home/luz/Escritorio/Robotica/week9/ros2_ws/install/stage/lib/Stage-4.3/lasernoise.so" to ""
-- Installing: /home/luz/Escritorio/Robotica/week9/ros2_ws/install/stage/lib/Stage-4.3/dynamic.so
-- Set runtime path of "/home/luz/Escritorio/Robotica/week9/ros2_ws/install/stage/lib/Stage-4.3/dynamic.so" to ""
-- Installing: /home/luz/Escritorio/Robotica/week9/ros2_ws/install/stage/lib/Stage-4.3/fasr2.so
-- Set runtime path of "/home/luz/Escritorio/Robotica/week9/ros2_ws/install/stage/lib/Stage-4.3/fasr2.so" to ""
-- Up-to-date: /home/luz/Escritorio/Robotica/week9/ros2_ws/install/stage/share/stage/assets/blue.png
-- Up-to-date: /home/luz/Escritorio/Robotica/week9/ros2_ws/install/stage/share/stage/assets/death.png
-- Up-to-date: /home/luz/Escritorio/Robotica/week9/ros2_ws/install/stage/share/stage/assets/green.png
-- Up-to-date: /home/luz/Escritorio/Robotica/week9/ros2_ws/install/stage/share/stage/assets/logo.png
-- Up-to-date: /home/luz/Escritorio/Robotica/week9/ros2_ws/install/stage/share/stage/assets/mains.png
-- Up-to-date: /home/luz/Escritorio/Robotica/week9/ros2_ws/install/stage/share/stage/assets/mainspower.png
-- Up-to-date: /home/luz/Escritorio/Robotica/week9/ros2_ws/install/stage/share/stage/assets/question_mark.png
-- Up-to-date: /home/luz/Escritorio/Robotica/week9/ros2_ws/install/stage/share/stage/assets/red.png
-- Up-to-date: /home/luz/Escritorio/Robotica/week9/ros2_ws/install/stage/share/stage/assets/stagelogo.png
-- Up-to-date: /home/luz/Escritorio/Robotica/week9/ros2_ws/install/stage/share/stage/assets/stall-old.png
-- Up-to-date: /home/luz/Escritorio/Robotica/week9/ros2_ws/install/stage/share/stage/assets/stall.png
-- Up-to-date: /home/luz/Escritorio/Robotica/week9/ros2_ws/install/stage/share/stage/assets/rgb.txt
-- Up-to-date: /home/luz/Escritorio/Robotica/week9/ros2_ws/install/stage/share/stage/rgb.txt
-- Up-to-date: /home/luz/Escritorio/Robotica/week9/ros2_ws/install/stage/share/stage/worlds/amcl-sonar.cfg
-- Up-to-date: /home/luz/Escritorio/Robotica/week9/ros2_ws/install/stage/share/stage/worlds/autolab.cfg
-- Up-to-date: /home/luz/Escritorio/Robotica/week9/ros2_ws/install/stage/share/stage/worlds/camera.cfg
-- Up-to-date: /home/luz/Escritorio/Robotica/week9/ros2_ws/install/stage/share/stage/worlds/everything.cfg
-- Up-to-date: /home/luz/Escritorio/Robotica/week9/ros2_ws/install/stage/share/stage/worlds/lsp_test.cfg
-- Up-to-date: /home/luz/Escritorio/Robotica/week9/ros2_ws/install/stage/share/stage/worlds/mbicp.cfg
-- Up-to-date: /home/luz/Escritorio/Robotica/week9/ros2_ws/install/stage/share/stage/worlds/nd.cfg
-- Up-to-date: /home/luz/Escritorio/Robotica/week9/ros2_ws/install/stage/share/stage/worlds/roomba.cfg
-- Up-to-date: /home/luz/Escritorio/Robotica/week9/ros2_ws/install/stage/share/stage/worlds/simple.cfg
-- Up-to-date: /home/luz/Escritorio/Robotica/week9/ros2_ws/install/stage/share/stage/worlds/test.cfg
-- Up-to-date: /home/luz/Escritorio/Robotica/week9/ros2_ws/install/stage/share/stage/worlds/uoa_robotics_lab.cfg
-- Up-to-date: /home/luz/Escritorio/Robotica/week9/ros2_ws/install/stage/share/stage/worlds/vfh.cfg
-- Up-to-date: /home/luz/Escritorio/Robotica/week9/ros2_ws/install/stage/share/stage/worlds/wavefront-remote.cfg
-- Up-to-date: /home/luz/Escritorio/Robotica/week9/ros2_ws/install/stage/share/stage/worlds/wavefront.cfg
-- Up-to-date: /home/luz/Escritorio/Robotica/week9/ros2_ws/install/stage/share/stage/worlds/wifi.cfg
-- Up-to-date: /home/luz/Escritorio/Robotica/week9/ros2_ws/install/stage/share/stage/worlds/SFU.world
-- Up-to-date: /home/luz/Escritorio/Robotica/week9/ros2_ws/install/stage/share/stage/worlds/autolab.world
-- Up-to-date: /home/luz/Escritorio/Robotica/week9/ros2_ws/install/stage/share/stage/worlds/camera.world
-- Up-to-date: /home/luz/Escritorio/Robotica/week9/ros2_ws/install/stage/share/stage/worlds/circuit.world
-- Up-to-date: /home/luz/Escritorio/Robotica/week9/ros2_ws/install/stage/share/stage/worlds/everything.world
-- Up-to-date: /home/luz/Escritorio/Robotica/week9/ros2_ws/install/stage/share/stage/worlds/fasr.world
-- Up-to-date: /home/luz/Escritorio/Robotica/week9/ros2_ws/install/stage/share/stage/worlds/fasr2.world
-- Up-to-date: /home/luz/Escritorio/Robotica/week9/ros2_ws/install/stage/share/stage/worlds/fasr_plan.world
-- Up-to-date: /home/luz/Escritorio/Robotica/week9/ros2_ws/install/stage/share/stage/worlds/large.world
-- Up-to-date: /home/luz/Escritorio/Robotica/week9/ros2_ws/install/stage/share/stage/worlds/lsp_test.world
-- Up-to-date: /home/luz/Escritorio/Robotica/week9/ros2_ws/install/stage/share/stage/worlds/mbicp.world
-- Up-to-date: /home/luz/Escritorio/Robotica/week9/ros2_ws/install/stage/share/stage/worlds/pioneer_flocking.world
-- Up-to-date: /home/luz/Escritorio/Robotica/week9/ros2_ws/install/stage/share/stage/worlds/pioneer_follow.world
-- Up-to-date: /home/luz/Escritorio/Robotica/week9/ros2_ws/install/stage/share/stage/worlds/pioneer_walle.world
-- Up-to-date: /home/luz/Escritorio/Robotica/week9/ros2_ws/install/stage/share/stage/worlds/roomba.world
-- Up-to-date: /home/luz/Escritorio/Robotica/week9/ros2_ws/install/stage/share/stage/worlds/sensor_noise_demo.world
-- Up-to-date: /home/luz/Escritorio/Robotica/week9/ros2_ws/install/stage/share/stage/worlds/sensor_noise_module_demo.world
-- Up-to-date: /home/luz/Escritorio/Robotica/week9/ros2_ws/install/stage/share/stage/worlds/simple.world
-- Up-to-date: /home/luz/Escritorio/Robotica/week9/ros2_ws/install/stage/share/stage/worlds/uoa_robotics_lab.world
-- Up-to-date: /home/luz/Escritorio/Robotica/week9/ros2_ws/install/stage/share/stage/worlds/wifi.world
-- Up-to-date: /home/luz/Escritorio/Robotica/week9/ros2_ws/install/stage/share/stage/worlds/beacons.inc
-- Up-to-date: /home/luz/Escritorio/Robotica/week9/ros2_ws/install/stage/share/stage/worlds/chatterbox.inc
-- Up-to-date: /home/luz/Escritorio/Robotica/week9/ros2_ws/install/stage/share/stage/worlds/hokuyo.inc
-- Up-to-date: /home/luz/Escritorio/Robotica/week9/ros2_ws/install/stage/share/stage/worlds/irobot.inc
-- Up-to-date: /home/luz/Escritorio/Robotica/week9/ros2_ws/install/stage/share/stage/worlds/map.inc
-- Up-to-date: /home/luz/Escritorio/Robotica/week9/ros2_ws/install/stage/share/stage/worlds/objects.inc
-- Up-to-date: /home/luz/Escritorio/Robotica/week9/ros2_ws/install/stage/share/stage/worlds/pantilt.inc
-- Up-to-date: /home/luz/Escritorio/Robotica/week9/ros2_ws/install/stage/share/stage/worlds/pioneer.inc
-- Up-to-date: /home/luz/Escritorio/Robotica/week9/ros2_ws/install/stage/share/stage/worlds/sick.inc
-- Up-to-date: /home/luz/Escritorio/Robotica/week9/ros2_ws/install/stage/share/stage/worlds/ubot.inc
-- Up-to-date: /home/luz/Escritorio/Robotica/week9/ros2_ws/install/stage/share/stage/worlds/uoa_robotics_lab_models.inc
-- Up-to-date: /home/luz/Escritorio/Robotica/week9/ros2_ws/install/stage/share/stage/worlds/walle.inc
-- Up-to-date: /home/luz/Escritorio/Robotica/week9/ros2_ws/install/stage/share/stage/worlds/cfggen.sh
-- Up-to-date: /home/luz/Escritorio/Robotica/week9/ros2_ws/install/stage/share/stage/worlds/test.sh
-- Up-to-date: /home/luz/Escritorio/Robotica/week9/ros2_ws/install/stage/share/stage/worlds/worldgen.sh
-- Installing: /home/luz/Escritorio/Robotica/week9/ros2_ws/install/stage/lib/Stage-4.3/expand_swarm.so
-- Set runtime path of "/home/luz/Escritorio/Robotica/week9/ros2_ws/install/stage/lib/Stage-4.3/expand_swarm.so" to ""
-- Installing: /home/luz/Escritorio/Robotica/week9/ros2_ws/install/stage/lib/Stage-4.3/expand_pioneer.so
-- Set runtime path of "/home/luz/Escritorio/Robotica/week9/ros2_ws/install/stage/lib/Stage-4.3/expand_pioneer.so" to ""
-- Up-to-date: /home/luz/Escritorio/Robotica/week9/ros2_ws/install/stage/share/stage/worlds/bitmaps/889_05.png
-- Up-to-date: /home/luz/Escritorio/Robotica/week9/ros2_ws/install/stage/share/stage/worlds/bitmaps/SFU_1200x615.png
-- Up-to-date: /home/luz/Escritorio/Robotica/week9/ros2_ws/install/stage/share/stage/worlds/bitmaps/SRI-AIC-kwing.png
-- Up-to-date: /home/luz/Escritorio/Robotica/week9/ros2_ws/install/stage/share/stage/worlds/bitmaps/autolab.png
-- Up-to-date: /home/luz/Escritorio/Robotica/week9/ros2_ws/install/stage/share/stage/worlds/bitmaps/cave.png
-- Up-to-date: /home/luz/Escritorio/Robotica/week9/ros2_ws/install/stage/share/stage/worlds/bitmaps/cave_compact.png
-- Up-to-date: /home/luz/Escritorio/Robotica/week9/ros2_ws/install/stage/share/stage/worlds/bitmaps/cave_filled.png
-- Up-to-date: /home/luz/Escritorio/Robotica/week9/ros2_ws/install/stage/share/stage/worlds/bitmaps/frieburg.png
-- Up-to-date: /home/luz/Escritorio/Robotica/week9/ros2_ws/install/stage/share/stage/worlds/bitmaps/ghost.png
-- Up-to-date: /home/luz/Escritorio/Robotica/week9/ros2_ws/install/stage/share/stage/worlds/bitmaps/hospital.png
-- Up-to-date: /home/luz/Escritorio/Robotica/week9/ros2_ws/install/stage/share/stage/worlds/bitmaps/hospital_section.png
-- Up-to-date: /home/luz/Escritorio/Robotica/week9/ros2_ws/install/stage/share/stage/worlds/bitmaps/human_outline.png
-- Up-to-date: /home/luz/Escritorio/Robotica/week9/ros2_ws/install/stage/share/stage/worlds/bitmaps/mbicp.png
-- Up-to-date: /home/luz/Escritorio/Robotica/week9/ros2_ws/install/stage/share/stage/worlds/bitmaps/rink.png
-- Up-to-date: /home/luz/Escritorio/Robotica/week9/ros2_ws/install/stage/share/stage/worlds/bitmaps/sal2.png
-- Up-to-date: /home/luz/Escritorio/Robotica/week9/ros2_ws/install/stage/share/stage/worlds/bitmaps/simple_rooms.png
-- Up-to-date: /home/luz/Escritorio/Robotica/week9/ros2_ws/install/stage/share/stage/worlds/bitmaps/space_invader.png
-- Up-to-date: /home/luz/Escritorio/Robotica/week9/ros2_ws/install/stage/share/stage/worlds/bitmaps/submarine.png
-- Up-to-date: /home/luz/Escritorio/Robotica/week9/ros2_ws/install/stage/share/stage/worlds/bitmaps/submarine_small.png
-- Up-to-date: /home/luz/Escritorio/Robotica/week9/ros2_ws/install/stage/share/stage/worlds/bitmaps/table.png
-- Up-to-date: /home/luz/Escritorio/Robotica/week9/ros2_ws/install/stage/share/stage/worlds/bitmaps/uoa_robotics_lab.png
-- Up-to-date: /home/luz/Escritorio/Robotica/week9/ros2_ws/install/stage/share/stage/worlds/wifi/commando.world
-- Up-to-date: /home/luz/Escritorio/Robotica/week9/ros2_ws/install/stage/share/stage/worlds/wifi/hosp_wifi.world
-- Up-to-date: /home/luz/Escritorio/Robotica/week9/ros2_ws/install/stage/share/stage/worlds/wifi/hosp_wifi_5.world
-- Up-to-date: /home/luz/Escritorio/Robotica/week9/ros2_ws/install/stage/share/stage/worlds/wifi/wifi.world
-- Up-to-date: /home/luz/Escritorio/Robotica/week9/ros2_ws/install/stage/share/stage/worlds/wifi/wifi_itu.world
-- Up-to-date: /home/luz/Escritorio/Robotica/week9/ros2_ws/install/stage/share/stage/worlds/wifi/wifi_logdistance.world
-- Up-to-date: /home/luz/Escritorio/Robotica/week9/ros2_ws/install/stage/share/stage/worlds/wifi/wifi_ray.world
-- Up-to-date: /home/luz/Escritorio/Robotica/week9/ros2_ws/install/stage/share/stage/worlds/wifi/wifi_simple.world
-- Up-to-date: /home/luz/Escritorio/Robotica/week9/ros2_ws/install/stage/share/stage/worlds/wifi/map.inc
