[0.367s] Invoking command in '/home/luz/Escritorio/Robotica/week2/lab1ej2_ws/src/lab_p_ps_s': PYTHONPATH=/home/luz/Escritorio/Robotica/week2/lab1ej2_ws/build/lab_p_ps_s/prefix_override:/usr/lib/python3/dist-packages/colcon_core/task/python/colcon_distutils_commands:/home/luz/Escritorio/Robotica/week2/lab1ej2_ws/install/lab_p_ps_s/lib/python3.10/site-packages:${PYTHONPATH} /usr/bin/python3 -W ignore:setup.py install is deprecated -W ignore:easy_install command is deprecated setup.py egg_info --egg-base ../../build/lab_p_ps_s build --build-base /home/luz/Escritorio/Robotica/week2/lab1ej2_ws/build/lab_p_ps_s/build install --record /home/luz/Escritorio/Robotica/week2/lab1ej2_ws/build/lab_p_ps_s/install.log --single-version-externally-managed install_data
[0.518s] running egg_info
[0.518s] writing ../../build/lab_p_ps_s/lab_p_ps_s.egg-info/PKG-INFO
[0.518s] writing dependency_links to ../../build/lab_p_ps_s/lab_p_ps_s.egg-info/dependency_links.txt
[0.519s] writing entry points to ../../build/lab_p_ps_s/lab_p_ps_s.egg-info/entry_points.txt
[0.519s] writing requirements to ../../build/lab_p_ps_s/lab_p_ps_s.egg-info/requires.txt
[0.519s] writing top-level names to ../../build/lab_p_ps_s/lab_p_ps_s.egg-info/top_level.txt
[0.520s] reading manifest file '../../build/lab_p_ps_s/lab_p_ps_s.egg-info/SOURCES.txt'
[0.520s] adding license file 'LICENSE'
[0.520s] writing manifest file '../../build/lab_p_ps_s/lab_p_ps_s.egg-info/SOURCES.txt'
[0.520s] running build
[0.521s] running build_py
[0.521s] copying lab_p_ps_s/destino.py -> /home/luz/Escritorio/Robotica/week2/lab1ej2_ws/build/lab_p_ps_s/build/lib/lab_p_ps_s
[0.521s] copying lab_p_ps_s/process.py -> /home/luz/Escritorio/Robotica/week2/lab1ej2_ws/build/lab_p_ps_s/build/lib/lab_p_ps_s
[0.521s] copying lab_p_ps_s/origen.py -> /home/luz/Escritorio/Robotica/week2/lab1ej2_ws/build/lab_p_ps_s/build/lib/lab_p_ps_s
[0.521s] running install
[0.521s] running install_lib
[0.522s] copying /home/luz/Escritorio/Robotica/week2/lab1ej2_ws/build/lab_p_ps_s/build/lib/lab_p_ps_s/destino.py -> /home/luz/Escritorio/Robotica/week2/lab1ej2_ws/install/lab_p_ps_s/lib/python3.10/site-packages/lab_p_ps_s
[0.522s] copying /home/luz/Escritorio/Robotica/week2/lab1ej2_ws/build/lab_p_ps_s/build/lib/lab_p_ps_s/process.py -> /home/luz/Escritorio/Robotica/week2/lab1ej2_ws/install/lab_p_ps_s/lib/python3.10/site-packages/lab_p_ps_s
[0.522s] copying /home/luz/Escritorio/Robotica/week2/lab1ej2_ws/build/lab_p_ps_s/build/lib/lab_p_ps_s/origen.py -> /home/luz/Escritorio/Robotica/week2/lab1ej2_ws/install/lab_p_ps_s/lib/python3.10/site-packages/lab_p_ps_s
[0.522s] byte-compiling /home/luz/Escritorio/Robotica/week2/lab1ej2_ws/install/lab_p_ps_s/lib/python3.10/site-packages/lab_p_ps_s/destino.py to destino.cpython-310.pyc
[0.523s] byte-compiling /home/luz/Escritorio/Robotica/week2/lab1ej2_ws/install/lab_p_ps_s/lib/python3.10/site-packages/lab_p_ps_s/process.py to process.cpython-310.pyc
[0.523s] byte-compiling /home/luz/Escritorio/Robotica/week2/lab1ej2_ws/install/lab_p_ps_s/lib/python3.10/site-packages/lab_p_ps_s/origen.py to origen.cpython-310.pyc
[0.523s] running install_data
[0.523s] running install_egg_info
[0.524s] removing '/home/luz/Escritorio/Robotica/week2/lab1ej2_ws/install/lab_p_ps_s/lib/python3.10/site-packages/lab_p_ps_s-0.0.0-py3.10.egg-info' (and everything under it)
[0.524s] Copying ../../build/lab_p_ps_s/lab_p_ps_s.egg-info to /home/luz/Escritorio/Robotica/week2/lab1ej2_ws/install/lab_p_ps_s/lib/python3.10/site-packages/lab_p_ps_s-0.0.0-py3.10.egg-info
[0.526s] running install_scripts
[0.544s] Installing Destino script to /home/luz/Escritorio/Robotica/week2/lab1ej2_ws/install/lab_p_ps_s/lib/lab_p_ps_s
[0.544s] Installing Origen script to /home/luz/Escritorio/Robotica/week2/lab1ej2_ws/install/lab_p_ps_s/lib/lab_p_ps_s
[0.544s] Installing Process script to /home/luz/Escritorio/Robotica/week2/lab1ej2_ws/install/lab_p_ps_s/lib/lab_p_ps_s
[0.544s] writing list of installed files to '/home/luz/Escritorio/Robotica/week2/lab1ej2_ws/build/lab_p_ps_s/install.log'
[0.561s] Invoked command in '/home/luz/Escritorio/Robotica/week2/lab1ej2_ws/src/lab_p_ps_s' returned '0': PYTHONPATH=/home/luz/Escritorio/Robotica/week2/lab1ej2_ws/build/lab_p_ps_s/prefix_override:/usr/lib/python3/dist-packages/colcon_core/task/python/colcon_distutils_commands:/home/luz/Escritorio/Robotica/week2/lab1ej2_ws/install/lab_p_ps_s/lib/python3.10/site-packages:${PYTHONPATH} /usr/bin/python3 -W ignore:setup.py install is deprecated -W ignore:easy_install command is deprecated setup.py egg_info --egg-base ../../build/lab_p_ps_s build --build-base /home/luz/Escritorio/Robotica/week2/lab1ej2_ws/build/lab_p_ps_s/build install --record /home/luz/Escritorio/Robotica/week2/lab1ej2_ws/build/lab_p_ps_s/install.log --single-version-externally-managed install_data
