[0.677s] Invoking command in '/home/luz/Escritorio/Robotica/week3/lab2_ws/src/rotations_pkg': AMENT_PREFIX_PATH=/home/luz/Escritorio/Robotica/week3/lab2_ws/install/ucb_interfaces:${AMENT_PREFIX_PATH} CMAKE_PREFIX_PATH=/home/luz/Escritorio/Robotica/week3/lab2_ws/install/ucb_interfaces LD_LIBRARY_PATH=/home/luz/Escritorio/Robotica/week3/lab2_ws/install/ucb_interfaces/lib:${LD_LIBRARY_PATH} PYTHONPATH=/home/luz/Escritorio/Robotica/week3/lab2_ws/build/rotations_pkg/prefix_override:/usr/lib/python3/dist-packages/colcon_core/task/python/colcon_distutils_commands:/home/luz/Escritorio/Robotica/week3/lab2_ws/install/rotations_pkg/lib/python3.10/site-packages:/home/luz/Escritorio/Robotica/week3/lab2_ws/install/ucb_interfaces/local/lib/python3.10/dist-packages:${PYTHONPATH} /usr/bin/python3 -W ignore:setup.py install is deprecated -W ignore:easy_install command is deprecated setup.py egg_info --egg-base ../../build/rotations_pkg build --build-base /home/luz/Escritorio/Robotica/week3/lab2_ws/build/rotations_pkg/build install --record /home/luz/Escritorio/Robotica/week3/lab2_ws/build/rotations_pkg/install.log --single-version-externally-managed install_data
[0.942s] running egg_info
[0.942s] writing ../../build/rotations_pkg/rotations_pkg.egg-info/PKG-INFO
[0.943s] writing dependency_links to ../../build/rotations_pkg/rotations_pkg.egg-info/dependency_links.txt
[0.943s] writing entry points to ../../build/rotations_pkg/rotations_pkg.egg-info/entry_points.txt
[0.943s] writing requirements to ../../build/rotations_pkg/rotations_pkg.egg-info/requires.txt
[0.943s] writing top-level names to ../../build/rotations_pkg/rotations_pkg.egg-info/top_level.txt
[0.945s] reading manifest file '../../build/rotations_pkg/rotations_pkg.egg-info/SOURCES.txt'
[0.945s] adding license file 'LICENSE'
[0.946s] writing manifest file '../../build/rotations_pkg/rotations_pkg.egg-info/SOURCES.txt'
[0.946s] running build
[0.946s] running build_py
[0.947s] running install
[0.947s] running install_lib
[0.949s] running install_data
[0.949s] running install_egg_info
[0.951s] removing '/home/luz/Escritorio/Robotica/week3/lab2_ws/install/rotations_pkg/lib/python3.10/site-packages/rotations_pkg-0.0.0-py3.10.egg-info' (and everything under it)
[0.952s] Copying ../../build/rotations_pkg/rotations_pkg.egg-info to /home/luz/Escritorio/Robotica/week3/lab2_ws/install/rotations_pkg/lib/python3.10/site-packages/rotations_pkg-0.0.0-py3.10.egg-info
[0.953s] running install_scripts
[0.982s] Installing angulo script to /home/luz/Escritorio/Robotica/week3/lab2_ws/install/rotations_pkg/lib/rotations_pkg
[0.982s] Installing cliente_rotacion script to /home/luz/Escritorio/Robotica/week3/lab2_ws/install/rotations_pkg/lib/rotations_pkg
[0.982s] Installing matriz script to /home/luz/Escritorio/Robotica/week3/lab2_ws/install/rotations_pkg/lib/rotations_pkg
[0.983s] Installing servidor_rotacion script to /home/luz/Escritorio/Robotica/week3/lab2_ws/install/rotations_pkg/lib/rotations_pkg
[0.983s] writing list of installed files to '/home/luz/Escritorio/Robotica/week3/lab2_ws/build/rotations_pkg/install.log'
[1.013s] Invoked command in '/home/luz/Escritorio/Robotica/week3/lab2_ws/src/rotations_pkg' returned '0': AMENT_PREFIX_PATH=/home/luz/Escritorio/Robotica/week3/lab2_ws/install/ucb_interfaces:${AMENT_PREFIX_PATH} CMAKE_PREFIX_PATH=/home/luz/Escritorio/Robotica/week3/lab2_ws/install/ucb_interfaces LD_LIBRARY_PATH=/home/luz/Escritorio/Robotica/week3/lab2_ws/install/ucb_interfaces/lib:${LD_LIBRARY_PATH} PYTHONPATH=/home/luz/Escritorio/Robotica/week3/lab2_ws/build/rotations_pkg/prefix_override:/usr/lib/python3/dist-packages/colcon_core/task/python/colcon_distutils_commands:/home/luz/Escritorio/Robotica/week3/lab2_ws/install/rotations_pkg/lib/python3.10/site-packages:/home/luz/Escritorio/Robotica/week3/lab2_ws/install/ucb_interfaces/local/lib/python3.10/dist-packages:${PYTHONPATH} /usr/bin/python3 -W ignore:setup.py install is deprecated -W ignore:easy_install command is deprecated setup.py egg_info --egg-base ../../build/rotations_pkg build --build-base /home/luz/Escritorio/Robotica/week3/lab2_ws/build/rotations_pkg/build install --record /home/luz/Escritorio/Robotica/week3/lab2_ws/build/rotations_pkg/install.log --single-version-externally-managed install_data
