[0.158s] Invoking command in '/home/luz/Escritorio/Robotica/week3/lab2_ws/build/ucb_interfaces': CMAKE_PREFIX_PATH=${CMAKE_PREFIX_PATH}:/home/luz/Escritorio/Robotica/week3/lab2_ws/install/rotations_pkg:/opt/ros/humble /usr/bin/cmake --build /home/luz/Escritorio/Robotica/week3/lab2_ws/build/ucb_interfaces -- -j12 -l12
[0.191s] [35m[1mConsolidate compiler generated dependencies of target ucb_interfaces__rosidl_generator_c[0m
[0.196s] [  3%] Built target ucb_interfaces__cpp
[0.200s] [ 12%] Built target ucb_interfaces__rosidl_generator_c
[0.202s] [ 12%] Built target ament_cmake_python_copy_ucb_interfaces
[0.204s] [35m[1mConsolidate compiler generated dependencies of target ucb_interfaces__rosidl_typesupport_cpp[0m
[0.206s] [35m[1mConsolidate compiler generated dependencies of target ucb_interfaces__rosidl_typesupport_introspection_cpp[0m
[0.206s] [35m[1mConsolidate compiler generated dependencies of target ucb_interfaces__rosidl_typesupport_fastrtps_cpp[0m
[0.206s] [35m[1mConsolidate compiler generated dependencies of target ucb_interfaces__rosidl_typesupport_introspection_c[0m
[0.206s] [35m[1mConsolidate compiler generated dependencies of target ucb_interfaces__rosidl_typesupport_fastrtps_c[0m
[0.210s] [35m[1mConsolidate compiler generated dependencies of target ucb_interfaces__rosidl_typesupport_c[0m
[0.212s] [ 22%] Built target ucb_interfaces__rosidl_typesupport_cpp
[0.215s] [ 32%] Built target ucb_interfaces__rosidl_typesupport_introspection_c
[0.215s] [ 41%] Built target ucb_interfaces__rosidl_typesupport_fastrtps_c
[0.216s] [ 51%] Built target ucb_interfaces__rosidl_typesupport_fastrtps_cpp
[0.218s] [ 61%] Built target ucb_interfaces__rosidl_typesupport_introspection_cpp
[0.221s] [ 70%] Built target ucb_interfaces__rosidl_typesupport_c
[0.238s] [ 70%] Built target ucb_interfaces
[0.255s] [ 74%] Built target ucb_interfaces__py
[0.265s] [35m[1mConsolidate compiler generated dependencies of target ucb_interfaces__rosidl_generator_py[0m
[0.278s] [ 80%] Built target ucb_interfaces__rosidl_generator_py
[0.286s] [35m[1mConsolidate compiler generated dependencies of target ucb_interfaces__rosidl_typesupport_introspection_c__pyext[0m
[0.289s] [35m[1mConsolidate compiler generated dependencies of target ucb_interfaces__rosidl_typesupport_c__pyext[0m
[0.289s] [35m[1mConsolidate compiler generated dependencies of target ucb_interfaces__rosidl_typesupport_fastrtps_c__pyext[0m
[0.296s] [ 87%] Built target ucb_interfaces__rosidl_typesupport_fastrtps_c__pyext
[0.297s] [ 93%] Built target ucb_interfaces__rosidl_typesupport_introspection_c__pyext
[0.301s] [100%] Built target ucb_interfaces__rosidl_typesupport_c__pyext
[0.351s] running egg_info
[0.351s] writing ucb_interfaces.egg-info/PKG-INFO
[0.351s] writing dependency_links to ucb_interfaces.egg-info/dependency_links.txt
[0.352s] writing top-level names to ucb_interfaces.egg-info/top_level.txt
[0.353s] reading manifest file 'ucb_interfaces.egg-info/SOURCES.txt'
[0.353s] writing manifest file 'ucb_interfaces.egg-info/SOURCES.txt'
[0.376s] [100%] Built target ament_cmake_python_build_ucb_interfaces_egg
[0.384s] Invoked command in '/home/luz/Escritorio/Robotica/week3/lab2_ws/build/ucb_interfaces' returned '0': CMAKE_PREFIX_PATH=${CMAKE_PREFIX_PATH}:/home/luz/Escritorio/Robotica/week3/lab2_ws/install/rotations_pkg:/opt/ros/humble /usr/bin/cmake --build /home/luz/Escritorio/Robotica/week3/lab2_ws/build/ucb_interfaces -- -j12 -l12
[0.394s] Invoking command in '/home/luz/Escritorio/Robotica/week3/lab2_ws/build/ucb_interfaces': CMAKE_PREFIX_PATH=${CMAKE_PREFIX_PATH}:/home/luz/Escritorio/Robotica/week3/lab2_ws/install/rotations_pkg:/opt/ros/humble /usr/bin/cmake --install /home/luz/Escritorio/Robotica/week3/lab2_ws/build/ucb_interfaces
[0.402s] -- Install configuration: ""
[0.402s] -- Up-to-date: /home/luz/Escritorio/Robotica/week3/lab2_ws/install/ucb_interfaces/share/ament_index/resource_index/rosidl_interfaces/ucb_interfaces
[0.402s] -- Up-to-date: /home/luz/Escritorio/Robotica/week3/lab2_ws/install/ucb_interfaces/include/ucb_interfaces/ucb_interfaces
[0.402s] -- Up-to-date: /home/luz/Escritorio/Robotica/week3/lab2_ws/install/ucb_interfaces/include/ucb_interfaces/ucb_interfaces/srv
[0.403s] -- Up-to-date: /home/luz/Escritorio/Robotica/week3/lab2_ws/install/ucb_interfaces/include/ucb_interfaces/ucb_interfaces/srv/detail
[0.403s] -- Up-to-date: /home/luz/Escritorio/Robotica/week3/lab2_ws/install/ucb_interfaces/include/ucb_interfaces/ucb_interfaces/srv/detail/rot__functions.h
[0.403s] -- Up-to-date: /home/luz/Escritorio/Robotica/week3/lab2_ws/install/ucb_interfaces/include/ucb_interfaces/ucb_interfaces/srv/detail/rot__functions.c
[0.403s] -- Up-to-date: /home/luz/Escritorio/Robotica/week3/lab2_ws/install/ucb_interfaces/include/ucb_interfaces/ucb_interfaces/srv/detail/rot__type_support.h
[0.403s] -- Up-to-date: /home/luz/Escritorio/Robotica/week3/lab2_ws/install/ucb_interfaces/include/ucb_interfaces/ucb_interfaces/srv/detail/rot__struct.h
[0.403s] -- Up-to-date: /home/luz/Escritorio/Robotica/week3/lab2_ws/install/ucb_interfaces/include/ucb_interfaces/ucb_interfaces/srv/rot.h
[0.403s] -- Up-to-date: /home/luz/Escritorio/Robotica/week3/lab2_ws/install/ucb_interfaces/include/ucb_interfaces/ucb_interfaces/msg
[0.403s] -- Up-to-date: /home/luz/Escritorio/Robotica/week3/lab2_ws/install/ucb_interfaces/include/ucb_interfaces/ucb_interfaces/msg/rosidl_generator_c__visibility_control.h
[0.403s] -- Up-to-date: /home/luz/Escritorio/Robotica/week3/lab2_ws/install/ucb_interfaces/share/ucb_interfaces/environment/library_path.sh
[0.403s] -- Up-to-date: /home/luz/Escritorio/Robotica/week3/lab2_ws/install/ucb_interfaces/share/ucb_interfaces/environment/library_path.dsv
[0.403s] -- Up-to-date: /home/luz/Escritorio/Robotica/week3/lab2_ws/install/ucb_interfaces/lib/libucb_interfaces__rosidl_generator_c.so
[0.403s] -- Up-to-date: /home/luz/Escritorio/Robotica/week3/lab2_ws/install/ucb_interfaces/include/ucb_interfaces/ucb_interfaces
[0.403s] -- Up-to-date: /home/luz/Escritorio/Robotica/week3/lab2_ws/install/ucb_interfaces/include/ucb_interfaces/ucb_interfaces/srv
[0.403s] -- Up-to-date: /home/luz/Escritorio/Robotica/week3/lab2_ws/install/ucb_interfaces/include/ucb_interfaces/ucb_interfaces/srv/detail
[0.403s] -- Up-to-date: /home/luz/Escritorio/Robotica/week3/lab2_ws/install/ucb_interfaces/include/ucb_interfaces/ucb_interfaces/srv/detail/rot__rosidl_typesupport_fastrtps_c.h
[0.403s] -- Up-to-date: /home/luz/Escritorio/Robotica/week3/lab2_ws/install/ucb_interfaces/include/ucb_interfaces/ucb_interfaces/msg
[0.403s] -- Up-to-date: /home/luz/Escritorio/Robotica/week3/lab2_ws/install/ucb_interfaces/include/ucb_interfaces/ucb_interfaces/msg/rosidl_typesupport_fastrtps_c__visibility_control.h
[0.403s] -- Up-to-date: /home/luz/Escritorio/Robotica/week3/lab2_ws/install/ucb_interfaces/lib/libucb_interfaces__rosidl_typesupport_fastrtps_c.so
[0.403s] -- Up-to-date: /home/luz/Escritorio/Robotica/week3/lab2_ws/install/ucb_interfaces/include/ucb_interfaces/ucb_interfaces
[0.403s] -- Up-to-date: /home/luz/Escritorio/Robotica/week3/lab2_ws/install/ucb_interfaces/include/ucb_interfaces/ucb_interfaces/srv
[0.403s] -- Up-to-date: /home/luz/Escritorio/Robotica/week3/lab2_ws/install/ucb_interfaces/include/ucb_interfaces/ucb_interfaces/srv/detail
[0.404s] -- Up-to-date: /home/luz/Escritorio/Robotica/week3/lab2_ws/install/ucb_interfaces/include/ucb_interfaces/ucb_interfaces/srv/detail/rot__type_support.c
[0.404s] -- Up-to-date: /home/luz/Escritorio/Robotica/week3/lab2_ws/install/ucb_interfaces/include/ucb_interfaces/ucb_interfaces/srv/detail/rot__rosidl_typesupport_introspection_c.h
[0.404s] -- Up-to-date: /home/luz/Escritorio/Robotica/week3/lab2_ws/install/ucb_interfaces/include/ucb_interfaces/ucb_interfaces/msg
[0.404s] -- Up-to-date: /home/luz/Escritorio/Robotica/week3/lab2_ws/install/ucb_interfaces/include/ucb_interfaces/ucb_interfaces/msg/rosidl_typesupport_introspection_c__visibility_control.h
[0.404s] -- Up-to-date: /home/luz/Escritorio/Robotica/week3/lab2_ws/install/ucb_interfaces/lib/libucb_interfaces__rosidl_typesupport_introspection_c.so
[0.404s] -- Up-to-date: /home/luz/Escritorio/Robotica/week3/lab2_ws/install/ucb_interfaces/lib/libucb_interfaces__rosidl_typesupport_c.so
[0.404s] -- Up-to-date: /home/luz/Escritorio/Robotica/week3/lab2_ws/install/ucb_interfaces/include/ucb_interfaces/ucb_interfaces
[0.404s] -- Up-to-date: /home/luz/Escritorio/Robotica/week3/lab2_ws/install/ucb_interfaces/include/ucb_interfaces/ucb_interfaces/srv
[0.404s] -- Up-to-date: /home/luz/Escritorio/Robotica/week3/lab2_ws/install/ucb_interfaces/include/ucb_interfaces/ucb_interfaces/srv/detail
[0.404s] -- Up-to-date: /home/luz/Escritorio/Robotica/week3/lab2_ws/install/ucb_interfaces/include/ucb_interfaces/ucb_interfaces/srv/detail/rot__struct.hpp
[0.404s] -- Up-to-date: /home/luz/Escritorio/Robotica/week3/lab2_ws/install/ucb_interfaces/include/ucb_interfaces/ucb_interfaces/srv/detail/rot__traits.hpp
[0.404s] -- Up-to-date: /home/luz/Escritorio/Robotica/week3/lab2_ws/install/ucb_interfaces/include/ucb_interfaces/ucb_interfaces/srv/detail/rot__builder.hpp
[0.404s] -- Up-to-date: /home/luz/Escritorio/Robotica/week3/lab2_ws/install/ucb_interfaces/include/ucb_interfaces/ucb_interfaces/srv/detail/rot__type_support.hpp
[0.404s] -- Up-to-date: /home/luz/Escritorio/Robotica/week3/lab2_ws/install/ucb_interfaces/include/ucb_interfaces/ucb_interfaces/srv/rot.hpp
[0.404s] -- Up-to-date: /home/luz/Escritorio/Robotica/week3/lab2_ws/install/ucb_interfaces/include/ucb_interfaces/ucb_interfaces/msg
[0.404s] -- Up-to-date: /home/luz/Escritorio/Robotica/week3/lab2_ws/install/ucb_interfaces/include/ucb_interfaces/ucb_interfaces/msg/rosidl_generator_cpp__visibility_control.hpp
[0.404s] -- Up-to-date: /home/luz/Escritorio/Robotica/week3/lab2_ws/install/ucb_interfaces/include/ucb_interfaces/ucb_interfaces
[0.404s] -- Up-to-date: /home/luz/Escritorio/Robotica/week3/lab2_ws/install/ucb_interfaces/include/ucb_interfaces/ucb_interfaces/srv
[0.404s] -- Up-to-date: /home/luz/Escritorio/Robotica/week3/lab2_ws/install/ucb_interfaces/include/ucb_interfaces/ucb_interfaces/srv/detail
[0.404s] -- Up-to-date: /home/luz/Escritorio/Robotica/week3/lab2_ws/install/ucb_interfaces/include/ucb_interfaces/ucb_interfaces/srv/detail/dds_fastrtps
[0.404s] -- Up-to-date: /home/luz/Escritorio/Robotica/week3/lab2_ws/install/ucb_interfaces/include/ucb_interfaces/ucb_interfaces/srv/detail/rot__rosidl_typesupport_fastrtps_cpp.hpp
[0.404s] -- Up-to-date: /home/luz/Escritorio/Robotica/week3/lab2_ws/install/ucb_interfaces/include/ucb_interfaces/ucb_interfaces/msg
[0.404s] -- Up-to-date: /home/luz/Escritorio/Robotica/week3/lab2_ws/install/ucb_interfaces/include/ucb_interfaces/ucb_interfaces/msg/rosidl_typesupport_fastrtps_cpp__visibility_control.h
[0.405s] -- Up-to-date: /home/luz/Escritorio/Robotica/week3/lab2_ws/install/ucb_interfaces/lib/libucb_interfaces__rosidl_typesupport_fastrtps_cpp.so
[0.405s] -- Up-to-date: /home/luz/Escritorio/Robotica/week3/lab2_ws/install/ucb_interfaces/include/ucb_interfaces/ucb_interfaces
[0.405s] -- Up-to-date: /home/luz/Escritorio/Robotica/week3/lab2_ws/install/ucb_interfaces/include/ucb_interfaces/ucb_interfaces/srv
[0.405s] -- Up-to-date: /home/luz/Escritorio/Robotica/week3/lab2_ws/install/ucb_interfaces/include/ucb_interfaces/ucb_interfaces/srv/detail
[0.405s] -- Up-to-date: /home/luz/Escritorio/Robotica/week3/lab2_ws/install/ucb_interfaces/include/ucb_interfaces/ucb_interfaces/srv/detail/rot__rosidl_typesupport_introspection_cpp.hpp
[0.405s] -- Up-to-date: /home/luz/Escritorio/Robotica/week3/lab2_ws/install/ucb_interfaces/include/ucb_interfaces/ucb_interfaces/srv/detail/rot__type_support.cpp
[0.405s] -- Up-to-date: /home/luz/Escritorio/Robotica/week3/lab2_ws/install/ucb_interfaces/lib/libucb_interfaces__rosidl_typesupport_introspection_cpp.so
[0.405s] -- Up-to-date: /home/luz/Escritorio/Robotica/week3/lab2_ws/install/ucb_interfaces/lib/libucb_interfaces__rosidl_typesupport_cpp.so
[0.405s] -- Up-to-date: /home/luz/Escritorio/Robotica/week3/lab2_ws/install/ucb_interfaces/share/ucb_interfaces/environment/pythonpath.sh
[0.405s] -- Up-to-date: /home/luz/Escritorio/Robotica/week3/lab2_ws/install/ucb_interfaces/share/ucb_interfaces/environment/pythonpath.dsv
[0.405s] -- Up-to-date: /home/luz/Escritorio/Robotica/week3/lab2_ws/install/ucb_interfaces/local/lib/python3.10/dist-packages/ucb_interfaces-0.0.0-py3.10.egg-info
[0.405s] -- Installing: /home/luz/Escritorio/Robotica/week3/lab2_ws/install/ucb_interfaces/local/lib/python3.10/dist-packages/ucb_interfaces-0.0.0-py3.10.egg-info/PKG-INFO
[0.405s] -- Installing: /home/luz/Escritorio/Robotica/week3/lab2_ws/install/ucb_interfaces/local/lib/python3.10/dist-packages/ucb_interfaces-0.0.0-py3.10.egg-info/top_level.txt
[0.405s] -- Installing: /home/luz/Escritorio/Robotica/week3/lab2_ws/install/ucb_interfaces/local/lib/python3.10/dist-packages/ucb_interfaces-0.0.0-py3.10.egg-info/SOURCES.txt
[0.405s] -- Installing: /home/luz/Escritorio/Robotica/week3/lab2_ws/install/ucb_interfaces/local/lib/python3.10/dist-packages/ucb_interfaces-0.0.0-py3.10.egg-info/dependency_links.txt
[0.405s] -- Up-to-date: /home/luz/Escritorio/Robotica/week3/lab2_ws/install/ucb_interfaces/local/lib/python3.10/dist-packages/ucb_interfaces
[0.405s] -- Up-to-date: /home/luz/Escritorio/Robotica/week3/lab2_ws/install/ucb_interfaces/local/lib/python3.10/dist-packages/ucb_interfaces/ucb_interfaces_s__rosidl_typesupport_introspection_c.cpython-310-x86_64-linux-gnu.so
[0.405s] -- Up-to-date: /home/luz/Escritorio/Robotica/week3/lab2_ws/install/ucb_interfaces/local/lib/python3.10/dist-packages/ucb_interfaces/srv
[0.405s] -- Up-to-date: /home/luz/Escritorio/Robotica/week3/lab2_ws/install/ucb_interfaces/local/lib/python3.10/dist-packages/ucb_interfaces/srv/_rot_s.c
[0.405s] -- Up-to-date: /home/luz/Escritorio/Robotica/week3/lab2_ws/install/ucb_interfaces/local/lib/python3.10/dist-packages/ucb_interfaces/srv/_rot.py
[0.405s] -- Up-to-date: /home/luz/Escritorio/Robotica/week3/lab2_ws/install/ucb_interfaces/local/lib/python3.10/dist-packages/ucb_interfaces/srv/__init__.py
[0.405s] -- Up-to-date: /home/luz/Escritorio/Robotica/week3/lab2_ws/install/ucb_interfaces/local/lib/python3.10/dist-packages/ucb_interfaces/_ucb_interfaces_s.ep.rosidl_typesupport_introspection_c.c
[0.405s] -- Up-to-date: /home/luz/Escritorio/Robotica/week3/lab2_ws/install/ucb_interfaces/local/lib/python3.10/dist-packages/ucb_interfaces/ucb_interfaces_s__rosidl_typesupport_fastrtps_c.cpython-310-x86_64-linux-gnu.so
[0.405s] -- Up-to-date: /home/luz/Escritorio/Robotica/week3/lab2_ws/install/ucb_interfaces/local/lib/python3.10/dist-packages/ucb_interfaces/_ucb_interfaces_s.ep.rosidl_typesupport_fastrtps_c.c
[0.405s] -- Up-to-date: /home/luz/Escritorio/Robotica/week3/lab2_ws/install/ucb_interfaces/local/lib/python3.10/dist-packages/ucb_interfaces/_ucb_interfaces_s.ep.rosidl_typesupport_c.c
[0.406s] -- Up-to-date: /home/luz/Escritorio/Robotica/week3/lab2_ws/install/ucb_interfaces/local/lib/python3.10/dist-packages/ucb_interfaces/libucb_interfaces__rosidl_generator_py.so
[0.406s] -- Up-to-date: /home/luz/Escritorio/Robotica/week3/lab2_ws/install/ucb_interfaces/local/lib/python3.10/dist-packages/ucb_interfaces/__init__.py
[0.406s] -- Up-to-date: /home/luz/Escritorio/Robotica/week3/lab2_ws/install/ucb_interfaces/local/lib/python3.10/dist-packages/ucb_interfaces/ucb_interfaces_s__rosidl_typesupport_c.cpython-310-x86_64-linux-gnu.so
[0.428s] Listing '/home/luz/Escritorio/Robotica/week3/lab2_ws/install/ucb_interfaces/local/lib/python3.10/dist-packages/ucb_interfaces'...
[0.428s] Listing '/home/luz/Escritorio/Robotica/week3/lab2_ws/install/ucb_interfaces/local/lib/python3.10/dist-packages/ucb_interfaces/srv'...
[0.431s] -- Up-to-date: /home/luz/Escritorio/Robotica/week3/lab2_ws/install/ucb_interfaces/local/lib/python3.10/dist-packages/ucb_interfaces/ucb_interfaces_s__rosidl_typesupport_fastrtps_c.cpython-310-x86_64-linux-gnu.so
[0.431s] -- Up-to-date: /home/luz/Escritorio/Robotica/week3/lab2_ws/install/ucb_interfaces/local/lib/python3.10/dist-packages/ucb_interfaces/ucb_interfaces_s__rosidl_typesupport_introspection_c.cpython-310-x86_64-linux-gnu.so
[0.432s] -- Up-to-date: /home/luz/Escritorio/Robotica/week3/lab2_ws/install/ucb_interfaces/local/lib/python3.10/dist-packages/ucb_interfaces/ucb_interfaces_s__rosidl_typesupport_c.cpython-310-x86_64-linux-gnu.so
[0.432s] -- Up-to-date: /home/luz/Escritorio/Robotica/week3/lab2_ws/install/ucb_interfaces/lib/libucb_interfaces__rosidl_generator_py.so
[0.432s] -- Up-to-date: /home/luz/Escritorio/Robotica/week3/lab2_ws/install/ucb_interfaces/share/ucb_interfaces/srv/Rot.idl
[0.432s] -- Up-to-date: /home/luz/Escritorio/Robotica/week3/lab2_ws/install/ucb_interfaces/share/ucb_interfaces/srv/Rot.srv
[0.432s] -- Up-to-date: /home/luz/Escritorio/Robotica/week3/lab2_ws/install/ucb_interfaces/share/ucb_interfaces/srv/Rot_Request.msg
[0.432s] -- Up-to-date: /home/luz/Escritorio/Robotica/week3/lab2_ws/install/ucb_interfaces/share/ucb_interfaces/srv/Rot_Response.msg
[0.432s] -- Up-to-date: /home/luz/Escritorio/Robotica/week3/lab2_ws/install/ucb_interfaces/share/ament_index/resource_index/package_run_dependencies/ucb_interfaces
[0.432s] -- Up-to-date: /home/luz/Escritorio/Robotica/week3/lab2_ws/install/ucb_interfaces/share/ament_index/resource_index/parent_prefix_path/ucb_interfaces
[0.432s] -- Up-to-date: /home/luz/Escritorio/Robotica/week3/lab2_ws/install/ucb_interfaces/share/ucb_interfaces/environment/ament_prefix_path.sh
[0.432s] -- Up-to-date: /home/luz/Escritorio/Robotica/week3/lab2_ws/install/ucb_interfaces/share/ucb_interfaces/environment/ament_prefix_path.dsv
[0.432s] -- Up-to-date: /home/luz/Escritorio/Robotica/week3/lab2_ws/install/ucb_interfaces/share/ucb_interfaces/environment/path.sh
[0.432s] -- Up-to-date: /home/luz/Escritorio/Robotica/week3/lab2_ws/install/ucb_interfaces/share/ucb_interfaces/environment/path.dsv
[0.433s] -- Up-to-date: /home/luz/Escritorio/Robotica/week3/lab2_ws/install/ucb_interfaces/share/ucb_interfaces/local_setup.bash
[0.433s] -- Up-to-date: /home/luz/Escritorio/Robotica/week3/lab2_ws/install/ucb_interfaces/share/ucb_interfaces/local_setup.sh
[0.433s] -- Up-to-date: /home/luz/Escritorio/Robotica/week3/lab2_ws/install/ucb_interfaces/share/ucb_interfaces/local_setup.zsh
[0.433s] -- Up-to-date: /home/luz/Escritorio/Robotica/week3/lab2_ws/install/ucb_interfaces/share/ucb_interfaces/local_setup.dsv
[0.433s] -- Installing: /home/luz/Escritorio/Robotica/week3/lab2_ws/install/ucb_interfaces/share/ucb_interfaces/package.dsv
[0.433s] -- Up-to-date: /home/luz/Escritorio/Robotica/week3/lab2_ws/install/ucb_interfaces/share/ament_index/resource_index/packages/ucb_interfaces
[0.433s] -- Up-to-date: /home/luz/Escritorio/Robotica/week3/lab2_ws/install/ucb_interfaces/share/ucb_interfaces/cmake/export_ucb_interfaces__rosidl_generator_cExport.cmake
[0.433s] -- Up-to-date: /home/luz/Escritorio/Robotica/week3/lab2_ws/install/ucb_interfaces/share/ucb_interfaces/cmake/export_ucb_interfaces__rosidl_generator_cExport-noconfig.cmake
[0.433s] -- Up-to-date: /home/luz/Escritorio/Robotica/week3/lab2_ws/install/ucb_interfaces/share/ucb_interfaces/cmake/export_ucb_interfaces__rosidl_typesupport_fastrtps_cExport.cmake
[0.433s] -- Up-to-date: /home/luz/Escritorio/Robotica/week3/lab2_ws/install/ucb_interfaces/share/ucb_interfaces/cmake/export_ucb_interfaces__rosidl_typesupport_fastrtps_cExport-noconfig.cmake
[0.433s] -- Up-to-date: /home/luz/Escritorio/Robotica/week3/lab2_ws/install/ucb_interfaces/share/ucb_interfaces/cmake/ucb_interfaces__rosidl_typesupport_introspection_cExport.cmake
[0.433s] -- Up-to-date: /home/luz/Escritorio/Robotica/week3/lab2_ws/install/ucb_interfaces/share/ucb_interfaces/cmake/ucb_interfaces__rosidl_typesupport_introspection_cExport-noconfig.cmake
[0.433s] -- Up-to-date: /home/luz/Escritorio/Robotica/week3/lab2_ws/install/ucb_interfaces/share/ucb_interfaces/cmake/ucb_interfaces__rosidl_typesupport_cExport.cmake
[0.433s] -- Up-to-date: /home/luz/Escritorio/Robotica/week3/lab2_ws/install/ucb_interfaces/share/ucb_interfaces/cmake/ucb_interfaces__rosidl_typesupport_cExport-noconfig.cmake
[0.433s] -- Up-to-date: /home/luz/Escritorio/Robotica/week3/lab2_ws/install/ucb_interfaces/share/ucb_interfaces/cmake/export_ucb_interfaces__rosidl_generator_cppExport.cmake
[0.433s] -- Up-to-date: /home/luz/Escritorio/Robotica/week3/lab2_ws/install/ucb_interfaces/share/ucb_interfaces/cmake/export_ucb_interfaces__rosidl_typesupport_fastrtps_cppExport.cmake
[0.434s] -- Up-to-date: /home/luz/Escritorio/Robotica/week3/lab2_ws/install/ucb_interfaces/share/ucb_interfaces/cmake/export_ucb_interfaces__rosidl_typesupport_fastrtps_cppExport-noconfig.cmake
[0.434s] -- Up-to-date: /home/luz/Escritorio/Robotica/week3/lab2_ws/install/ucb_interfaces/share/ucb_interfaces/cmake/ucb_interfaces__rosidl_typesupport_introspection_cppExport.cmake
[0.434s] -- Up-to-date: /home/luz/Escritorio/Robotica/week3/lab2_ws/install/ucb_interfaces/share/ucb_interfaces/cmake/ucb_interfaces__rosidl_typesupport_introspection_cppExport-noconfig.cmake
[0.434s] -- Up-to-date: /home/luz/Escritorio/Robotica/week3/lab2_ws/install/ucb_interfaces/share/ucb_interfaces/cmake/ucb_interfaces__rosidl_typesupport_cppExport.cmake
[0.434s] -- Up-to-date: /home/luz/Escritorio/Robotica/week3/lab2_ws/install/ucb_interfaces/share/ucb_interfaces/cmake/ucb_interfaces__rosidl_typesupport_cppExport-noconfig.cmake
[0.434s] -- Up-to-date: /home/luz/Escritorio/Robotica/week3/lab2_ws/install/ucb_interfaces/share/ucb_interfaces/cmake/export_ucb_interfaces__rosidl_generator_pyExport.cmake
[0.434s] -- Up-to-date: /home/luz/Escritorio/Robotica/week3/lab2_ws/install/ucb_interfaces/share/ucb_interfaces/cmake/export_ucb_interfaces__rosidl_generator_pyExport-noconfig.cmake
[0.434s] -- Up-to-date: /home/luz/Escritorio/Robotica/week3/lab2_ws/install/ucb_interfaces/share/ucb_interfaces/cmake/rosidl_cmake-extras.cmake
[0.434s] -- Up-to-date: /home/luz/Escritorio/Robotica/week3/lab2_ws/install/ucb_interfaces/share/ucb_interfaces/cmake/ament_cmake_export_include_directories-extras.cmake
[0.434s] -- Up-to-date: /home/luz/Escritorio/Robotica/week3/lab2_ws/install/ucb_interfaces/share/ucb_interfaces/cmake/ament_cmake_export_libraries-extras.cmake
[0.434s] -- Up-to-date: /home/luz/Escritorio/Robotica/week3/lab2_ws/install/ucb_interfaces/share/ucb_interfaces/cmake/ament_cmake_export_targets-extras.cmake
[0.434s] -- Up-to-date: /home/luz/Escritorio/Robotica/week3/lab2_ws/install/ucb_interfaces/share/ucb_interfaces/cmake/rosidl_cmake_export_typesupport_targets-extras.cmake
[0.434s] -- Up-to-date: /home/luz/Escritorio/Robotica/week3/lab2_ws/install/ucb_interfaces/share/ucb_interfaces/cmake/ament_cmake_export_dependencies-extras.cmake
[0.434s] -- Up-to-date: /home/luz/Escritorio/Robotica/week3/lab2_ws/install/ucb_interfaces/share/ucb_interfaces/cmake/rosidl_cmake_export_typesupport_libraries-extras.cmake
[0.434s] -- Up-to-date: /home/luz/Escritorio/Robotica/week3/lab2_ws/install/ucb_interfaces/share/ucb_interfaces/cmake/ucb_interfacesConfig.cmake
[0.434s] -- Up-to-date: /home/luz/Escritorio/Robotica/week3/lab2_ws/install/ucb_interfaces/share/ucb_interfaces/cmake/ucb_interfacesConfig-version.cmake
[0.435s] -- Up-to-date: /home/luz/Escritorio/Robotica/week3/lab2_ws/install/ucb_interfaces/share/ucb_interfaces/package.xml
[0.435s] Invoked command in '/home/luz/Escritorio/Robotica/week3/lab2_ws/build/ucb_interfaces' returned '0': CMAKE_PREFIX_PATH=${CMAKE_PREFIX_PATH}:/home/luz/Escritorio/Robotica/week3/lab2_ws/install/rotations_pkg:/opt/ros/humble /usr/bin/cmake --install /home/luz/Escritorio/Robotica/week3/lab2_ws/build/ucb_interfaces
