[0.008s] Invoking command in '/home/luz/Escritorio/Robotica/week9/ros2_ws/build/stage_ros2': CMAKE_PREFIX_PATH=/opt/ros/humble:${CMAKE_PREFIX_PATH} /usr/bin/cmake /home/luz/Escritorio/Robotica/week9/ros2_ws/src/stage_ros2 -DAMENT_CMAKE_SYMLINK_INSTALL=1 -DCMAKE_INSTALL_PREFIX=/home/luz/Escritorio/Robotica/week9/ros2_ws/install/stage_ros2
[0.018s] -- Found ament_cmake: 1.3.12 (/opt/ros/humble/share/ament_cmake/cmake)
[0.106s] -- Override CMake install command with custom implementation using symlinks instead of copying resources
[0.111s] -- Found rclcpp: 16.0.14 (/opt/ros/humble/share/rclcpp/cmake)
[0.134s] -- Found rosidl_generator_c: 3.1.7 (/opt/ros/humble/share/rosidl_generator_c/cmake)
[0.135s] -- Found rosidl_adapter: 3.1.7 (/opt/ros/humble/share/rosidl_adapter/cmake)
[0.139s] -- Found rosidl_generator_cpp: 3.1.7 (/opt/ros/humble/share/rosidl_generator_cpp/cmake)
[0.145s] -- Using all available rosidl_typesupport_c: rosidl_typesupport_fastrtps_c;rosidl_typesupport_introspection_c
[0.153s] -- Using all available rosidl_typesupport_cpp: rosidl_typesupport_fastrtps_cpp;rosidl_typesupport_introspection_cpp
[0.175s] -- Found rmw_implementation_cmake: 6.1.2 (/opt/ros/humble/share/rmw_implementation_cmake/cmake)
[0.176s] -- Found rmw_fastrtps_cpp: 6.2.8 (/opt/ros/humble/share/rmw_fastrtps_cpp/cmake)
[0.262s] -- Using RMW implementation 'rmw_fastrtps_cpp' as default
[0.294s] -- Found rclcpp_components: 16.0.14 (/opt/ros/humble/share/rclcpp_components/cmake)
[0.306s] -- Found sensor_msgs: 4.9.0 (/opt/ros/humble/share/sensor_msgs/cmake)
[0.324s] -- Found nav_msgs: 4.9.0 (/opt/ros/humble/share/nav_msgs/cmake)
[0.338s] -- Found tf2_ros: 0.25.16 (/opt/ros/humble/share/tf2_ros/cmake)
[0.386s] -- Found tf2_geometry_msgs: 0.25.16 (/opt/ros/humble/share/tf2_geometry_msgs/cmake)
[0.395s] -- Found eigen3_cmake_module: 0.1.1 (/opt/ros/humble/share/eigen3_cmake_module/cmake)
[0.396s] -- Found Eigen3: TRUE (found version "3.4.0") 
[0.396s] -- Ensuring Eigen3 include directory is part of orocos-kdl CMake target
[0.398s] -- Found std_srvs: 4.9.0 (/opt/ros/humble/share/std_srvs/cmake)
[0.407s] -- Found ament_lint_auto: 0.12.14 (/opt/ros/humble/share/ament_lint_auto/cmake)
[0.474s] -- Added test 'cppcheck' to perform static code analysis on C / C++ code
[0.474s] -- Configured cppcheck include dirs: /home/luz/Escritorio/Robotica/week9/ros2_ws/src/stage_ros2/./include;$<BUILD_INTERFACE:/home/luz/Escritorio/Robotica/week9/ros2_ws/src/stage_ros2/include>
[0.475s] -- Configured cppcheck exclude dirs and/or files: 
[0.475s] -- Added test 'flake8' to check Python code syntax and style conventions
[0.476s] -- Added test 'lint_cmake' to check CMake code style
[0.476s] -- Added test 'pep257' to check Python code against some of the docstring style conventions in PEP 257
[0.478s] -- Added test 'uncrustify' to check C / C++ code style
[0.478s] -- Configured uncrustify additional arguments: 
[0.479s] -- Added test 'xmllint' to check XML markup files
[0.479s] -- Configuring done
[0.491s] -- Generating done
[0.495s] -- Build files have been written to: /home/luz/Escritorio/Robotica/week9/ros2_ws/build/stage_ros2
[0.502s] Invoked command in '/home/luz/Escritorio/Robotica/week9/ros2_ws/build/stage_ros2' returned '0': CMAKE_PREFIX_PATH=/opt/ros/humble:${CMAKE_PREFIX_PATH} /usr/bin/cmake /home/luz/Escritorio/Robotica/week9/ros2_ws/src/stage_ros2 -DAMENT_CMAKE_SYMLINK_INSTALL=1 -DCMAKE_INSTALL_PREFIX=/home/luz/Escritorio/Robotica/week9/ros2_ws/install/stage_ros2
[0.502s] Invoking command in '/home/luz/Escritorio/Robotica/week9/ros2_ws/build/stage_ros2': CMAKE_PREFIX_PATH=/opt/ros/humble:${CMAKE_PREFIX_PATH} /usr/bin/cmake --build /home/luz/Escritorio/Robotica/week9/ros2_ws/build/stage_ros2 -- -j12 -l12
[0.553s] [ 14%] [32mBuilding CXX object CMakeFiles/stage_node.dir/src/stage_node.cpp.o[0m
[0.553s] [ 42%] [32mBuilding CXX object CMakeFiles/stage_node.dir/src/camera.cpp.o[0m
[0.553s] [ 42%] [32mBuilding CXX object CMakeFiles/stage_node.dir/src/ranger.cpp.o[0m
[0.555s] [ 57%] [32mBuilding CXX object CMakeFiles/stage_node.dir/src/vehicle.cpp.o[0m
[6.888s] [ 71%] [32m[1mLinking CXX shared library libstage_node.so[0m
[7.425s] [ 71%] Built target stage_node
[7.441s] [ 85%] [32mBuilding CXX object CMakeFiles/stage_ros2.dir/src/main.cpp.o[0m
[9.705s] [100%] [32m[1mLinking CXX executable stage_ros2[0m
[9.959s] [100%] Built target stage_ros2
[9.970s] Invoked command in '/home/luz/Escritorio/Robotica/week9/ros2_ws/build/stage_ros2' returned '0': CMAKE_PREFIX_PATH=/opt/ros/humble:${CMAKE_PREFIX_PATH} /usr/bin/cmake --build /home/luz/Escritorio/Robotica/week9/ros2_ws/build/stage_ros2 -- -j12 -l12
[9.984s] Invoking command in '/home/luz/Escritorio/Robotica/week9/ros2_ws/build/stage_ros2': CMAKE_PREFIX_PATH=/opt/ros/humble:${CMAKE_PREFIX_PATH} /usr/bin/cmake --install /home/luz/Escritorio/Robotica/week9/ros2_ws/build/stage_ros2
[9.993s] -- Install configuration: ""
[9.993s] -- Execute custom install script
[9.994s] -- Symlinking: /home/luz/Escritorio/Robotica/week9/ros2_ws/install/stage_ros2/share/stage_ros2/environment/library_path.sh
[10.004s] -- Symlinking: /home/luz/Escritorio/Robotica/week9/ros2_ws/install/stage_ros2/share/stage_ros2/environment/library_path.dsv
[10.016s] -- Symlinking: /home/luz/Escritorio/Robotica/week9/ros2_ws/install/stage_ros2/share/stage_ros2//launch/demo.launch.py
[10.028s] -- Symlinking: /home/luz/Escritorio/Robotica/week9/ros2_ws/install/stage_ros2/share/stage_ros2//launch/f710.launch.py
[10.039s] -- Symlinking: /home/luz/Escritorio/Robotica/week9/ros2_ws/install/stage_ros2/share/stage_ros2//launch/rviz.launch.py
[10.051s] -- Symlinking: /home/luz/Escritorio/Robotica/week9/ros2_ws/install/stage_ros2/share/stage_ros2//launch/rviz_ns.launch.py
[10.060s] -- Symlinking: /home/luz/Escritorio/Robotica/week9/ros2_ws/install/stage_ros2/share/stage_ros2//launch/stage.launch.py
[10.069s] -- Symlinking: /home/luz/Escritorio/Robotica/week9/ros2_ws/install/stage_ros2/share/stage_ros2//world/bitmaps/cave.png
[10.081s] -- Symlinking: /home/luz/Escritorio/Robotica/week9/ros2_ws/install/stage_ros2/share/stage_ros2//world/bitmaps/hallway.pgm
[10.092s] -- Symlinking: /home/luz/Escritorio/Robotica/week9/ros2_ws/install/stage_ros2/share/stage_ros2//world/bitmaps/hallway.png
[10.103s] -- Symlinking: /home/luz/Escritorio/Robotica/week9/ros2_ws/install/stage_ros2/share/stage_ros2//world/bitmaps/line.png
[10.113s] -- Symlinking: /home/luz/Escritorio/Robotica/week9/ros2_ws/install/stage_ros2/share/stage_ros2//world/bitmaps/straden.png
[10.122s] -- Symlinking: /home/luz/Escritorio/Robotica/week9/ros2_ws/install/stage_ros2/share/stage_ros2//world/bitmaps/warehouse008.pgm
[10.130s] -- Symlinking: /home/luz/Escritorio/Robotica/week9/ros2_ws/install/stage_ros2/share/stage_ros2//world/bitmaps/warehouse032.pgm
[10.141s] -- Symlinking: /home/luz/Escritorio/Robotica/week9/ros2_ws/install/stage_ros2/share/stage_ros2//world/bitmaps/warehouse200.pgm
[10.152s] -- Symlinking: /home/luz/Escritorio/Robotica/week9/ros2_ws/install/stage_ros2/share/stage_ros2//world/bitmaps/willow-full.pgm
[10.160s] -- Symlinking: /home/luz/Escritorio/Robotica/week9/ros2_ws/install/stage_ros2/share/stage_ros2//world/cave.world
[10.169s] -- Symlinking: /home/luz/Escritorio/Robotica/week9/ros2_ws/install/stage_ros2/share/stage_ros2//world/cave_multi.world
[10.177s] -- Symlinking: /home/luz/Escritorio/Robotica/week9/ros2_ws/install/stage_ros2/share/stage_ros2//world/cave_seven_robots.world
[10.188s] -- Symlinking: /home/luz/Escritorio/Robotica/week9/ros2_ws/install/stage_ros2/share/stage_ros2//world/cave_three_robots.world
[10.195s] -- Symlinking: /home/luz/Escritorio/Robotica/week9/ros2_ws/install/stage_ros2/share/stage_ros2//world/hallway.world
[10.201s] -- Symlinking: /home/luz/Escritorio/Robotica/week9/ros2_ws/install/stage_ros2/share/stage_ros2//world/include/pioneer2dx.inc
[10.213s] -- Symlinking: /home/luz/Escritorio/Robotica/week9/ros2_ws/install/stage_ros2/share/stage_ros2//world/include/robots.inc
[10.226s] -- Symlinking: /home/luz/Escritorio/Robotica/week9/ros2_ws/install/stage_ros2/share/stage_ros2//world/lines.world
[10.236s] -- Symlinking: /home/luz/Escritorio/Robotica/week9/ros2_ws/install/stage_ros2/share/stage_ros2//world/straden.world
[10.245s] -- Symlinking: /home/luz/Escritorio/Robotica/week9/ros2_ws/install/stage_ros2/share/stage_ros2//world/willow-four-erratics-multisensor.world
[10.253s] -- Symlinking: /home/luz/Escritorio/Robotica/week9/ros2_ws/install/stage_ros2/share/stage_ros2//config/rviz/cave.rviz
[10.266s] -- Symlinking: /home/luz/Escritorio/Robotica/week9/ros2_ws/install/stage_ros2/share/stage_ros2//config/rviz/cave_seven_robots.rviz
[10.278s] -- Symlinking: /home/luz/Escritorio/Robotica/week9/ros2_ws/install/stage_ros2/share/stage_ros2//config/rviz/cave_three_robots.rviz
[10.288s] -- Symlinking: /home/luz/Escritorio/Robotica/week9/ros2_ws/install/stage_ros2/share/stage_ros2//config/rviz/lines.rviz
[10.297s] -- Symlinking: /home/luz/Escritorio/Robotica/week9/ros2_ws/install/stage_ros2/share/stage_ros2//config/rviz/robot0.rviz
[10.305s] -- Symlinking: /home/luz/Escritorio/Robotica/week9/ros2_ws/install/stage_ros2/share/stage_ros2//config/rviz/robot_ns.rviz
[10.318s] -- Symlinking: /home/luz/Escritorio/Robotica/week9/ros2_ws/install/stage_ros2/share/stage_ros2//config/rviz/robot_ns_depth.rviz
[10.328s] -- Symlinking: /home/luz/Escritorio/Robotica/week9/ros2_ws/install/stage_ros2/share/stage_ros2//config/teleop_twist_joy/f710.config.yaml
[10.339s] -- Symlinking: /home/luz/Escritorio/Robotica/week9/ros2_ws/install/stage_ros2/lib/libstage_node.so
[10.349s] -- Symlinking: /home/luz/Escritorio/Robotica/week9/ros2_ws/install/stage_ros2/lib/stage_ros2/stage_ros2
[10.360s] -- Symlinking: /home/luz/Escritorio/Robotica/week9/ros2_ws/install/stage_ros2/share/ament_index/resource_index/package_run_dependencies/stage_ros2
[10.372s] -- Symlinking: /home/luz/Escritorio/Robotica/week9/ros2_ws/install/stage_ros2/share/ament_index/resource_index/parent_prefix_path/stage_ros2
[10.385s] -- Symlinking: /home/luz/Escritorio/Robotica/week9/ros2_ws/install/stage_ros2/share/stage_ros2/environment/ament_prefix_path.sh
[10.395s] -- Symlinking: /home/luz/Escritorio/Robotica/week9/ros2_ws/install/stage_ros2/share/stage_ros2/environment/ament_prefix_path.dsv
[10.406s] -- Symlinking: /home/luz/Escritorio/Robotica/week9/ros2_ws/install/stage_ros2/share/stage_ros2/environment/path.sh
[10.417s] -- Symlinking: /home/luz/Escritorio/Robotica/week9/ros2_ws/install/stage_ros2/share/stage_ros2/environment/path.dsv
[10.429s] -- Symlinking: /home/luz/Escritorio/Robotica/week9/ros2_ws/install/stage_ros2/share/stage_ros2/local_setup.bash
[10.441s] -- Symlinking: /home/luz/Escritorio/Robotica/week9/ros2_ws/install/stage_ros2/share/stage_ros2/local_setup.sh
[10.454s] -- Symlinking: /home/luz/Escritorio/Robotica/week9/ros2_ws/install/stage_ros2/share/stage_ros2/local_setup.zsh
[10.467s] -- Symlinking: /home/luz/Escritorio/Robotica/week9/ros2_ws/install/stage_ros2/share/stage_ros2/local_setup.dsv
[10.480s] -- Symlinking: /home/luz/Escritorio/Robotica/week9/ros2_ws/install/stage_ros2/share/stage_ros2/package.dsv
[10.492s] -- Symlinking: /home/luz/Escritorio/Robotica/week9/ros2_ws/install/stage_ros2/share/ament_index/resource_index/packages/stage_ros2
[10.503s] -- Symlinking: /home/luz/Escritorio/Robotica/week9/ros2_ws/install/stage_ros2/share/stage_ros2/cmake/stage_ros2Config.cmake
[10.514s] -- Symlinking: /home/luz/Escritorio/Robotica/week9/ros2_ws/install/stage_ros2/share/stage_ros2/cmake/stage_ros2Config-version.cmake
[10.525s] -- Symlinking: /home/luz/Escritorio/Robotica/week9/ros2_ws/install/stage_ros2/share/stage_ros2/package.xml
[10.538s] Invoked command in '/home/luz/Escritorio/Robotica/week9/ros2_ws/build/stage_ros2' returned '0': CMAKE_PREFIX_PATH=/opt/ros/humble:${CMAKE_PREFIX_PATH} /usr/bin/cmake --install /home/luz/Escritorio/Robotica/week9/ros2_ws/build/stage_ros2
