[0.010s] Invoking command in '/home/luz/Escritorio/Robotica/week4/lab3_2_ws/build/matrix_interfaces': CMAKE_PREFIX_PATH=/opt/ros/humble /usr/bin/cmake --build /home/luz/Escritorio/Robotica/week4/lab3_2_ws/build/matrix_interfaces -- -j12 -l12
[0.035s] -- Found rosidl_default_generators: 1.2.0 (/opt/ros/humble/share/rosidl_default_generators/cmake)
[0.036s] -- Found ament_cmake_core: 1.3.12 (/opt/ros/humble/share/ament_cmake_core/cmake)
[0.141s] -- Using all available rosidl_typesupport_c: rosidl_typesupport_fastrtps_c;rosidl_typesupport_introspection_c
[0.146s] -- Found rosidl_adapter: 3.1.7 (/opt/ros/humble/share/rosidl_adapter/cmake)
[0.201s] -- Using all available rosidl_typesupport_cpp: rosidl_typesupport_fastrtps_cpp;rosidl_typesupport_introspection_cpp
[0.422s] -- Found ament_cmake_ros: 0.10.0 (/opt/ros/humble/share/ament_cmake_ros/cmake)
[0.562s] -- Using all available rosidl_typesupport_c: rosidl_typesupport_fastrtps_c;rosidl_typesupport_introspection_c
[0.772s] -- Using all available rosidl_typesupport_cpp: rosidl_typesupport_fastrtps_cpp;rosidl_typesupport_introspection_cpp
[0.796s] -- Found python_cmake_module: 0.10.0 (/opt/ros/humble/share/python_cmake_module/cmake)
[0.818s] -- Using PYTHON_EXECUTABLE: /usr/bin/python3
[0.818s] -- Using PYTHON_INCLUDE_DIRS: /usr/include/python3.10
[0.818s] -- Using PYTHON_LIBRARIES: /usr/lib/x86_64-linux-gnu/libpython3.10.so
[0.827s] -- Found ament_lint_auto: 0.12.14 (/opt/ros/humble/share/ament_lint_auto/cmake)
[0.849s] -- Added test 'lint_cmake' to check CMake code style
[0.851s] -- Added test 'xmllint' to check XML markup files
[0.856s] -- Configuring done
[0.893s] -- Generating done
[0.901s] -- Build files have been written to: /home/luz/Escritorio/Robotica/week4/lab3_2_ws/build/matrix_interfaces
[0.918s] [  3%] [34m[1mGenerating C code for ROS interfaces[0m
[0.925s] [  6%] [34m[1mGenerating C++ code for ROS interfaces[0m
[0.932s] [  6%] Built target ament_cmake_python_copy_matrix_interfaces
[1.140s] running egg_info
[1.140s] writing matrix_interfaces.egg-info/PKG-INFO
[1.140s] writing dependency_links to matrix_interfaces.egg-info/dependency_links.txt
[1.141s] writing top-level names to matrix_interfaces.egg-info/top_level.txt
[1.142s] reading manifest file 'matrix_interfaces.egg-info/SOURCES.txt'
[1.143s] writing manifest file 'matrix_interfaces.egg-info/SOURCES.txt'
[1.146s] [  6%] Built target matrix_interfaces__cpp
[1.146s] [35m[1mConsolidate compiler generated dependencies of target matrix_interfaces__rosidl_generator_c[0m
[1.155s] [  9%] [32mBuilding C object CMakeFiles/matrix_interfaces__rosidl_generator_c.dir/rosidl_generator_c/matrix_interfaces/srv/detail/rotxyz__functions.c.o[0m
[1.157s] [ 19%] [34m[1mGenerating C++ type support for eProsima Fast-RTPS[0m
[1.157s] [ 19%] [34m[1mGenerating C++ introspection for ROS interfaces[0m
[1.157s] [ 19%] [34m[1mGenerating C++ type support dispatch for ROS interfaces[0m
[1.165s] [ 19%] Built target ament_cmake_python_build_matrix_interfaces_egg
[1.208s] [ 22%] [32m[1mLinking C shared library libmatrix_interfaces__rosidl_generator_c.so[0m
[1.249s] [ 22%] Built target matrix_interfaces__rosidl_generator_c
[1.259s] [ 25%] [34m[1mGenerating C type support for eProsima Fast-RTPS[0m
[1.260s] [ 29%] [34m[1mGenerating C type support dispatch for ROS interfaces[0m
[1.260s] [ 32%] [34m[1mGenerating C introspection for ROS interfaces[0m
[1.349s] [35m[1mConsolidate compiler generated dependencies of target matrix_interfaces__rosidl_typesupport_introspection_cpp[0m
[1.358s] [ 35%] [32mBuilding CXX object CMakeFiles/matrix_interfaces__rosidl_typesupport_introspection_cpp.dir/rosidl_typesupport_introspection_cpp/matrix_interfaces/srv/detail/rotxyz__type_support.cpp.o[0m
[1.443s] [35m[1mConsolidate compiler generated dependencies of target matrix_interfaces__rosidl_typesupport_cpp[0m
[1.455s] [35m[1mConsolidate compiler generated dependencies of target matrix_interfaces__rosidl_typesupport_introspection_c[0m
[1.458s] [ 38%] [32mBuilding CXX object CMakeFiles/matrix_interfaces__rosidl_typesupport_cpp.dir/rosidl_typesupport_cpp/matrix_interfaces/srv/rotxyz__type_support.cpp.o[0m
[1.469s] [ 41%] [32mBuilding C object CMakeFiles/matrix_interfaces__rosidl_typesupport_introspection_c.dir/rosidl_typesupport_introspection_c/matrix_interfaces/srv/detail/rotxyz__type_support.c.o[0m
[1.474s] [35m[1mConsolidate compiler generated dependencies of target matrix_interfaces__rosidl_typesupport_fastrtps_cpp[0m
[1.486s] [35m[1mConsolidate compiler generated dependencies of target matrix_interfaces__rosidl_typesupport_fastrtps_c[0m
[1.486s] [ 45%] [32mBuilding CXX object CMakeFiles/matrix_interfaces__rosidl_typesupport_fastrtps_cpp.dir/rosidl_typesupport_fastrtps_cpp/matrix_interfaces/srv/detail/dds_fastrtps/rotxyz__type_support.cpp.o[0m
[1.490s] [35m[1mConsolidate compiler generated dependencies of target matrix_interfaces__rosidl_typesupport_c[0m
[1.499s] [ 48%] [32mBuilding CXX object CMakeFiles/matrix_interfaces__rosidl_typesupport_c.dir/rosidl_typesupport_c/matrix_interfaces/srv/rotxyz__type_support.cpp.o[0m
[1.500s] [ 51%] [32m[1mLinking C shared library libmatrix_interfaces__rosidl_typesupport_introspection_c.so[0m
[1.501s] [ 54%] [32mBuilding CXX object CMakeFiles/matrix_interfaces__rosidl_typesupport_fastrtps_c.dir/rosidl_typesupport_fastrtps_c/matrix_interfaces/srv/detail/rotxyz__type_support_c.cpp.o[0m
[1.521s] [ 58%] [32m[1mLinking CXX shared library libmatrix_interfaces__rosidl_typesupport_c.so[0m
[1.521s] [ 58%] Built target matrix_interfaces__rosidl_typesupport_introspection_c
[1.549s] [ 58%] Built target matrix_interfaces__rosidl_typesupport_c
[1.645s] [ 61%] [32m[1mLinking CXX shared library libmatrix_interfaces__rosidl_typesupport_introspection_cpp.so[0m
[1.701s] [ 61%] Built target matrix_interfaces__rosidl_typesupport_introspection_cpp
[1.715s] [ 64%] [32m[1mLinking CXX shared library libmatrix_interfaces__rosidl_typesupport_cpp.so[0m
[1.728s] [ 67%] [32m[1mLinking CXX shared library libmatrix_interfaces__rosidl_typesupport_fastrtps_c.so[0m
[1.745s] [ 67%] Built target matrix_interfaces__rosidl_typesupport_cpp
[1.789s] [ 67%] Built target matrix_interfaces__rosidl_typesupport_fastrtps_c
[1.797s] [ 70%] [32m[1mLinking CXX shared library libmatrix_interfaces__rosidl_typesupport_fastrtps_cpp.so[0m
[1.851s] [ 70%] Built target matrix_interfaces__rosidl_typesupport_fastrtps_cpp
[1.869s] [ 70%] Built target matrix_interfaces
[1.888s] [ 74%] [34m[1mGenerating Python code for ROS interfaces[0m
[2.133s] [ 74%] Built target matrix_interfaces__py
[2.143s] [35m[1mConsolidate compiler generated dependencies of target matrix_interfaces__rosidl_generator_py[0m
[2.156s] [ 77%] [32mBuilding C object CMakeFiles/matrix_interfaces__rosidl_generator_py.dir/rosidl_generator_py/matrix_interfaces/srv/_rotxyz_s.c.o[0m
[2.229s] [ 80%] [32m[1mLinking C shared library rosidl_generator_py/matrix_interfaces/libmatrix_interfaces__rosidl_generator_py.so[0m
[2.261s] [ 80%] Built target matrix_interfaces__rosidl_generator_py
[2.268s] [35m[1mConsolidate compiler generated dependencies of target matrix_interfaces__rosidl_typesupport_introspection_c__pyext[0m
[2.269s] [35m[1mConsolidate compiler generated dependencies of target matrix_interfaces__rosidl_typesupport_fastrtps_c__pyext[0m
[2.271s] [35m[1mConsolidate compiler generated dependencies of target matrix_interfaces__rosidl_typesupport_c__pyext[0m
[2.278s] [ 83%] [32mBuilding C object CMakeFiles/matrix_interfaces__rosidl_typesupport_introspection_c__pyext.dir/rosidl_generator_py/matrix_interfaces/_matrix_interfaces_s.ep.rosidl_typesupport_introspection_c.c.o[0m
[2.281s] [ 87%] [32mBuilding C object CMakeFiles/matrix_interfaces__rosidl_typesupport_fastrtps_c__pyext.dir/rosidl_generator_py/matrix_interfaces/_matrix_interfaces_s.ep.rosidl_typesupport_fastrtps_c.c.o[0m
[2.283s] [ 90%] [32mBuilding C object CMakeFiles/matrix_interfaces__rosidl_typesupport_c__pyext.dir/rosidl_generator_py/matrix_interfaces/_matrix_interfaces_s.ep.rosidl_typesupport_c.c.o[0m
[2.340s] [ 93%] [32m[1mLinking C shared library rosidl_generator_py/matrix_interfaces/matrix_interfaces_s__rosidl_typesupport_introspection_c.cpython-310-x86_64-linux-gnu.so[0m
[2.364s] [ 96%] [32m[1mLinking C shared library rosidl_generator_py/matrix_interfaces/matrix_interfaces_s__rosidl_typesupport_c.cpython-310-x86_64-linux-gnu.so[0m
[2.364s] [ 96%] Built target matrix_interfaces__rosidl_typesupport_introspection_c__pyext
[2.379s] [100%] [32m[1mLinking C shared library rosidl_generator_py/matrix_interfaces/matrix_interfaces_s__rosidl_typesupport_fastrtps_c.cpython-310-x86_64-linux-gnu.so[0m
[2.389s] [100%] Built target matrix_interfaces__rosidl_typesupport_c__pyext
[2.405s] [100%] Built target matrix_interfaces__rosidl_typesupport_fastrtps_c__pyext
[2.417s] Invoked command in '/home/luz/Escritorio/Robotica/week4/lab3_2_ws/build/matrix_interfaces' returned '0': CMAKE_PREFIX_PATH=/opt/ros/humble /usr/bin/cmake --build /home/luz/Escritorio/Robotica/week4/lab3_2_ws/build/matrix_interfaces -- -j12 -l12
[2.424s] Invoking command in '/home/luz/Escritorio/Robotica/week4/lab3_2_ws/build/matrix_interfaces': CMAKE_PREFIX_PATH=/opt/ros/humble /usr/bin/cmake --install /home/luz/Escritorio/Robotica/week4/lab3_2_ws/build/matrix_interfaces
[2.430s] -- Install configuration: ""
[2.430s] -- Up-to-date: /home/luz/Escritorio/Robotica/week4/lab3_2_ws/install/matrix_interfaces/share/ament_index/resource_index/rosidl_interfaces/matrix_interfaces
[2.430s] -- Up-to-date: /home/luz/Escritorio/Robotica/week4/lab3_2_ws/install/matrix_interfaces/include/matrix_interfaces/matrix_interfaces
[2.430s] -- Up-to-date: /home/luz/Escritorio/Robotica/week4/lab3_2_ws/install/matrix_interfaces/include/matrix_interfaces/matrix_interfaces/srv
[2.431s] -- Installing: /home/luz/Escritorio/Robotica/week4/lab3_2_ws/install/matrix_interfaces/include/matrix_interfaces/matrix_interfaces/srv/rotxyz.h
[2.431s] -- Up-to-date: /home/luz/Escritorio/Robotica/week4/lab3_2_ws/install/matrix_interfaces/include/matrix_interfaces/matrix_interfaces/srv/detail
[2.431s] -- Installing: /home/luz/Escritorio/Robotica/week4/lab3_2_ws/install/matrix_interfaces/include/matrix_interfaces/matrix_interfaces/srv/detail/rotxyz__functions.c
[2.431s] -- Installing: /home/luz/Escritorio/Robotica/week4/lab3_2_ws/install/matrix_interfaces/include/matrix_interfaces/matrix_interfaces/srv/detail/rotxyz__type_support.h
[2.431s] -- Installing: /home/luz/Escritorio/Robotica/week4/lab3_2_ws/install/matrix_interfaces/include/matrix_interfaces/matrix_interfaces/srv/detail/rotxyz__functions.h
[2.431s] -- Installing: /home/luz/Escritorio/Robotica/week4/lab3_2_ws/install/matrix_interfaces/include/matrix_interfaces/matrix_interfaces/srv/detail/rotxyz__struct.h
[2.431s] -- Up-to-date: /home/luz/Escritorio/Robotica/week4/lab3_2_ws/install/matrix_interfaces/include/matrix_interfaces/matrix_interfaces/msg
[2.432s] -- Up-to-date: /home/luz/Escritorio/Robotica/week4/lab3_2_ws/install/matrix_interfaces/include/matrix_interfaces/matrix_interfaces/msg/rosidl_generator_c__visibility_control.h
[2.432s] -- Up-to-date: /home/luz/Escritorio/Robotica/week4/lab3_2_ws/install/matrix_interfaces/share/matrix_interfaces/environment/library_path.sh
[2.432s] -- Installing: /home/luz/Escritorio/Robotica/week4/lab3_2_ws/install/matrix_interfaces/share/matrix_interfaces/environment/library_path.dsv
[2.432s] -- Installing: /home/luz/Escritorio/Robotica/week4/lab3_2_ws/install/matrix_interfaces/lib/libmatrix_interfaces__rosidl_generator_c.so
[2.432s] -- Set runtime path of "/home/luz/Escritorio/Robotica/week4/lab3_2_ws/install/matrix_interfaces/lib/libmatrix_interfaces__rosidl_generator_c.so" to ""
[2.432s] -- Up-to-date: /home/luz/Escritorio/Robotica/week4/lab3_2_ws/install/matrix_interfaces/include/matrix_interfaces/matrix_interfaces
[2.433s] -- Up-to-date: /home/luz/Escritorio/Robotica/week4/lab3_2_ws/install/matrix_interfaces/include/matrix_interfaces/matrix_interfaces/srv
[2.433s] -- Up-to-date: /home/luz/Escritorio/Robotica/week4/lab3_2_ws/install/matrix_interfaces/include/matrix_interfaces/matrix_interfaces/srv/detail
[2.433s] -- Installing: /home/luz/Escritorio/Robotica/week4/lab3_2_ws/install/matrix_interfaces/include/matrix_interfaces/matrix_interfaces/srv/detail/rotxyz__rosidl_typesupport_fastrtps_c.h
[2.433s] -- Up-to-date: /home/luz/Escritorio/Robotica/week4/lab3_2_ws/install/matrix_interfaces/include/matrix_interfaces/matrix_interfaces/msg
[2.433s] -- Up-to-date: /home/luz/Escritorio/Robotica/week4/lab3_2_ws/install/matrix_interfaces/include/matrix_interfaces/matrix_interfaces/msg/rosidl_typesupport_fastrtps_c__visibility_control.h
[2.433s] -- Installing: /home/luz/Escritorio/Robotica/week4/lab3_2_ws/install/matrix_interfaces/lib/libmatrix_interfaces__rosidl_typesupport_fastrtps_c.so
[2.433s] -- Set runtime path of "/home/luz/Escritorio/Robotica/week4/lab3_2_ws/install/matrix_interfaces/lib/libmatrix_interfaces__rosidl_typesupport_fastrtps_c.so" to ""
[2.433s] -- Up-to-date: /home/luz/Escritorio/Robotica/week4/lab3_2_ws/install/matrix_interfaces/include/matrix_interfaces/matrix_interfaces
[2.434s] -- Up-to-date: /home/luz/Escritorio/Robotica/week4/lab3_2_ws/install/matrix_interfaces/include/matrix_interfaces/matrix_interfaces/srv
[2.434s] -- Up-to-date: /home/luz/Escritorio/Robotica/week4/lab3_2_ws/install/matrix_interfaces/include/matrix_interfaces/matrix_interfaces/srv/detail
[2.434s] -- Installing: /home/luz/Escritorio/Robotica/week4/lab3_2_ws/install/matrix_interfaces/include/matrix_interfaces/matrix_interfaces/srv/detail/rotxyz__type_support.c
[2.434s] -- Installing: /home/luz/Escritorio/Robotica/week4/lab3_2_ws/install/matrix_interfaces/include/matrix_interfaces/matrix_interfaces/srv/detail/rotxyz__rosidl_typesupport_introspection_c.h
[2.434s] -- Up-to-date: /home/luz/Escritorio/Robotica/week4/lab3_2_ws/install/matrix_interfaces/include/matrix_interfaces/matrix_interfaces/msg
[2.434s] -- Up-to-date: /home/luz/Escritorio/Robotica/week4/lab3_2_ws/install/matrix_interfaces/include/matrix_interfaces/matrix_interfaces/msg/rosidl_typesupport_introspection_c__visibility_control.h
[2.434s] -- Installing: /home/luz/Escritorio/Robotica/week4/lab3_2_ws/install/matrix_interfaces/lib/libmatrix_interfaces__rosidl_typesupport_introspection_c.so
[2.434s] -- Set runtime path of "/home/luz/Escritorio/Robotica/week4/lab3_2_ws/install/matrix_interfaces/lib/libmatrix_interfaces__rosidl_typesupport_introspection_c.so" to ""
[2.434s] -- Installing: /home/luz/Escritorio/Robotica/week4/lab3_2_ws/install/matrix_interfaces/lib/libmatrix_interfaces__rosidl_typesupport_c.so
[2.435s] -- Set runtime path of "/home/luz/Escritorio/Robotica/week4/lab3_2_ws/install/matrix_interfaces/lib/libmatrix_interfaces__rosidl_typesupport_c.so" to ""
[2.435s] -- Up-to-date: /home/luz/Escritorio/Robotica/week4/lab3_2_ws/install/matrix_interfaces/include/matrix_interfaces/matrix_interfaces
[2.435s] -- Up-to-date: /home/luz/Escritorio/Robotica/week4/lab3_2_ws/install/matrix_interfaces/include/matrix_interfaces/matrix_interfaces/srv
[2.435s] -- Installing: /home/luz/Escritorio/Robotica/week4/lab3_2_ws/install/matrix_interfaces/include/matrix_interfaces/matrix_interfaces/srv/rotxyz.hpp
[2.435s] -- Up-to-date: /home/luz/Escritorio/Robotica/week4/lab3_2_ws/install/matrix_interfaces/include/matrix_interfaces/matrix_interfaces/srv/detail
[2.435s] -- Installing: /home/luz/Escritorio/Robotica/week4/lab3_2_ws/install/matrix_interfaces/include/matrix_interfaces/matrix_interfaces/srv/detail/rotxyz__type_support.hpp
[2.435s] -- Installing: /home/luz/Escritorio/Robotica/week4/lab3_2_ws/install/matrix_interfaces/include/matrix_interfaces/matrix_interfaces/srv/detail/rotxyz__traits.hpp
[2.435s] -- Installing: /home/luz/Escritorio/Robotica/week4/lab3_2_ws/install/matrix_interfaces/include/matrix_interfaces/matrix_interfaces/srv/detail/rotxyz__struct.hpp
[2.435s] -- Installing: /home/luz/Escritorio/Robotica/week4/lab3_2_ws/install/matrix_interfaces/include/matrix_interfaces/matrix_interfaces/srv/detail/rotxyz__builder.hpp
[2.435s] -- Up-to-date: /home/luz/Escritorio/Robotica/week4/lab3_2_ws/install/matrix_interfaces/include/matrix_interfaces/matrix_interfaces/msg
[2.436s] -- Up-to-date: /home/luz/Escritorio/Robotica/week4/lab3_2_ws/install/matrix_interfaces/include/matrix_interfaces/matrix_interfaces/msg/rosidl_generator_cpp__visibility_control.hpp
[2.436s] -- Up-to-date: /home/luz/Escritorio/Robotica/week4/lab3_2_ws/install/matrix_interfaces/include/matrix_interfaces/matrix_interfaces
[2.436s] -- Up-to-date: /home/luz/Escritorio/Robotica/week4/lab3_2_ws/install/matrix_interfaces/include/matrix_interfaces/matrix_interfaces/srv
[2.436s] -- Up-to-date: /home/luz/Escritorio/Robotica/week4/lab3_2_ws/install/matrix_interfaces/include/matrix_interfaces/matrix_interfaces/srv/detail
[2.436s] -- Up-to-date: /home/luz/Escritorio/Robotica/week4/lab3_2_ws/install/matrix_interfaces/include/matrix_interfaces/matrix_interfaces/srv/detail/dds_fastrtps
[2.436s] -- Installing: /home/luz/Escritorio/Robotica/week4/lab3_2_ws/install/matrix_interfaces/include/matrix_interfaces/matrix_interfaces/srv/detail/rotxyz__rosidl_typesupport_fastrtps_cpp.hpp
[2.436s] -- Up-to-date: /home/luz/Escritorio/Robotica/week4/lab3_2_ws/install/matrix_interfaces/include/matrix_interfaces/matrix_interfaces/msg
[2.436s] -- Up-to-date: /home/luz/Escritorio/Robotica/week4/lab3_2_ws/install/matrix_interfaces/include/matrix_interfaces/matrix_interfaces/msg/rosidl_typesupport_fastrtps_cpp__visibility_control.h
[2.436s] -- Installing: /home/luz/Escritorio/Robotica/week4/lab3_2_ws/install/matrix_interfaces/lib/libmatrix_interfaces__rosidl_typesupport_fastrtps_cpp.so
[2.436s] -- Set runtime path of "/home/luz/Escritorio/Robotica/week4/lab3_2_ws/install/matrix_interfaces/lib/libmatrix_interfaces__rosidl_typesupport_fastrtps_cpp.so" to ""
[2.436s] -- Up-to-date: /home/luz/Escritorio/Robotica/week4/lab3_2_ws/install/matrix_interfaces/include/matrix_interfaces/matrix_interfaces
[2.437s] -- Up-to-date: /home/luz/Escritorio/Robotica/week4/lab3_2_ws/install/matrix_interfaces/include/matrix_interfaces/matrix_interfaces/srv
[2.437s] -- Up-to-date: /home/luz/Escritorio/Robotica/week4/lab3_2_ws/install/matrix_interfaces/include/matrix_interfaces/matrix_interfaces/srv/detail
[2.437s] -- Installing: /home/luz/Escritorio/Robotica/week4/lab3_2_ws/install/matrix_interfaces/include/matrix_interfaces/matrix_interfaces/srv/detail/rotxyz__rosidl_typesupport_introspection_cpp.hpp
[2.437s] -- Installing: /home/luz/Escritorio/Robotica/week4/lab3_2_ws/install/matrix_interfaces/include/matrix_interfaces/matrix_interfaces/srv/detail/rotxyz__type_support.cpp
[2.437s] -- Installing: /home/luz/Escritorio/Robotica/week4/lab3_2_ws/install/matrix_interfaces/lib/libmatrix_interfaces__rosidl_typesupport_introspection_cpp.so
[2.437s] -- Set runtime path of "/home/luz/Escritorio/Robotica/week4/lab3_2_ws/install/matrix_interfaces/lib/libmatrix_interfaces__rosidl_typesupport_introspection_cpp.so" to ""
[2.437s] -- Installing: /home/luz/Escritorio/Robotica/week4/lab3_2_ws/install/matrix_interfaces/lib/libmatrix_interfaces__rosidl_typesupport_cpp.so
[2.437s] -- Set runtime path of "/home/luz/Escritorio/Robotica/week4/lab3_2_ws/install/matrix_interfaces/lib/libmatrix_interfaces__rosidl_typesupport_cpp.so" to ""
[2.437s] -- Up-to-date: /home/luz/Escritorio/Robotica/week4/lab3_2_ws/install/matrix_interfaces/share/matrix_interfaces/environment/pythonpath.sh
[2.437s] -- Installing: /home/luz/Escritorio/Robotica/week4/lab3_2_ws/install/matrix_interfaces/share/matrix_interfaces/environment/pythonpath.dsv
[2.437s] -- Up-to-date: /home/luz/Escritorio/Robotica/week4/lab3_2_ws/install/matrix_interfaces/local/lib/python3.10/dist-packages/matrix_interfaces-0.0.0-py3.10.egg-info
[2.437s] -- Installing: /home/luz/Escritorio/Robotica/week4/lab3_2_ws/install/matrix_interfaces/local/lib/python3.10/dist-packages/matrix_interfaces-0.0.0-py3.10.egg-info/PKG-INFO
[2.437s] -- Installing: /home/luz/Escritorio/Robotica/week4/lab3_2_ws/install/matrix_interfaces/local/lib/python3.10/dist-packages/matrix_interfaces-0.0.0-py3.10.egg-info/top_level.txt
[2.438s] -- Installing: /home/luz/Escritorio/Robotica/week4/lab3_2_ws/install/matrix_interfaces/local/lib/python3.10/dist-packages/matrix_interfaces-0.0.0-py3.10.egg-info/SOURCES.txt
[2.438s] -- Installing: /home/luz/Escritorio/Robotica/week4/lab3_2_ws/install/matrix_interfaces/local/lib/python3.10/dist-packages/matrix_interfaces-0.0.0-py3.10.egg-info/dependency_links.txt
[2.438s] -- Up-to-date: /home/luz/Escritorio/Robotica/week4/lab3_2_ws/install/matrix_interfaces/local/lib/python3.10/dist-packages/matrix_interfaces
[2.438s] -- Installing: /home/luz/Escritorio/Robotica/week4/lab3_2_ws/install/matrix_interfaces/local/lib/python3.10/dist-packages/matrix_interfaces/_matrix_interfaces_s.ep.rosidl_typesupport_fastrtps_c.c
[2.438s] -- Up-to-date: /home/luz/Escritorio/Robotica/week4/lab3_2_ws/install/matrix_interfaces/local/lib/python3.10/dist-packages/matrix_interfaces/srv
[2.438s] -- Installing: /home/luz/Escritorio/Robotica/week4/lab3_2_ws/install/matrix_interfaces/local/lib/python3.10/dist-packages/matrix_interfaces/srv/_rotxyz.py
[2.438s] -- Installing: /home/luz/Escritorio/Robotica/week4/lab3_2_ws/install/matrix_interfaces/local/lib/python3.10/dist-packages/matrix_interfaces/srv/__init__.py
[2.438s] -- Installing: /home/luz/Escritorio/Robotica/week4/lab3_2_ws/install/matrix_interfaces/local/lib/python3.10/dist-packages/matrix_interfaces/srv/_rotxyz_s.c
[2.438s] -- Installing: /home/luz/Escritorio/Robotica/week4/lab3_2_ws/install/matrix_interfaces/local/lib/python3.10/dist-packages/matrix_interfaces/matrix_interfaces_s__rosidl_typesupport_introspection_c.cpython-310-x86_64-linux-gnu.so
[2.438s] -- Installing: /home/luz/Escritorio/Robotica/week4/lab3_2_ws/install/matrix_interfaces/local/lib/python3.10/dist-packages/matrix_interfaces/libmatrix_interfaces__rosidl_generator_py.so
[2.438s] -- Installing: /home/luz/Escritorio/Robotica/week4/lab3_2_ws/install/matrix_interfaces/local/lib/python3.10/dist-packages/matrix_interfaces/matrix_interfaces_s__rosidl_typesupport_c.cpython-310-x86_64-linux-gnu.so
[2.438s] -- Installing: /home/luz/Escritorio/Robotica/week4/lab3_2_ws/install/matrix_interfaces/local/lib/python3.10/dist-packages/matrix_interfaces/matrix_interfaces_s__rosidl_typesupport_fastrtps_c.cpython-310-x86_64-linux-gnu.so
[2.439s] -- Installing: /home/luz/Escritorio/Robotica/week4/lab3_2_ws/install/matrix_interfaces/local/lib/python3.10/dist-packages/matrix_interfaces/_matrix_interfaces_s.ep.rosidl_typesupport_introspection_c.c
[2.439s] -- Installing: /home/luz/Escritorio/Robotica/week4/lab3_2_ws/install/matrix_interfaces/local/lib/python3.10/dist-packages/matrix_interfaces/__init__.py
[2.439s] -- Installing: /home/luz/Escritorio/Robotica/week4/lab3_2_ws/install/matrix_interfaces/local/lib/python3.10/dist-packages/matrix_interfaces/_matrix_interfaces_s.ep.rosidl_typesupport_c.c
[2.460s] Listing '/home/luz/Escritorio/Robotica/week4/lab3_2_ws/install/matrix_interfaces/local/lib/python3.10/dist-packages/matrix_interfaces'...
[2.461s] Compiling '/home/luz/Escritorio/Robotica/week4/lab3_2_ws/install/matrix_interfaces/local/lib/python3.10/dist-packages/matrix_interfaces/__init__.py'...
[2.461s] Listing '/home/luz/Escritorio/Robotica/week4/lab3_2_ws/install/matrix_interfaces/local/lib/python3.10/dist-packages/matrix_interfaces/srv'...
[2.461s] Compiling '/home/luz/Escritorio/Robotica/week4/lab3_2_ws/install/matrix_interfaces/local/lib/python3.10/dist-packages/matrix_interfaces/srv/__init__.py'...
[2.461s] Compiling '/home/luz/Escritorio/Robotica/week4/lab3_2_ws/install/matrix_interfaces/local/lib/python3.10/dist-packages/matrix_interfaces/srv/_rotxyz.py'...
[2.464s] -- Installing: /home/luz/Escritorio/Robotica/week4/lab3_2_ws/install/matrix_interfaces/local/lib/python3.10/dist-packages/matrix_interfaces/matrix_interfaces_s__rosidl_typesupport_fastrtps_c.cpython-310-x86_64-linux-gnu.so
[2.464s] -- Set runtime path of "/home/luz/Escritorio/Robotica/week4/lab3_2_ws/install/matrix_interfaces/local/lib/python3.10/dist-packages/matrix_interfaces/matrix_interfaces_s__rosidl_typesupport_fastrtps_c.cpython-310-x86_64-linux-gnu.so" to ""
[2.464s] -- Installing: /home/luz/Escritorio/Robotica/week4/lab3_2_ws/install/matrix_interfaces/local/lib/python3.10/dist-packages/matrix_interfaces/matrix_interfaces_s__rosidl_typesupport_introspection_c.cpython-310-x86_64-linux-gnu.so
[2.464s] -- Set runtime path of "/home/luz/Escritorio/Robotica/week4/lab3_2_ws/install/matrix_interfaces/local/lib/python3.10/dist-packages/matrix_interfaces/matrix_interfaces_s__rosidl_typesupport_introspection_c.cpython-310-x86_64-linux-gnu.so" to ""
[2.464s] -- Installing: /home/luz/Escritorio/Robotica/week4/lab3_2_ws/install/matrix_interfaces/local/lib/python3.10/dist-packages/matrix_interfaces/matrix_interfaces_s__rosidl_typesupport_c.cpython-310-x86_64-linux-gnu.so
[2.465s] -- Set runtime path of "/home/luz/Escritorio/Robotica/week4/lab3_2_ws/install/matrix_interfaces/local/lib/python3.10/dist-packages/matrix_interfaces/matrix_interfaces_s__rosidl_typesupport_c.cpython-310-x86_64-linux-gnu.so" to ""
[2.465s] -- Installing: /home/luz/Escritorio/Robotica/week4/lab3_2_ws/install/matrix_interfaces/lib/libmatrix_interfaces__rosidl_generator_py.so
[2.465s] -- Set runtime path of "/home/luz/Escritorio/Robotica/week4/lab3_2_ws/install/matrix_interfaces/lib/libmatrix_interfaces__rosidl_generator_py.so" to ""
[2.465s] -- Installing: /home/luz/Escritorio/Robotica/week4/lab3_2_ws/install/matrix_interfaces/share/matrix_interfaces/srv/Rotxyz.idl
[2.465s] -- Installing: /home/luz/Escritorio/Robotica/week4/lab3_2_ws/install/matrix_interfaces/share/matrix_interfaces/srv/Rotxyz.srv
[2.465s] -- Installing: /home/luz/Escritorio/Robotica/week4/lab3_2_ws/install/matrix_interfaces/share/matrix_interfaces/srv/Rotxyz_Request.msg
[2.465s] -- Installing: /home/luz/Escritorio/Robotica/week4/lab3_2_ws/install/matrix_interfaces/share/matrix_interfaces/srv/Rotxyz_Response.msg
[2.465s] -- Up-to-date: /home/luz/Escritorio/Robotica/week4/lab3_2_ws/install/matrix_interfaces/share/ament_index/resource_index/package_run_dependencies/matrix_interfaces
[2.465s] -- Up-to-date: /home/luz/Escritorio/Robotica/week4/lab3_2_ws/install/matrix_interfaces/share/ament_index/resource_index/parent_prefix_path/matrix_interfaces
[2.466s] -- Up-to-date: /home/luz/Escritorio/Robotica/week4/lab3_2_ws/install/matrix_interfaces/share/matrix_interfaces/environment/ament_prefix_path.sh
[2.466s] -- Installing: /home/luz/Escritorio/Robotica/week4/lab3_2_ws/install/matrix_interfaces/share/matrix_interfaces/environment/ament_prefix_path.dsv
[2.466s] -- Up-to-date: /home/luz/Escritorio/Robotica/week4/lab3_2_ws/install/matrix_interfaces/share/matrix_interfaces/environment/path.sh
[2.466s] -- Installing: /home/luz/Escritorio/Robotica/week4/lab3_2_ws/install/matrix_interfaces/share/matrix_interfaces/environment/path.dsv
[2.466s] -- Up-to-date: /home/luz/Escritorio/Robotica/week4/lab3_2_ws/install/matrix_interfaces/share/matrix_interfaces/local_setup.bash
[2.466s] -- Up-to-date: /home/luz/Escritorio/Robotica/week4/lab3_2_ws/install/matrix_interfaces/share/matrix_interfaces/local_setup.sh
[2.466s] -- Up-to-date: /home/luz/Escritorio/Robotica/week4/lab3_2_ws/install/matrix_interfaces/share/matrix_interfaces/local_setup.zsh
[2.466s] -- Installing: /home/luz/Escritorio/Robotica/week4/lab3_2_ws/install/matrix_interfaces/share/matrix_interfaces/local_setup.dsv
[2.467s] -- Installing: /home/luz/Escritorio/Robotica/week4/lab3_2_ws/install/matrix_interfaces/share/matrix_interfaces/package.dsv
[2.467s] -- Up-to-date: /home/luz/Escritorio/Robotica/week4/lab3_2_ws/install/matrix_interfaces/share/ament_index/resource_index/packages/matrix_interfaces
[2.467s] -- Up-to-date: /home/luz/Escritorio/Robotica/week4/lab3_2_ws/install/matrix_interfaces/share/matrix_interfaces/cmake/export_matrix_interfaces__rosidl_generator_cExport.cmake
[2.467s] -- Up-to-date: /home/luz/Escritorio/Robotica/week4/lab3_2_ws/install/matrix_interfaces/share/matrix_interfaces/cmake/export_matrix_interfaces__rosidl_generator_cExport-noconfig.cmake
[2.467s] -- Up-to-date: /home/luz/Escritorio/Robotica/week4/lab3_2_ws/install/matrix_interfaces/share/matrix_interfaces/cmake/export_matrix_interfaces__rosidl_typesupport_fastrtps_cExport.cmake
[2.467s] -- Up-to-date: /home/luz/Escritorio/Robotica/week4/lab3_2_ws/install/matrix_interfaces/share/matrix_interfaces/cmake/export_matrix_interfaces__rosidl_typesupport_fastrtps_cExport-noconfig.cmake
[2.467s] -- Up-to-date: /home/luz/Escritorio/Robotica/week4/lab3_2_ws/install/matrix_interfaces/share/matrix_interfaces/cmake/matrix_interfaces__rosidl_typesupport_introspection_cExport.cmake
[2.467s] -- Up-to-date: /home/luz/Escritorio/Robotica/week4/lab3_2_ws/install/matrix_interfaces/share/matrix_interfaces/cmake/matrix_interfaces__rosidl_typesupport_introspection_cExport-noconfig.cmake
[2.467s] -- Up-to-date: /home/luz/Escritorio/Robotica/week4/lab3_2_ws/install/matrix_interfaces/share/matrix_interfaces/cmake/matrix_interfaces__rosidl_typesupport_cExport.cmake
[2.467s] -- Up-to-date: /home/luz/Escritorio/Robotica/week4/lab3_2_ws/install/matrix_interfaces/share/matrix_interfaces/cmake/matrix_interfaces__rosidl_typesupport_cExport-noconfig.cmake
[2.467s] -- Up-to-date: /home/luz/Escritorio/Robotica/week4/lab3_2_ws/install/matrix_interfaces/share/matrix_interfaces/cmake/export_matrix_interfaces__rosidl_generator_cppExport.cmake
[2.467s] -- Up-to-date: /home/luz/Escritorio/Robotica/week4/lab3_2_ws/install/matrix_interfaces/share/matrix_interfaces/cmake/export_matrix_interfaces__rosidl_typesupport_fastrtps_cppExport.cmake
[2.467s] -- Up-to-date: /home/luz/Escritorio/Robotica/week4/lab3_2_ws/install/matrix_interfaces/share/matrix_interfaces/cmake/export_matrix_interfaces__rosidl_typesupport_fastrtps_cppExport-noconfig.cmake
[2.468s] -- Up-to-date: /home/luz/Escritorio/Robotica/week4/lab3_2_ws/install/matrix_interfaces/share/matrix_interfaces/cmake/matrix_interfaces__rosidl_typesupport_introspection_cppExport.cmake
[2.468s] -- Up-to-date: /home/luz/Escritorio/Robotica/week4/lab3_2_ws/install/matrix_interfaces/share/matrix_interfaces/cmake/matrix_interfaces__rosidl_typesupport_introspection_cppExport-noconfig.cmake
[2.468s] -- Up-to-date: /home/luz/Escritorio/Robotica/week4/lab3_2_ws/install/matrix_interfaces/share/matrix_interfaces/cmake/matrix_interfaces__rosidl_typesupport_cppExport.cmake
[2.469s] -- Up-to-date: /home/luz/Escritorio/Robotica/week4/lab3_2_ws/install/matrix_interfaces/share/matrix_interfaces/cmake/matrix_interfaces__rosidl_typesupport_cppExport-noconfig.cmake
[2.469s] -- Up-to-date: /home/luz/Escritorio/Robotica/week4/lab3_2_ws/install/matrix_interfaces/share/matrix_interfaces/cmake/export_matrix_interfaces__rosidl_generator_pyExport.cmake
[2.469s] -- Up-to-date: /home/luz/Escritorio/Robotica/week4/lab3_2_ws/install/matrix_interfaces/share/matrix_interfaces/cmake/export_matrix_interfaces__rosidl_generator_pyExport-noconfig.cmake
[2.470s] -- Up-to-date: /home/luz/Escritorio/Robotica/week4/lab3_2_ws/install/matrix_interfaces/share/matrix_interfaces/cmake/rosidl_cmake-extras.cmake
[2.470s] -- Up-to-date: /home/luz/Escritorio/Robotica/week4/lab3_2_ws/install/matrix_interfaces/share/matrix_interfaces/cmake/ament_cmake_export_include_directories-extras.cmake
[2.470s] -- Up-to-date: /home/luz/Escritorio/Robotica/week4/lab3_2_ws/install/matrix_interfaces/share/matrix_interfaces/cmake/ament_cmake_export_libraries-extras.cmake
[2.470s] -- Up-to-date: /home/luz/Escritorio/Robotica/week4/lab3_2_ws/install/matrix_interfaces/share/matrix_interfaces/cmake/ament_cmake_export_targets-extras.cmake
[2.470s] -- Up-to-date: /home/luz/Escritorio/Robotica/week4/lab3_2_ws/install/matrix_interfaces/share/matrix_interfaces/cmake/rosidl_cmake_export_typesupport_targets-extras.cmake
[2.470s] -- Up-to-date: /home/luz/Escritorio/Robotica/week4/lab3_2_ws/install/matrix_interfaces/share/matrix_interfaces/cmake/ament_cmake_export_dependencies-extras.cmake
[2.470s] -- Up-to-date: /home/luz/Escritorio/Robotica/week4/lab3_2_ws/install/matrix_interfaces/share/matrix_interfaces/cmake/rosidl_cmake_export_typesupport_libraries-extras.cmake
[2.470s] -- Up-to-date: /home/luz/Escritorio/Robotica/week4/lab3_2_ws/install/matrix_interfaces/share/matrix_interfaces/cmake/matrix_interfacesConfig.cmake
[2.470s] -- Up-to-date: /home/luz/Escritorio/Robotica/week4/lab3_2_ws/install/matrix_interfaces/share/matrix_interfaces/cmake/matrix_interfacesConfig-version.cmake
[2.471s] -- Installing: /home/luz/Escritorio/Robotica/week4/lab3_2_ws/install/matrix_interfaces/share/matrix_interfaces/package.xml
[2.471s] Invoked command in '/home/luz/Escritorio/Robotica/week4/lab3_2_ws/build/matrix_interfaces' returned '0': CMAKE_PREFIX_PATH=/opt/ros/humble /usr/bin/cmake --install /home/luz/Escritorio/Robotica/week4/lab3_2_ws/build/matrix_interfaces
