running egg_info
writing ../../build/pubsub_py/pubsub_py.egg-info/PKG-INFO
writing dependency_links to ../../build/pubsub_py/pubsub_py.egg-info/dependency_links.txt
writing entry points to ../../build/pubsub_py/pubsub_py.egg-info/entry_points.txt
writing requirements to ../../build/pubsub_py/pubsub_py.egg-info/requires.txt
writing top-level names to ../../build/pubsub_py/pubsub_py.egg-info/top_level.txt
reading manifest file '../../build/pubsub_py/pubsub_py.egg-info/SOURCES.txt'
adding license file 'LICENSE'
writing manifest file '../../build/pubsub_py/pubsub_py.egg-info/SOURCES.txt'
running build
running build_py
copying pubsub_py/pub_angles.py -> /home/luz/Escritorio/ucbrob_ws/build/pubsub_py/build/lib/pubsub_py
running install
running install_lib
copying /home/luz/Escritorio/ucbrob_ws/build/pubsub_py/build/lib/pubsub_py/pub_angles.py -> /home/luz/Escritorio/ucbrob_ws/install/pubsub_py/lib/python3.10/site-packages/pubsub_py
byte-compiling /home/luz/Escritorio/ucbrob_ws/install/pubsub_py/lib/python3.10/site-packages/pubsub_py/pub_angles.py to pub_angles.cpython-310.pyc
running install_data
running install_egg_info
removing '/home/luz/Escritorio/ucbrob_ws/install/pubsub_py/lib/python3.10/site-packages/pubsub_py-0.0.0-py3.10.egg-info' (and everything under it)
Copying ../../build/pubsub_py/pubsub_py.egg-info to /home/luz/Escritorio/ucbrob_ws/install/pubsub_py/lib/python3.10/site-packages/pubsub_py-0.0.0-py3.10.egg-info
running install_scripts
Installing Angulo script to /home/luz/Escritorio/ucbrob_ws/install/pubsub_py/lib/pubsub_py
Installing Destino script to /home/luz/Escritorio/ucbrob_ws/install/pubsub_py/lib/pubsub_py
Installing Origen script to /home/luz/Escritorio/ucbrob_ws/install/pubsub_py/lib/pubsub_py
Installing Process script to /home/luz/Escritorio/ucbrob_ws/install/pubsub_py/lib/pubsub_py
Installing Publicador script to /home/luz/Escritorio/ucbrob_ws/install/pubsub_py/lib/pubsub_py
Installing Subscriptor script to /home/luz/Escritorio/ucbrob_ws/install/pubsub_py/lib/pubsub_py
writing list of installed files to '/home/luz/Escritorio/ucbrob_ws/build/pubsub_py/install.log'
