[0.015s] Invoking command in '/home/luz/Escritorio/Robotica/week9/ros2_ws/build/cartographer_ros_msgs': CMAKE_PREFIX_PATH=/home/luz/Escritorio/Robotica/week9/ros2_ws/install/stage_ros2:/opt/ros/humble:/home/luz/Escritorio/Robotica/week9/ros2_ws/install/stage:/home/luz/Escritorio/Robotica/week9/ros2_ws/install/navigation_tb3:/home/luz/Escritorio/Robotica/week9/ros2_ws/install/cartographer_rviz:/home/luz/Escritorio/Robotica/week9/ros2_ws/install/cartographer_ros:/home/luz/Escritorio/Robotica/week9/ros2_ws/install/cartographer_ros_msgs /usr/bin/cmake /home/luz/Escritorio/Robotica/week9/ros2_ws/src/cartographer_ros/cartographer_ros_msgs -DOpenGL_GL_PREFERENCE=LEGACY -DAMENT_CMAKE_SYMLINK_INSTALL=1 -DCMAKE_INSTALL_PREFIX=/home/luz/Escritorio/Robotica/week9/ros2_ws/install/cartographer_ros_msgs
[0.025s] -- Found ament_cmake: 1.3.12 (/opt/ros/humble/share/ament_cmake/cmake)
[0.115s] -- Override CMake install command with custom implementation using symlinks instead of copying resources
[0.120s] -- Found rosidl_default_generators: 1.2.0 (/opt/ros/humble/share/rosidl_default_generators/cmake)
[0.121s] -- Using all available rosidl_typesupport_c: rosidl_typesupport_fastrtps_c;rosidl_typesupport_introspection_c
[0.123s] -- Found rosidl_adapter: 3.1.7 (/opt/ros/humble/share/rosidl_adapter/cmake)
[0.143s] -- Using all available rosidl_typesupport_cpp: rosidl_typesupport_fastrtps_cpp;rosidl_typesupport_introspection_cpp
[0.160s] -- Found builtin_interfaces: 1.2.2 (/opt/ros/humble/share/builtin_interfaces/cmake)
[0.167s] -- Found geometry_msgs: 4.9.0 (/opt/ros/humble/share/geometry_msgs/cmake)
[0.502s] -- Found ament_cmake_cppcheck: 0.12.14 (/opt/ros/humble/share/ament_cmake_cppcheck/cmake)
[0.502s] -- Found ament_cmake_cpplint: 0.12.14 (/opt/ros/humble/share/ament_cmake_cpplint/cmake)
[0.503s] -- Found ament_cmake_uncrustify: 0.12.14 (/opt/ros/humble/share/ament_cmake_uncrustify/cmake)
[0.504s] -- Found ament_cmake_ros: 0.10.0 (/opt/ros/humble/share/ament_cmake_ros/cmake)
[0.688s] -- Using all available rosidl_typesupport_c: rosidl_typesupport_fastrtps_c;rosidl_typesupport_introspection_c
[0.941s] -- Using all available rosidl_typesupport_cpp: rosidl_typesupport_fastrtps_cpp;rosidl_typesupport_introspection_cpp
[0.975s] -- Found python_cmake_module: 0.10.0 (/opt/ros/humble/share/python_cmake_module/cmake)
[0.994s] -- Using PYTHON_EXECUTABLE: /usr/bin/python3
[0.994s] -- Using PYTHON_INCLUDE_DIRS: /usr/include/python3.10
[0.994s] -- Using PYTHON_LIBRARIES: /usr/lib/x86_64-linux-gnu/libpython3.10.so
[1.022s] -- Found ament_cmake_flake8: 0.12.14 (/opt/ros/humble/share/ament_cmake_flake8/cmake)
[1.023s] -- Found ament_cmake_pep257: 0.12.14 (/opt/ros/humble/share/ament_cmake_pep257/cmake)
[1.031s] -- Configuring done
[1.075s] -- Generating done
[1.085s] -- Build files have been written to: /home/luz/Escritorio/Robotica/week9/ros2_ws/build/cartographer_ros_msgs
