[0.012s] Invoking command in '/home/luz/Escritorio/Robotica/week9/ros2_ws/build/stage': /usr/bin/cmake /home/luz/Escritorio/Robotica/week9/ros2_ws/src/Stage -DOpenGL_GL_PREFERENCE=LEGACY -DCATKIN_INSTALL_INTO_PREFIX_ROOT=0 -DCATKIN_SYMLINK_INSTALL=ON -DCMAKE_INSTALL_PREFIX=/home/luz/Escritorio/Robotica/week9/ros2_ws/install/stage
[0.028s] -- Stage version 4.3.0
[0.029s] -- Operating system is Linux
[0.029s] -- Installing Libraries to /home/luz/Escritorio/Robotica/week9/ros2_ws/install/stage/lib
[0.029s] -- Installing Plugins to /home/luz/Escritorio/Robotica/week9/ros2_ws/install/stage/lib/Stage-4.3
[0.029s] -- Build type RELEASE
[0.029s] -- Checking for libtool
[0.029s] -- Checking for required libraries...
[0.083s] -- Checking for optional libraries...
[0.083s] -- Installation path CMAKE_INSTALL_PREFIX=/home/luz/Escritorio/Robotica/week9/ros2_ws/install/stage
[0.084s] -- Configuring libstage
[0.090s] -- Checking for one of the modules 'playercore>=2.1.0'
[0.092s] --   * Player not detected. If Player is installed but not detected, check your PKG_CONFIG_PATH.
[0.102s] -- Configuring done
[0.132s] -- Generating done
[0.137s] -- Build files have been written to: /home/luz/Escritorio/Robotica/week9/ros2_ws/build/stage
[0.141s] Invoked command in '/home/luz/Escritorio/Robotica/week9/ros2_ws/build/stage' returned '0': /usr/bin/cmake /home/luz/Escritorio/Robotica/week9/ros2_ws/src/Stage -DOpenGL_GL_PREFERENCE=LEGACY -DCATKIN_INSTALL_INTO_PREFIX_ROOT=0 -DCATKIN_SYMLINK_INSTALL=ON -DCMAKE_INSTALL_PREFIX=/home/luz/Escritorio/Robotica/week9/ros2_ws/install/stage
[0.142s] Invoking command in '/home/luz/Escritorio/Robotica/week9/ros2_ws/build/stage': /usr/bin/cmake --build /home/luz/Escritorio/Robotica/week9/ros2_ws/build/stage -- -j12 -l12
[0.183s] [35m[1mConsolidate compiler generated dependencies of target stage[0m
[0.213s] [ 57%] Built target stage
[0.222s] [35m[1mConsolidate compiler generated dependencies of target sink[0m
[0.224s] [35m[1mConsolidate compiler generated dependencies of target fasr[0m
[0.224s] [35m[1mConsolidate compiler generated dependencies of target wander[0m
[0.225s] [35m[1mConsolidate compiler generated dependencies of target pioneer_flocking[0m
[0.225s] [35m[1mConsolidate compiler generated dependencies of target source[0m
[0.225s] [35m[1mConsolidate compiler generated dependencies of target stagebinary[0m
[0.225s] [35m[1mConsolidate compiler generated dependencies of target rasterize[0m
[0.230s] [35m[1mConsolidate compiler generated dependencies of target lasernoise[0m
[0.232s] [35m[1mConsolidate compiler generated dependencies of target fasr2[0m
[0.232s] [35m[1mConsolidate compiler generated dependencies of target expand_pioneer[0m
[0.233s] [35m[1mConsolidate compiler generated dependencies of target expand_swarm[0m
[0.238s] [35m[1mConsolidate compiler generated dependencies of target dynamic[0m
[0.238s] [ 61%] Built target fasr
[0.239s] [ 64%] Built target source
[0.240s] [ 67%] Built target stagebinary
[0.242s] [ 71%] Built target wander
[0.242s] [ 74%] Built target sink
[0.247s] [ 84%] Built target rasterize
[0.247s] [ 84%] Built target pioneer_flocking
[0.248s] [ 84%] Built target expand_pioneer
[0.248s] [ 91%] Built target expand_swarm
[0.248s] [ 91%] Built target lasernoise
[0.251s] [ 96%] Built target fasr2
[0.251s] [100%] Built target dynamic
[0.260s] Invoked command in '/home/luz/Escritorio/Robotica/week9/ros2_ws/build/stage' returned '0': /usr/bin/cmake --build /home/luz/Escritorio/Robotica/week9/ros2_ws/build/stage -- -j12 -l12
[0.270s] Invoking command in '/home/luz/Escritorio/Robotica/week9/ros2_ws/build/stage': /usr/bin/cmake --install /home/luz/Escritorio/Robotica/week9/ros2_ws/build/stage
[0.275s] -- Install configuration: "RELEASE"
[0.275s] -- Up-to-date: /home/luz/Escritorio/Robotica/week9/ros2_ws/install/stage/lib/pkgconfig/stage.pc
[0.276s] -- Installing: /home/luz/Escritorio/Robotica/week9/ros2_ws/install/stage/lib/cmake/Stage/stage-config.cmake
[0.276s] -- Up-to-date: /home/luz/Escritorio/Robotica/week9/ros2_ws/install/stage/lib/cmake/Stage/stage-config-version.cmake
[0.276s] -- Installing: /home/luz/Escritorio/Robotica/week9/ros2_ws/install/stage/bin/stage
[0.276s] -- Set runtime path of "/home/luz/Escritorio/Robotica/week9/ros2_ws/install/stage/bin/stage" to ""
[0.276s] -- Installing: /home/luz/Escritorio/Robotica/week9/ros2_ws/install/stage/lib/libstage.so.4.3.0
[0.277s] -- Up-to-date: /home/luz/Escritorio/Robotica/week9/ros2_ws/install/stage/lib/libstage.so
[0.277s] -- Up-to-date: /home/luz/Escritorio/Robotica/week9/ros2_ws/install/stage/include/Stage-4.3/stage.hh
[0.277s] -- Installing: /home/luz/Escritorio/Robotica/week9/ros2_ws/install/stage/lib/Stage-4.3/fasr.so
[0.277s] -- Set runtime path of "/home/luz/Escritorio/Robotica/week9/ros2_ws/install/stage/lib/Stage-4.3/fasr.so" to ""
[0.277s] -- Installing: /home/luz/Escritorio/Robotica/week9/ros2_ws/install/stage/lib/Stage-4.3/sink.so
[0.277s] -- Set runtime path of "/home/luz/Escritorio/Robotica/week9/ros2_ws/install/stage/lib/Stage-4.3/sink.so" to ""
[0.277s] -- Installing: /home/luz/Escritorio/Robotica/week9/ros2_ws/install/stage/lib/Stage-4.3/source.so
[0.277s] -- Set runtime path of "/home/luz/Escritorio/Robotica/week9/ros2_ws/install/stage/lib/Stage-4.3/source.so" to ""
[0.278s] -- Installing: /home/luz/Escritorio/Robotica/week9/ros2_ws/install/stage/lib/Stage-4.3/wander.so
[0.278s] -- Set runtime path of "/home/luz/Escritorio/Robotica/week9/ros2_ws/install/stage/lib/Stage-4.3/wander.so" to ""
[0.278s] -- Installing: /home/luz/Escritorio/Robotica/week9/ros2_ws/install/stage/lib/Stage-4.3/pioneer_flocking.so
[0.278s] -- Set runtime path of "/home/luz/Escritorio/Robotica/week9/ros2_ws/install/stage/lib/Stage-4.3/pioneer_flocking.so" to ""
[0.278s] -- Installing: /home/luz/Escritorio/Robotica/week9/ros2_ws/install/stage/lib/Stage-4.3/rasterize.so
[0.278s] -- Set runtime path of "/home/luz/Escritorio/Robotica/week9/ros2_ws/install/stage/lib/Stage-4.3/rasterize.so" to ""
[0.278s] -- Installing: /home/luz/Escritorio/Robotica/week9/ros2_ws/install/stage/lib/Stage-4.3/lasernoise.so
[0.278s] -- Set runtime path of "/home/luz/Escritorio/Robotica/week9/ros2_ws/install/stage/lib/Stage-4.3/lasernoise.so" to ""
[0.278s] -- Installing: /home/luz/Escritorio/Robotica/week9/ros2_ws/install/stage/lib/Stage-4.3/dynamic.so
[0.279s] -- Set runtime path of "/home/luz/Escritorio/Robotica/week9/ros2_ws/install/stage/lib/Stage-4.3/dynamic.so" to ""
[0.279s] -- Installing: /home/luz/Escritorio/Robotica/week9/ros2_ws/install/stage/lib/Stage-4.3/fasr2.so
[0.279s] -- Set runtime path of "/home/luz/Escritorio/Robotica/week9/ros2_ws/install/stage/lib/Stage-4.3/fasr2.so" to ""
[0.279s] -- Up-to-date: /home/luz/Escritorio/Robotica/week9/ros2_ws/install/stage/share/stage/assets/blue.png
[0.279s] -- Up-to-date: /home/luz/Escritorio/Robotica/week9/ros2_ws/install/stage/share/stage/assets/death.png
[0.279s] -- Up-to-date: /home/luz/Escritorio/Robotica/week9/ros2_ws/install/stage/share/stage/assets/green.png
[0.279s] -- Up-to-date: /home/luz/Escritorio/Robotica/week9/ros2_ws/install/stage/share/stage/assets/logo.png
[0.279s] -- Up-to-date: /home/luz/Escritorio/Robotica/week9/ros2_ws/install/stage/share/stage/assets/mains.png
[0.279s] -- Up-to-date: /home/luz/Escritorio/Robotica/week9/ros2_ws/install/stage/share/stage/assets/mainspower.png
[0.280s] -- Up-to-date: /home/luz/Escritorio/Robotica/week9/ros2_ws/install/stage/share/stage/assets/question_mark.png
[0.280s] -- Up-to-date: /home/luz/Escritorio/Robotica/week9/ros2_ws/install/stage/share/stage/assets/red.png
[0.280s] -- Up-to-date: /home/luz/Escritorio/Robotica/week9/ros2_ws/install/stage/share/stage/assets/stagelogo.png
[0.280s] -- Up-to-date: /home/luz/Escritorio/Robotica/week9/ros2_ws/install/stage/share/stage/assets/stall-old.png
[0.280s] -- Up-to-date: /home/luz/Escritorio/Robotica/week9/ros2_ws/install/stage/share/stage/assets/stall.png
[0.280s] -- Up-to-date: /home/luz/Escritorio/Robotica/week9/ros2_ws/install/stage/share/stage/assets/rgb.txt
[0.280s] -- Up-to-date: /home/luz/Escritorio/Robotica/week9/ros2_ws/install/stage/share/stage/rgb.txt
[0.280s] -- Up-to-date: /home/luz/Escritorio/Robotica/week9/ros2_ws/install/stage/share/stage/worlds/amcl-sonar.cfg
[0.280s] -- Up-to-date: /home/luz/Escritorio/Robotica/week9/ros2_ws/install/stage/share/stage/worlds/autolab.cfg
[0.280s] -- Up-to-date: /home/luz/Escritorio/Robotica/week9/ros2_ws/install/stage/share/stage/worlds/camera.cfg
[0.280s] -- Up-to-date: /home/luz/Escritorio/Robotica/week9/ros2_ws/install/stage/share/stage/worlds/everything.cfg
[0.281s] -- Up-to-date: /home/luz/Escritorio/Robotica/week9/ros2_ws/install/stage/share/stage/worlds/lsp_test.cfg
[0.281s] -- Up-to-date: /home/luz/Escritorio/Robotica/week9/ros2_ws/install/stage/share/stage/worlds/mbicp.cfg
[0.281s] -- Up-to-date: /home/luz/Escritorio/Robotica/week9/ros2_ws/install/stage/share/stage/worlds/nd.cfg
[0.281s] -- Up-to-date: /home/luz/Escritorio/Robotica/week9/ros2_ws/install/stage/share/stage/worlds/roomba.cfg
[0.281s] -- Up-to-date: /home/luz/Escritorio/Robotica/week9/ros2_ws/install/stage/share/stage/worlds/simple.cfg
[0.281s] -- Up-to-date: /home/luz/Escritorio/Robotica/week9/ros2_ws/install/stage/share/stage/worlds/test.cfg
[0.281s] -- Up-to-date: /home/luz/Escritorio/Robotica/week9/ros2_ws/install/stage/share/stage/worlds/uoa_robotics_lab.cfg
[0.281s] -- Up-to-date: /home/luz/Escritorio/Robotica/week9/ros2_ws/install/stage/share/stage/worlds/vfh.cfg
[0.281s] -- Up-to-date: /home/luz/Escritorio/Robotica/week9/ros2_ws/install/stage/share/stage/worlds/wavefront-remote.cfg
[0.281s] -- Up-to-date: /home/luz/Escritorio/Robotica/week9/ros2_ws/install/stage/share/stage/worlds/wavefront.cfg
[0.281s] -- Up-to-date: /home/luz/Escritorio/Robotica/week9/ros2_ws/install/stage/share/stage/worlds/wifi.cfg
[0.282s] -- Up-to-date: /home/luz/Escritorio/Robotica/week9/ros2_ws/install/stage/share/stage/worlds/SFU.world
[0.282s] -- Up-to-date: /home/luz/Escritorio/Robotica/week9/ros2_ws/install/stage/share/stage/worlds/autolab.world
[0.282s] -- Up-to-date: /home/luz/Escritorio/Robotica/week9/ros2_ws/install/stage/share/stage/worlds/camera.world
[0.282s] -- Up-to-date: /home/luz/Escritorio/Robotica/week9/ros2_ws/install/stage/share/stage/worlds/circuit.world
[0.282s] -- Up-to-date: /home/luz/Escritorio/Robotica/week9/ros2_ws/install/stage/share/stage/worlds/everything.world
[0.282s] -- Up-to-date: /home/luz/Escritorio/Robotica/week9/ros2_ws/install/stage/share/stage/worlds/fasr.world
[0.283s] -- Up-to-date: /home/luz/Escritorio/Robotica/week9/ros2_ws/install/stage/share/stage/worlds/fasr2.world
[0.283s] -- Up-to-date: /home/luz/Escritorio/Robotica/week9/ros2_ws/install/stage/share/stage/worlds/fasr_plan.world
[0.283s] -- Up-to-date: /home/luz/Escritorio/Robotica/week9/ros2_ws/install/stage/share/stage/worlds/large.world
[0.283s] -- Up-to-date: /home/luz/Escritorio/Robotica/week9/ros2_ws/install/stage/share/stage/worlds/lsp_test.world
[0.283s] -- Up-to-date: /home/luz/Escritorio/Robotica/week9/ros2_ws/install/stage/share/stage/worlds/mbicp.world
[0.283s] -- Up-to-date: /home/luz/Escritorio/Robotica/week9/ros2_ws/install/stage/share/stage/worlds/pioneer_flocking.world
[0.284s] -- Up-to-date: /home/luz/Escritorio/Robotica/week9/ros2_ws/install/stage/share/stage/worlds/pioneer_follow.world
[0.284s] -- Up-to-date: /home/luz/Escritorio/Robotica/week9/ros2_ws/install/stage/share/stage/worlds/pioneer_walle.world
[0.284s] -- Up-to-date: /home/luz/Escritorio/Robotica/week9/ros2_ws/install/stage/share/stage/worlds/roomba.world
[0.285s] -- Up-to-date: /home/luz/Escritorio/Robotica/week9/ros2_ws/install/stage/share/stage/worlds/sensor_noise_demo.world
[0.285s] -- Up-to-date: /home/luz/Escritorio/Robotica/week9/ros2_ws/install/stage/share/stage/worlds/sensor_noise_module_demo.world
[0.286s] -- Up-to-date: /home/luz/Escritorio/Robotica/week9/ros2_ws/install/stage/share/stage/worlds/simple.world
[0.286s] -- Up-to-date: /home/luz/Escritorio/Robotica/week9/ros2_ws/install/stage/share/stage/worlds/uoa_robotics_lab.world
[0.286s] -- Up-to-date: /home/luz/Escritorio/Robotica/week9/ros2_ws/install/stage/share/stage/worlds/wifi.world
[0.286s] -- Up-to-date: /home/luz/Escritorio/Robotica/week9/ros2_ws/install/stage/share/stage/worlds/beacons.inc
[0.286s] -- Up-to-date: /home/luz/Escritorio/Robotica/week9/ros2_ws/install/stage/share/stage/worlds/chatterbox.inc
[0.286s] -- Up-to-date: /home/luz/Escritorio/Robotica/week9/ros2_ws/install/stage/share/stage/worlds/hokuyo.inc
[0.286s] -- Up-to-date: /home/luz/Escritorio/Robotica/week9/ros2_ws/install/stage/share/stage/worlds/irobot.inc
[0.286s] -- Up-to-date: /home/luz/Escritorio/Robotica/week9/ros2_ws/install/stage/share/stage/worlds/map.inc
[0.286s] -- Up-to-date: /home/luz/Escritorio/Robotica/week9/ros2_ws/install/stage/share/stage/worlds/objects.inc
[0.286s] -- Up-to-date: /home/luz/Escritorio/Robotica/week9/ros2_ws/install/stage/share/stage/worlds/pantilt.inc
[0.287s] -- Up-to-date: /home/luz/Escritorio/Robotica/week9/ros2_ws/install/stage/share/stage/worlds/pioneer.inc
[0.287s] -- Up-to-date: /home/luz/Escritorio/Robotica/week9/ros2_ws/install/stage/share/stage/worlds/sick.inc
[0.287s] -- Up-to-date: /home/luz/Escritorio/Robotica/week9/ros2_ws/install/stage/share/stage/worlds/ubot.inc
[0.287s] -- Up-to-date: /home/luz/Escritorio/Robotica/week9/ros2_ws/install/stage/share/stage/worlds/uoa_robotics_lab_models.inc
[0.287s] -- Up-to-date: /home/luz/Escritorio/Robotica/week9/ros2_ws/install/stage/share/stage/worlds/walle.inc
[0.287s] -- Up-to-date: /home/luz/Escritorio/Robotica/week9/ros2_ws/install/stage/share/stage/worlds/cfggen.sh
[0.287s] -- Up-to-date: /home/luz/Escritorio/Robotica/week9/ros2_ws/install/stage/share/stage/worlds/test.sh
[0.287s] -- Up-to-date: /home/luz/Escritorio/Robotica/week9/ros2_ws/install/stage/share/stage/worlds/worldgen.sh
[0.287s] -- Installing: /home/luz/Escritorio/Robotica/week9/ros2_ws/install/stage/lib/Stage-4.3/expand_swarm.so
[0.287s] -- Set runtime path of "/home/luz/Escritorio/Robotica/week9/ros2_ws/install/stage/lib/Stage-4.3/expand_swarm.so" to ""
[0.288s] -- Installing: /home/luz/Escritorio/Robotica/week9/ros2_ws/install/stage/lib/Stage-4.3/expand_pioneer.so
[0.288s] -- Set runtime path of "/home/luz/Escritorio/Robotica/week9/ros2_ws/install/stage/lib/Stage-4.3/expand_pioneer.so" to ""
[0.288s] -- Up-to-date: /home/luz/Escritorio/Robotica/week9/ros2_ws/install/stage/share/stage/worlds/bitmaps/889_05.png
[0.288s] -- Up-to-date: /home/luz/Escritorio/Robotica/week9/ros2_ws/install/stage/share/stage/worlds/bitmaps/SFU_1200x615.png
[0.288s] -- Up-to-date: /home/luz/Escritorio/Robotica/week9/ros2_ws/install/stage/share/stage/worlds/bitmaps/SRI-AIC-kwing.png
[0.288s] -- Up-to-date: /home/luz/Escritorio/Robotica/week9/ros2_ws/install/stage/share/stage/worlds/bitmaps/autolab.png
[0.288s] -- Up-to-date: /home/luz/Escritorio/Robotica/week9/ros2_ws/install/stage/share/stage/worlds/bitmaps/cave.png
[0.288s] -- Up-to-date: /home/luz/Escritorio/Robotica/week9/ros2_ws/install/stage/share/stage/worlds/bitmaps/cave_compact.png
[0.288s] -- Up-to-date: /home/luz/Escritorio/Robotica/week9/ros2_ws/install/stage/share/stage/worlds/bitmaps/cave_filled.png
[0.289s] -- Up-to-date: /home/luz/Escritorio/Robotica/week9/ros2_ws/install/stage/share/stage/worlds/bitmaps/frieburg.png
[0.289s] -- Up-to-date: /home/luz/Escritorio/Robotica/week9/ros2_ws/install/stage/share/stage/worlds/bitmaps/ghost.png
[0.289s] -- Up-to-date: /home/luz/Escritorio/Robotica/week9/ros2_ws/install/stage/share/stage/worlds/bitmaps/hospital.png
[0.289s] -- Up-to-date: /home/luz/Escritorio/Robotica/week9/ros2_ws/install/stage/share/stage/worlds/bitmaps/hospital_section.png
[0.289s] -- Up-to-date: /home/luz/Escritorio/Robotica/week9/ros2_ws/install/stage/share/stage/worlds/bitmaps/human_outline.png
[0.289s] -- Up-to-date: /home/luz/Escritorio/Robotica/week9/ros2_ws/install/stage/share/stage/worlds/bitmaps/mbicp.png
[0.289s] -- Up-to-date: /home/luz/Escritorio/Robotica/week9/ros2_ws/install/stage/share/stage/worlds/bitmaps/rink.png
[0.289s] -- Up-to-date: /home/luz/Escritorio/Robotica/week9/ros2_ws/install/stage/share/stage/worlds/bitmaps/sal2.png
[0.290s] -- Up-to-date: /home/luz/Escritorio/Robotica/week9/ros2_ws/install/stage/share/stage/worlds/bitmaps/simple_rooms.png
[0.290s] -- Up-to-date: /home/luz/Escritorio/Robotica/week9/ros2_ws/install/stage/share/stage/worlds/bitmaps/space_invader.png
[0.290s] -- Up-to-date: /home/luz/Escritorio/Robotica/week9/ros2_ws/install/stage/share/stage/worlds/bitmaps/submarine.png
[0.290s] -- Up-to-date: /home/luz/Escritorio/Robotica/week9/ros2_ws/install/stage/share/stage/worlds/bitmaps/submarine_small.png
[0.290s] -- Up-to-date: /home/luz/Escritorio/Robotica/week9/ros2_ws/install/stage/share/stage/worlds/bitmaps/table.png
[0.290s] -- Up-to-date: /home/luz/Escritorio/Robotica/week9/ros2_ws/install/stage/share/stage/worlds/bitmaps/uoa_robotics_lab.png
[0.290s] -- Up-to-date: /home/luz/Escritorio/Robotica/week9/ros2_ws/install/stage/share/stage/worlds/wifi/commando.world
[0.290s] -- Up-to-date: /home/luz/Escritorio/Robotica/week9/ros2_ws/install/stage/share/stage/worlds/wifi/hosp_wifi.world
[0.290s] -- Up-to-date: /home/luz/Escritorio/Robotica/week9/ros2_ws/install/stage/share/stage/worlds/wifi/hosp_wifi_5.world
[0.290s] -- Up-to-date: /home/luz/Escritorio/Robotica/week9/ros2_ws/install/stage/share/stage/worlds/wifi/wifi.world
[0.290s] -- Up-to-date: /home/luz/Escritorio/Robotica/week9/ros2_ws/install/stage/share/stage/worlds/wifi/wifi_itu.world
[0.290s] -- Up-to-date: /home/luz/Escritorio/Robotica/week9/ros2_ws/install/stage/share/stage/worlds/wifi/wifi_logdistance.world
[0.291s] -- Up-to-date: /home/luz/Escritorio/Robotica/week9/ros2_ws/install/stage/share/stage/worlds/wifi/wifi_ray.world
[0.291s] -- Up-to-date: /home/luz/Escritorio/Robotica/week9/ros2_ws/install/stage/share/stage/worlds/wifi/wifi_simple.world
[0.291s] -- Up-to-date: /home/luz/Escritorio/Robotica/week9/ros2_ws/install/stage/share/stage/worlds/wifi/map.inc
[0.291s] Invoked command in '/home/luz/Escritorio/Robotica/week9/ros2_ws/build/stage' returned '0': /usr/bin/cmake --install /home/luz/Escritorio/Robotica/week9/ros2_ws/build/stage
