[0.086s] DEBUG:colcon:Command line arguments: ['/usr/bin/colcon', 'list', '-p', '--base-paths', '/home/luz/Escritorio/Robotica/week9/ros2_ws', '--log-base', '/dev/null']
[0.086s] DEBUG:colcon:Parsed command line arguments: Namespace(log_base=None, log_level=None, verb_name='list', build_base='build', ignore_user_meta=False, metas=['./colcon.meta'], base_paths=['/home/luz/Escritorio/Robotica/week9/ros2_ws', '--log-base', '/dev/null'], packages_ignore=None, packages_ignore_regex=None, paths=None, packages_up_to=None, packages_up_to_regex=None, packages_above=None, packages_above_and_dependencies=None, packages_above_depth=None, packages_select_by_dep=None, packages_skip_by_dep=None, packages_skip_up_to=None, packages_select_build_failed=False, packages_skip_build_finished=False, packages_select_test_failures=False, packages_skip_test_passed=False, packages_select=None, packages_skip=None, packages_select_regex=None, packages_skip_regex=None, packages_start=None, packages_end=None, allow_overriding=[], topological_order=False, names_only=False, paths_only=True, topological_graph=False, topological_graph_dot=False, topological_graph_density=False, topological_graph_legend=False, topological_graph_dot_cluster=False, topological_graph_dot_include_skipped=False, mixin_files=None, mixin=None, verb_parser=<colcon_mixin.mixin.mixin_argument.MixinArgumentDecorator object at 0x78126724feb0>, verb_extension=<colcon_package_information.verb.list.ListVerb object at 0x78126739c580>, main=<bound method ListVerb.main of <colcon_package_information.verb.list.ListVerb object at 0x78126739c580>>, mixin_verb=('list',))
[0.241s] Level 1:colcon.colcon_core.package_discovery:discover_packages(colcon_meta) check parameters
[0.241s] Level 1:colcon.colcon_core.package_discovery:discover_packages(recursive) check parameters
[0.241s] Level 1:colcon.colcon_core.package_discovery:discover_packages(ignore) check parameters
[0.241s] Level 1:colcon.colcon_core.package_discovery:discover_packages(path) check parameters
[0.241s] Level 1:colcon.colcon_core.package_discovery:discover_packages(recursive) discover
[0.241s] INFO:colcon.colcon_core.package_discovery:Crawling recursively for packages in '/home/luz/Escritorio/Robotica/week9/ros2_ws', '/home/luz/Escritorio/Robotica/week9/ros2_ws/--log-base', '/dev/null'
[0.241s] Level 1:colcon.colcon_core.package_identification:_identify(/home/luz/Escritorio/Robotica/week9/ros2_ws) by extensions ['ignore', 'ignore_ament_install']
[0.241s] Level 1:colcon.colcon_core.package_identification:_identify(/home/luz/Escritorio/Robotica/week9/ros2_ws) by extension 'ignore'
[0.241s] Level 1:colcon.colcon_core.package_identification:_identify(/home/luz/Escritorio/Robotica/week9/ros2_ws) by extension 'ignore_ament_install'
[0.241s] Level 1:colcon.colcon_core.package_identification:_identify(/home/luz/Escritorio/Robotica/week9/ros2_ws) by extensions ['colcon_pkg']
[0.241s] Level 1:colcon.colcon_core.package_identification:_identify(/home/luz/Escritorio/Robotica/week9/ros2_ws) by extension 'colcon_pkg'
[0.241s] Level 1:colcon.colcon_core.package_identification:_identify(/home/luz/Escritorio/Robotica/week9/ros2_ws) by extensions ['colcon_meta']
[0.241s] Level 1:colcon.colcon_core.package_identification:_identify(/home/luz/Escritorio/Robotica/week9/ros2_ws) by extension 'colcon_meta'
[0.241s] Level 1:colcon.colcon_core.package_identification:_identify(/home/luz/Escritorio/Robotica/week9/ros2_ws) by extensions ['ros']
[0.241s] Level 1:colcon.colcon_core.package_identification:_identify(/home/luz/Escritorio/Robotica/week9/ros2_ws) by extension 'ros'
[0.250s] Level 1:colcon.colcon_core.package_identification:_identify(/home/luz/Escritorio/Robotica/week9/ros2_ws) by extensions ['cmake', 'python']
[0.250s] Level 1:colcon.colcon_core.package_identification:_identify(/home/luz/Escritorio/Robotica/week9/ros2_ws) by extension 'cmake'
[0.250s] Level 1:colcon.colcon_core.package_identification:_identify(/home/luz/Escritorio/Robotica/week9/ros2_ws) by extension 'python'
[0.250s] Level 1:colcon.colcon_core.package_identification:_identify(/home/luz/Escritorio/Robotica/week9/ros2_ws) by extensions ['python_setup_py']
[0.250s] Level 1:colcon.colcon_core.package_identification:_identify(/home/luz/Escritorio/Robotica/week9/ros2_ws) by extension 'python_setup_py'
[0.250s] Level 1:colcon.colcon_core.package_identification:_identify(/home/luz/Escritorio/Robotica/week9/ros2_ws/build) by extensions ['ignore', 'ignore_ament_install']
[0.251s] Level 1:colcon.colcon_core.package_identification:_identify(/home/luz/Escritorio/Robotica/week9/ros2_ws/build) by extension 'ignore'
[0.251s] Level 1:colcon.colcon_core.package_identification:_identify(/home/luz/Escritorio/Robotica/week9/ros2_ws/build) ignored
[0.251s] Level 1:colcon.colcon_core.package_identification:_identify(/home/luz/Escritorio/Robotica/week9/ros2_ws/install) by extensions ['ignore', 'ignore_ament_install']
[0.251s] Level 1:colcon.colcon_core.package_identification:_identify(/home/luz/Escritorio/Robotica/week9/ros2_ws/install) by extension 'ignore'
[0.251s] Level 1:colcon.colcon_core.package_identification:_identify(/home/luz/Escritorio/Robotica/week9/ros2_ws/install) ignored
[0.251s] Level 1:colcon.colcon_core.package_identification:_identify(/home/luz/Escritorio/Robotica/week9/ros2_ws/log) by extensions ['ignore', 'ignore_ament_install']
[0.251s] Level 1:colcon.colcon_core.package_identification:_identify(/home/luz/Escritorio/Robotica/week9/ros2_ws/log) by extension 'ignore'
[0.251s] Level 1:colcon.colcon_core.package_identification:_identify(/home/luz/Escritorio/Robotica/week9/ros2_ws/log) ignored
[0.251s] Level 1:colcon.colcon_core.package_identification:_identify(/home/luz/Escritorio/Robotica/week9/ros2_ws/src) by extensions ['ignore', 'ignore_ament_install']
[0.251s] Level 1:colcon.colcon_core.package_identification:_identify(/home/luz/Escritorio/Robotica/week9/ros2_ws/src) by extension 'ignore'
[0.251s] Level 1:colcon.colcon_core.package_identification:_identify(/home/luz/Escritorio/Robotica/week9/ros2_ws/src) by extension 'ignore_ament_install'
[0.251s] Level 1:colcon.colcon_core.package_identification:_identify(/home/luz/Escritorio/Robotica/week9/ros2_ws/src) by extensions ['colcon_pkg']
[0.251s] Level 1:colcon.colcon_core.package_identification:_identify(/home/luz/Escritorio/Robotica/week9/ros2_ws/src) by extension 'colcon_pkg'
[0.251s] Level 1:colcon.colcon_core.package_identification:_identify(/home/luz/Escritorio/Robotica/week9/ros2_ws/src) by extensions ['colcon_meta']
[0.251s] Level 1:colcon.colcon_core.package_identification:_identify(/home/luz/Escritorio/Robotica/week9/ros2_ws/src) by extension 'colcon_meta'
[0.251s] Level 1:colcon.colcon_core.package_identification:_identify(/home/luz/Escritorio/Robotica/week9/ros2_ws/src) by extensions ['ros']
[0.251s] Level 1:colcon.colcon_core.package_identification:_identify(/home/luz/Escritorio/Robotica/week9/ros2_ws/src) by extension 'ros'
[0.251s] Level 1:colcon.colcon_core.package_identification:_identify(/home/luz/Escritorio/Robotica/week9/ros2_ws/src) by extensions ['cmake', 'python']
[0.251s] Level 1:colcon.colcon_core.package_identification:_identify(/home/luz/Escritorio/Robotica/week9/ros2_ws/src) by extension 'cmake'
[0.251s] Level 1:colcon.colcon_core.package_identification:_identify(/home/luz/Escritorio/Robotica/week9/ros2_ws/src) by extension 'python'
[0.251s] Level 1:colcon.colcon_core.package_identification:_identify(/home/luz/Escritorio/Robotica/week9/ros2_ws/src) by extensions ['python_setup_py']
[0.252s] Level 1:colcon.colcon_core.package_identification:_identify(/home/luz/Escritorio/Robotica/week9/ros2_ws/src) by extension 'python_setup_py'
[0.252s] Level 1:colcon.colcon_core.package_identification:_identify(/home/luz/Escritorio/Robotica/week9/ros2_ws/src/Stage) by extensions ['ignore', 'ignore_ament_install']
[0.252s] Level 1:colcon.colcon_core.package_identification:_identify(/home/luz/Escritorio/Robotica/week9/ros2_ws/src/Stage) by extension 'ignore'
[0.252s] Level 1:colcon.colcon_core.package_identification:_identify(/home/luz/Escritorio/Robotica/week9/ros2_ws/src/Stage) by extension 'ignore_ament_install'
[0.252s] Level 1:colcon.colcon_core.package_identification:_identify(/home/luz/Escritorio/Robotica/week9/ros2_ws/src/Stage) by extensions ['colcon_pkg']
[0.252s] Level 1:colcon.colcon_core.package_identification:_identify(/home/luz/Escritorio/Robotica/week9/ros2_ws/src/Stage) by extension 'colcon_pkg'
[0.252s] Level 1:colcon.colcon_core.package_identification:_identify(/home/luz/Escritorio/Robotica/week9/ros2_ws/src/Stage) by extensions ['colcon_meta']
[0.252s] Level 1:colcon.colcon_core.package_identification:_identify(/home/luz/Escritorio/Robotica/week9/ros2_ws/src/Stage) by extension 'colcon_meta'
[0.252s] Level 1:colcon.colcon_core.package_identification:_identify(/home/luz/Escritorio/Robotica/week9/ros2_ws/src/Stage) by extensions ['ros']
[0.252s] Level 1:colcon.colcon_core.package_identification:_identify(/home/luz/Escritorio/Robotica/week9/ros2_ws/src/Stage) by extension 'ros'
[0.254s] DEBUG:colcon.colcon_core.package_identification:Package '/home/luz/Escritorio/Robotica/week9/ros2_ws/src/Stage' with type 'ros.catkin' and name 'stage'
[0.254s] Level 1:colcon.colcon_core.package_identification:_identify(/home/luz/Escritorio/Robotica/week9/ros2_ws/src/cartographer_ros) by extensions ['ignore', 'ignore_ament_install']
[0.254s] Level 1:colcon.colcon_core.package_identification:_identify(/home/luz/Escritorio/Robotica/week9/ros2_ws/src/cartographer_ros) by extension 'ignore'
[0.254s] Level 1:colcon.colcon_core.package_identification:_identify(/home/luz/Escritorio/Robotica/week9/ros2_ws/src/cartographer_ros) by extension 'ignore_ament_install'
[0.255s] Level 1:colcon.colcon_core.package_identification:_identify(/home/luz/Escritorio/Robotica/week9/ros2_ws/src/cartographer_ros) by extensions ['colcon_pkg']
[0.255s] Level 1:colcon.colcon_core.package_identification:_identify(/home/luz/Escritorio/Robotica/week9/ros2_ws/src/cartographer_ros) by extension 'colcon_pkg'
[0.255s] Level 1:colcon.colcon_core.package_identification:_identify(/home/luz/Escritorio/Robotica/week9/ros2_ws/src/cartographer_ros) by extensions ['colcon_meta']
[0.255s] Level 1:colcon.colcon_core.package_identification:_identify(/home/luz/Escritorio/Robotica/week9/ros2_ws/src/cartographer_ros) by extension 'colcon_meta'
[0.255s] Level 1:colcon.colcon_core.package_identification:_identify(/home/luz/Escritorio/Robotica/week9/ros2_ws/src/cartographer_ros) by extensions ['ros']
[0.255s] Level 1:colcon.colcon_core.package_identification:_identify(/home/luz/Escritorio/Robotica/week9/ros2_ws/src/cartographer_ros) by extension 'ros'
[0.255s] Level 1:colcon.colcon_core.package_identification:_identify(/home/luz/Escritorio/Robotica/week9/ros2_ws/src/cartographer_ros) by extensions ['cmake', 'python']
[0.255s] Level 1:colcon.colcon_core.package_identification:_identify(/home/luz/Escritorio/Robotica/week9/ros2_ws/src/cartographer_ros) by extension 'cmake'
[0.255s] Level 1:colcon.colcon_core.package_identification:_identify(/home/luz/Escritorio/Robotica/week9/ros2_ws/src/cartographer_ros) by extension 'python'
[0.255s] Level 1:colcon.colcon_core.package_identification:_identify(/home/luz/Escritorio/Robotica/week9/ros2_ws/src/cartographer_ros) by extensions ['python_setup_py']
[0.255s] Level 1:colcon.colcon_core.package_identification:_identify(/home/luz/Escritorio/Robotica/week9/ros2_ws/src/cartographer_ros) by extension 'python_setup_py'
[0.255s] Level 1:colcon.colcon_core.package_identification:_identify(/home/luz/Escritorio/Robotica/week9/ros2_ws/src/cartographer_ros/cartographer_ros) by extensions ['ignore', 'ignore_ament_install']
[0.255s] Level 1:colcon.colcon_core.package_identification:_identify(/home/luz/Escritorio/Robotica/week9/ros2_ws/src/cartographer_ros/cartographer_ros) by extension 'ignore'
[0.255s] Level 1:colcon.colcon_core.package_identification:_identify(/home/luz/Escritorio/Robotica/week9/ros2_ws/src/cartographer_ros/cartographer_ros) by extension 'ignore_ament_install'
[0.255s] Level 1:colcon.colcon_core.package_identification:_identify(/home/luz/Escritorio/Robotica/week9/ros2_ws/src/cartographer_ros/cartographer_ros) by extensions ['colcon_pkg']
[0.255s] Level 1:colcon.colcon_core.package_identification:_identify(/home/luz/Escritorio/Robotica/week9/ros2_ws/src/cartographer_ros/cartographer_ros) by extension 'colcon_pkg'
[0.255s] Level 1:colcon.colcon_core.package_identification:_identify(/home/luz/Escritorio/Robotica/week9/ros2_ws/src/cartographer_ros/cartographer_ros) by extensions ['colcon_meta']
[0.255s] Level 1:colcon.colcon_core.package_identification:_identify(/home/luz/Escritorio/Robotica/week9/ros2_ws/src/cartographer_ros/cartographer_ros) by extension 'colcon_meta'
[0.255s] Level 1:colcon.colcon_core.package_identification:_identify(/home/luz/Escritorio/Robotica/week9/ros2_ws/src/cartographer_ros/cartographer_ros) by extensions ['ros']
[0.255s] Level 1:colcon.colcon_core.package_identification:_identify(/home/luz/Escritorio/Robotica/week9/ros2_ws/src/cartographer_ros/cartographer_ros) by extension 'ros'
[0.257s] DEBUG:colcon.colcon_core.package_identification:Package '/home/luz/Escritorio/Robotica/week9/ros2_ws/src/cartographer_ros/cartographer_ros' with type 'ros.ament_cmake' and name 'cartographer_ros'
[0.257s] Level 1:colcon.colcon_core.package_identification:_identify(/home/luz/Escritorio/Robotica/week9/ros2_ws/src/cartographer_ros/cartographer_ros_msgs) by extensions ['ignore', 'ignore_ament_install']
[0.257s] Level 1:colcon.colcon_core.package_identification:_identify(/home/luz/Escritorio/Robotica/week9/ros2_ws/src/cartographer_ros/cartographer_ros_msgs) by extension 'ignore'
[0.257s] Level 1:colcon.colcon_core.package_identification:_identify(/home/luz/Escritorio/Robotica/week9/ros2_ws/src/cartographer_ros/cartographer_ros_msgs) by extension 'ignore_ament_install'
[0.257s] Level 1:colcon.colcon_core.package_identification:_identify(/home/luz/Escritorio/Robotica/week9/ros2_ws/src/cartographer_ros/cartographer_ros_msgs) by extensions ['colcon_pkg']
[0.257s] Level 1:colcon.colcon_core.package_identification:_identify(/home/luz/Escritorio/Robotica/week9/ros2_ws/src/cartographer_ros/cartographer_ros_msgs) by extension 'colcon_pkg'
[0.257s] Level 1:colcon.colcon_core.package_identification:_identify(/home/luz/Escritorio/Robotica/week9/ros2_ws/src/cartographer_ros/cartographer_ros_msgs) by extensions ['colcon_meta']
[0.257s] Level 1:colcon.colcon_core.package_identification:_identify(/home/luz/Escritorio/Robotica/week9/ros2_ws/src/cartographer_ros/cartographer_ros_msgs) by extension 'colcon_meta'
[0.257s] Level 1:colcon.colcon_core.package_identification:_identify(/home/luz/Escritorio/Robotica/week9/ros2_ws/src/cartographer_ros/cartographer_ros_msgs) by extensions ['ros']
[0.257s] Level 1:colcon.colcon_core.package_identification:_identify(/home/luz/Escritorio/Robotica/week9/ros2_ws/src/cartographer_ros/cartographer_ros_msgs) by extension 'ros'
[0.258s] DEBUG:colcon.colcon_core.package_identification:Package '/home/luz/Escritorio/Robotica/week9/ros2_ws/src/cartographer_ros/cartographer_ros_msgs' with type 'ros.ament_cmake' and name 'cartographer_ros_msgs'
[0.258s] Level 1:colcon.colcon_core.package_identification:_identify(/home/luz/Escritorio/Robotica/week9/ros2_ws/src/cartographer_ros/cartographer_rviz) by extensions ['ignore', 'ignore_ament_install']
[0.258s] Level 1:colcon.colcon_core.package_identification:_identify(/home/luz/Escritorio/Robotica/week9/ros2_ws/src/cartographer_ros/cartographer_rviz) by extension 'ignore'
[0.258s] Level 1:colcon.colcon_core.package_identification:_identify(/home/luz/Escritorio/Robotica/week9/ros2_ws/src/cartographer_ros/cartographer_rviz) by extension 'ignore_ament_install'
[0.258s] Level 1:colcon.colcon_core.package_identification:_identify(/home/luz/Escritorio/Robotica/week9/ros2_ws/src/cartographer_ros/cartographer_rviz) by extensions ['colcon_pkg']
[0.258s] Level 1:colcon.colcon_core.package_identification:_identify(/home/luz/Escritorio/Robotica/week9/ros2_ws/src/cartographer_ros/cartographer_rviz) by extension 'colcon_pkg'
[0.258s] Level 1:colcon.colcon_core.package_identification:_identify(/home/luz/Escritorio/Robotica/week9/ros2_ws/src/cartographer_ros/cartographer_rviz) by extensions ['colcon_meta']
[0.258s] Level 1:colcon.colcon_core.package_identification:_identify(/home/luz/Escritorio/Robotica/week9/ros2_ws/src/cartographer_ros/cartographer_rviz) by extension 'colcon_meta'
[0.259s] Level 1:colcon.colcon_core.package_identification:_identify(/home/luz/Escritorio/Robotica/week9/ros2_ws/src/cartographer_ros/cartographer_rviz) by extensions ['ros']
[0.259s] Level 1:colcon.colcon_core.package_identification:_identify(/home/luz/Escritorio/Robotica/week9/ros2_ws/src/cartographer_ros/cartographer_rviz) by extension 'ros'
[0.260s] DEBUG:colcon.colcon_core.package_identification:Package '/home/luz/Escritorio/Robotica/week9/ros2_ws/src/cartographer_ros/cartographer_rviz' with type 'ros.ament_cmake' and name 'cartographer_rviz'
[0.260s] Level 1:colcon.colcon_core.package_identification:_identify(/home/luz/Escritorio/Robotica/week9/ros2_ws/src/cartographer_ros/docs) by extensions ['ignore', 'ignore_ament_install']
[0.260s] Level 1:colcon.colcon_core.package_identification:_identify(/home/luz/Escritorio/Robotica/week9/ros2_ws/src/cartographer_ros/docs) by extension 'ignore'
[0.260s] Level 1:colcon.colcon_core.package_identification:_identify(/home/luz/Escritorio/Robotica/week9/ros2_ws/src/cartographer_ros/docs) ignored
[0.260s] Level 1:colcon.colcon_core.package_identification:_identify(/home/luz/Escritorio/Robotica/week9/ros2_ws/src/cartographer_ros/scripts) by extensions ['ignore', 'ignore_ament_install']
[0.260s] Level 1:colcon.colcon_core.package_identification:_identify(/home/luz/Escritorio/Robotica/week9/ros2_ws/src/cartographer_ros/scripts) by extension 'ignore'
[0.260s] Level 1:colcon.colcon_core.package_identification:_identify(/home/luz/Escritorio/Robotica/week9/ros2_ws/src/cartographer_ros/scripts) by extension 'ignore_ament_install'
[0.260s] Level 1:colcon.colcon_core.package_identification:_identify(/home/luz/Escritorio/Robotica/week9/ros2_ws/src/cartographer_ros/scripts) by extensions ['colcon_pkg']
[0.260s] Level 1:colcon.colcon_core.package_identification:_identify(/home/luz/Escritorio/Robotica/week9/ros2_ws/src/cartographer_ros/scripts) by extension 'colcon_pkg'
[0.260s] Level 1:colcon.colcon_core.package_identification:_identify(/home/luz/Escritorio/Robotica/week9/ros2_ws/src/cartographer_ros/scripts) by extensions ['colcon_meta']
[0.260s] Level 1:colcon.colcon_core.package_identification:_identify(/home/luz/Escritorio/Robotica/week9/ros2_ws/src/cartographer_ros/scripts) by extension 'colcon_meta'
[0.260s] Level 1:colcon.colcon_core.package_identification:_identify(/home/luz/Escritorio/Robotica/week9/ros2_ws/src/cartographer_ros/scripts) by extensions ['ros']
[0.260s] Level 1:colcon.colcon_core.package_identification:_identify(/home/luz/Escritorio/Robotica/week9/ros2_ws/src/cartographer_ros/scripts) by extension 'ros'
[0.260s] Level 1:colcon.colcon_core.package_identification:_identify(/home/luz/Escritorio/Robotica/week9/ros2_ws/src/cartographer_ros/scripts) by extensions ['cmake', 'python']
[0.260s] Level 1:colcon.colcon_core.package_identification:_identify(/home/luz/Escritorio/Robotica/week9/ros2_ws/src/cartographer_ros/scripts) by extension 'cmake'
[0.260s] Level 1:colcon.colcon_core.package_identification:_identify(/home/luz/Escritorio/Robotica/week9/ros2_ws/src/cartographer_ros/scripts) by extension 'python'
[0.260s] Level 1:colcon.colcon_core.package_identification:_identify(/home/luz/Escritorio/Robotica/week9/ros2_ws/src/cartographer_ros/scripts) by extensions ['python_setup_py']
[0.260s] Level 1:colcon.colcon_core.package_identification:_identify(/home/luz/Escritorio/Robotica/week9/ros2_ws/src/cartographer_ros/scripts) by extension 'python_setup_py'
[0.261s] Level 1:colcon.colcon_core.package_identification:_identify(/home/luz/Escritorio/Robotica/week9/ros2_ws/src/navigation_tb3) by extensions ['ignore', 'ignore_ament_install']
[0.261s] Level 1:colcon.colcon_core.package_identification:_identify(/home/luz/Escritorio/Robotica/week9/ros2_ws/src/navigation_tb3) by extension 'ignore'
[0.261s] Level 1:colcon.colcon_core.package_identification:_identify(/home/luz/Escritorio/Robotica/week9/ros2_ws/src/navigation_tb3) by extension 'ignore_ament_install'
[0.261s] Level 1:colcon.colcon_core.package_identification:_identify(/home/luz/Escritorio/Robotica/week9/ros2_ws/src/navigation_tb3) by extensions ['colcon_pkg']
[0.261s] Level 1:colcon.colcon_core.package_identification:_identify(/home/luz/Escritorio/Robotica/week9/ros2_ws/src/navigation_tb3) by extension 'colcon_pkg'
[0.261s] Level 1:colcon.colcon_core.package_identification:_identify(/home/luz/Escritorio/Robotica/week9/ros2_ws/src/navigation_tb3) by extensions ['colcon_meta']
[0.261s] Level 1:colcon.colcon_core.package_identification:_identify(/home/luz/Escritorio/Robotica/week9/ros2_ws/src/navigation_tb3) by extension 'colcon_meta'
[0.261s] Level 1:colcon.colcon_core.package_identification:_identify(/home/luz/Escritorio/Robotica/week9/ros2_ws/src/navigation_tb3) by extensions ['ros']
[0.261s] Level 1:colcon.colcon_core.package_identification:_identify(/home/luz/Escritorio/Robotica/week9/ros2_ws/src/navigation_tb3) by extension 'ros'
[0.262s] DEBUG:colcon.colcon_core.package_identification:Package '/home/luz/Escritorio/Robotica/week9/ros2_ws/src/navigation_tb3' with type 'ros.ament_cmake' and name 'navigation_tb3'
[0.262s] Level 1:colcon.colcon_core.package_identification:_identify(/home/luz/Escritorio/Robotica/week9/ros2_ws/src/stage_ros2) by extensions ['ignore', 'ignore_ament_install']
[0.262s] Level 1:colcon.colcon_core.package_identification:_identify(/home/luz/Escritorio/Robotica/week9/ros2_ws/src/stage_ros2) by extension 'ignore'
[0.262s] Level 1:colcon.colcon_core.package_identification:_identify(/home/luz/Escritorio/Robotica/week9/ros2_ws/src/stage_ros2) by extension 'ignore_ament_install'
[0.262s] Level 1:colcon.colcon_core.package_identification:_identify(/home/luz/Escritorio/Robotica/week9/ros2_ws/src/stage_ros2) by extensions ['colcon_pkg']
[0.262s] Level 1:colcon.colcon_core.package_identification:_identify(/home/luz/Escritorio/Robotica/week9/ros2_ws/src/stage_ros2) by extension 'colcon_pkg'
[0.262s] Level 1:colcon.colcon_core.package_identification:_identify(/home/luz/Escritorio/Robotica/week9/ros2_ws/src/stage_ros2) by extensions ['colcon_meta']
[0.262s] Level 1:colcon.colcon_core.package_identification:_identify(/home/luz/Escritorio/Robotica/week9/ros2_ws/src/stage_ros2) by extension 'colcon_meta'
[0.262s] Level 1:colcon.colcon_core.package_identification:_identify(/home/luz/Escritorio/Robotica/week9/ros2_ws/src/stage_ros2) by extensions ['ros']
[0.262s] Level 1:colcon.colcon_core.package_identification:_identify(/home/luz/Escritorio/Robotica/week9/ros2_ws/src/stage_ros2) by extension 'ros'
[0.263s] DEBUG:colcon.colcon_core.package_identification:Package '/home/luz/Escritorio/Robotica/week9/ros2_ws/src/stage_ros2' with type 'ros.ament_cmake' and name 'stage_ros2'
[0.263s] Level 1:colcon.colcon_core.package_discovery:discover_packages(recursive) using defaults
