[0.012s] Invoking command in '/home/luz/Escritorio/Robotica/week3/lab2_ws/build/ucb_interfaces': CMAKE_PREFIX_PATH=/opt/ros/humble /usr/bin/cmake --build /home/luz/Escritorio/Robotica/week3/lab2_ws/build/ucb_interfaces -- -j12 -l12
[0.085s] [  9%] Built target ucb_interfaces__rosidl_generator_c
[0.086s] [ 12%] Built target ucb_interfaces__cpp
[0.096s] [ 12%] Built target ament_cmake_python_copy_ucb_interfaces
[0.130s] [ 22%] Built target ucb_interfaces__rosidl_typesupport_fastrtps_c
[0.132s] [ 32%] Built target ucb_interfaces__rosidl_typesupport_c
[0.139s] [ 41%] Built target ucb_interfaces__rosidl_typesupport_cpp
[0.140s] [ 58%] Built target ucb_interfaces__rosidl_typesupport_introspection_cpp
[0.140s] [ 61%] Built target ucb_interfaces__rosidl_typesupport_introspection_c
[0.143s] [ 70%] Built target ucb_interfaces__rosidl_typesupport_fastrtps_cpp
[0.183s] [ 70%] Built target ucb_interfaces
[0.216s] [ 74%] Built target ucb_interfaces__py
[0.254s] [ 80%] Built target ucb_interfaces__rosidl_generator_py
[0.292s] [ 87%] Built target ucb_interfaces__rosidl_typesupport_introspection_c__pyext
[0.293s] [ 96%] Built target ucb_interfaces__rosidl_typesupport_c__pyext
[0.293s] [100%] Built target ucb_interfaces__rosidl_typesupport_fastrtps_c__pyext
[0.462s] running egg_info
[0.465s] writing ucb_interfaces.egg-info/PKG-INFO
[0.465s] writing dependency_links to ucb_interfaces.egg-info/dependency_links.txt
[0.466s] writing top-level names to ucb_interfaces.egg-info/top_level.txt
[0.472s] reading manifest file 'ucb_interfaces.egg-info/SOURCES.txt'
[0.473s] writing manifest file 'ucb_interfaces.egg-info/SOURCES.txt'
[0.551s] [100%] Built target ament_cmake_python_build_ucb_interfaces_egg
[0.579s] Invoked command in '/home/luz/Escritorio/Robotica/week3/lab2_ws/build/ucb_interfaces' returned '0': CMAKE_PREFIX_PATH=/opt/ros/humble /usr/bin/cmake --build /home/luz/Escritorio/Robotica/week3/lab2_ws/build/ucb_interfaces -- -j12 -l12
[0.599s] Invoking command in '/home/luz/Escritorio/Robotica/week3/lab2_ws/build/ucb_interfaces': CMAKE_PREFIX_PATH=/opt/ros/humble /usr/bin/cmake --install /home/luz/Escritorio/Robotica/week3/lab2_ws/build/ucb_interfaces
[0.612s] -- Install configuration: ""
[0.612s] -- Up-to-date: /home/luz/Escritorio/Robotica/week3/lab2_ws/install/ucb_interfaces/share/ament_index/resource_index/rosidl_interfaces/ucb_interfaces
[0.612s] -- Up-to-date: /home/luz/Escritorio/Robotica/week3/lab2_ws/install/ucb_interfaces/include/ucb_interfaces/ucb_interfaces
[0.612s] -- Up-to-date: /home/luz/Escritorio/Robotica/week3/lab2_ws/install/ucb_interfaces/include/ucb_interfaces/ucb_interfaces/srv
[0.612s] -- Up-to-date: /home/luz/Escritorio/Robotica/week3/lab2_ws/install/ucb_interfaces/include/ucb_interfaces/ucb_interfaces/srv/detail
[0.612s] -- Up-to-date: /home/luz/Escritorio/Robotica/week3/lab2_ws/install/ucb_interfaces/include/ucb_interfaces/ucb_interfaces/srv/detail/rot__functions.h
[0.613s] -- Up-to-date: /home/luz/Escritorio/Robotica/week3/lab2_ws/install/ucb_interfaces/include/ucb_interfaces/ucb_interfaces/srv/detail/rot__functions.c
[0.613s] -- Up-to-date: /home/luz/Escritorio/Robotica/week3/lab2_ws/install/ucb_interfaces/include/ucb_interfaces/ucb_interfaces/srv/detail/rot__type_support.h
[0.613s] -- Up-to-date: /home/luz/Escritorio/Robotica/week3/lab2_ws/install/ucb_interfaces/include/ucb_interfaces/ucb_interfaces/srv/detail/rot__struct.h
[0.613s] -- Up-to-date: /home/luz/Escritorio/Robotica/week3/lab2_ws/install/ucb_interfaces/include/ucb_interfaces/ucb_interfaces/srv/rot.h
[0.613s] -- Up-to-date: /home/luz/Escritorio/Robotica/week3/lab2_ws/install/ucb_interfaces/include/ucb_interfaces/ucb_interfaces/msg
[0.613s] -- Up-to-date: /home/luz/Escritorio/Robotica/week3/lab2_ws/install/ucb_interfaces/include/ucb_interfaces/ucb_interfaces/msg/rosidl_generator_c__visibility_control.h
[0.613s] -- Up-to-date: /home/luz/Escritorio/Robotica/week3/lab2_ws/install/ucb_interfaces/share/ucb_interfaces/environment/library_path.sh
[0.613s] -- Up-to-date: /home/luz/Escritorio/Robotica/week3/lab2_ws/install/ucb_interfaces/share/ucb_interfaces/environment/library_path.dsv
[0.613s] -- Up-to-date: /home/luz/Escritorio/Robotica/week3/lab2_ws/install/ucb_interfaces/lib/libucb_interfaces__rosidl_generator_c.so
[0.613s] -- Up-to-date: /home/luz/Escritorio/Robotica/week3/lab2_ws/install/ucb_interfaces/include/ucb_interfaces/ucb_interfaces
[0.613s] -- Up-to-date: /home/luz/Escritorio/Robotica/week3/lab2_ws/install/ucb_interfaces/include/ucb_interfaces/ucb_interfaces/srv
[0.613s] -- Up-to-date: /home/luz/Escritorio/Robotica/week3/lab2_ws/install/ucb_interfaces/include/ucb_interfaces/ucb_interfaces/srv/detail
[0.613s] -- Up-to-date: /home/luz/Escritorio/Robotica/week3/lab2_ws/install/ucb_interfaces/include/ucb_interfaces/ucb_interfaces/srv/detail/rot__rosidl_typesupport_fastrtps_c.h
[0.613s] -- Up-to-date: /home/luz/Escritorio/Robotica/week3/lab2_ws/install/ucb_interfaces/include/ucb_interfaces/ucb_interfaces/msg
[0.614s] -- Up-to-date: /home/luz/Escritorio/Robotica/week3/lab2_ws/install/ucb_interfaces/include/ucb_interfaces/ucb_interfaces/msg/rosidl_typesupport_fastrtps_c__visibility_control.h
[0.614s] -- Up-to-date: /home/luz/Escritorio/Robotica/week3/lab2_ws/install/ucb_interfaces/lib/libucb_interfaces__rosidl_typesupport_fastrtps_c.so
[0.614s] -- Up-to-date: /home/luz/Escritorio/Robotica/week3/lab2_ws/install/ucb_interfaces/include/ucb_interfaces/ucb_interfaces
[0.614s] -- Up-to-date: /home/luz/Escritorio/Robotica/week3/lab2_ws/install/ucb_interfaces/include/ucb_interfaces/ucb_interfaces/srv
[0.614s] -- Up-to-date: /home/luz/Escritorio/Robotica/week3/lab2_ws/install/ucb_interfaces/include/ucb_interfaces/ucb_interfaces/srv/detail
[0.614s] -- Up-to-date: /home/luz/Escritorio/Robotica/week3/lab2_ws/install/ucb_interfaces/include/ucb_interfaces/ucb_interfaces/srv/detail/rot__type_support.c
[0.614s] -- Up-to-date: /home/luz/Escritorio/Robotica/week3/lab2_ws/install/ucb_interfaces/include/ucb_interfaces/ucb_interfaces/srv/detail/rot__rosidl_typesupport_introspection_c.h
[0.614s] -- Up-to-date: /home/luz/Escritorio/Robotica/week3/lab2_ws/install/ucb_interfaces/include/ucb_interfaces/ucb_interfaces/msg
[0.614s] -- Up-to-date: /home/luz/Escritorio/Robotica/week3/lab2_ws/install/ucb_interfaces/include/ucb_interfaces/ucb_interfaces/msg/rosidl_typesupport_introspection_c__visibility_control.h
[0.614s] -- Up-to-date: /home/luz/Escritorio/Robotica/week3/lab2_ws/install/ucb_interfaces/lib/libucb_interfaces__rosidl_typesupport_introspection_c.so
[0.614s] -- Up-to-date: /home/luz/Escritorio/Robotica/week3/lab2_ws/install/ucb_interfaces/lib/libucb_interfaces__rosidl_typesupport_c.so
[0.614s] -- Up-to-date: /home/luz/Escritorio/Robotica/week3/lab2_ws/install/ucb_interfaces/include/ucb_interfaces/ucb_interfaces
[0.614s] -- Up-to-date: /home/luz/Escritorio/Robotica/week3/lab2_ws/install/ucb_interfaces/include/ucb_interfaces/ucb_interfaces/srv
[0.615s] -- Up-to-date: /home/luz/Escritorio/Robotica/week3/lab2_ws/install/ucb_interfaces/include/ucb_interfaces/ucb_interfaces/srv/detail
[0.615s] -- Up-to-date: /home/luz/Escritorio/Robotica/week3/lab2_ws/install/ucb_interfaces/include/ucb_interfaces/ucb_interfaces/srv/detail/rot__struct.hpp
[0.615s] -- Up-to-date: /home/luz/Escritorio/Robotica/week3/lab2_ws/install/ucb_interfaces/include/ucb_interfaces/ucb_interfaces/srv/detail/rot__traits.hpp
[0.615s] -- Up-to-date: /home/luz/Escritorio/Robotica/week3/lab2_ws/install/ucb_interfaces/include/ucb_interfaces/ucb_interfaces/srv/detail/rot__builder.hpp
[0.615s] -- Up-to-date: /home/luz/Escritorio/Robotica/week3/lab2_ws/install/ucb_interfaces/include/ucb_interfaces/ucb_interfaces/srv/detail/rot__type_support.hpp
[0.615s] -- Up-to-date: /home/luz/Escritorio/Robotica/week3/lab2_ws/install/ucb_interfaces/include/ucb_interfaces/ucb_interfaces/srv/rot.hpp
[0.615s] -- Up-to-date: /home/luz/Escritorio/Robotica/week3/lab2_ws/install/ucb_interfaces/include/ucb_interfaces/ucb_interfaces/msg
[0.615s] -- Up-to-date: /home/luz/Escritorio/Robotica/week3/lab2_ws/install/ucb_interfaces/include/ucb_interfaces/ucb_interfaces/msg/rosidl_generator_cpp__visibility_control.hpp
[0.615s] -- Up-to-date: /home/luz/Escritorio/Robotica/week3/lab2_ws/install/ucb_interfaces/include/ucb_interfaces/ucb_interfaces
[0.615s] -- Up-to-date: /home/luz/Escritorio/Robotica/week3/lab2_ws/install/ucb_interfaces/include/ucb_interfaces/ucb_interfaces/srv
[0.615s] -- Up-to-date: /home/luz/Escritorio/Robotica/week3/lab2_ws/install/ucb_interfaces/include/ucb_interfaces/ucb_interfaces/srv/detail
[0.615s] -- Up-to-date: /home/luz/Escritorio/Robotica/week3/lab2_ws/install/ucb_interfaces/include/ucb_interfaces/ucb_interfaces/srv/detail/dds_fastrtps
[0.615s] -- Up-to-date: /home/luz/Escritorio/Robotica/week3/lab2_ws/install/ucb_interfaces/include/ucb_interfaces/ucb_interfaces/srv/detail/rot__rosidl_typesupport_fastrtps_cpp.hpp
[0.616s] -- Up-to-date: /home/luz/Escritorio/Robotica/week3/lab2_ws/install/ucb_interfaces/include/ucb_interfaces/ucb_interfaces/msg
[0.616s] -- Up-to-date: /home/luz/Escritorio/Robotica/week3/lab2_ws/install/ucb_interfaces/include/ucb_interfaces/ucb_interfaces/msg/rosidl_typesupport_fastrtps_cpp__visibility_control.h
[0.616s] -- Up-to-date: /home/luz/Escritorio/Robotica/week3/lab2_ws/install/ucb_interfaces/lib/libucb_interfaces__rosidl_typesupport_fastrtps_cpp.so
[0.616s] -- Up-to-date: /home/luz/Escritorio/Robotica/week3/lab2_ws/install/ucb_interfaces/include/ucb_interfaces/ucb_interfaces
[0.616s] -- Up-to-date: /home/luz/Escritorio/Robotica/week3/lab2_ws/install/ucb_interfaces/include/ucb_interfaces/ucb_interfaces/srv
[0.616s] -- Up-to-date: /home/luz/Escritorio/Robotica/week3/lab2_ws/install/ucb_interfaces/include/ucb_interfaces/ucb_interfaces/srv/detail
[0.616s] -- Up-to-date: /home/luz/Escritorio/Robotica/week3/lab2_ws/install/ucb_interfaces/include/ucb_interfaces/ucb_interfaces/srv/detail/rot__rosidl_typesupport_introspection_cpp.hpp
[0.616s] -- Up-to-date: /home/luz/Escritorio/Robotica/week3/lab2_ws/install/ucb_interfaces/include/ucb_interfaces/ucb_interfaces/srv/detail/rot__type_support.cpp
[0.616s] -- Up-to-date: /home/luz/Escritorio/Robotica/week3/lab2_ws/install/ucb_interfaces/lib/libucb_interfaces__rosidl_typesupport_introspection_cpp.so
[0.616s] -- Up-to-date: /home/luz/Escritorio/Robotica/week3/lab2_ws/install/ucb_interfaces/lib/libucb_interfaces__rosidl_typesupport_cpp.so
[0.616s] -- Up-to-date: /home/luz/Escritorio/Robotica/week3/lab2_ws/install/ucb_interfaces/share/ucb_interfaces/environment/pythonpath.sh
[0.616s] -- Up-to-date: /home/luz/Escritorio/Robotica/week3/lab2_ws/install/ucb_interfaces/share/ucb_interfaces/environment/pythonpath.dsv
[0.616s] -- Up-to-date: /home/luz/Escritorio/Robotica/week3/lab2_ws/install/ucb_interfaces/local/lib/python3.10/dist-packages/ucb_interfaces-0.0.0-py3.10.egg-info
[0.616s] -- Installing: /home/luz/Escritorio/Robotica/week3/lab2_ws/install/ucb_interfaces/local/lib/python3.10/dist-packages/ucb_interfaces-0.0.0-py3.10.egg-info/PKG-INFO
[0.617s] -- Installing: /home/luz/Escritorio/Robotica/week3/lab2_ws/install/ucb_interfaces/local/lib/python3.10/dist-packages/ucb_interfaces-0.0.0-py3.10.egg-info/top_level.txt
[0.617s] -- Installing: /home/luz/Escritorio/Robotica/week3/lab2_ws/install/ucb_interfaces/local/lib/python3.10/dist-packages/ucb_interfaces-0.0.0-py3.10.egg-info/SOURCES.txt
[0.617s] -- Installing: /home/luz/Escritorio/Robotica/week3/lab2_ws/install/ucb_interfaces/local/lib/python3.10/dist-packages/ucb_interfaces-0.0.0-py3.10.egg-info/dependency_links.txt
[0.617s] -- Up-to-date: /home/luz/Escritorio/Robotica/week3/lab2_ws/install/ucb_interfaces/local/lib/python3.10/dist-packages/ucb_interfaces
[0.617s] -- Up-to-date: /home/luz/Escritorio/Robotica/week3/lab2_ws/install/ucb_interfaces/local/lib/python3.10/dist-packages/ucb_interfaces/ucb_interfaces_s__rosidl_typesupport_introspection_c.cpython-310-x86_64-linux-gnu.so
[0.617s] -- Up-to-date: /home/luz/Escritorio/Robotica/week3/lab2_ws/install/ucb_interfaces/local/lib/python3.10/dist-packages/ucb_interfaces/srv
[0.617s] -- Up-to-date: /home/luz/Escritorio/Robotica/week3/lab2_ws/install/ucb_interfaces/local/lib/python3.10/dist-packages/ucb_interfaces/srv/_rot_s.c
[0.617s] -- Up-to-date: /home/luz/Escritorio/Robotica/week3/lab2_ws/install/ucb_interfaces/local/lib/python3.10/dist-packages/ucb_interfaces/srv/_rot.py
[0.617s] -- Up-to-date: /home/luz/Escritorio/Robotica/week3/lab2_ws/install/ucb_interfaces/local/lib/python3.10/dist-packages/ucb_interfaces/srv/__init__.py
[0.617s] -- Up-to-date: /home/luz/Escritorio/Robotica/week3/lab2_ws/install/ucb_interfaces/local/lib/python3.10/dist-packages/ucb_interfaces/_ucb_interfaces_s.ep.rosidl_typesupport_introspection_c.c
[0.617s] -- Up-to-date: /home/luz/Escritorio/Robotica/week3/lab2_ws/install/ucb_interfaces/local/lib/python3.10/dist-packages/ucb_interfaces/ucb_interfaces_s__rosidl_typesupport_fastrtps_c.cpython-310-x86_64-linux-gnu.so
[0.617s] -- Up-to-date: /home/luz/Escritorio/Robotica/week3/lab2_ws/install/ucb_interfaces/local/lib/python3.10/dist-packages/ucb_interfaces/_ucb_interfaces_s.ep.rosidl_typesupport_fastrtps_c.c
[0.617s] -- Up-to-date: /home/luz/Escritorio/Robotica/week3/lab2_ws/install/ucb_interfaces/local/lib/python3.10/dist-packages/ucb_interfaces/_ucb_interfaces_s.ep.rosidl_typesupport_c.c
[0.617s] -- Up-to-date: /home/luz/Escritorio/Robotica/week3/lab2_ws/install/ucb_interfaces/local/lib/python3.10/dist-packages/ucb_interfaces/libucb_interfaces__rosidl_generator_py.so
[0.618s] -- Up-to-date: /home/luz/Escritorio/Robotica/week3/lab2_ws/install/ucb_interfaces/local/lib/python3.10/dist-packages/ucb_interfaces/__init__.py
[0.618s] -- Up-to-date: /home/luz/Escritorio/Robotica/week3/lab2_ws/install/ucb_interfaces/local/lib/python3.10/dist-packages/ucb_interfaces/ucb_interfaces_s__rosidl_typesupport_c.cpython-310-x86_64-linux-gnu.so
[0.665s] Listing '/home/luz/Escritorio/Robotica/week3/lab2_ws/install/ucb_interfaces/local/lib/python3.10/dist-packages/ucb_interfaces'...
[0.665s] Listing '/home/luz/Escritorio/Robotica/week3/lab2_ws/install/ucb_interfaces/local/lib/python3.10/dist-packages/ucb_interfaces/srv'...
[0.672s] -- Up-to-date: /home/luz/Escritorio/Robotica/week3/lab2_ws/install/ucb_interfaces/local/lib/python3.10/dist-packages/ucb_interfaces/ucb_interfaces_s__rosidl_typesupport_fastrtps_c.cpython-310-x86_64-linux-gnu.so
[0.672s] -- Up-to-date: /home/luz/Escritorio/Robotica/week3/lab2_ws/install/ucb_interfaces/local/lib/python3.10/dist-packages/ucb_interfaces/ucb_interfaces_s__rosidl_typesupport_introspection_c.cpython-310-x86_64-linux-gnu.so
[0.673s] -- Up-to-date: /home/luz/Escritorio/Robotica/week3/lab2_ws/install/ucb_interfaces/local/lib/python3.10/dist-packages/ucb_interfaces/ucb_interfaces_s__rosidl_typesupport_c.cpython-310-x86_64-linux-gnu.so
[0.673s] -- Up-to-date: /home/luz/Escritorio/Robotica/week3/lab2_ws/install/ucb_interfaces/lib/libucb_interfaces__rosidl_generator_py.so
[0.673s] -- Up-to-date: /home/luz/Escritorio/Robotica/week3/lab2_ws/install/ucb_interfaces/share/ucb_interfaces/srv/Rot.idl
[0.674s] -- Up-to-date: /home/luz/Escritorio/Robotica/week3/lab2_ws/install/ucb_interfaces/share/ucb_interfaces/srv/Rot.srv
[0.674s] -- Up-to-date: /home/luz/Escritorio/Robotica/week3/lab2_ws/install/ucb_interfaces/share/ucb_interfaces/srv/Rot_Request.msg
[0.674s] -- Up-to-date: /home/luz/Escritorio/Robotica/week3/lab2_ws/install/ucb_interfaces/share/ucb_interfaces/srv/Rot_Response.msg
[0.674s] -- Up-to-date: /home/luz/Escritorio/Robotica/week3/lab2_ws/install/ucb_interfaces/share/ament_index/resource_index/package_run_dependencies/ucb_interfaces
[0.674s] -- Up-to-date: /home/luz/Escritorio/Robotica/week3/lab2_ws/install/ucb_interfaces/share/ament_index/resource_index/parent_prefix_path/ucb_interfaces
[0.674s] -- Up-to-date: /home/luz/Escritorio/Robotica/week3/lab2_ws/install/ucb_interfaces/share/ucb_interfaces/environment/ament_prefix_path.sh
[0.675s] -- Up-to-date: /home/luz/Escritorio/Robotica/week3/lab2_ws/install/ucb_interfaces/share/ucb_interfaces/environment/ament_prefix_path.dsv
[0.675s] -- Up-to-date: /home/luz/Escritorio/Robotica/week3/lab2_ws/install/ucb_interfaces/share/ucb_interfaces/environment/path.sh
[0.675s] -- Up-to-date: /home/luz/Escritorio/Robotica/week3/lab2_ws/install/ucb_interfaces/share/ucb_interfaces/environment/path.dsv
[0.675s] -- Up-to-date: /home/luz/Escritorio/Robotica/week3/lab2_ws/install/ucb_interfaces/share/ucb_interfaces/local_setup.bash
[0.675s] -- Up-to-date: /home/luz/Escritorio/Robotica/week3/lab2_ws/install/ucb_interfaces/share/ucb_interfaces/local_setup.sh
[0.675s] -- Up-to-date: /home/luz/Escritorio/Robotica/week3/lab2_ws/install/ucb_interfaces/share/ucb_interfaces/local_setup.zsh
[0.676s] -- Up-to-date: /home/luz/Escritorio/Robotica/week3/lab2_ws/install/ucb_interfaces/share/ucb_interfaces/local_setup.dsv
[0.676s] -- Installing: /home/luz/Escritorio/Robotica/week3/lab2_ws/install/ucb_interfaces/share/ucb_interfaces/package.dsv
[0.676s] -- Up-to-date: /home/luz/Escritorio/Robotica/week3/lab2_ws/install/ucb_interfaces/share/ament_index/resource_index/packages/ucb_interfaces
[0.676s] -- Up-to-date: /home/luz/Escritorio/Robotica/week3/lab2_ws/install/ucb_interfaces/share/ucb_interfaces/cmake/export_ucb_interfaces__rosidl_generator_cExport.cmake
[0.676s] -- Up-to-date: /home/luz/Escritorio/Robotica/week3/lab2_ws/install/ucb_interfaces/share/ucb_interfaces/cmake/export_ucb_interfaces__rosidl_generator_cExport-noconfig.cmake
[0.676s] -- Up-to-date: /home/luz/Escritorio/Robotica/week3/lab2_ws/install/ucb_interfaces/share/ucb_interfaces/cmake/export_ucb_interfaces__rosidl_typesupport_fastrtps_cExport.cmake
[0.676s] -- Up-to-date: /home/luz/Escritorio/Robotica/week3/lab2_ws/install/ucb_interfaces/share/ucb_interfaces/cmake/export_ucb_interfaces__rosidl_typesupport_fastrtps_cExport-noconfig.cmake
[0.676s] -- Up-to-date: /home/luz/Escritorio/Robotica/week3/lab2_ws/install/ucb_interfaces/share/ucb_interfaces/cmake/ucb_interfaces__rosidl_typesupport_introspection_cExport.cmake
[0.677s] -- Up-to-date: /home/luz/Escritorio/Robotica/week3/lab2_ws/install/ucb_interfaces/share/ucb_interfaces/cmake/ucb_interfaces__rosidl_typesupport_introspection_cExport-noconfig.cmake
[0.677s] -- Up-to-date: /home/luz/Escritorio/Robotica/week3/lab2_ws/install/ucb_interfaces/share/ucb_interfaces/cmake/ucb_interfaces__rosidl_typesupport_cExport.cmake
[0.677s] -- Up-to-date: /home/luz/Escritorio/Robotica/week3/lab2_ws/install/ucb_interfaces/share/ucb_interfaces/cmake/ucb_interfaces__rosidl_typesupport_cExport-noconfig.cmake
[0.677s] -- Up-to-date: /home/luz/Escritorio/Robotica/week3/lab2_ws/install/ucb_interfaces/share/ucb_interfaces/cmake/export_ucb_interfaces__rosidl_generator_cppExport.cmake
[0.677s] -- Up-to-date: /home/luz/Escritorio/Robotica/week3/lab2_ws/install/ucb_interfaces/share/ucb_interfaces/cmake/export_ucb_interfaces__rosidl_typesupport_fastrtps_cppExport.cmake
[0.677s] -- Up-to-date: /home/luz/Escritorio/Robotica/week3/lab2_ws/install/ucb_interfaces/share/ucb_interfaces/cmake/export_ucb_interfaces__rosidl_typesupport_fastrtps_cppExport-noconfig.cmake
[0.677s] -- Up-to-date: /home/luz/Escritorio/Robotica/week3/lab2_ws/install/ucb_interfaces/share/ucb_interfaces/cmake/ucb_interfaces__rosidl_typesupport_introspection_cppExport.cmake
[0.678s] -- Up-to-date: /home/luz/Escritorio/Robotica/week3/lab2_ws/install/ucb_interfaces/share/ucb_interfaces/cmake/ucb_interfaces__rosidl_typesupport_introspection_cppExport-noconfig.cmake
[0.678s] -- Up-to-date: /home/luz/Escritorio/Robotica/week3/lab2_ws/install/ucb_interfaces/share/ucb_interfaces/cmake/ucb_interfaces__rosidl_typesupport_cppExport.cmake
[0.678s] -- Up-to-date: /home/luz/Escritorio/Robotica/week3/lab2_ws/install/ucb_interfaces/share/ucb_interfaces/cmake/ucb_interfaces__rosidl_typesupport_cppExport-noconfig.cmake
[0.678s] -- Up-to-date: /home/luz/Escritorio/Robotica/week3/lab2_ws/install/ucb_interfaces/share/ucb_interfaces/cmake/export_ucb_interfaces__rosidl_generator_pyExport.cmake
[0.678s] -- Up-to-date: /home/luz/Escritorio/Robotica/week3/lab2_ws/install/ucb_interfaces/share/ucb_interfaces/cmake/export_ucb_interfaces__rosidl_generator_pyExport-noconfig.cmake
[0.678s] -- Up-to-date: /home/luz/Escritorio/Robotica/week3/lab2_ws/install/ucb_interfaces/share/ucb_interfaces/cmake/rosidl_cmake-extras.cmake
[0.679s] -- Up-to-date: /home/luz/Escritorio/Robotica/week3/lab2_ws/install/ucb_interfaces/share/ucb_interfaces/cmake/ament_cmake_export_include_directories-extras.cmake
[0.679s] -- Up-to-date: /home/luz/Escritorio/Robotica/week3/lab2_ws/install/ucb_interfaces/share/ucb_interfaces/cmake/ament_cmake_export_libraries-extras.cmake
[0.679s] -- Up-to-date: /home/luz/Escritorio/Robotica/week3/lab2_ws/install/ucb_interfaces/share/ucb_interfaces/cmake/ament_cmake_export_targets-extras.cmake
[0.679s] -- Up-to-date: /home/luz/Escritorio/Robotica/week3/lab2_ws/install/ucb_interfaces/share/ucb_interfaces/cmake/rosidl_cmake_export_typesupport_targets-extras.cmake
[0.679s] -- Up-to-date: /home/luz/Escritorio/Robotica/week3/lab2_ws/install/ucb_interfaces/share/ucb_interfaces/cmake/ament_cmake_export_dependencies-extras.cmake
[0.680s] -- Up-to-date: /home/luz/Escritorio/Robotica/week3/lab2_ws/install/ucb_interfaces/share/ucb_interfaces/cmake/rosidl_cmake_export_typesupport_libraries-extras.cmake
[0.680s] -- Up-to-date: /home/luz/Escritorio/Robotica/week3/lab2_ws/install/ucb_interfaces/share/ucb_interfaces/cmake/ucb_interfacesConfig.cmake
[0.680s] -- Up-to-date: /home/luz/Escritorio/Robotica/week3/lab2_ws/install/ucb_interfaces/share/ucb_interfaces/cmake/ucb_interfacesConfig-version.cmake
[0.680s] -- Up-to-date: /home/luz/Escritorio/Robotica/week3/lab2_ws/install/ucb_interfaces/share/ucb_interfaces/package.xml
[0.681s] Invoked command in '/home/luz/Escritorio/Robotica/week3/lab2_ws/build/ucb_interfaces' returned '0': CMAKE_PREFIX_PATH=/opt/ros/humble /usr/bin/cmake --install /home/luz/Escritorio/Robotica/week3/lab2_ws/build/ucb_interfaces
