[0.009s] Invoking command in '/home/luz/Escritorio/Robotica/week4/lab3_2_ws/build/matrix_interfaces': CMAKE_PREFIX_PATH=${CMAKE_PREFIX_PATH}:/home/luz/Escritorio/Robotica/week4/lab3_2_ws/install/pata_perro_pkg:/opt/ros/humble /usr/bin/cmake --build /home/luz/Escritorio/Robotica/week4/lab3_2_ws/build/matrix_interfaces -- -j12 -l12
[0.031s] -- Found rosidl_default_generators: 1.2.0 (/opt/ros/humble/share/rosidl_default_generators/cmake)
[0.031s] -- Found ament_cmake_core: 1.3.12 (/opt/ros/humble/share/ament_cmake_core/cmake)
[0.123s] -- Using all available rosidl_typesupport_c: rosidl_typesupport_fastrtps_c;rosidl_typesupport_introspection_c
[0.125s] -- Found rosidl_adapter: 3.1.7 (/opt/ros/humble/share/rosidl_adapter/cmake)
[0.147s] -- Using all available rosidl_typesupport_cpp: rosidl_typesupport_fastrtps_cpp;rosidl_typesupport_introspection_cpp
[0.344s] -- Found ament_cmake_ros: 0.10.0 (/opt/ros/humble/share/ament_cmake_ros/cmake)
[0.489s] -- Using all available rosidl_typesupport_c: rosidl_typesupport_fastrtps_c;rosidl_typesupport_introspection_c
[0.693s] -- Using all available rosidl_typesupport_cpp: rosidl_typesupport_fastrtps_cpp;rosidl_typesupport_introspection_cpp
[0.712s] -- Found python_cmake_module: 0.10.0 (/opt/ros/humble/share/python_cmake_module/cmake)
[0.731s] -- Using PYTHON_EXECUTABLE: /usr/bin/python3
[0.731s] -- Using PYTHON_INCLUDE_DIRS: /usr/include/python3.10
[0.731s] -- Using PYTHON_LIBRARIES: /usr/lib/x86_64-linux-gnu/libpython3.10.so
[0.739s] -- Found ament_lint_auto: 0.12.14 (/opt/ros/humble/share/ament_lint_auto/cmake)
[0.744s] -- Added test 'lint_cmake' to check CMake code style
[0.744s] -- Added test 'xmllint' to check XML markup files
[0.745s] -- Configuring done
[0.763s] -- Generating done
[0.769s] -- Build files have been written to: /home/luz/Escritorio/Robotica/week4/lab3_2_ws/build/matrix_interfaces
[0.788s] [  3%] [34m[1mGenerating C code for ROS interfaces[0m
[0.795s] [  6%] [34m[1mGenerating C++ code for ROS interfaces[0m
[0.796s] [  6%] Built target ament_cmake_python_copy_matrix_interfaces
[0.969s] running egg_info
[0.971s] writing matrix_interfaces.egg-info/PKG-INFO
[0.971s] [35m[1mConsolidate compiler generated dependencies of target matrix_interfaces__rosidl_generator_c[0m
[0.971s] writing dependency_links to matrix_interfaces.egg-info/dependency_links.txt
[0.971s] writing top-level names to matrix_interfaces.egg-info/top_level.txt
[0.973s] reading manifest file 'matrix_interfaces.egg-info/SOURCES.txt'
[0.974s] writing manifest file 'matrix_interfaces.egg-info/SOURCES.txt'
[0.982s] [  9%] [32mBuilding C object CMakeFiles/matrix_interfaces__rosidl_generator_c.dir/rosidl_generator_c/matrix_interfaces/srv/detail/rotxyz__functions.c.o[0m
[0.988s] [  9%] Built target matrix_interfaces__cpp
[0.994s] [ 16%] [34m[1mGenerating C++ type support dispatch for ROS interfaces[0m
[0.995s] [ 16%] [34m[1mGenerating C++ type support for eProsima Fast-RTPS[0m
[0.999s] [ 19%] [34m[1mGenerating C++ introspection for ROS interfaces[0m
[1.003s] [ 19%] Built target ament_cmake_python_build_matrix_interfaces_egg
[1.040s] [ 22%] [32m[1mLinking C shared library libmatrix_interfaces__rosidl_generator_c.so[0m
[1.076s] [ 22%] Built target matrix_interfaces__rosidl_generator_c
[1.084s] [ 25%] [34m[1mGenerating C introspection for ROS interfaces[0m
[1.087s] [ 29%] [34m[1mGenerating C type support dispatch for ROS interfaces[0m
[1.087s] [ 32%] [34m[1mGenerating C type support for eProsima Fast-RTPS[0m
[1.146s] [35m[1mConsolidate compiler generated dependencies of target matrix_interfaces__rosidl_typesupport_cpp[0m
[1.160s] [ 35%] [32mBuilding CXX object CMakeFiles/matrix_interfaces__rosidl_typesupport_cpp.dir/rosidl_typesupport_cpp/matrix_interfaces/srv/rotxyz__type_support.cpp.o[0m
[1.191s] [35m[1mConsolidate compiler generated dependencies of target matrix_interfaces__rosidl_typesupport_fastrtps_cpp[0m
[1.201s] [ 38%] [32mBuilding CXX object CMakeFiles/matrix_interfaces__rosidl_typesupport_fastrtps_cpp.dir/rosidl_typesupport_fastrtps_cpp/matrix_interfaces/srv/detail/dds_fastrtps/rotxyz__type_support.cpp.o[0m
[1.205s] [35m[1mConsolidate compiler generated dependencies of target matrix_interfaces__rosidl_typesupport_introspection_cpp[0m
[1.220s] [ 41%] [32mBuilding CXX object CMakeFiles/matrix_interfaces__rosidl_typesupport_introspection_cpp.dir/rosidl_typesupport_introspection_cpp/matrix_interfaces/srv/detail/rotxyz__type_support.cpp.o[0m
[1.244s] [35m[1mConsolidate compiler generated dependencies of target matrix_interfaces__rosidl_typesupport_c[0m
[1.252s] [ 45%] [32mBuilding CXX object CMakeFiles/matrix_interfaces__rosidl_typesupport_c.dir/rosidl_typesupport_c/matrix_interfaces/srv/rotxyz__type_support.cpp.o[0m
[1.265s] [35m[1mConsolidate compiler generated dependencies of target matrix_interfaces__rosidl_typesupport_introspection_c[0m
[1.273s] [ 48%] [32m[1mLinking CXX shared library libmatrix_interfaces__rosidl_typesupport_c.so[0m
[1.276s] [ 51%] [32mBuilding C object CMakeFiles/matrix_interfaces__rosidl_typesupport_introspection_c.dir/rosidl_typesupport_introspection_c/matrix_interfaces/srv/detail/rotxyz__type_support.c.o[0m
[1.308s] [ 54%] [32m[1mLinking C shared library libmatrix_interfaces__rosidl_typesupport_introspection_c.so[0m
[1.312s] [ 54%] Built target matrix_interfaces__rosidl_typesupport_c
[1.342s] [ 54%] Built target matrix_interfaces__rosidl_typesupport_introspection_c
[1.364s] [ 58%] [32m[1mLinking CXX shared library libmatrix_interfaces__rosidl_typesupport_cpp.so[0m
[1.394s] [ 58%] Built target matrix_interfaces__rosidl_typesupport_cpp
[1.400s] [35m[1mConsolidate compiler generated dependencies of target matrix_interfaces__rosidl_typesupport_fastrtps_c[0m
[1.418s] [ 61%] [32mBuilding CXX object CMakeFiles/matrix_interfaces__rosidl_typesupport_fastrtps_c.dir/rosidl_typesupport_fastrtps_c/matrix_interfaces/srv/detail/rotxyz__type_support_c.cpp.o[0m
[1.597s] [ 67%] [32m[1mLinking CXX shared library libmatrix_interfaces__rosidl_typesupport_fastrtps_cpp.so[0m
[1.597s] [ 67%] [32m[1mLinking CXX shared library libmatrix_interfaces__rosidl_typesupport_introspection_cpp.so[0m
[1.644s] [ 67%] Built target matrix_interfaces__rosidl_typesupport_introspection_cpp
[1.674s] [ 67%] Built target matrix_interfaces__rosidl_typesupport_fastrtps_cpp
[1.706s] [ 70%] [32m[1mLinking CXX shared library libmatrix_interfaces__rosidl_typesupport_fastrtps_c.so[0m
[1.777s] [ 70%] Built target matrix_interfaces__rosidl_typesupport_fastrtps_c
[1.793s] [ 70%] Built target matrix_interfaces
[1.816s] [ 74%] [34m[1mGenerating Python code for ROS interfaces[0m
[2.045s] [ 74%] Built target matrix_interfaces__py
[2.055s] [35m[1mConsolidate compiler generated dependencies of target matrix_interfaces__rosidl_generator_py[0m
[2.068s] [ 77%] [32mBuilding C object CMakeFiles/matrix_interfaces__rosidl_generator_py.dir/rosidl_generator_py/matrix_interfaces/srv/_rotxyz_s.c.o[0m
[2.139s] [ 80%] [32m[1mLinking C shared library rosidl_generator_py/matrix_interfaces/libmatrix_interfaces__rosidl_generator_py.so[0m
[2.175s] [ 80%] Built target matrix_interfaces__rosidl_generator_py
[2.183s] [35m[1mConsolidate compiler generated dependencies of target matrix_interfaces__rosidl_typesupport_c__pyext[0m
[2.183s] [35m[1mConsolidate compiler generated dependencies of target matrix_interfaces__rosidl_typesupport_introspection_c__pyext[0m
[2.185s] [35m[1mConsolidate compiler generated dependencies of target matrix_interfaces__rosidl_typesupport_fastrtps_c__pyext[0m
[2.191s] [ 83%] [32mBuilding C object CMakeFiles/matrix_interfaces__rosidl_typesupport_c__pyext.dir/rosidl_generator_py/matrix_interfaces/_matrix_interfaces_s.ep.rosidl_typesupport_c.c.o[0m
[2.197s] [ 90%] [32mBuilding C object CMakeFiles/matrix_interfaces__rosidl_typesupport_introspection_c__pyext.dir/rosidl_generator_py/matrix_interfaces/_matrix_interfaces_s.ep.rosidl_typesupport_introspection_c.c.o[0m
[2.197s] [ 90%] [32mBuilding C object CMakeFiles/matrix_interfaces__rosidl_typesupport_fastrtps_c__pyext.dir/rosidl_generator_py/matrix_interfaces/_matrix_interfaces_s.ep.rosidl_typesupport_fastrtps_c.c.o[0m
[2.251s] [ 93%] [32m[1mLinking C shared library rosidl_generator_py/matrix_interfaces/matrix_interfaces_s__rosidl_typesupport_c.cpython-310-x86_64-linux-gnu.so[0m
[2.261s] [ 96%] [32m[1mLinking C shared library rosidl_generator_py/matrix_interfaces/matrix_interfaces_s__rosidl_typesupport_introspection_c.cpython-310-x86_64-linux-gnu.so[0m
[2.268s] [100%] [32m[1mLinking C shared library rosidl_generator_py/matrix_interfaces/matrix_interfaces_s__rosidl_typesupport_fastrtps_c.cpython-310-x86_64-linux-gnu.so[0m
[2.276s] [100%] Built target matrix_interfaces__rosidl_typesupport_c__pyext
[2.284s] [100%] Built target matrix_interfaces__rosidl_typesupport_introspection_c__pyext
[2.292s] [100%] Built target matrix_interfaces__rosidl_typesupport_fastrtps_c__pyext
[2.303s] Invoked command in '/home/luz/Escritorio/Robotica/week4/lab3_2_ws/build/matrix_interfaces' returned '0': CMAKE_PREFIX_PATH=${CMAKE_PREFIX_PATH}:/home/luz/Escritorio/Robotica/week4/lab3_2_ws/install/pata_perro_pkg:/opt/ros/humble /usr/bin/cmake --build /home/luz/Escritorio/Robotica/week4/lab3_2_ws/build/matrix_interfaces -- -j12 -l12
[2.310s] Invoking command in '/home/luz/Escritorio/Robotica/week4/lab3_2_ws/build/matrix_interfaces': CMAKE_PREFIX_PATH=${CMAKE_PREFIX_PATH}:/home/luz/Escritorio/Robotica/week4/lab3_2_ws/install/pata_perro_pkg:/opt/ros/humble /usr/bin/cmake --install /home/luz/Escritorio/Robotica/week4/lab3_2_ws/build/matrix_interfaces
[2.314s] -- Install configuration: ""
[2.315s] -- Up-to-date: /home/luz/Escritorio/Robotica/week4/lab3_2_ws/install/matrix_interfaces/share/ament_index/resource_index/rosidl_interfaces/matrix_interfaces
[2.315s] -- Up-to-date: /home/luz/Escritorio/Robotica/week4/lab3_2_ws/install/matrix_interfaces/include/matrix_interfaces/matrix_interfaces
[2.315s] -- Up-to-date: /home/luz/Escritorio/Robotica/week4/lab3_2_ws/install/matrix_interfaces/include/matrix_interfaces/matrix_interfaces/srv
[2.315s] -- Installing: /home/luz/Escritorio/Robotica/week4/lab3_2_ws/install/matrix_interfaces/include/matrix_interfaces/matrix_interfaces/srv/rotxyz.h
[2.315s] -- Up-to-date: /home/luz/Escritorio/Robotica/week4/lab3_2_ws/install/matrix_interfaces/include/matrix_interfaces/matrix_interfaces/srv/detail
[2.315s] -- Installing: /home/luz/Escritorio/Robotica/week4/lab3_2_ws/install/matrix_interfaces/include/matrix_interfaces/matrix_interfaces/srv/detail/rotxyz__functions.c
[2.315s] -- Installing: /home/luz/Escritorio/Robotica/week4/lab3_2_ws/install/matrix_interfaces/include/matrix_interfaces/matrix_interfaces/srv/detail/rotxyz__type_support.h
[2.315s] -- Installing: /home/luz/Escritorio/Robotica/week4/lab3_2_ws/install/matrix_interfaces/include/matrix_interfaces/matrix_interfaces/srv/detail/rotxyz__functions.h
[2.315s] -- Installing: /home/luz/Escritorio/Robotica/week4/lab3_2_ws/install/matrix_interfaces/include/matrix_interfaces/matrix_interfaces/srv/detail/rotxyz__struct.h
[2.316s] -- Up-to-date: /home/luz/Escritorio/Robotica/week4/lab3_2_ws/install/matrix_interfaces/include/matrix_interfaces/matrix_interfaces/msg
[2.316s] -- Up-to-date: /home/luz/Escritorio/Robotica/week4/lab3_2_ws/install/matrix_interfaces/include/matrix_interfaces/matrix_interfaces/msg/rosidl_generator_c__visibility_control.h
[2.316s] -- Up-to-date: /home/luz/Escritorio/Robotica/week4/lab3_2_ws/install/matrix_interfaces/share/matrix_interfaces/environment/library_path.sh
[2.316s] -- Installing: /home/luz/Escritorio/Robotica/week4/lab3_2_ws/install/matrix_interfaces/share/matrix_interfaces/environment/library_path.dsv
[2.316s] -- Installing: /home/luz/Escritorio/Robotica/week4/lab3_2_ws/install/matrix_interfaces/lib/libmatrix_interfaces__rosidl_generator_c.so
[2.316s] -- Set runtime path of "/home/luz/Escritorio/Robotica/week4/lab3_2_ws/install/matrix_interfaces/lib/libmatrix_interfaces__rosidl_generator_c.so" to ""
[2.316s] -- Up-to-date: /home/luz/Escritorio/Robotica/week4/lab3_2_ws/install/matrix_interfaces/include/matrix_interfaces/matrix_interfaces
[2.316s] -- Up-to-date: /home/luz/Escritorio/Robotica/week4/lab3_2_ws/install/matrix_interfaces/include/matrix_interfaces/matrix_interfaces/srv
[2.316s] -- Up-to-date: /home/luz/Escritorio/Robotica/week4/lab3_2_ws/install/matrix_interfaces/include/matrix_interfaces/matrix_interfaces/srv/detail
[2.317s] -- Installing: /home/luz/Escritorio/Robotica/week4/lab3_2_ws/install/matrix_interfaces/include/matrix_interfaces/matrix_interfaces/srv/detail/rotxyz__rosidl_typesupport_fastrtps_c.h
[2.317s] -- Up-to-date: /home/luz/Escritorio/Robotica/week4/lab3_2_ws/install/matrix_interfaces/include/matrix_interfaces/matrix_interfaces/msg
[2.317s] -- Up-to-date: /home/luz/Escritorio/Robotica/week4/lab3_2_ws/install/matrix_interfaces/include/matrix_interfaces/matrix_interfaces/msg/rosidl_typesupport_fastrtps_c__visibility_control.h
[2.317s] -- Installing: /home/luz/Escritorio/Robotica/week4/lab3_2_ws/install/matrix_interfaces/lib/libmatrix_interfaces__rosidl_typesupport_fastrtps_c.so
[2.317s] -- Set runtime path of "/home/luz/Escritorio/Robotica/week4/lab3_2_ws/install/matrix_interfaces/lib/libmatrix_interfaces__rosidl_typesupport_fastrtps_c.so" to ""
[2.317s] -- Up-to-date: /home/luz/Escritorio/Robotica/week4/lab3_2_ws/install/matrix_interfaces/include/matrix_interfaces/matrix_interfaces
[2.317s] -- Up-to-date: /home/luz/Escritorio/Robotica/week4/lab3_2_ws/install/matrix_interfaces/include/matrix_interfaces/matrix_interfaces/srv
[2.317s] -- Up-to-date: /home/luz/Escritorio/Robotica/week4/lab3_2_ws/install/matrix_interfaces/include/matrix_interfaces/matrix_interfaces/srv/detail
[2.317s] -- Installing: /home/luz/Escritorio/Robotica/week4/lab3_2_ws/install/matrix_interfaces/include/matrix_interfaces/matrix_interfaces/srv/detail/rotxyz__type_support.c
[2.318s] -- Installing: /home/luz/Escritorio/Robotica/week4/lab3_2_ws/install/matrix_interfaces/include/matrix_interfaces/matrix_interfaces/srv/detail/rotxyz__rosidl_typesupport_introspection_c.h
[2.318s] -- Up-to-date: /home/luz/Escritorio/Robotica/week4/lab3_2_ws/install/matrix_interfaces/include/matrix_interfaces/matrix_interfaces/msg
[2.318s] -- Up-to-date: /home/luz/Escritorio/Robotica/week4/lab3_2_ws/install/matrix_interfaces/include/matrix_interfaces/matrix_interfaces/msg/rosidl_typesupport_introspection_c__visibility_control.h
[2.318s] -- Installing: /home/luz/Escritorio/Robotica/week4/lab3_2_ws/install/matrix_interfaces/lib/libmatrix_interfaces__rosidl_typesupport_introspection_c.so
[2.318s] -- Set runtime path of "/home/luz/Escritorio/Robotica/week4/lab3_2_ws/install/matrix_interfaces/lib/libmatrix_interfaces__rosidl_typesupport_introspection_c.so" to ""
[2.318s] -- Installing: /home/luz/Escritorio/Robotica/week4/lab3_2_ws/install/matrix_interfaces/lib/libmatrix_interfaces__rosidl_typesupport_c.so
[2.318s] -- Set runtime path of "/home/luz/Escritorio/Robotica/week4/lab3_2_ws/install/matrix_interfaces/lib/libmatrix_interfaces__rosidl_typesupport_c.so" to ""
[2.318s] -- Up-to-date: /home/luz/Escritorio/Robotica/week4/lab3_2_ws/install/matrix_interfaces/include/matrix_interfaces/matrix_interfaces
[2.318s] -- Up-to-date: /home/luz/Escritorio/Robotica/week4/lab3_2_ws/install/matrix_interfaces/include/matrix_interfaces/matrix_interfaces/srv
[2.318s] -- Installing: /home/luz/Escritorio/Robotica/week4/lab3_2_ws/install/matrix_interfaces/include/matrix_interfaces/matrix_interfaces/srv/rotxyz.hpp
[2.318s] -- Up-to-date: /home/luz/Escritorio/Robotica/week4/lab3_2_ws/install/matrix_interfaces/include/matrix_interfaces/matrix_interfaces/srv/detail
[2.318s] -- Installing: /home/luz/Escritorio/Robotica/week4/lab3_2_ws/install/matrix_interfaces/include/matrix_interfaces/matrix_interfaces/srv/detail/rotxyz__type_support.hpp
[2.318s] -- Installing: /home/luz/Escritorio/Robotica/week4/lab3_2_ws/install/matrix_interfaces/include/matrix_interfaces/matrix_interfaces/srv/detail/rotxyz__traits.hpp
[2.318s] -- Installing: /home/luz/Escritorio/Robotica/week4/lab3_2_ws/install/matrix_interfaces/include/matrix_interfaces/matrix_interfaces/srv/detail/rotxyz__struct.hpp
[2.318s] -- Installing: /home/luz/Escritorio/Robotica/week4/lab3_2_ws/install/matrix_interfaces/include/matrix_interfaces/matrix_interfaces/srv/detail/rotxyz__builder.hpp
[2.318s] -- Up-to-date: /home/luz/Escritorio/Robotica/week4/lab3_2_ws/install/matrix_interfaces/include/matrix_interfaces/matrix_interfaces/msg
[2.319s] -- Up-to-date: /home/luz/Escritorio/Robotica/week4/lab3_2_ws/install/matrix_interfaces/include/matrix_interfaces/matrix_interfaces/msg/rosidl_generator_cpp__visibility_control.hpp
[2.319s] -- Up-to-date: /home/luz/Escritorio/Robotica/week4/lab3_2_ws/install/matrix_interfaces/include/matrix_interfaces/matrix_interfaces
[2.319s] -- Up-to-date: /home/luz/Escritorio/Robotica/week4/lab3_2_ws/install/matrix_interfaces/include/matrix_interfaces/matrix_interfaces/srv
[2.319s] -- Up-to-date: /home/luz/Escritorio/Robotica/week4/lab3_2_ws/install/matrix_interfaces/include/matrix_interfaces/matrix_interfaces/srv/detail
[2.319s] -- Up-to-date: /home/luz/Escritorio/Robotica/week4/lab3_2_ws/install/matrix_interfaces/include/matrix_interfaces/matrix_interfaces/srv/detail/dds_fastrtps
[2.319s] -- Installing: /home/luz/Escritorio/Robotica/week4/lab3_2_ws/install/matrix_interfaces/include/matrix_interfaces/matrix_interfaces/srv/detail/rotxyz__rosidl_typesupport_fastrtps_cpp.hpp
[2.319s] -- Up-to-date: /home/luz/Escritorio/Robotica/week4/lab3_2_ws/install/matrix_interfaces/include/matrix_interfaces/matrix_interfaces/msg
[2.319s] -- Up-to-date: /home/luz/Escritorio/Robotica/week4/lab3_2_ws/install/matrix_interfaces/include/matrix_interfaces/matrix_interfaces/msg/rosidl_typesupport_fastrtps_cpp__visibility_control.h
[2.319s] -- Installing: /home/luz/Escritorio/Robotica/week4/lab3_2_ws/install/matrix_interfaces/lib/libmatrix_interfaces__rosidl_typesupport_fastrtps_cpp.so
[2.319s] -- Set runtime path of "/home/luz/Escritorio/Robotica/week4/lab3_2_ws/install/matrix_interfaces/lib/libmatrix_interfaces__rosidl_typesupport_fastrtps_cpp.so" to ""
[2.319s] -- Up-to-date: /home/luz/Escritorio/Robotica/week4/lab3_2_ws/install/matrix_interfaces/include/matrix_interfaces/matrix_interfaces
[2.319s] -- Up-to-date: /home/luz/Escritorio/Robotica/week4/lab3_2_ws/install/matrix_interfaces/include/matrix_interfaces/matrix_interfaces/srv
[2.319s] -- Up-to-date: /home/luz/Escritorio/Robotica/week4/lab3_2_ws/install/matrix_interfaces/include/matrix_interfaces/matrix_interfaces/srv/detail
[2.319s] -- Installing: /home/luz/Escritorio/Robotica/week4/lab3_2_ws/install/matrix_interfaces/include/matrix_interfaces/matrix_interfaces/srv/detail/rotxyz__rosidl_typesupport_introspection_cpp.hpp
[2.319s] -- Installing: /home/luz/Escritorio/Robotica/week4/lab3_2_ws/install/matrix_interfaces/include/matrix_interfaces/matrix_interfaces/srv/detail/rotxyz__type_support.cpp
[2.319s] -- Installing: /home/luz/Escritorio/Robotica/week4/lab3_2_ws/install/matrix_interfaces/lib/libmatrix_interfaces__rosidl_typesupport_introspection_cpp.so
[2.319s] -- Set runtime path of "/home/luz/Escritorio/Robotica/week4/lab3_2_ws/install/matrix_interfaces/lib/libmatrix_interfaces__rosidl_typesupport_introspection_cpp.so" to ""
[2.319s] -- Installing: /home/luz/Escritorio/Robotica/week4/lab3_2_ws/install/matrix_interfaces/lib/libmatrix_interfaces__rosidl_typesupport_cpp.so
[2.319s] -- Set runtime path of "/home/luz/Escritorio/Robotica/week4/lab3_2_ws/install/matrix_interfaces/lib/libmatrix_interfaces__rosidl_typesupport_cpp.so" to ""
[2.319s] -- Up-to-date: /home/luz/Escritorio/Robotica/week4/lab3_2_ws/install/matrix_interfaces/share/matrix_interfaces/environment/pythonpath.sh
[2.319s] -- Installing: /home/luz/Escritorio/Robotica/week4/lab3_2_ws/install/matrix_interfaces/share/matrix_interfaces/environment/pythonpath.dsv
[2.319s] -- Up-to-date: /home/luz/Escritorio/Robotica/week4/lab3_2_ws/install/matrix_interfaces/local/lib/python3.10/dist-packages/matrix_interfaces-0.0.0-py3.10.egg-info
[2.320s] -- Installing: /home/luz/Escritorio/Robotica/week4/lab3_2_ws/install/matrix_interfaces/local/lib/python3.10/dist-packages/matrix_interfaces-0.0.0-py3.10.egg-info/PKG-INFO
[2.320s] -- Installing: /home/luz/Escritorio/Robotica/week4/lab3_2_ws/install/matrix_interfaces/local/lib/python3.10/dist-packages/matrix_interfaces-0.0.0-py3.10.egg-info/top_level.txt
[2.320s] -- Installing: /home/luz/Escritorio/Robotica/week4/lab3_2_ws/install/matrix_interfaces/local/lib/python3.10/dist-packages/matrix_interfaces-0.0.0-py3.10.egg-info/SOURCES.txt
[2.320s] -- Installing: /home/luz/Escritorio/Robotica/week4/lab3_2_ws/install/matrix_interfaces/local/lib/python3.10/dist-packages/matrix_interfaces-0.0.0-py3.10.egg-info/dependency_links.txt
[2.320s] -- Up-to-date: /home/luz/Escritorio/Robotica/week4/lab3_2_ws/install/matrix_interfaces/local/lib/python3.10/dist-packages/matrix_interfaces
[2.320s] -- Installing: /home/luz/Escritorio/Robotica/week4/lab3_2_ws/install/matrix_interfaces/local/lib/python3.10/dist-packages/matrix_interfaces/_matrix_interfaces_s.ep.rosidl_typesupport_fastrtps_c.c
[2.320s] -- Up-to-date: /home/luz/Escritorio/Robotica/week4/lab3_2_ws/install/matrix_interfaces/local/lib/python3.10/dist-packages/matrix_interfaces/srv
[2.320s] -- Installing: /home/luz/Escritorio/Robotica/week4/lab3_2_ws/install/matrix_interfaces/local/lib/python3.10/dist-packages/matrix_interfaces/srv/_rotxyz.py
[2.320s] -- Installing: /home/luz/Escritorio/Robotica/week4/lab3_2_ws/install/matrix_interfaces/local/lib/python3.10/dist-packages/matrix_interfaces/srv/__init__.py
[2.320s] -- Installing: /home/luz/Escritorio/Robotica/week4/lab3_2_ws/install/matrix_interfaces/local/lib/python3.10/dist-packages/matrix_interfaces/srv/_rotxyz_s.c
[2.320s] -- Installing: /home/luz/Escritorio/Robotica/week4/lab3_2_ws/install/matrix_interfaces/local/lib/python3.10/dist-packages/matrix_interfaces/matrix_interfaces_s__rosidl_typesupport_introspection_c.cpython-310-x86_64-linux-gnu.so
[2.320s] -- Installing: /home/luz/Escritorio/Robotica/week4/lab3_2_ws/install/matrix_interfaces/local/lib/python3.10/dist-packages/matrix_interfaces/libmatrix_interfaces__rosidl_generator_py.so
[2.320s] -- Installing: /home/luz/Escritorio/Robotica/week4/lab3_2_ws/install/matrix_interfaces/local/lib/python3.10/dist-packages/matrix_interfaces/matrix_interfaces_s__rosidl_typesupport_c.cpython-310-x86_64-linux-gnu.so
[2.320s] -- Installing: /home/luz/Escritorio/Robotica/week4/lab3_2_ws/install/matrix_interfaces/local/lib/python3.10/dist-packages/matrix_interfaces/matrix_interfaces_s__rosidl_typesupport_fastrtps_c.cpython-310-x86_64-linux-gnu.so
[2.320s] -- Installing: /home/luz/Escritorio/Robotica/week4/lab3_2_ws/install/matrix_interfaces/local/lib/python3.10/dist-packages/matrix_interfaces/_matrix_interfaces_s.ep.rosidl_typesupport_introspection_c.c
[2.320s] -- Installing: /home/luz/Escritorio/Robotica/week4/lab3_2_ws/install/matrix_interfaces/local/lib/python3.10/dist-packages/matrix_interfaces/__init__.py
[2.320s] -- Installing: /home/luz/Escritorio/Robotica/week4/lab3_2_ws/install/matrix_interfaces/local/lib/python3.10/dist-packages/matrix_interfaces/_matrix_interfaces_s.ep.rosidl_typesupport_c.c
[2.350s] Listing '/home/luz/Escritorio/Robotica/week4/lab3_2_ws/install/matrix_interfaces/local/lib/python3.10/dist-packages/matrix_interfaces'...
[2.350s] Compiling '/home/luz/Escritorio/Robotica/week4/lab3_2_ws/install/matrix_interfaces/local/lib/python3.10/dist-packages/matrix_interfaces/__init__.py'...
[2.350s] Listing '/home/luz/Escritorio/Robotica/week4/lab3_2_ws/install/matrix_interfaces/local/lib/python3.10/dist-packages/matrix_interfaces/srv'...
[2.350s] Compiling '/home/luz/Escritorio/Robotica/week4/lab3_2_ws/install/matrix_interfaces/local/lib/python3.10/dist-packages/matrix_interfaces/srv/__init__.py'...
[2.350s] Compiling '/home/luz/Escritorio/Robotica/week4/lab3_2_ws/install/matrix_interfaces/local/lib/python3.10/dist-packages/matrix_interfaces/srv/_rotxyz.py'...
[2.353s] -- Installing: /home/luz/Escritorio/Robotica/week4/lab3_2_ws/install/matrix_interfaces/local/lib/python3.10/dist-packages/matrix_interfaces/matrix_interfaces_s__rosidl_typesupport_fastrtps_c.cpython-310-x86_64-linux-gnu.so
[2.354s] -- Set runtime path of "/home/luz/Escritorio/Robotica/week4/lab3_2_ws/install/matrix_interfaces/local/lib/python3.10/dist-packages/matrix_interfaces/matrix_interfaces_s__rosidl_typesupport_fastrtps_c.cpython-310-x86_64-linux-gnu.so" to ""
[2.354s] -- Installing: /home/luz/Escritorio/Robotica/week4/lab3_2_ws/install/matrix_interfaces/local/lib/python3.10/dist-packages/matrix_interfaces/matrix_interfaces_s__rosidl_typesupport_introspection_c.cpython-310-x86_64-linux-gnu.so
[2.354s] -- Set runtime path of "/home/luz/Escritorio/Robotica/week4/lab3_2_ws/install/matrix_interfaces/local/lib/python3.10/dist-packages/matrix_interfaces/matrix_interfaces_s__rosidl_typesupport_introspection_c.cpython-310-x86_64-linux-gnu.so" to ""
[2.355s] -- Installing: /home/luz/Escritorio/Robotica/week4/lab3_2_ws/install/matrix_interfaces/local/lib/python3.10/dist-packages/matrix_interfaces/matrix_interfaces_s__rosidl_typesupport_c.cpython-310-x86_64-linux-gnu.so
[2.355s] -- Set runtime path of "/home/luz/Escritorio/Robotica/week4/lab3_2_ws/install/matrix_interfaces/local/lib/python3.10/dist-packages/matrix_interfaces/matrix_interfaces_s__rosidl_typesupport_c.cpython-310-x86_64-linux-gnu.so" to ""
[2.355s] -- Installing: /home/luz/Escritorio/Robotica/week4/lab3_2_ws/install/matrix_interfaces/lib/libmatrix_interfaces__rosidl_generator_py.so
[2.356s] -- Set runtime path of "/home/luz/Escritorio/Robotica/week4/lab3_2_ws/install/matrix_interfaces/lib/libmatrix_interfaces__rosidl_generator_py.so" to ""
[2.356s] -- Installing: /home/luz/Escritorio/Robotica/week4/lab3_2_ws/install/matrix_interfaces/share/matrix_interfaces/srv/Rotxyz.idl
[2.356s] -- Installing: /home/luz/Escritorio/Robotica/week4/lab3_2_ws/install/matrix_interfaces/share/matrix_interfaces/srv/Rotxyz.srv
[2.356s] -- Up-to-date: /home/luz/Escritorio/Robotica/week4/lab3_2_ws/install/matrix_interfaces/share/matrix_interfaces/srv/Rotxyz_Request.msg
[2.356s] -- Installing: /home/luz/Escritorio/Robotica/week4/lab3_2_ws/install/matrix_interfaces/share/matrix_interfaces/srv/Rotxyz_Response.msg
[2.356s] -- Up-to-date: /home/luz/Escritorio/Robotica/week4/lab3_2_ws/install/matrix_interfaces/share/ament_index/resource_index/package_run_dependencies/matrix_interfaces
[2.356s] -- Installing: /home/luz/Escritorio/Robotica/week4/lab3_2_ws/install/matrix_interfaces/share/ament_index/resource_index/parent_prefix_path/matrix_interfaces
[2.356s] -- Up-to-date: /home/luz/Escritorio/Robotica/week4/lab3_2_ws/install/matrix_interfaces/share/matrix_interfaces/environment/ament_prefix_path.sh
[2.357s] -- Installing: /home/luz/Escritorio/Robotica/week4/lab3_2_ws/install/matrix_interfaces/share/matrix_interfaces/environment/ament_prefix_path.dsv
[2.357s] -- Up-to-date: /home/luz/Escritorio/Robotica/week4/lab3_2_ws/install/matrix_interfaces/share/matrix_interfaces/environment/path.sh
[2.357s] -- Installing: /home/luz/Escritorio/Robotica/week4/lab3_2_ws/install/matrix_interfaces/share/matrix_interfaces/environment/path.dsv
[2.357s] -- Up-to-date: /home/luz/Escritorio/Robotica/week4/lab3_2_ws/install/matrix_interfaces/share/matrix_interfaces/local_setup.bash
[2.357s] -- Up-to-date: /home/luz/Escritorio/Robotica/week4/lab3_2_ws/install/matrix_interfaces/share/matrix_interfaces/local_setup.sh
[2.357s] -- Up-to-date: /home/luz/Escritorio/Robotica/week4/lab3_2_ws/install/matrix_interfaces/share/matrix_interfaces/local_setup.zsh
[2.357s] -- Installing: /home/luz/Escritorio/Robotica/week4/lab3_2_ws/install/matrix_interfaces/share/matrix_interfaces/local_setup.dsv
[2.357s] -- Installing: /home/luz/Escritorio/Robotica/week4/lab3_2_ws/install/matrix_interfaces/share/matrix_interfaces/package.dsv
[2.357s] -- Up-to-date: /home/luz/Escritorio/Robotica/week4/lab3_2_ws/install/matrix_interfaces/share/ament_index/resource_index/packages/matrix_interfaces
[2.357s] -- Up-to-date: /home/luz/Escritorio/Robotica/week4/lab3_2_ws/install/matrix_interfaces/share/matrix_interfaces/cmake/export_matrix_interfaces__rosidl_generator_cExport.cmake
[2.358s] -- Up-to-date: /home/luz/Escritorio/Robotica/week4/lab3_2_ws/install/matrix_interfaces/share/matrix_interfaces/cmake/export_matrix_interfaces__rosidl_generator_cExport-noconfig.cmake
[2.358s] -- Up-to-date: /home/luz/Escritorio/Robotica/week4/lab3_2_ws/install/matrix_interfaces/share/matrix_interfaces/cmake/export_matrix_interfaces__rosidl_typesupport_fastrtps_cExport.cmake
[2.358s] -- Up-to-date: /home/luz/Escritorio/Robotica/week4/lab3_2_ws/install/matrix_interfaces/share/matrix_interfaces/cmake/export_matrix_interfaces__rosidl_typesupport_fastrtps_cExport-noconfig.cmake
[2.358s] -- Up-to-date: /home/luz/Escritorio/Robotica/week4/lab3_2_ws/install/matrix_interfaces/share/matrix_interfaces/cmake/matrix_interfaces__rosidl_typesupport_introspection_cExport.cmake
[2.358s] -- Up-to-date: /home/luz/Escritorio/Robotica/week4/lab3_2_ws/install/matrix_interfaces/share/matrix_interfaces/cmake/matrix_interfaces__rosidl_typesupport_introspection_cExport-noconfig.cmake
[2.358s] -- Up-to-date: /home/luz/Escritorio/Robotica/week4/lab3_2_ws/install/matrix_interfaces/share/matrix_interfaces/cmake/matrix_interfaces__rosidl_typesupport_cExport.cmake
[2.358s] -- Up-to-date: /home/luz/Escritorio/Robotica/week4/lab3_2_ws/install/matrix_interfaces/share/matrix_interfaces/cmake/matrix_interfaces__rosidl_typesupport_cExport-noconfig.cmake
[2.358s] -- Up-to-date: /home/luz/Escritorio/Robotica/week4/lab3_2_ws/install/matrix_interfaces/share/matrix_interfaces/cmake/export_matrix_interfaces__rosidl_generator_cppExport.cmake
[2.358s] -- Up-to-date: /home/luz/Escritorio/Robotica/week4/lab3_2_ws/install/matrix_interfaces/share/matrix_interfaces/cmake/export_matrix_interfaces__rosidl_typesupport_fastrtps_cppExport.cmake
[2.359s] -- Up-to-date: /home/luz/Escritorio/Robotica/week4/lab3_2_ws/install/matrix_interfaces/share/matrix_interfaces/cmake/export_matrix_interfaces__rosidl_typesupport_fastrtps_cppExport-noconfig.cmake
[2.359s] -- Up-to-date: /home/luz/Escritorio/Robotica/week4/lab3_2_ws/install/matrix_interfaces/share/matrix_interfaces/cmake/matrix_interfaces__rosidl_typesupport_introspection_cppExport.cmake
[2.359s] -- Up-to-date: /home/luz/Escritorio/Robotica/week4/lab3_2_ws/install/matrix_interfaces/share/matrix_interfaces/cmake/matrix_interfaces__rosidl_typesupport_introspection_cppExport-noconfig.cmake
[2.359s] -- Up-to-date: /home/luz/Escritorio/Robotica/week4/lab3_2_ws/install/matrix_interfaces/share/matrix_interfaces/cmake/matrix_interfaces__rosidl_typesupport_cppExport.cmake
[2.359s] -- Up-to-date: /home/luz/Escritorio/Robotica/week4/lab3_2_ws/install/matrix_interfaces/share/matrix_interfaces/cmake/matrix_interfaces__rosidl_typesupport_cppExport-noconfig.cmake
[2.359s] -- Up-to-date: /home/luz/Escritorio/Robotica/week4/lab3_2_ws/install/matrix_interfaces/share/matrix_interfaces/cmake/export_matrix_interfaces__rosidl_generator_pyExport.cmake
[2.359s] -- Up-to-date: /home/luz/Escritorio/Robotica/week4/lab3_2_ws/install/matrix_interfaces/share/matrix_interfaces/cmake/export_matrix_interfaces__rosidl_generator_pyExport-noconfig.cmake
[2.359s] -- Up-to-date: /home/luz/Escritorio/Robotica/week4/lab3_2_ws/install/matrix_interfaces/share/matrix_interfaces/cmake/rosidl_cmake-extras.cmake
[2.359s] -- Up-to-date: /home/luz/Escritorio/Robotica/week4/lab3_2_ws/install/matrix_interfaces/share/matrix_interfaces/cmake/ament_cmake_export_include_directories-extras.cmake
[2.359s] -- Up-to-date: /home/luz/Escritorio/Robotica/week4/lab3_2_ws/install/matrix_interfaces/share/matrix_interfaces/cmake/ament_cmake_export_libraries-extras.cmake
[2.359s] -- Up-to-date: /home/luz/Escritorio/Robotica/week4/lab3_2_ws/install/matrix_interfaces/share/matrix_interfaces/cmake/ament_cmake_export_targets-extras.cmake
[2.360s] -- Up-to-date: /home/luz/Escritorio/Robotica/week4/lab3_2_ws/install/matrix_interfaces/share/matrix_interfaces/cmake/rosidl_cmake_export_typesupport_targets-extras.cmake
[2.360s] -- Up-to-date: /home/luz/Escritorio/Robotica/week4/lab3_2_ws/install/matrix_interfaces/share/matrix_interfaces/cmake/ament_cmake_export_dependencies-extras.cmake
[2.360s] -- Up-to-date: /home/luz/Escritorio/Robotica/week4/lab3_2_ws/install/matrix_interfaces/share/matrix_interfaces/cmake/rosidl_cmake_export_typesupport_libraries-extras.cmake
[2.360s] -- Up-to-date: /home/luz/Escritorio/Robotica/week4/lab3_2_ws/install/matrix_interfaces/share/matrix_interfaces/cmake/matrix_interfacesConfig.cmake
[2.360s] -- Up-to-date: /home/luz/Escritorio/Robotica/week4/lab3_2_ws/install/matrix_interfaces/share/matrix_interfaces/cmake/matrix_interfacesConfig-version.cmake
[2.360s] -- Up-to-date: /home/luz/Escritorio/Robotica/week4/lab3_2_ws/install/matrix_interfaces/share/matrix_interfaces/package.xml
[2.362s] Invoked command in '/home/luz/Escritorio/Robotica/week4/lab3_2_ws/build/matrix_interfaces' returned '0': CMAKE_PREFIX_PATH=${CMAKE_PREFIX_PATH}:/home/luz/Escritorio/Robotica/week4/lab3_2_ws/install/pata_perro_pkg:/opt/ros/humble /usr/bin/cmake --install /home/luz/Escritorio/Robotica/week4/lab3_2_ws/build/matrix_interfaces
