[0.008s] Invoking command in '/home/luz/Escritorio/Robotica/week4/lab3_2_ws/build/matrix_interfaces': CMAKE_PREFIX_PATH=${CMAKE_PREFIX_PATH}:/opt/ros/humble /usr/bin/cmake --build /home/luz/Escritorio/Robotica/week4/lab3_2_ws/build/matrix_interfaces -- -j12 -l12
[0.026s] -- Found rosidl_default_generators: 1.2.0 (/opt/ros/humble/share/rosidl_default_generators/cmake)
[0.026s] -- Found ament_cmake_core: 1.3.12 (/opt/ros/humble/share/ament_cmake_core/cmake)
[0.116s] -- Using all available rosidl_typesupport_c: rosidl_typesupport_fastrtps_c;rosidl_typesupport_introspection_c
[0.118s] -- Found rosidl_adapter: 3.1.7 (/opt/ros/humble/share/rosidl_adapter/cmake)
[0.141s] -- Using all available rosidl_typesupport_cpp: rosidl_typesupport_fastrtps_cpp;rosidl_typesupport_introspection_cpp
[0.343s] -- Found ament_cmake_ros: 0.10.0 (/opt/ros/humble/share/ament_cmake_ros/cmake)
[0.495s] -- Using all available rosidl_typesupport_c: rosidl_typesupport_fastrtps_c;rosidl_typesupport_introspection_c
[0.717s] -- Using all available rosidl_typesupport_cpp: rosidl_typesupport_fastrtps_cpp;rosidl_typesupport_introspection_cpp
[0.754s] -- Found python_cmake_module: 0.10.0 (/opt/ros/humble/share/python_cmake_module/cmake)
[0.777s] -- Using PYTHON_EXECUTABLE: /usr/bin/python3
[0.777s] -- Using PYTHON_INCLUDE_DIRS: /usr/include/python3.10
[0.777s] -- Using PYTHON_LIBRARIES: /usr/lib/x86_64-linux-gnu/libpython3.10.so
[0.784s] -- Found ament_lint_auto: 0.12.14 (/opt/ros/humble/share/ament_lint_auto/cmake)
[0.790s] -- Added test 'lint_cmake' to check CMake code style
[0.791s] -- Added test 'xmllint' to check XML markup files
[0.792s] -- Configuring done
[0.809s] -- Generating done
[0.815s] -- Build files have been written to: /home/luz/Escritorio/Robotica/week4/lab3_2_ws/build/matrix_interfaces
[0.836s] [  3%] [34m[1mGenerating C code for ROS interfaces[0m
[0.848s] [  3%] Built target ament_cmake_python_copy_matrix_interfaces
[0.848s] [  6%] [34m[1mGenerating C++ code for ROS interfaces[0m
[1.000s] running egg_info
[1.002s] writing matrix_interfaces.egg-info/PKG-INFO
[1.002s] writing dependency_links to matrix_interfaces.egg-info/dependency_links.txt
[1.003s] writing top-level names to matrix_interfaces.egg-info/top_level.txt
[1.003s] reading manifest file 'matrix_interfaces.egg-info/SOURCES.txt'
[1.004s] writing manifest file 'matrix_interfaces.egg-info/SOURCES.txt'
[1.013s] [35m[1mConsolidate compiler generated dependencies of target matrix_interfaces__rosidl_generator_c[0m
[1.020s] [  9%] [32mBuilding C object CMakeFiles/matrix_interfaces__rosidl_generator_c.dir/rosidl_generator_c/matrix_interfaces/srv/detail/rotxyz__functions.c.o[0m
[1.030s] [  9%] Built target matrix_interfaces__cpp
[1.030s] [  9%] Built target ament_cmake_python_build_matrix_interfaces_egg
[1.037s] [ 12%] [34m[1mGenerating C++ type support for eProsima Fast-RTPS[0m
[1.037s] [ 16%] [34m[1mGenerating C++ type support dispatch for ROS interfaces[0m
[1.040s] [ 19%] [34m[1mGenerating C++ introspection for ROS interfaces[0m
[1.066s] [ 22%] [32m[1mLinking C shared library libmatrix_interfaces__rosidl_generator_c.so[0m
[1.093s] [ 22%] Built target matrix_interfaces__rosidl_generator_c
[1.099s] [ 25%] [34m[1mGenerating C introspection for ROS interfaces[0m
[1.101s] [ 29%] [34m[1mGenerating C type support for eProsima Fast-RTPS[0m
[1.103s] [ 32%] [34m[1mGenerating C type support dispatch for ROS interfaces[0m
[1.219s] [35m[1mConsolidate compiler generated dependencies of target matrix_interfaces__rosidl_typesupport_introspection_cpp[0m
[1.219s] [35m[1mConsolidate compiler generated dependencies of target matrix_interfaces__rosidl_typesupport_fastrtps_cpp[0m
[1.233s] [ 35%] [32mBuilding CXX object CMakeFiles/matrix_interfaces__rosidl_typesupport_fastrtps_cpp.dir/rosidl_typesupport_fastrtps_cpp/matrix_interfaces/srv/detail/dds_fastrtps/rotxyz__type_support.cpp.o[0m
[1.234s] [ 38%] [32mBuilding CXX object CMakeFiles/matrix_interfaces__rosidl_typesupport_introspection_cpp.dir/rosidl_typesupport_introspection_cpp/matrix_interfaces/srv/detail/rotxyz__type_support.cpp.o[0m
[1.315s] [35m[1mConsolidate compiler generated dependencies of target matrix_interfaces__rosidl_typesupport_introspection_c[0m
[1.321s] [35m[1mConsolidate compiler generated dependencies of target matrix_interfaces__rosidl_typesupport_cpp[0m
[1.325s] [35m[1mConsolidate compiler generated dependencies of target matrix_interfaces__rosidl_typesupport_c[0m
[1.326s] [ 41%] [32mBuilding C object CMakeFiles/matrix_interfaces__rosidl_typesupport_introspection_c.dir/rosidl_typesupport_introspection_c/matrix_interfaces/srv/detail/rotxyz__type_support.c.o[0m
[1.333s] [ 45%] [32mBuilding CXX object CMakeFiles/matrix_interfaces__rosidl_typesupport_cpp.dir/rosidl_typesupport_cpp/matrix_interfaces/srv/rotxyz__type_support.cpp.o[0m
[1.335s] [ 48%] [32mBuilding CXX object CMakeFiles/matrix_interfaces__rosidl_typesupport_c.dir/rosidl_typesupport_c/matrix_interfaces/srv/rotxyz__type_support.cpp.o[0m
[1.365s] [ 51%] [32m[1mLinking C shared library libmatrix_interfaces__rosidl_typesupport_introspection_c.so[0m
[1.369s] [ 54%] [32m[1mLinking CXX shared library libmatrix_interfaces__rosidl_typesupport_c.so[0m
[1.393s] [ 54%] Built target matrix_interfaces__rosidl_typesupport_introspection_c
[1.399s] [35m[1mConsolidate compiler generated dependencies of target matrix_interfaces__rosidl_typesupport_fastrtps_c[0m
[1.405s] [ 54%] Built target matrix_interfaces__rosidl_typesupport_c
[1.408s] [ 58%] [32mBuilding CXX object CMakeFiles/matrix_interfaces__rosidl_typesupport_fastrtps_c.dir/rosidl_typesupport_fastrtps_c/matrix_interfaces/srv/detail/rotxyz__type_support_c.cpp.o[0m
[1.519s] [ 61%] [32m[1mLinking CXX shared library libmatrix_interfaces__rosidl_typesupport_cpp.so[0m
[1.568s] [ 61%] Built target matrix_interfaces__rosidl_typesupport_cpp
[1.605s] [ 64%] [32m[1mLinking CXX shared library libmatrix_interfaces__rosidl_typesupport_fastrtps_cpp.so[0m
[1.668s] [ 67%] [32m[1mLinking CXX shared library libmatrix_interfaces__rosidl_typesupport_introspection_cpp.so[0m
[1.670s] [ 67%] Built target matrix_interfaces__rosidl_typesupport_fastrtps_cpp
[1.678s] [ 70%] [32m[1mLinking CXX shared library libmatrix_interfaces__rosidl_typesupport_fastrtps_c.so[0m
[1.732s] [ 70%] Built target matrix_interfaces__rosidl_typesupport_introspection_cpp
[1.741s] [ 70%] Built target matrix_interfaces__rosidl_typesupport_fastrtps_c
[1.759s] [ 70%] Built target matrix_interfaces
[1.780s] [ 74%] [34m[1mGenerating Python code for ROS interfaces[0m
[2.021s] [ 74%] Built target matrix_interfaces__py
[2.032s] [35m[1mConsolidate compiler generated dependencies of target matrix_interfaces__rosidl_generator_py[0m
[2.046s] [ 77%] [32mBuilding C object CMakeFiles/matrix_interfaces__rosidl_generator_py.dir/rosidl_generator_py/matrix_interfaces/srv/_rotxyz_s.c.o[0m
[2.122s] [ 80%] [32m[1mLinking C shared library rosidl_generator_py/matrix_interfaces/libmatrix_interfaces__rosidl_generator_py.so[0m
[2.150s] [ 80%] Built target matrix_interfaces__rosidl_generator_py
[2.157s] [35m[1mConsolidate compiler generated dependencies of target matrix_interfaces__rosidl_typesupport_c__pyext[0m
[2.161s] [35m[1mConsolidate compiler generated dependencies of target matrix_interfaces__rosidl_typesupport_introspection_c__pyext[0m
[2.161s] [35m[1mConsolidate compiler generated dependencies of target matrix_interfaces__rosidl_typesupport_fastrtps_c__pyext[0m
[2.167s] [ 83%] [32mBuilding C object CMakeFiles/matrix_interfaces__rosidl_typesupport_c__pyext.dir/rosidl_generator_py/matrix_interfaces/_matrix_interfaces_s.ep.rosidl_typesupport_c.c.o[0m
[2.177s] [ 90%] [32mBuilding C object CMakeFiles/matrix_interfaces__rosidl_typesupport_introspection_c__pyext.dir/rosidl_generator_py/matrix_interfaces/_matrix_interfaces_s.ep.rosidl_typesupport_introspection_c.c.o[0m
[2.177s] [ 90%] [32mBuilding C object CMakeFiles/matrix_interfaces__rosidl_typesupport_fastrtps_c__pyext.dir/rosidl_generator_py/matrix_interfaces/_matrix_interfaces_s.ep.rosidl_typesupport_fastrtps_c.c.o[0m
[2.227s] [ 93%] [32m[1mLinking C shared library rosidl_generator_py/matrix_interfaces/matrix_interfaces_s__rosidl_typesupport_c.cpython-310-x86_64-linux-gnu.so[0m
[2.249s] [ 93%] Built target matrix_interfaces__rosidl_typesupport_c__pyext
[2.273s] [ 96%] [32m[1mLinking C shared library rosidl_generator_py/matrix_interfaces/matrix_interfaces_s__rosidl_typesupport_introspection_c.cpython-310-x86_64-linux-gnu.so[0m
[2.286s] [100%] [32m[1mLinking C shared library rosidl_generator_py/matrix_interfaces/matrix_interfaces_s__rosidl_typesupport_fastrtps_c.cpython-310-x86_64-linux-gnu.so[0m
[2.307s] [100%] Built target matrix_interfaces__rosidl_typesupport_introspection_c__pyext
[2.315s] [100%] Built target matrix_interfaces__rosidl_typesupport_fastrtps_c__pyext
[2.327s] Invoked command in '/home/luz/Escritorio/Robotica/week4/lab3_2_ws/build/matrix_interfaces' returned '0': CMAKE_PREFIX_PATH=${CMAKE_PREFIX_PATH}:/opt/ros/humble /usr/bin/cmake --build /home/luz/Escritorio/Robotica/week4/lab3_2_ws/build/matrix_interfaces -- -j12 -l12
[2.337s] Invoking command in '/home/luz/Escritorio/Robotica/week4/lab3_2_ws/build/matrix_interfaces': CMAKE_PREFIX_PATH=${CMAKE_PREFIX_PATH}:/opt/ros/humble /usr/bin/cmake --install /home/luz/Escritorio/Robotica/week4/lab3_2_ws/build/matrix_interfaces
[2.343s] -- Install configuration: ""
[2.343s] -- Up-to-date: /home/luz/Escritorio/Robotica/week4/lab3_2_ws/install/matrix_interfaces/share/ament_index/resource_index/rosidl_interfaces/matrix_interfaces
[2.343s] -- Up-to-date: /home/luz/Escritorio/Robotica/week4/lab3_2_ws/install/matrix_interfaces/include/matrix_interfaces/matrix_interfaces
[2.343s] -- Up-to-date: /home/luz/Escritorio/Robotica/week4/lab3_2_ws/install/matrix_interfaces/include/matrix_interfaces/matrix_interfaces/srv
[2.343s] -- Installing: /home/luz/Escritorio/Robotica/week4/lab3_2_ws/install/matrix_interfaces/include/matrix_interfaces/matrix_interfaces/srv/rotxyz.h
[2.344s] -- Up-to-date: /home/luz/Escritorio/Robotica/week4/lab3_2_ws/install/matrix_interfaces/include/matrix_interfaces/matrix_interfaces/srv/detail
[2.344s] -- Installing: /home/luz/Escritorio/Robotica/week4/lab3_2_ws/install/matrix_interfaces/include/matrix_interfaces/matrix_interfaces/srv/detail/rotxyz__functions.c
[2.344s] -- Installing: /home/luz/Escritorio/Robotica/week4/lab3_2_ws/install/matrix_interfaces/include/matrix_interfaces/matrix_interfaces/srv/detail/rotxyz__type_support.h
[2.344s] -- Installing: /home/luz/Escritorio/Robotica/week4/lab3_2_ws/install/matrix_interfaces/include/matrix_interfaces/matrix_interfaces/srv/detail/rotxyz__functions.h
[2.344s] -- Installing: /home/luz/Escritorio/Robotica/week4/lab3_2_ws/install/matrix_interfaces/include/matrix_interfaces/matrix_interfaces/srv/detail/rotxyz__struct.h
[2.344s] -- Up-to-date: /home/luz/Escritorio/Robotica/week4/lab3_2_ws/install/matrix_interfaces/include/matrix_interfaces/matrix_interfaces/msg
[2.344s] -- Up-to-date: /home/luz/Escritorio/Robotica/week4/lab3_2_ws/install/matrix_interfaces/include/matrix_interfaces/matrix_interfaces/msg/rosidl_generator_c__visibility_control.h
[2.344s] -- Up-to-date: /home/luz/Escritorio/Robotica/week4/lab3_2_ws/install/matrix_interfaces/share/matrix_interfaces/environment/library_path.sh
[2.344s] -- Installing: /home/luz/Escritorio/Robotica/week4/lab3_2_ws/install/matrix_interfaces/share/matrix_interfaces/environment/library_path.dsv
[2.344s] -- Installing: /home/luz/Escritorio/Robotica/week4/lab3_2_ws/install/matrix_interfaces/lib/libmatrix_interfaces__rosidl_generator_c.so
[2.344s] -- Set runtime path of "/home/luz/Escritorio/Robotica/week4/lab3_2_ws/install/matrix_interfaces/lib/libmatrix_interfaces__rosidl_generator_c.so" to ""
[2.345s] -- Up-to-date: /home/luz/Escritorio/Robotica/week4/lab3_2_ws/install/matrix_interfaces/include/matrix_interfaces/matrix_interfaces
[2.345s] -- Up-to-date: /home/luz/Escritorio/Robotica/week4/lab3_2_ws/install/matrix_interfaces/include/matrix_interfaces/matrix_interfaces/srv
[2.345s] -- Up-to-date: /home/luz/Escritorio/Robotica/week4/lab3_2_ws/install/matrix_interfaces/include/matrix_interfaces/matrix_interfaces/srv/detail
[2.345s] -- Installing: /home/luz/Escritorio/Robotica/week4/lab3_2_ws/install/matrix_interfaces/include/matrix_interfaces/matrix_interfaces/srv/detail/rotxyz__rosidl_typesupport_fastrtps_c.h
[2.345s] -- Up-to-date: /home/luz/Escritorio/Robotica/week4/lab3_2_ws/install/matrix_interfaces/include/matrix_interfaces/matrix_interfaces/msg
[2.345s] -- Up-to-date: /home/luz/Escritorio/Robotica/week4/lab3_2_ws/install/matrix_interfaces/include/matrix_interfaces/matrix_interfaces/msg/rosidl_typesupport_fastrtps_c__visibility_control.h
[2.345s] -- Installing: /home/luz/Escritorio/Robotica/week4/lab3_2_ws/install/matrix_interfaces/lib/libmatrix_interfaces__rosidl_typesupport_fastrtps_c.so
[2.345s] -- Set runtime path of "/home/luz/Escritorio/Robotica/week4/lab3_2_ws/install/matrix_interfaces/lib/libmatrix_interfaces__rosidl_typesupport_fastrtps_c.so" to ""
[2.345s] -- Up-to-date: /home/luz/Escritorio/Robotica/week4/lab3_2_ws/install/matrix_interfaces/include/matrix_interfaces/matrix_interfaces
[2.345s] -- Up-to-date: /home/luz/Escritorio/Robotica/week4/lab3_2_ws/install/matrix_interfaces/include/matrix_interfaces/matrix_interfaces/srv
[2.346s] -- Up-to-date: /home/luz/Escritorio/Robotica/week4/lab3_2_ws/install/matrix_interfaces/include/matrix_interfaces/matrix_interfaces/srv/detail
[2.346s] -- Installing: /home/luz/Escritorio/Robotica/week4/lab3_2_ws/install/matrix_interfaces/include/matrix_interfaces/matrix_interfaces/srv/detail/rotxyz__type_support.c
[2.346s] -- Installing: /home/luz/Escritorio/Robotica/week4/lab3_2_ws/install/matrix_interfaces/include/matrix_interfaces/matrix_interfaces/srv/detail/rotxyz__rosidl_typesupport_introspection_c.h
[2.346s] -- Up-to-date: /home/luz/Escritorio/Robotica/week4/lab3_2_ws/install/matrix_interfaces/include/matrix_interfaces/matrix_interfaces/msg
[2.346s] -- Up-to-date: /home/luz/Escritorio/Robotica/week4/lab3_2_ws/install/matrix_interfaces/include/matrix_interfaces/matrix_interfaces/msg/rosidl_typesupport_introspection_c__visibility_control.h
[2.346s] -- Installing: /home/luz/Escritorio/Robotica/week4/lab3_2_ws/install/matrix_interfaces/lib/libmatrix_interfaces__rosidl_typesupport_introspection_c.so
[2.346s] -- Set runtime path of "/home/luz/Escritorio/Robotica/week4/lab3_2_ws/install/matrix_interfaces/lib/libmatrix_interfaces__rosidl_typesupport_introspection_c.so" to ""
[2.346s] -- Installing: /home/luz/Escritorio/Robotica/week4/lab3_2_ws/install/matrix_interfaces/lib/libmatrix_interfaces__rosidl_typesupport_c.so
[2.346s] -- Set runtime path of "/home/luz/Escritorio/Robotica/week4/lab3_2_ws/install/matrix_interfaces/lib/libmatrix_interfaces__rosidl_typesupport_c.so" to ""
[2.346s] -- Up-to-date: /home/luz/Escritorio/Robotica/week4/lab3_2_ws/install/matrix_interfaces/include/matrix_interfaces/matrix_interfaces
[2.347s] -- Up-to-date: /home/luz/Escritorio/Robotica/week4/lab3_2_ws/install/matrix_interfaces/include/matrix_interfaces/matrix_interfaces/srv
[2.347s] -- Installing: /home/luz/Escritorio/Robotica/week4/lab3_2_ws/install/matrix_interfaces/include/matrix_interfaces/matrix_interfaces/srv/rotxyz.hpp
[2.347s] -- Up-to-date: /home/luz/Escritorio/Robotica/week4/lab3_2_ws/install/matrix_interfaces/include/matrix_interfaces/matrix_interfaces/srv/detail
[2.347s] -- Installing: /home/luz/Escritorio/Robotica/week4/lab3_2_ws/install/matrix_interfaces/include/matrix_interfaces/matrix_interfaces/srv/detail/rotxyz__type_support.hpp
[2.347s] -- Installing: /home/luz/Escritorio/Robotica/week4/lab3_2_ws/install/matrix_interfaces/include/matrix_interfaces/matrix_interfaces/srv/detail/rotxyz__traits.hpp
[2.347s] -- Installing: /home/luz/Escritorio/Robotica/week4/lab3_2_ws/install/matrix_interfaces/include/matrix_interfaces/matrix_interfaces/srv/detail/rotxyz__struct.hpp
[2.347s] -- Installing: /home/luz/Escritorio/Robotica/week4/lab3_2_ws/install/matrix_interfaces/include/matrix_interfaces/matrix_interfaces/srv/detail/rotxyz__builder.hpp
[2.347s] -- Up-to-date: /home/luz/Escritorio/Robotica/week4/lab3_2_ws/install/matrix_interfaces/include/matrix_interfaces/matrix_interfaces/msg
[2.347s] -- Up-to-date: /home/luz/Escritorio/Robotica/week4/lab3_2_ws/install/matrix_interfaces/include/matrix_interfaces/matrix_interfaces/msg/rosidl_generator_cpp__visibility_control.hpp
[2.347s] -- Up-to-date: /home/luz/Escritorio/Robotica/week4/lab3_2_ws/install/matrix_interfaces/include/matrix_interfaces/matrix_interfaces
[2.347s] -- Up-to-date: /home/luz/Escritorio/Robotica/week4/lab3_2_ws/install/matrix_interfaces/include/matrix_interfaces/matrix_interfaces/srv
[2.348s] -- Up-to-date: /home/luz/Escritorio/Robotica/week4/lab3_2_ws/install/matrix_interfaces/include/matrix_interfaces/matrix_interfaces/srv/detail
[2.348s] -- Up-to-date: /home/luz/Escritorio/Robotica/week4/lab3_2_ws/install/matrix_interfaces/include/matrix_interfaces/matrix_interfaces/srv/detail/dds_fastrtps
[2.348s] -- Installing: /home/luz/Escritorio/Robotica/week4/lab3_2_ws/install/matrix_interfaces/include/matrix_interfaces/matrix_interfaces/srv/detail/rotxyz__rosidl_typesupport_fastrtps_cpp.hpp
[2.348s] -- Up-to-date: /home/luz/Escritorio/Robotica/week4/lab3_2_ws/install/matrix_interfaces/include/matrix_interfaces/matrix_interfaces/msg
[2.348s] -- Up-to-date: /home/luz/Escritorio/Robotica/week4/lab3_2_ws/install/matrix_interfaces/include/matrix_interfaces/matrix_interfaces/msg/rosidl_typesupport_fastrtps_cpp__visibility_control.h
[2.348s] -- Installing: /home/luz/Escritorio/Robotica/week4/lab3_2_ws/install/matrix_interfaces/lib/libmatrix_interfaces__rosidl_typesupport_fastrtps_cpp.so
[2.348s] -- Set runtime path of "/home/luz/Escritorio/Robotica/week4/lab3_2_ws/install/matrix_interfaces/lib/libmatrix_interfaces__rosidl_typesupport_fastrtps_cpp.so" to ""
[2.348s] -- Up-to-date: /home/luz/Escritorio/Robotica/week4/lab3_2_ws/install/matrix_interfaces/include/matrix_interfaces/matrix_interfaces
[2.348s] -- Up-to-date: /home/luz/Escritorio/Robotica/week4/lab3_2_ws/install/matrix_interfaces/include/matrix_interfaces/matrix_interfaces/srv
[2.348s] -- Up-to-date: /home/luz/Escritorio/Robotica/week4/lab3_2_ws/install/matrix_interfaces/include/matrix_interfaces/matrix_interfaces/srv/detail
[2.348s] -- Installing: /home/luz/Escritorio/Robotica/week4/lab3_2_ws/install/matrix_interfaces/include/matrix_interfaces/matrix_interfaces/srv/detail/rotxyz__rosidl_typesupport_introspection_cpp.hpp
[2.349s] -- Installing: /home/luz/Escritorio/Robotica/week4/lab3_2_ws/install/matrix_interfaces/include/matrix_interfaces/matrix_interfaces/srv/detail/rotxyz__type_support.cpp
[2.349s] -- Installing: /home/luz/Escritorio/Robotica/week4/lab3_2_ws/install/matrix_interfaces/lib/libmatrix_interfaces__rosidl_typesupport_introspection_cpp.so
[2.349s] -- Set runtime path of "/home/luz/Escritorio/Robotica/week4/lab3_2_ws/install/matrix_interfaces/lib/libmatrix_interfaces__rosidl_typesupport_introspection_cpp.so" to ""
[2.349s] -- Installing: /home/luz/Escritorio/Robotica/week4/lab3_2_ws/install/matrix_interfaces/lib/libmatrix_interfaces__rosidl_typesupport_cpp.so
[2.349s] -- Set runtime path of "/home/luz/Escritorio/Robotica/week4/lab3_2_ws/install/matrix_interfaces/lib/libmatrix_interfaces__rosidl_typesupport_cpp.so" to ""
[2.349s] -- Up-to-date: /home/luz/Escritorio/Robotica/week4/lab3_2_ws/install/matrix_interfaces/share/matrix_interfaces/environment/pythonpath.sh
[2.349s] -- Installing: /home/luz/Escritorio/Robotica/week4/lab3_2_ws/install/matrix_interfaces/share/matrix_interfaces/environment/pythonpath.dsv
[2.349s] -- Up-to-date: /home/luz/Escritorio/Robotica/week4/lab3_2_ws/install/matrix_interfaces/local/lib/python3.10/dist-packages/matrix_interfaces-0.0.0-py3.10.egg-info
[2.349s] -- Installing: /home/luz/Escritorio/Robotica/week4/lab3_2_ws/install/matrix_interfaces/local/lib/python3.10/dist-packages/matrix_interfaces-0.0.0-py3.10.egg-info/PKG-INFO
[2.349s] -- Installing: /home/luz/Escritorio/Robotica/week4/lab3_2_ws/install/matrix_interfaces/local/lib/python3.10/dist-packages/matrix_interfaces-0.0.0-py3.10.egg-info/top_level.txt
[2.350s] -- Installing: /home/luz/Escritorio/Robotica/week4/lab3_2_ws/install/matrix_interfaces/local/lib/python3.10/dist-packages/matrix_interfaces-0.0.0-py3.10.egg-info/SOURCES.txt
[2.350s] -- Installing: /home/luz/Escritorio/Robotica/week4/lab3_2_ws/install/matrix_interfaces/local/lib/python3.10/dist-packages/matrix_interfaces-0.0.0-py3.10.egg-info/dependency_links.txt
[2.350s] -- Up-to-date: /home/luz/Escritorio/Robotica/week4/lab3_2_ws/install/matrix_interfaces/local/lib/python3.10/dist-packages/matrix_interfaces
[2.350s] -- Installing: /home/luz/Escritorio/Robotica/week4/lab3_2_ws/install/matrix_interfaces/local/lib/python3.10/dist-packages/matrix_interfaces/_matrix_interfaces_s.ep.rosidl_typesupport_fastrtps_c.c
[2.350s] -- Up-to-date: /home/luz/Escritorio/Robotica/week4/lab3_2_ws/install/matrix_interfaces/local/lib/python3.10/dist-packages/matrix_interfaces/srv
[2.350s] -- Installing: /home/luz/Escritorio/Robotica/week4/lab3_2_ws/install/matrix_interfaces/local/lib/python3.10/dist-packages/matrix_interfaces/srv/_rotxyz.py
[2.350s] -- Installing: /home/luz/Escritorio/Robotica/week4/lab3_2_ws/install/matrix_interfaces/local/lib/python3.10/dist-packages/matrix_interfaces/srv/__init__.py
[2.350s] -- Installing: /home/luz/Escritorio/Robotica/week4/lab3_2_ws/install/matrix_interfaces/local/lib/python3.10/dist-packages/matrix_interfaces/srv/_rotxyz_s.c
[2.350s] -- Installing: /home/luz/Escritorio/Robotica/week4/lab3_2_ws/install/matrix_interfaces/local/lib/python3.10/dist-packages/matrix_interfaces/matrix_interfaces_s__rosidl_typesupport_introspection_c.cpython-310-x86_64-linux-gnu.so
[2.350s] -- Installing: /home/luz/Escritorio/Robotica/week4/lab3_2_ws/install/matrix_interfaces/local/lib/python3.10/dist-packages/matrix_interfaces/libmatrix_interfaces__rosidl_generator_py.so
[2.350s] -- Installing: /home/luz/Escritorio/Robotica/week4/lab3_2_ws/install/matrix_interfaces/local/lib/python3.10/dist-packages/matrix_interfaces/matrix_interfaces_s__rosidl_typesupport_c.cpython-310-x86_64-linux-gnu.so
[2.350s] -- Installing: /home/luz/Escritorio/Robotica/week4/lab3_2_ws/install/matrix_interfaces/local/lib/python3.10/dist-packages/matrix_interfaces/matrix_interfaces_s__rosidl_typesupport_fastrtps_c.cpython-310-x86_64-linux-gnu.so
[2.351s] -- Installing: /home/luz/Escritorio/Robotica/week4/lab3_2_ws/install/matrix_interfaces/local/lib/python3.10/dist-packages/matrix_interfaces/_matrix_interfaces_s.ep.rosidl_typesupport_introspection_c.c
[2.351s] -- Installing: /home/luz/Escritorio/Robotica/week4/lab3_2_ws/install/matrix_interfaces/local/lib/python3.10/dist-packages/matrix_interfaces/__init__.py
[2.351s] -- Installing: /home/luz/Escritorio/Robotica/week4/lab3_2_ws/install/matrix_interfaces/local/lib/python3.10/dist-packages/matrix_interfaces/_matrix_interfaces_s.ep.rosidl_typesupport_c.c
[2.390s] Listing '/home/luz/Escritorio/Robotica/week4/lab3_2_ws/install/matrix_interfaces/local/lib/python3.10/dist-packages/matrix_interfaces'...
[2.391s] Compiling '/home/luz/Escritorio/Robotica/week4/lab3_2_ws/install/matrix_interfaces/local/lib/python3.10/dist-packages/matrix_interfaces/__init__.py'...
[2.391s] Listing '/home/luz/Escritorio/Robotica/week4/lab3_2_ws/install/matrix_interfaces/local/lib/python3.10/dist-packages/matrix_interfaces/srv'...
[2.391s] Compiling '/home/luz/Escritorio/Robotica/week4/lab3_2_ws/install/matrix_interfaces/local/lib/python3.10/dist-packages/matrix_interfaces/srv/__init__.py'...
[2.391s] Compiling '/home/luz/Escritorio/Robotica/week4/lab3_2_ws/install/matrix_interfaces/local/lib/python3.10/dist-packages/matrix_interfaces/srv/_rotxyz.py'...
[2.394s] -- Installing: /home/luz/Escritorio/Robotica/week4/lab3_2_ws/install/matrix_interfaces/local/lib/python3.10/dist-packages/matrix_interfaces/matrix_interfaces_s__rosidl_typesupport_fastrtps_c.cpython-310-x86_64-linux-gnu.so
[2.394s] -- Set runtime path of "/home/luz/Escritorio/Robotica/week4/lab3_2_ws/install/matrix_interfaces/local/lib/python3.10/dist-packages/matrix_interfaces/matrix_interfaces_s__rosidl_typesupport_fastrtps_c.cpython-310-x86_64-linux-gnu.so" to ""
[2.394s] -- Installing: /home/luz/Escritorio/Robotica/week4/lab3_2_ws/install/matrix_interfaces/local/lib/python3.10/dist-packages/matrix_interfaces/matrix_interfaces_s__rosidl_typesupport_introspection_c.cpython-310-x86_64-linux-gnu.so
[2.394s] -- Set runtime path of "/home/luz/Escritorio/Robotica/week4/lab3_2_ws/install/matrix_interfaces/local/lib/python3.10/dist-packages/matrix_interfaces/matrix_interfaces_s__rosidl_typesupport_introspection_c.cpython-310-x86_64-linux-gnu.so" to ""
[2.395s] -- Installing: /home/luz/Escritorio/Robotica/week4/lab3_2_ws/install/matrix_interfaces/local/lib/python3.10/dist-packages/matrix_interfaces/matrix_interfaces_s__rosidl_typesupport_c.cpython-310-x86_64-linux-gnu.so
[2.395s] -- Set runtime path of "/home/luz/Escritorio/Robotica/week4/lab3_2_ws/install/matrix_interfaces/local/lib/python3.10/dist-packages/matrix_interfaces/matrix_interfaces_s__rosidl_typesupport_c.cpython-310-x86_64-linux-gnu.so" to ""
[2.395s] -- Installing: /home/luz/Escritorio/Robotica/week4/lab3_2_ws/install/matrix_interfaces/lib/libmatrix_interfaces__rosidl_generator_py.so
[2.395s] -- Set runtime path of "/home/luz/Escritorio/Robotica/week4/lab3_2_ws/install/matrix_interfaces/lib/libmatrix_interfaces__rosidl_generator_py.so" to ""
[2.395s] -- Installing: /home/luz/Escritorio/Robotica/week4/lab3_2_ws/install/matrix_interfaces/share/matrix_interfaces/srv/Rotxyz.idl
[2.395s] -- Installing: /home/luz/Escritorio/Robotica/week4/lab3_2_ws/install/matrix_interfaces/share/matrix_interfaces/srv/Rotxyz.srv
[2.395s] -- Installing: /home/luz/Escritorio/Robotica/week4/lab3_2_ws/install/matrix_interfaces/share/matrix_interfaces/srv/Rotxyz_Request.msg
[2.395s] -- Installing: /home/luz/Escritorio/Robotica/week4/lab3_2_ws/install/matrix_interfaces/share/matrix_interfaces/srv/Rotxyz_Response.msg
[2.395s] -- Up-to-date: /home/luz/Escritorio/Robotica/week4/lab3_2_ws/install/matrix_interfaces/share/ament_index/resource_index/package_run_dependencies/matrix_interfaces
[2.396s] -- Installing: /home/luz/Escritorio/Robotica/week4/lab3_2_ws/install/matrix_interfaces/share/ament_index/resource_index/parent_prefix_path/matrix_interfaces
[2.396s] -- Up-to-date: /home/luz/Escritorio/Robotica/week4/lab3_2_ws/install/matrix_interfaces/share/matrix_interfaces/environment/ament_prefix_path.sh
[2.396s] -- Installing: /home/luz/Escritorio/Robotica/week4/lab3_2_ws/install/matrix_interfaces/share/matrix_interfaces/environment/ament_prefix_path.dsv
[2.396s] -- Up-to-date: /home/luz/Escritorio/Robotica/week4/lab3_2_ws/install/matrix_interfaces/share/matrix_interfaces/environment/path.sh
[2.396s] -- Installing: /home/luz/Escritorio/Robotica/week4/lab3_2_ws/install/matrix_interfaces/share/matrix_interfaces/environment/path.dsv
[2.396s] -- Up-to-date: /home/luz/Escritorio/Robotica/week4/lab3_2_ws/install/matrix_interfaces/share/matrix_interfaces/local_setup.bash
[2.396s] -- Up-to-date: /home/luz/Escritorio/Robotica/week4/lab3_2_ws/install/matrix_interfaces/share/matrix_interfaces/local_setup.sh
[2.396s] -- Up-to-date: /home/luz/Escritorio/Robotica/week4/lab3_2_ws/install/matrix_interfaces/share/matrix_interfaces/local_setup.zsh
[2.396s] -- Installing: /home/luz/Escritorio/Robotica/week4/lab3_2_ws/install/matrix_interfaces/share/matrix_interfaces/local_setup.dsv
[2.397s] -- Installing: /home/luz/Escritorio/Robotica/week4/lab3_2_ws/install/matrix_interfaces/share/matrix_interfaces/package.dsv
[2.397s] -- Up-to-date: /home/luz/Escritorio/Robotica/week4/lab3_2_ws/install/matrix_interfaces/share/ament_index/resource_index/packages/matrix_interfaces
[2.397s] -- Up-to-date: /home/luz/Escritorio/Robotica/week4/lab3_2_ws/install/matrix_interfaces/share/matrix_interfaces/cmake/export_matrix_interfaces__rosidl_generator_cExport.cmake
[2.397s] -- Up-to-date: /home/luz/Escritorio/Robotica/week4/lab3_2_ws/install/matrix_interfaces/share/matrix_interfaces/cmake/export_matrix_interfaces__rosidl_generator_cExport-noconfig.cmake
[2.397s] -- Up-to-date: /home/luz/Escritorio/Robotica/week4/lab3_2_ws/install/matrix_interfaces/share/matrix_interfaces/cmake/export_matrix_interfaces__rosidl_typesupport_fastrtps_cExport.cmake
[2.397s] -- Up-to-date: /home/luz/Escritorio/Robotica/week4/lab3_2_ws/install/matrix_interfaces/share/matrix_interfaces/cmake/export_matrix_interfaces__rosidl_typesupport_fastrtps_cExport-noconfig.cmake
[2.397s] -- Up-to-date: /home/luz/Escritorio/Robotica/week4/lab3_2_ws/install/matrix_interfaces/share/matrix_interfaces/cmake/matrix_interfaces__rosidl_typesupport_introspection_cExport.cmake
[2.397s] -- Up-to-date: /home/luz/Escritorio/Robotica/week4/lab3_2_ws/install/matrix_interfaces/share/matrix_interfaces/cmake/matrix_interfaces__rosidl_typesupport_introspection_cExport-noconfig.cmake
[2.397s] -- Up-to-date: /home/luz/Escritorio/Robotica/week4/lab3_2_ws/install/matrix_interfaces/share/matrix_interfaces/cmake/matrix_interfaces__rosidl_typesupport_cExport.cmake
[2.397s] -- Up-to-date: /home/luz/Escritorio/Robotica/week4/lab3_2_ws/install/matrix_interfaces/share/matrix_interfaces/cmake/matrix_interfaces__rosidl_typesupport_cExport-noconfig.cmake
[2.397s] -- Up-to-date: /home/luz/Escritorio/Robotica/week4/lab3_2_ws/install/matrix_interfaces/share/matrix_interfaces/cmake/export_matrix_interfaces__rosidl_generator_cppExport.cmake
[2.397s] -- Up-to-date: /home/luz/Escritorio/Robotica/week4/lab3_2_ws/install/matrix_interfaces/share/matrix_interfaces/cmake/export_matrix_interfaces__rosidl_typesupport_fastrtps_cppExport.cmake
[2.398s] -- Up-to-date: /home/luz/Escritorio/Robotica/week4/lab3_2_ws/install/matrix_interfaces/share/matrix_interfaces/cmake/export_matrix_interfaces__rosidl_typesupport_fastrtps_cppExport-noconfig.cmake
[2.398s] -- Up-to-date: /home/luz/Escritorio/Robotica/week4/lab3_2_ws/install/matrix_interfaces/share/matrix_interfaces/cmake/matrix_interfaces__rosidl_typesupport_introspection_cppExport.cmake
[2.398s] -- Up-to-date: /home/luz/Escritorio/Robotica/week4/lab3_2_ws/install/matrix_interfaces/share/matrix_interfaces/cmake/matrix_interfaces__rosidl_typesupport_introspection_cppExport-noconfig.cmake
[2.398s] -- Up-to-date: /home/luz/Escritorio/Robotica/week4/lab3_2_ws/install/matrix_interfaces/share/matrix_interfaces/cmake/matrix_interfaces__rosidl_typesupport_cppExport.cmake
[2.398s] -- Up-to-date: /home/luz/Escritorio/Robotica/week4/lab3_2_ws/install/matrix_interfaces/share/matrix_interfaces/cmake/matrix_interfaces__rosidl_typesupport_cppExport-noconfig.cmake
[2.398s] -- Up-to-date: /home/luz/Escritorio/Robotica/week4/lab3_2_ws/install/matrix_interfaces/share/matrix_interfaces/cmake/export_matrix_interfaces__rosidl_generator_pyExport.cmake
[2.398s] -- Up-to-date: /home/luz/Escritorio/Robotica/week4/lab3_2_ws/install/matrix_interfaces/share/matrix_interfaces/cmake/export_matrix_interfaces__rosidl_generator_pyExport-noconfig.cmake
[2.398s] -- Up-to-date: /home/luz/Escritorio/Robotica/week4/lab3_2_ws/install/matrix_interfaces/share/matrix_interfaces/cmake/rosidl_cmake-extras.cmake
[2.399s] -- Up-to-date: /home/luz/Escritorio/Robotica/week4/lab3_2_ws/install/matrix_interfaces/share/matrix_interfaces/cmake/ament_cmake_export_include_directories-extras.cmake
[2.399s] -- Up-to-date: /home/luz/Escritorio/Robotica/week4/lab3_2_ws/install/matrix_interfaces/share/matrix_interfaces/cmake/ament_cmake_export_libraries-extras.cmake
[2.400s] -- Up-to-date: /home/luz/Escritorio/Robotica/week4/lab3_2_ws/install/matrix_interfaces/share/matrix_interfaces/cmake/ament_cmake_export_targets-extras.cmake
[2.400s] -- Up-to-date: /home/luz/Escritorio/Robotica/week4/lab3_2_ws/install/matrix_interfaces/share/matrix_interfaces/cmake/rosidl_cmake_export_typesupport_targets-extras.cmake
[2.400s] -- Up-to-date: /home/luz/Escritorio/Robotica/week4/lab3_2_ws/install/matrix_interfaces/share/matrix_interfaces/cmake/ament_cmake_export_dependencies-extras.cmake
[2.400s] -- Up-to-date: /home/luz/Escritorio/Robotica/week4/lab3_2_ws/install/matrix_interfaces/share/matrix_interfaces/cmake/rosidl_cmake_export_typesupport_libraries-extras.cmake
[2.400s] -- Up-to-date: /home/luz/Escritorio/Robotica/week4/lab3_2_ws/install/matrix_interfaces/share/matrix_interfaces/cmake/matrix_interfacesConfig.cmake
[2.400s] -- Up-to-date: /home/luz/Escritorio/Robotica/week4/lab3_2_ws/install/matrix_interfaces/share/matrix_interfaces/cmake/matrix_interfacesConfig-version.cmake
[2.400s] -- Up-to-date: /home/luz/Escritorio/Robotica/week4/lab3_2_ws/install/matrix_interfaces/share/matrix_interfaces/package.xml
[2.401s] Invoked command in '/home/luz/Escritorio/Robotica/week4/lab3_2_ws/build/matrix_interfaces' returned '0': CMAKE_PREFIX_PATH=${CMAKE_PREFIX_PATH}:/opt/ros/humble /usr/bin/cmake --install /home/luz/Escritorio/Robotica/week4/lab3_2_ws/build/matrix_interfaces
