[0.008s] Invoking command in '/home/luz/Escritorio/Robotica/week3/lab2_ws/build/ucb_interfaces': CMAKE_PREFIX_PATH=/opt/ros/humble /usr/bin/cmake /home/luz/Escritorio/Robotica/week3/lab2_ws/src/ucb_interfaces -DCMAKE_INSTALL_PREFIX=/home/luz/Escritorio/Robotica/week3/lab2_ws/install/ucb_interfaces
[0.220s] -- The C compiler identification is GNU 11.4.0
[0.355s] -- The CXX compiler identification is GNU 11.4.0
[0.366s] -- Detecting C compiler ABI info
[0.470s] -- Detecting C compiler ABI info - done
[0.476s] -- Check for working C compiler: /usr/bin/cc - skipped
[0.477s] -- Detecting C compile features
[0.478s] -- Detecting C compile features - done
[0.481s] -- Detecting CXX compiler ABI info
[0.588s] -- Detecting CXX compiler ABI info - done
[0.593s] -- Check for working CXX compiler: /usr/bin/c++ - skipped
[0.593s] -- Detecting CXX compile features
[0.594s] -- Detecting CXX compile features - done
[0.602s] -- Found ament_cmake: 1.3.12 (/opt/ros/humble/share/ament_cmake/cmake)
[0.751s] -- Found Python3: /usr/bin/python3 (found version "3.10.12") found components: Interpreter 
[0.841s] -- Found ament_lint_auto: 0.12.14 (/opt/ros/humble/share/ament_lint_auto/cmake)
[0.911s] -- Added test 'lint_cmake' to check CMake code style
[0.912s] -- Added test 'xmllint' to check XML markup files
[0.914s] -- Configuring done
[0.915s] -- Generating done
[0.916s] -- Build files have been written to: /home/luz/Escritorio/Robotica/week3/lab2_ws/build/ucb_interfaces
[0.919s] Invoked command in '/home/luz/Escritorio/Robotica/week3/lab2_ws/build/ucb_interfaces' returned '0': CMAKE_PREFIX_PATH=/opt/ros/humble /usr/bin/cmake /home/luz/Escritorio/Robotica/week3/lab2_ws/src/ucb_interfaces -DCMAKE_INSTALL_PREFIX=/home/luz/Escritorio/Robotica/week3/lab2_ws/install/ucb_interfaces
[0.921s] Invoking command in '/home/luz/Escritorio/Robotica/week3/lab2_ws/build/ucb_interfaces': CMAKE_PREFIX_PATH=/opt/ros/humble /usr/bin/cmake --build /home/luz/Escritorio/Robotica/week3/lab2_ws/build/ucb_interfaces -- -j12 -l12
[0.957s] Invoked command in '/home/luz/Escritorio/Robotica/week3/lab2_ws/build/ucb_interfaces' returned '0': CMAKE_PREFIX_PATH=/opt/ros/humble /usr/bin/cmake --build /home/luz/Escritorio/Robotica/week3/lab2_ws/build/ucb_interfaces -- -j12 -l12
[0.968s] Invoking command in '/home/luz/Escritorio/Robotica/week3/lab2_ws/build/ucb_interfaces': CMAKE_PREFIX_PATH=/opt/ros/humble /usr/bin/cmake --install /home/luz/Escritorio/Robotica/week3/lab2_ws/build/ucb_interfaces
[0.977s] -- Install configuration: ""
[0.978s] -- Installing: /home/luz/Escritorio/Robotica/week3/lab2_ws/install/ucb_interfaces/share/ament_index/resource_index/package_run_dependencies/ucb_interfaces
[0.978s] -- Installing: /home/luz/Escritorio/Robotica/week3/lab2_ws/install/ucb_interfaces/share/ament_index/resource_index/parent_prefix_path/ucb_interfaces
[0.978s] -- Installing: /home/luz/Escritorio/Robotica/week3/lab2_ws/install/ucb_interfaces/share/ucb_interfaces/environment/ament_prefix_path.sh
[0.978s] -- Installing: /home/luz/Escritorio/Robotica/week3/lab2_ws/install/ucb_interfaces/share/ucb_interfaces/environment/ament_prefix_path.dsv
[0.978s] -- Installing: /home/luz/Escritorio/Robotica/week3/lab2_ws/install/ucb_interfaces/share/ucb_interfaces/environment/path.sh
[0.978s] -- Installing: /home/luz/Escritorio/Robotica/week3/lab2_ws/install/ucb_interfaces/share/ucb_interfaces/environment/path.dsv
[0.978s] -- Installing: /home/luz/Escritorio/Robotica/week3/lab2_ws/install/ucb_interfaces/share/ucb_interfaces/local_setup.bash
[0.978s] -- Installing: /home/luz/Escritorio/Robotica/week3/lab2_ws/install/ucb_interfaces/share/ucb_interfaces/local_setup.sh
[0.978s] -- Installing: /home/luz/Escritorio/Robotica/week3/lab2_ws/install/ucb_interfaces/share/ucb_interfaces/local_setup.zsh
[0.979s] -- Installing: /home/luz/Escritorio/Robotica/week3/lab2_ws/install/ucb_interfaces/share/ucb_interfaces/local_setup.dsv
[0.979s] -- Installing: /home/luz/Escritorio/Robotica/week3/lab2_ws/install/ucb_interfaces/share/ucb_interfaces/package.dsv
[0.979s] -- Installing: /home/luz/Escritorio/Robotica/week3/lab2_ws/install/ucb_interfaces/share/ament_index/resource_index/packages/ucb_interfaces
[0.979s] -- Installing: /home/luz/Escritorio/Robotica/week3/lab2_ws/install/ucb_interfaces/share/ucb_interfaces/cmake/ucb_interfacesConfig.cmake
[0.979s] -- Installing: /home/luz/Escritorio/Robotica/week3/lab2_ws/install/ucb_interfaces/share/ucb_interfaces/cmake/ucb_interfacesConfig-version.cmake
[0.979s] -- Installing: /home/luz/Escritorio/Robotica/week3/lab2_ws/install/ucb_interfaces/share/ucb_interfaces/package.xml
[0.981s] Invoked command in '/home/luz/Escritorio/Robotica/week3/lab2_ws/build/ucb_interfaces' returned '0': CMAKE_PREFIX_PATH=/opt/ros/humble /usr/bin/cmake --install /home/luz/Escritorio/Robotica/week3/lab2_ws/build/ucb_interfaces
