[0.092s] DEBUG:colcon:Command line arguments: ['/usr/bin/colcon', 'build']
[0.093s] DEBUG:colcon:Parsed command line arguments: Namespace(log_base=None, log_level=None, verb_name='build', build_base='build', install_base='install', merge_install=False, symlink_install=False, test_result_base=None, continue_on_error=False, executor='parallel', parallel_workers=12, event_handlers=None, ignore_user_meta=False, metas=['./colcon.meta'], base_paths=['.'], packages_ignore=None, packages_ignore_regex=None, paths=None, packages_up_to=None, packages_up_to_regex=None, packages_above=None, packages_above_and_dependencies=None, packages_above_depth=None, packages_select_by_dep=None, packages_skip_by_dep=None, packages_skip_up_to=None, packages_select_build_failed=False, packages_skip_build_finished=False, packages_select_test_failures=False, packages_skip_test_passed=False, packages_select=None, packages_skip=None, packages_select_regex=None, packages_skip_regex=None, packages_start=None, packages_end=None, allow_overriding=[], cmake_args=None, cmake_target=None, cmake_target_skip_unavailable=False, cmake_clean_cache=False, cmake_clean_first=False, cmake_force_configure=False, ament_cmake_args=None, catkin_cmake_args=None, catkin_skip_building_tests=False, mixin_files=None, mixin=None, verb_parser=<colcon_mixin.mixin.mixin_argument.MixinArgumentDecorator object at 0x7764d604dcc0>, verb_extension=<colcon_core.verb.build.BuildVerb object at 0x7764d604d810>, main=<bound method BuildVerb.main of <colcon_core.verb.build.BuildVerb object at 0x7764d604d810>>, mixin_verb=('build',))
[0.196s] Level 1:colcon.colcon_core.package_discovery:discover_packages(colcon_meta) check parameters
[0.196s] Level 1:colcon.colcon_core.package_discovery:discover_packages(recursive) check parameters
[0.197s] Level 1:colcon.colcon_core.package_discovery:discover_packages(ignore) check parameters
[0.197s] Level 1:colcon.colcon_core.package_discovery:discover_packages(path) check parameters
[0.197s] Level 1:colcon.colcon_core.package_discovery:discover_packages(colcon_meta) discover
[0.197s] Level 1:colcon.colcon_core.package_discovery:discover_packages(recursive) discover
[0.197s] INFO:colcon.colcon_core.package_discovery:Crawling recursively for packages in '/home/luz/Escritorio/Robotica/week4/lab3_2_ws'
[0.197s] Level 1:colcon.colcon_core.package_identification:_identify(.) by extensions ['ignore', 'ignore_ament_install']
[0.197s] Level 1:colcon.colcon_core.package_identification:_identify(.) by extension 'ignore'
[0.197s] Level 1:colcon.colcon_core.package_identification:_identify(.) by extension 'ignore_ament_install'
[0.197s] Level 1:colcon.colcon_core.package_identification:_identify(.) by extensions ['colcon_pkg']
[0.197s] Level 1:colcon.colcon_core.package_identification:_identify(.) by extension 'colcon_pkg'
[0.197s] Level 1:colcon.colcon_core.package_identification:_identify(.) by extensions ['colcon_meta']
[0.197s] Level 1:colcon.colcon_core.package_identification:_identify(.) by extension 'colcon_meta'
[0.197s] Level 1:colcon.colcon_core.package_identification:_identify(.) by extensions ['ros']
[0.197s] Level 1:colcon.colcon_core.package_identification:_identify(.) by extension 'ros'
[0.206s] Level 1:colcon.colcon_core.package_identification:_identify(.) by extensions ['cmake', 'python']
[0.206s] Level 1:colcon.colcon_core.package_identification:_identify(.) by extension 'cmake'
[0.206s] Level 1:colcon.colcon_core.package_identification:_identify(.) by extension 'python'
[0.207s] Level 1:colcon.colcon_core.package_identification:_identify(.) by extensions ['python_setup_py']
[0.207s] Level 1:colcon.colcon_core.package_identification:_identify(.) by extension 'python_setup_py'
[0.207s] Level 1:colcon.colcon_core.package_identification:_identify(build) by extensions ['ignore', 'ignore_ament_install']
[0.207s] Level 1:colcon.colcon_core.package_identification:_identify(build) by extension 'ignore'
[0.207s] Level 1:colcon.colcon_core.package_identification:_identify(build) ignored
[0.207s] Level 1:colcon.colcon_core.package_identification:_identify(install) by extensions ['ignore', 'ignore_ament_install']
[0.207s] Level 1:colcon.colcon_core.package_identification:_identify(install) by extension 'ignore'
[0.207s] Level 1:colcon.colcon_core.package_identification:_identify(install) ignored
[0.207s] Level 1:colcon.colcon_core.package_identification:_identify(log) by extensions ['ignore', 'ignore_ament_install']
[0.207s] Level 1:colcon.colcon_core.package_identification:_identify(log) by extension 'ignore'
[0.207s] Level 1:colcon.colcon_core.package_identification:_identify(log) ignored
[0.207s] Level 1:colcon.colcon_core.package_identification:_identify(src) by extensions ['ignore', 'ignore_ament_install']
[0.207s] Level 1:colcon.colcon_core.package_identification:_identify(src) by extension 'ignore'
[0.207s] Level 1:colcon.colcon_core.package_identification:_identify(src) by extension 'ignore_ament_install'
[0.207s] Level 1:colcon.colcon_core.package_identification:_identify(src) by extensions ['colcon_pkg']
[0.207s] Level 1:colcon.colcon_core.package_identification:_identify(src) by extension 'colcon_pkg'
[0.207s] Level 1:colcon.colcon_core.package_identification:_identify(src) by extensions ['colcon_meta']
[0.207s] Level 1:colcon.colcon_core.package_identification:_identify(src) by extension 'colcon_meta'
[0.207s] Level 1:colcon.colcon_core.package_identification:_identify(src) by extensions ['ros']
[0.207s] Level 1:colcon.colcon_core.package_identification:_identify(src) by extension 'ros'
[0.207s] Level 1:colcon.colcon_core.package_identification:_identify(src) by extensions ['cmake', 'python']
[0.207s] Level 1:colcon.colcon_core.package_identification:_identify(src) by extension 'cmake'
[0.207s] Level 1:colcon.colcon_core.package_identification:_identify(src) by extension 'python'
[0.207s] Level 1:colcon.colcon_core.package_identification:_identify(src) by extensions ['python_setup_py']
[0.207s] Level 1:colcon.colcon_core.package_identification:_identify(src) by extension 'python_setup_py'
[0.207s] Level 1:colcon.colcon_core.package_identification:_identify(src/matrix_interfaces) by extensions ['ignore', 'ignore_ament_install']
[0.207s] Level 1:colcon.colcon_core.package_identification:_identify(src/matrix_interfaces) by extension 'ignore'
[0.207s] Level 1:colcon.colcon_core.package_identification:_identify(src/matrix_interfaces) by extension 'ignore_ament_install'
[0.207s] Level 1:colcon.colcon_core.package_identification:_identify(src/matrix_interfaces) by extensions ['colcon_pkg']
[0.207s] Level 1:colcon.colcon_core.package_identification:_identify(src/matrix_interfaces) by extension 'colcon_pkg'
[0.208s] Level 1:colcon.colcon_core.package_identification:_identify(src/matrix_interfaces) by extensions ['colcon_meta']
[0.208s] Level 1:colcon.colcon_core.package_identification:_identify(src/matrix_interfaces) by extension 'colcon_meta'
[0.208s] Level 1:colcon.colcon_core.package_identification:_identify(src/matrix_interfaces) by extensions ['ros']
[0.208s] Level 1:colcon.colcon_core.package_identification:_identify(src/matrix_interfaces) by extension 'ros'
[0.209s] DEBUG:colcon.colcon_core.package_identification:Package 'src/matrix_interfaces' with type 'ros.ament_cmake' and name 'matrix_interfaces'
[0.209s] Level 1:colcon.colcon_core.package_identification:_identify(src/pata_perro_pkg) by extensions ['ignore', 'ignore_ament_install']
[0.209s] Level 1:colcon.colcon_core.package_identification:_identify(src/pata_perro_pkg) by extension 'ignore'
[0.209s] Level 1:colcon.colcon_core.package_identification:_identify(src/pata_perro_pkg) by extension 'ignore_ament_install'
[0.209s] Level 1:colcon.colcon_core.package_identification:_identify(src/pata_perro_pkg) by extensions ['colcon_pkg']
[0.209s] Level 1:colcon.colcon_core.package_identification:_identify(src/pata_perro_pkg) by extension 'colcon_pkg'
[0.209s] Level 1:colcon.colcon_core.package_identification:_identify(src/pata_perro_pkg) by extensions ['colcon_meta']
[0.209s] Level 1:colcon.colcon_core.package_identification:_identify(src/pata_perro_pkg) by extension 'colcon_meta'
[0.209s] Level 1:colcon.colcon_core.package_identification:_identify(src/pata_perro_pkg) by extensions ['ros']
[0.209s] Level 1:colcon.colcon_core.package_identification:_identify(src/pata_perro_pkg) by extension 'ros'
[0.210s] DEBUG:colcon.colcon_core.package_identification:Failed to parse potential ROS package manifest in'src/pata_perro_pkg': Error(s) in package 'src/pata_perro_pkg/package.xml':
The manifest contains invalid XML:
not well-formed (invalid token): line 1, column 2
[0.210s] Level 1:colcon.colcon_core.package_identification:_identify(src/pata_perro_pkg) by extensions ['cmake', 'python']
[0.210s] Level 1:colcon.colcon_core.package_identification:_identify(src/pata_perro_pkg) by extension 'cmake'
[0.210s] Level 1:colcon.colcon_core.package_identification:_identify(src/pata_perro_pkg) by extension 'python'
[0.210s] DEBUG:colcon.colcon_core.package_identification:Python package in 'src/pata_perro_pkg' passes arguments to the setup() function which requires a different identification extension than 'python'
[0.210s] Level 1:colcon.colcon_core.package_identification:_identify(src/pata_perro_pkg) by extensions ['python_setup_py']
[0.210s] Level 1:colcon.colcon_core.package_identification:_identify(src/pata_perro_pkg) by extension 'python_setup_py'
[0.363s] DEBUG:colcon.colcon_core.package_identification:Package 'src/pata_perro_pkg' with type 'python' and name 'pata_perro_pkg'
[0.363s] Level 1:colcon.colcon_core.package_discovery:discover_packages(recursive) using defaults
[0.363s] Level 1:colcon.colcon_core.package_discovery:discover_packages(ignore) discover
[0.363s] Level 1:colcon.colcon_core.package_discovery:discover_packages(ignore) using defaults
[0.363s] Level 1:colcon.colcon_core.package_discovery:discover_packages(path) discover
[0.364s] Level 1:colcon.colcon_core.package_discovery:discover_packages(path) using defaults
[0.386s] Level 1:colcon.colcon_core.package_discovery:discover_packages(prefix_path) check parameters
[0.386s] Level 1:colcon.colcon_core.package_discovery:discover_packages(prefix_path) discover
[0.389s] DEBUG:colcon.colcon_installed_package_information.package_discovery:Found 274 installed packages in /opt/ros/humble
[0.389s] Level 1:colcon.colcon_core.package_discovery:discover_packages(prefix_path) using defaults
[0.412s] Level 5:colcon.colcon_core.verb:set package 'matrix_interfaces' build argument 'cmake_args' from command line to 'None'
[0.412s] Level 5:colcon.colcon_core.verb:set package 'matrix_interfaces' build argument 'cmake_target' from command line to 'None'
[0.412s] Level 5:colcon.colcon_core.verb:set package 'matrix_interfaces' build argument 'cmake_target_skip_unavailable' from command line to 'False'
[0.412s] Level 5:colcon.colcon_core.verb:set package 'matrix_interfaces' build argument 'cmake_clean_cache' from command line to 'False'
[0.412s] Level 5:colcon.colcon_core.verb:set package 'matrix_interfaces' build argument 'cmake_clean_first' from command line to 'False'
[0.412s] Level 5:colcon.colcon_core.verb:set package 'matrix_interfaces' build argument 'cmake_force_configure' from command line to 'False'
[0.412s] Level 5:colcon.colcon_core.verb:set package 'matrix_interfaces' build argument 'ament_cmake_args' from command line to 'None'
[0.412s] Level 5:colcon.colcon_core.verb:set package 'matrix_interfaces' build argument 'catkin_cmake_args' from command line to 'None'
[0.412s] Level 5:colcon.colcon_core.verb:set package 'matrix_interfaces' build argument 'catkin_skip_building_tests' from command line to 'False'
[0.412s] DEBUG:colcon.colcon_core.verb:Building package 'matrix_interfaces' with the following arguments: {'ament_cmake_args': None, 'build_base': '/home/luz/Escritorio/Robotica/week4/lab3_2_ws/build/matrix_interfaces', 'catkin_cmake_args': None, 'catkin_skip_building_tests': False, 'cmake_args': None, 'cmake_clean_cache': False, 'cmake_clean_first': False, 'cmake_force_configure': False, 'cmake_target': None, 'cmake_target_skip_unavailable': False, 'install_base': '/home/luz/Escritorio/Robotica/week4/lab3_2_ws/install/matrix_interfaces', 'merge_install': False, 'path': '/home/luz/Escritorio/Robotica/week4/lab3_2_ws/src/matrix_interfaces', 'symlink_install': False, 'test_result_base': None}
[0.413s] Level 5:colcon.colcon_core.verb:set package 'pata_perro_pkg' build argument 'cmake_args' from command line to 'None'
[0.413s] Level 5:colcon.colcon_core.verb:set package 'pata_perro_pkg' build argument 'cmake_target' from command line to 'None'
[0.413s] Level 5:colcon.colcon_core.verb:set package 'pata_perro_pkg' build argument 'cmake_target_skip_unavailable' from command line to 'False'
[0.413s] Level 5:colcon.colcon_core.verb:set package 'pata_perro_pkg' build argument 'cmake_clean_cache' from command line to 'False'
[0.413s] Level 5:colcon.colcon_core.verb:set package 'pata_perro_pkg' build argument 'cmake_clean_first' from command line to 'False'
[0.413s] Level 5:colcon.colcon_core.verb:set package 'pata_perro_pkg' build argument 'cmake_force_configure' from command line to 'False'
[0.413s] Level 5:colcon.colcon_core.verb:set package 'pata_perro_pkg' build argument 'ament_cmake_args' from command line to 'None'
[0.413s] Level 5:colcon.colcon_core.verb:set package 'pata_perro_pkg' build argument 'catkin_cmake_args' from command line to 'None'
[0.413s] Level 5:colcon.colcon_core.verb:set package 'pata_perro_pkg' build argument 'catkin_skip_building_tests' from command line to 'False'
[0.413s] DEBUG:colcon.colcon_core.verb:Building package 'pata_perro_pkg' with the following arguments: {'ament_cmake_args': None, 'build_base': '/home/luz/Escritorio/Robotica/week4/lab3_2_ws/build/pata_perro_pkg', 'catkin_cmake_args': None, 'catkin_skip_building_tests': False, 'cmake_args': None, 'cmake_clean_cache': False, 'cmake_clean_first': False, 'cmake_force_configure': False, 'cmake_target': None, 'cmake_target_skip_unavailable': False, 'install_base': '/home/luz/Escritorio/Robotica/week4/lab3_2_ws/install/pata_perro_pkg', 'merge_install': False, 'path': '/home/luz/Escritorio/Robotica/week4/lab3_2_ws/src/pata_perro_pkg', 'symlink_install': False, 'test_result_base': None}
[0.413s] INFO:colcon.colcon_core.executor:Executing jobs using 'parallel' executor
[0.414s] DEBUG:colcon.colcon_parallel_executor.executor.parallel:run_until_complete
[0.414s] INFO:colcon.colcon_ros.task.ament_cmake.build:Building ROS package in '/home/luz/Escritorio/Robotica/week4/lab3_2_ws/src/matrix_interfaces' with build type 'ament_cmake'
[0.414s] INFO:colcon.colcon_cmake.task.cmake.build:Building CMake package in '/home/luz/Escritorio/Robotica/week4/lab3_2_ws/src/matrix_interfaces'
[0.417s] INFO:colcon.colcon_core.plugin_system:Skipping extension 'colcon_core.shell.bat': Not used on non-Windows systems
[0.417s] INFO:colcon.colcon_core.shell:Skip shell extension 'powershell' for command environment: Not usable outside of PowerShell
[0.417s] DEBUG:colcon.colcon_core.shell:Skip shell extension 'dsv' for command environment
[0.419s] INFO:colcon.colcon_core.task.python.build:Building Python package in '/home/luz/Escritorio/Robotica/week4/lab3_2_ws/src/pata_perro_pkg'
[0.420s] INFO:colcon.colcon_core.shell:Skip shell extension 'powershell' for command environment: Not usable outside of PowerShell
[0.420s] DEBUG:colcon.colcon_core.shell:Skip shell extension 'dsv' for command environment
[0.424s] DEBUG:colcon.colcon_core.event_handler.log_command:Invoking command in '/home/luz/Escritorio/Robotica/week4/lab3_2_ws/build/matrix_interfaces': CMAKE_PREFIX_PATH=/opt/ros/humble /usr/bin/cmake --build /home/luz/Escritorio/Robotica/week4/lab3_2_ws/build/matrix_interfaces -- -j12 -l12
[0.842s] DEBUG:colcon.colcon_core.event_handler.log_command:Invoking command in '/home/luz/Escritorio/Robotica/week4/lab3_2_ws/src/pata_perro_pkg': PYTHONPATH=/home/luz/Escritorio/Robotica/week4/lab3_2_ws/build/pata_perro_pkg/prefix_override:/usr/lib/python3/dist-packages/colcon_core/task/python/colcon_distutils_commands:/home/luz/Escritorio/Robotica/week4/lab3_2_ws/install/pata_perro_pkg/lib/python3.10/site-packages:${PYTHONPATH} /usr/bin/python3 -W ignore:setup.py install is deprecated -W ignore:easy_install command is deprecated setup.py egg_info --egg-base ../../build/pata_perro_pkg build --build-base /home/luz/Escritorio/Robotica/week4/lab3_2_ws/build/pata_perro_pkg/build install --record /home/luz/Escritorio/Robotica/week4/lab3_2_ws/build/pata_perro_pkg/install.log --single-version-externally-managed install_data
[1.021s] DEBUG:colcon.colcon_core.event_handler.log_command:Invoked command in '/home/luz/Escritorio/Robotica/week4/lab3_2_ws/src/pata_perro_pkg' returned '0': PYTHONPATH=/home/luz/Escritorio/Robotica/week4/lab3_2_ws/build/pata_perro_pkg/prefix_override:/usr/lib/python3/dist-packages/colcon_core/task/python/colcon_distutils_commands:/home/luz/Escritorio/Robotica/week4/lab3_2_ws/install/pata_perro_pkg/lib/python3.10/site-packages:${PYTHONPATH} /usr/bin/python3 -W ignore:setup.py install is deprecated -W ignore:easy_install command is deprecated setup.py egg_info --egg-base ../../build/pata_perro_pkg build --build-base /home/luz/Escritorio/Robotica/week4/lab3_2_ws/build/pata_perro_pkg/build install --record /home/luz/Escritorio/Robotica/week4/lab3_2_ws/build/pata_perro_pkg/install.log --single-version-externally-managed install_data
[1.024s] Level 1:colcon.colcon_core.environment:checking '/home/luz/Escritorio/Robotica/week4/lab3_2_ws/install/pata_perro_pkg' for CMake module files
[1.024s] Level 1:colcon.colcon_core.environment:checking '/home/luz/Escritorio/Robotica/week4/lab3_2_ws/install/pata_perro_pkg' for CMake config files
[1.025s] Level 1:colcon.colcon_core.environment:checking '/home/luz/Escritorio/Robotica/week4/lab3_2_ws/install/pata_perro_pkg/lib'
[1.025s] Level 1:colcon.colcon_core.environment:checking '/home/luz/Escritorio/Robotica/week4/lab3_2_ws/install/pata_perro_pkg/bin'
[1.025s] Level 1:colcon.colcon_core.environment:checking '/home/luz/Escritorio/Robotica/week4/lab3_2_ws/install/pata_perro_pkg/lib/pkgconfig/pata_perro_pkg.pc'
[1.025s] Level 1:colcon.colcon_core.environment:checking '/home/luz/Escritorio/Robotica/week4/lab3_2_ws/install/pata_perro_pkg/lib/python3.10/site-packages'
[1.025s] Level 1:colcon.colcon_core.shell:create_environment_hook('pata_perro_pkg', 'pythonpath')
[1.025s] INFO:colcon.colcon_core.shell:Creating environment hook '/home/luz/Escritorio/Robotica/week4/lab3_2_ws/install/pata_perro_pkg/share/pata_perro_pkg/hook/pythonpath.ps1'
[1.026s] INFO:colcon.colcon_core.shell:Creating environment descriptor '/home/luz/Escritorio/Robotica/week4/lab3_2_ws/install/pata_perro_pkg/share/pata_perro_pkg/hook/pythonpath.dsv'
[1.027s] INFO:colcon.colcon_core.shell:Creating environment hook '/home/luz/Escritorio/Robotica/week4/lab3_2_ws/install/pata_perro_pkg/share/pata_perro_pkg/hook/pythonpath.sh'
[1.028s] Level 1:colcon.colcon_core.environment:checking '/home/luz/Escritorio/Robotica/week4/lab3_2_ws/install/pata_perro_pkg/bin'
[1.028s] Level 1:colcon.colcon_core.environment:create_environment_scripts_only(pata_perro_pkg)
[1.028s] INFO:colcon.colcon_core.shell:Creating package script '/home/luz/Escritorio/Robotica/week4/lab3_2_ws/install/pata_perro_pkg/share/pata_perro_pkg/package.ps1'
[1.029s] INFO:colcon.colcon_core.shell:Creating package descriptor '/home/luz/Escritorio/Robotica/week4/lab3_2_ws/install/pata_perro_pkg/share/pata_perro_pkg/package.dsv'
[1.030s] INFO:colcon.colcon_core.shell:Creating package script '/home/luz/Escritorio/Robotica/week4/lab3_2_ws/install/pata_perro_pkg/share/pata_perro_pkg/package.sh'
[1.030s] INFO:colcon.colcon_core.shell:Creating package script '/home/luz/Escritorio/Robotica/week4/lab3_2_ws/install/pata_perro_pkg/share/pata_perro_pkg/package.bash'
[1.031s] INFO:colcon.colcon_core.shell:Creating package script '/home/luz/Escritorio/Robotica/week4/lab3_2_ws/install/pata_perro_pkg/share/pata_perro_pkg/package.zsh'
[1.032s] Level 1:colcon.colcon_core.environment:create_file_with_runtime_dependencies(/home/luz/Escritorio/Robotica/week4/lab3_2_ws/install/pata_perro_pkg/share/colcon-core/packages/pata_perro_pkg)
[2.831s] DEBUG:colcon.colcon_core.event_handler.log_command:Invoked command in '/home/luz/Escritorio/Robotica/week4/lab3_2_ws/build/matrix_interfaces' returned '0': CMAKE_PREFIX_PATH=/opt/ros/humble /usr/bin/cmake --build /home/luz/Escritorio/Robotica/week4/lab3_2_ws/build/matrix_interfaces -- -j12 -l12
[2.839s] DEBUG:colcon.colcon_core.event_handler.log_command:Invoking command in '/home/luz/Escritorio/Robotica/week4/lab3_2_ws/build/matrix_interfaces': CMAKE_PREFIX_PATH=/opt/ros/humble /usr/bin/cmake --install /home/luz/Escritorio/Robotica/week4/lab3_2_ws/build/matrix_interfaces
[2.883s] Level 1:colcon.colcon_core.environment:create_environment_scripts_only(matrix_interfaces)
[2.883s] Level 1:colcon.colcon_core.environment:checking '/home/luz/Escritorio/Robotica/week4/lab3_2_ws/install/matrix_interfaces' for CMake module files
[2.884s] Level 1:colcon.colcon_core.environment:checking '/home/luz/Escritorio/Robotica/week4/lab3_2_ws/install/matrix_interfaces' for CMake config files
[2.885s] DEBUG:colcon.colcon_core.event_handler.log_command:Invoked command in '/home/luz/Escritorio/Robotica/week4/lab3_2_ws/build/matrix_interfaces' returned '0': CMAKE_PREFIX_PATH=/opt/ros/humble /usr/bin/cmake --install /home/luz/Escritorio/Robotica/week4/lab3_2_ws/build/matrix_interfaces
[2.885s] Level 1:colcon.colcon_core.shell:create_environment_hook('matrix_interfaces', 'cmake_prefix_path')
[2.886s] INFO:colcon.colcon_core.shell:Creating environment hook '/home/luz/Escritorio/Robotica/week4/lab3_2_ws/install/matrix_interfaces/share/matrix_interfaces/hook/cmake_prefix_path.ps1'
[2.886s] INFO:colcon.colcon_core.shell:Creating environment descriptor '/home/luz/Escritorio/Robotica/week4/lab3_2_ws/install/matrix_interfaces/share/matrix_interfaces/hook/cmake_prefix_path.dsv'
[2.886s] INFO:colcon.colcon_core.shell:Creating environment hook '/home/luz/Escritorio/Robotica/week4/lab3_2_ws/install/matrix_interfaces/share/matrix_interfaces/hook/cmake_prefix_path.sh'
[2.887s] Level 1:colcon.colcon_core.environment:checking '/home/luz/Escritorio/Robotica/week4/lab3_2_ws/install/matrix_interfaces/lib'
[2.887s] Level 1:colcon.colcon_core.shell:create_environment_hook('matrix_interfaces', 'ld_library_path_lib')
[2.887s] INFO:colcon.colcon_core.shell:Creating environment hook '/home/luz/Escritorio/Robotica/week4/lab3_2_ws/install/matrix_interfaces/share/matrix_interfaces/hook/ld_library_path_lib.ps1'
[2.888s] INFO:colcon.colcon_core.shell:Creating environment descriptor '/home/luz/Escritorio/Robotica/week4/lab3_2_ws/install/matrix_interfaces/share/matrix_interfaces/hook/ld_library_path_lib.dsv'
[2.888s] INFO:colcon.colcon_core.shell:Creating environment hook '/home/luz/Escritorio/Robotica/week4/lab3_2_ws/install/matrix_interfaces/share/matrix_interfaces/hook/ld_library_path_lib.sh'
[2.888s] Level 1:colcon.colcon_core.environment:checking '/home/luz/Escritorio/Robotica/week4/lab3_2_ws/install/matrix_interfaces/bin'
[2.888s] Level 1:colcon.colcon_core.environment:checking '/home/luz/Escritorio/Robotica/week4/lab3_2_ws/install/matrix_interfaces/lib/pkgconfig/matrix_interfaces.pc'
[2.888s] Level 1:colcon.colcon_core.environment:checking '/home/luz/Escritorio/Robotica/week4/lab3_2_ws/install/matrix_interfaces/lib/python3.10/site-packages'
[2.889s] Level 1:colcon.colcon_core.environment:checking '/home/luz/Escritorio/Robotica/week4/lab3_2_ws/install/matrix_interfaces/bin'
[2.889s] INFO:colcon.colcon_core.shell:Creating package script '/home/luz/Escritorio/Robotica/week4/lab3_2_ws/install/matrix_interfaces/share/matrix_interfaces/package.ps1'
[2.889s] INFO:colcon.colcon_core.shell:Creating package descriptor '/home/luz/Escritorio/Robotica/week4/lab3_2_ws/install/matrix_interfaces/share/matrix_interfaces/package.dsv'
[2.890s] INFO:colcon.colcon_core.shell:Creating package script '/home/luz/Escritorio/Robotica/week4/lab3_2_ws/install/matrix_interfaces/share/matrix_interfaces/package.sh'
[2.890s] INFO:colcon.colcon_core.shell:Creating package script '/home/luz/Escritorio/Robotica/week4/lab3_2_ws/install/matrix_interfaces/share/matrix_interfaces/package.bash'
[2.890s] INFO:colcon.colcon_core.shell:Creating package script '/home/luz/Escritorio/Robotica/week4/lab3_2_ws/install/matrix_interfaces/share/matrix_interfaces/package.zsh'
[2.891s] Level 1:colcon.colcon_core.environment:create_file_with_runtime_dependencies(/home/luz/Escritorio/Robotica/week4/lab3_2_ws/install/matrix_interfaces/share/colcon-core/packages/matrix_interfaces)
[2.891s] Level 1:colcon.colcon_core.environment:create_environment_scripts_only(matrix_interfaces)
[2.891s] Level 1:colcon.colcon_core.environment:checking '/home/luz/Escritorio/Robotica/week4/lab3_2_ws/install/matrix_interfaces' for CMake module files
[2.891s] Level 1:colcon.colcon_core.environment:checking '/home/luz/Escritorio/Robotica/week4/lab3_2_ws/install/matrix_interfaces' for CMake config files
[2.892s] Level 1:colcon.colcon_core.shell:create_environment_hook('matrix_interfaces', 'cmake_prefix_path')
[2.892s] INFO:colcon.colcon_core.shell:Creating environment hook '/home/luz/Escritorio/Robotica/week4/lab3_2_ws/install/matrix_interfaces/share/matrix_interfaces/hook/cmake_prefix_path.ps1'
[2.892s] INFO:colcon.colcon_core.shell:Creating environment descriptor '/home/luz/Escritorio/Robotica/week4/lab3_2_ws/install/matrix_interfaces/share/matrix_interfaces/hook/cmake_prefix_path.dsv'
[2.892s] INFO:colcon.colcon_core.shell:Creating environment hook '/home/luz/Escritorio/Robotica/week4/lab3_2_ws/install/matrix_interfaces/share/matrix_interfaces/hook/cmake_prefix_path.sh'
[2.893s] Level 1:colcon.colcon_core.environment:checking '/home/luz/Escritorio/Robotica/week4/lab3_2_ws/install/matrix_interfaces/lib'
[2.893s] Level 1:colcon.colcon_core.shell:create_environment_hook('matrix_interfaces', 'ld_library_path_lib')
[2.893s] INFO:colcon.colcon_core.shell:Creating environment hook '/home/luz/Escritorio/Robotica/week4/lab3_2_ws/install/matrix_interfaces/share/matrix_interfaces/hook/ld_library_path_lib.ps1'
[2.893s] INFO:colcon.colcon_core.shell:Creating environment descriptor '/home/luz/Escritorio/Robotica/week4/lab3_2_ws/install/matrix_interfaces/share/matrix_interfaces/hook/ld_library_path_lib.dsv'
[2.893s] INFO:colcon.colcon_core.shell:Creating environment hook '/home/luz/Escritorio/Robotica/week4/lab3_2_ws/install/matrix_interfaces/share/matrix_interfaces/hook/ld_library_path_lib.sh'
[2.894s] Level 1:colcon.colcon_core.environment:checking '/home/luz/Escritorio/Robotica/week4/lab3_2_ws/install/matrix_interfaces/bin'
[2.894s] Level 1:colcon.colcon_core.environment:checking '/home/luz/Escritorio/Robotica/week4/lab3_2_ws/install/matrix_interfaces/lib/pkgconfig/matrix_interfaces.pc'
[2.894s] Level 1:colcon.colcon_core.environment:checking '/home/luz/Escritorio/Robotica/week4/lab3_2_ws/install/matrix_interfaces/lib/python3.10/site-packages'
[2.894s] Level 1:colcon.colcon_core.environment:checking '/home/luz/Escritorio/Robotica/week4/lab3_2_ws/install/matrix_interfaces/bin'
[2.894s] INFO:colcon.colcon_core.shell:Creating package script '/home/luz/Escritorio/Robotica/week4/lab3_2_ws/install/matrix_interfaces/share/matrix_interfaces/package.ps1'
[2.894s] INFO:colcon.colcon_core.shell:Creating package descriptor '/home/luz/Escritorio/Robotica/week4/lab3_2_ws/install/matrix_interfaces/share/matrix_interfaces/package.dsv'
[2.895s] INFO:colcon.colcon_core.shell:Creating package script '/home/luz/Escritorio/Robotica/week4/lab3_2_ws/install/matrix_interfaces/share/matrix_interfaces/package.sh'
[2.895s] INFO:colcon.colcon_core.shell:Creating package script '/home/luz/Escritorio/Robotica/week4/lab3_2_ws/install/matrix_interfaces/share/matrix_interfaces/package.bash'
[2.895s] INFO:colcon.colcon_core.shell:Creating package script '/home/luz/Escritorio/Robotica/week4/lab3_2_ws/install/matrix_interfaces/share/matrix_interfaces/package.zsh'
[2.896s] Level 1:colcon.colcon_core.environment:create_file_with_runtime_dependencies(/home/luz/Escritorio/Robotica/week4/lab3_2_ws/install/matrix_interfaces/share/colcon-core/packages/matrix_interfaces)
[2.896s] DEBUG:colcon.colcon_parallel_executor.executor.parallel:closing loop
[2.896s] DEBUG:colcon.colcon_parallel_executor.executor.parallel:loop closed
[2.896s] DEBUG:colcon.colcon_parallel_executor.executor.parallel:run_until_complete finished with '0'
[2.896s] DEBUG:colcon.colcon_core.event_reactor:joining thread
[2.902s] INFO:colcon.colcon_core.plugin_system:Skipping extension 'colcon_notification.desktop_notification.terminal_notifier': Not used on non-Darwin systems
[2.902s] INFO:colcon.colcon_core.plugin_system:Skipping extension 'colcon_notification.desktop_notification.win32': Not used on non-Windows systems
[2.902s] INFO:colcon.colcon_notification.desktop_notification:Sending desktop notification using 'notify2'
[2.909s] DEBUG:colcon.colcon_core.event_reactor:joined thread
[2.910s] INFO:colcon.colcon_core.shell:Creating prefix script '/home/luz/Escritorio/Robotica/week4/lab3_2_ws/install/local_setup.ps1'
[2.911s] INFO:colcon.colcon_core.shell:Creating prefix util module '/home/luz/Escritorio/Robotica/week4/lab3_2_ws/install/_local_setup_util_ps1.py'
[2.913s] INFO:colcon.colcon_core.shell:Creating prefix chain script '/home/luz/Escritorio/Robotica/week4/lab3_2_ws/install/setup.ps1'
[2.914s] INFO:colcon.colcon_core.shell:Creating prefix script '/home/luz/Escritorio/Robotica/week4/lab3_2_ws/install/local_setup.sh'
[2.915s] INFO:colcon.colcon_core.shell:Creating prefix util module '/home/luz/Escritorio/Robotica/week4/lab3_2_ws/install/_local_setup_util_sh.py'
[2.915s] INFO:colcon.colcon_core.shell:Creating prefix chain script '/home/luz/Escritorio/Robotica/week4/lab3_2_ws/install/setup.sh'
[2.917s] INFO:colcon.colcon_core.shell:Creating prefix script '/home/luz/Escritorio/Robotica/week4/lab3_2_ws/install/local_setup.bash'
[2.917s] INFO:colcon.colcon_core.shell:Creating prefix chain script '/home/luz/Escritorio/Robotica/week4/lab3_2_ws/install/setup.bash'
[2.918s] INFO:colcon.colcon_core.shell:Creating prefix script '/home/luz/Escritorio/Robotica/week4/lab3_2_ws/install/local_setup.zsh'
[2.919s] INFO:colcon.colcon_core.shell:Creating prefix chain script '/home/luz/Escritorio/Robotica/week4/lab3_2_ws/install/setup.zsh'
