[0.356s] Invoking command in '/home/luz/Escritorio/ucbrob_ws/src/pubsub_py': PYTHONPATH=/home/luz/Escritorio/ucbrob_ws/build/pubsub_py/prefix_override:/usr/lib/python3/dist-packages/colcon_core/task/python/colcon_distutils_commands:/home/luz/Escritorio/ucbrob_ws/install/pubsub_py/lib/python3.10/site-packages:${PYTHONPATH} /usr/bin/python3 -W ignore:setup.py install is deprecated -W ignore:easy_install command is deprecated setup.py egg_info --egg-base ../../build/pubsub_py build --build-base /home/luz/Escritorio/ucbrob_ws/build/pubsub_py/build install --record /home/luz/Escritorio/ucbrob_ws/build/pubsub_py/install.log --single-version-externally-managed install_data
[0.492s] running egg_info
[0.492s] writing ../../build/pubsub_py/pubsub_py.egg-info/PKG-INFO
[0.492s] writing dependency_links to ../../build/pubsub_py/pubsub_py.egg-info/dependency_links.txt
[0.492s] writing entry points to ../../build/pubsub_py/pubsub_py.egg-info/entry_points.txt
[0.492s] writing requirements to ../../build/pubsub_py/pubsub_py.egg-info/requires.txt
[0.492s] writing top-level names to ../../build/pubsub_py/pubsub_py.egg-info/top_level.txt
[0.493s] reading manifest file '../../build/pubsub_py/pubsub_py.egg-info/SOURCES.txt'
[0.493s] adding license file 'LICENSE'
[0.494s] writing manifest file '../../build/pubsub_py/pubsub_py.egg-info/SOURCES.txt'
[0.494s] running build
[0.494s] running build_py
[0.494s] copying pubsub_py/pub_angles.py -> /home/luz/Escritorio/ucbrob_ws/build/pubsub_py/build/lib/pubsub_py
[0.494s] running install
[0.494s] running install_lib
[0.495s] copying /home/luz/Escritorio/ucbrob_ws/build/pubsub_py/build/lib/pubsub_py/pub_angles.py -> /home/luz/Escritorio/ucbrob_ws/install/pubsub_py/lib/python3.10/site-packages/pubsub_py
[0.495s] byte-compiling /home/luz/Escritorio/ucbrob_ws/install/pubsub_py/lib/python3.10/site-packages/pubsub_py/pub_angles.py to pub_angles.cpython-310.pyc
[0.496s] running install_data
[0.496s] running install_egg_info
[0.497s] removing '/home/luz/Escritorio/ucbrob_ws/install/pubsub_py/lib/python3.10/site-packages/pubsub_py-0.0.0-py3.10.egg-info' (and everything under it)
[0.497s] Copying ../../build/pubsub_py/pubsub_py.egg-info to /home/luz/Escritorio/ucbrob_ws/install/pubsub_py/lib/python3.10/site-packages/pubsub_py-0.0.0-py3.10.egg-info
[0.497s] running install_scripts
[0.511s] Installing Angulo script to /home/luz/Escritorio/ucbrob_ws/install/pubsub_py/lib/pubsub_py
[0.511s] Installing Destino script to /home/luz/Escritorio/ucbrob_ws/install/pubsub_py/lib/pubsub_py
[0.511s] Installing Origen script to /home/luz/Escritorio/ucbrob_ws/install/pubsub_py/lib/pubsub_py
[0.511s] Installing Process script to /home/luz/Escritorio/ucbrob_ws/install/pubsub_py/lib/pubsub_py
[0.511s] Installing Publicador script to /home/luz/Escritorio/ucbrob_ws/install/pubsub_py/lib/pubsub_py
[0.511s] Installing Subscriptor script to /home/luz/Escritorio/ucbrob_ws/install/pubsub_py/lib/pubsub_py
[0.511s] writing list of installed files to '/home/luz/Escritorio/ucbrob_ws/build/pubsub_py/install.log'
[0.527s] Invoked command in '/home/luz/Escritorio/ucbrob_ws/src/pubsub_py' returned '0': PYTHONPATH=/home/luz/Escritorio/ucbrob_ws/build/pubsub_py/prefix_override:/usr/lib/python3/dist-packages/colcon_core/task/python/colcon_distutils_commands:/home/luz/Escritorio/ucbrob_ws/install/pubsub_py/lib/python3.10/site-packages:${PYTHONPATH} /usr/bin/python3 -W ignore:setup.py install is deprecated -W ignore:easy_install command is deprecated setup.py egg_info --egg-base ../../build/pubsub_py build --build-base /home/luz/Escritorio/ucbrob_ws/build/pubsub_py/build install --record /home/luz/Escritorio/ucbrob_ws/build/pubsub_py/install.log --single-version-externally-managed install_data
