/home/luz/Escritorio/Robotica/week2/lab1ej2_ws/install/lab_p_ps_s/lib/python3.10/site-packages/lab_p_ps_s/__init__.py
/home/luz/Escritorio/Robotica/week2/lab1ej2_ws/install/lab_p_ps_s/lib/python3.10/site-packages/lab_p_ps_s/destino.py
/home/luz/Escritorio/Robotica/week2/lab1ej2_ws/install/lab_p_ps_s/lib/python3.10/site-packages/lab_p_ps_s/process.py
/home/luz/Escritorio/Robotica/week2/lab1ej2_ws/install/lab_p_ps_s/lib/python3.10/site-packages/lab_p_ps_s/origen.py
/home/luz/Escritorio/Robotica/week2/lab1ej2_ws/install/lab_p_ps_s/lib/python3.10/site-packages/lab_p_ps_s/__pycache__/__init__.cpython-310.pyc
/home/luz/Escritorio/Robotica/week2/lab1ej2_ws/install/lab_p_ps_s/lib/python3.10/site-packages/lab_p_ps_s/__pycache__/destino.cpython-310.pyc
/home/luz/Escritorio/Robotica/week2/lab1ej2_ws/install/lab_p_ps_s/lib/python3.10/site-packages/lab_p_ps_s/__pycache__/process.cpython-310.pyc
/home/luz/Escritorio/Robotica/week2/lab1ej2_ws/install/lab_p_ps_s/lib/python3.10/site-packages/lab_p_ps_s/__pycache__/origen.cpython-310.pyc
/home/luz/Escritorio/Robotica/week2/lab1ej2_ws/install/lab_p_ps_s/share/ament_index/resource_index/packages/lab_p_ps_s
/home/luz/Escritorio/Robotica/week2/lab1ej2_ws/install/lab_p_ps_s/share/lab_p_ps_s/package.xml
/home/luz/Escritorio/Robotica/week2/lab1ej2_ws/install/lab_p_ps_s/lib/python3.10/site-packages/lab_p_ps_s-0.0.0-py3.10.egg-info/PKG-INFO
/home/luz/Escritorio/Robotica/week2/lab1ej2_ws/install/lab_p_ps_s/lib/python3.10/site-packages/lab_p_ps_s-0.0.0-py3.10.egg-info/zip-safe
/home/luz/Escritorio/Robotica/week2/lab1ej2_ws/install/lab_p_ps_s/lib/python3.10/site-packages/lab_p_ps_s-0.0.0-py3.10.egg-info/requires.txt
/home/luz/Escritorio/Robotica/week2/lab1ej2_ws/install/lab_p_ps_s/lib/python3.10/site-packages/lab_p_ps_s-0.0.0-py3.10.egg-info/top_level.txt
/home/luz/Escritorio/Robotica/week2/lab1ej2_ws/install/lab_p_ps_s/lib/python3.10/site-packages/lab_p_ps_s-0.0.0-py3.10.egg-info/SOURCES.txt
/home/luz/Escritorio/Robotica/week2/lab1ej2_ws/install/lab_p_ps_s/lib/python3.10/site-packages/lab_p_ps_s-0.0.0-py3.10.egg-info/dependency_links.txt
/home/luz/Escritorio/Robotica/week2/lab1ej2_ws/install/lab_p_ps_s/lib/python3.10/site-packages/lab_p_ps_s-0.0.0-py3.10.egg-info/entry_points.txt
/home/luz/Escritorio/Robotica/week2/lab1ej2_ws/install/lab_p_ps_s/lib/lab_p_ps_s/Destino
/home/luz/Escritorio/Robotica/week2/lab1ej2_ws/install/lab_p_ps_s/lib/lab_p_ps_s/Origen
/home/luz/Escritorio/Robotica/week2/lab1ej2_ws/install/lab_p_ps_s/lib/lab_p_ps_s/Process
