running egg_info
creating ../../build/robot_motion_control/robot_motion_control.egg-info
writing ../../build/robot_motion_control/robot_motion_control.egg-info/PKG-INFO
writing dependency_links to ../../build/robot_motion_control/robot_motion_control.egg-info/dependency_links.txt
writing entry points to ../../build/robot_motion_control/robot_motion_control.egg-info/entry_points.txt
writing requirements to ../../build/robot_motion_control/robot_motion_control.egg-info/requires.txt
writing top-level names to ../../build/robot_motion_control/robot_motion_control.egg-info/top_level.txt
writing manifest file '../../build/robot_motion_control/robot_motion_control.egg-info/SOURCES.txt'
reading manifest file '../../build/robot_motion_control/robot_motion_control.egg-info/SOURCES.txt'
adding license file 'LICENSE'
writing manifest file '../../build/robot_motion_control/robot_motion_control.egg-info/SOURCES.txt'
running build
running build_py
creating /home/luz/Escritorio/Robotica/week9/mobile_control_ws/build/robot_motion_control/build
creating /home/luz/Escritorio/Robotica/week9/mobile_control_ws/build/robot_motion_control/build/lib
creating /home/luz/Escritorio/Robotica/week9/mobile_control_ws/build/robot_motion_control/build/lib/robot_motion_control
copying robot_motion_control/__init__.py -> /home/luz/Escritorio/Robotica/week9/mobile_control_ws/build/robot_motion_control/build/lib/robot_motion_control
copying robot_motion_control/read_lidar.py -> /home/luz/Escritorio/Robotica/week9/mobile_control_ws/build/robot_motion_control/build/lib/robot_motion_control
copying robot_motion_control/pub_cmd.py -> /home/luz/Escritorio/Robotica/week9/mobile_control_ws/build/robot_motion_control/build/lib/robot_motion_control
running install
running install_lib
creating /home/luz/Escritorio/Robotica/week9/mobile_control_ws/install/robot_motion_control/lib/python3.10/site-packages/robot_motion_control
copying /home/luz/Escritorio/Robotica/week9/mobile_control_ws/build/robot_motion_control/build/lib/robot_motion_control/__init__.py -> /home/luz/Escritorio/Robotica/week9/mobile_control_ws/install/robot_motion_control/lib/python3.10/site-packages/robot_motion_control
copying /home/luz/Escritorio/Robotica/week9/mobile_control_ws/build/robot_motion_control/build/lib/robot_motion_control/read_lidar.py -> /home/luz/Escritorio/Robotica/week9/mobile_control_ws/install/robot_motion_control/lib/python3.10/site-packages/robot_motion_control
copying /home/luz/Escritorio/Robotica/week9/mobile_control_ws/build/robot_motion_control/build/lib/robot_motion_control/pub_cmd.py -> /home/luz/Escritorio/Robotica/week9/mobile_control_ws/install/robot_motion_control/lib/python3.10/site-packages/robot_motion_control
byte-compiling /home/luz/Escritorio/Robotica/week9/mobile_control_ws/install/robot_motion_control/lib/python3.10/site-packages/robot_motion_control/__init__.py to __init__.cpython-310.pyc
byte-compiling /home/luz/Escritorio/Robotica/week9/mobile_control_ws/install/robot_motion_control/lib/python3.10/site-packages/robot_motion_control/read_lidar.py to read_lidar.cpython-310.pyc
byte-compiling /home/luz/Escritorio/Robotica/week9/mobile_control_ws/install/robot_motion_control/lib/python3.10/site-packages/robot_motion_control/pub_cmd.py to pub_cmd.cpython-310.pyc
running install_data
creating /home/luz/Escritorio/Robotica/week9/mobile_control_ws/install/robot_motion_control/share/ament_index
creating /home/luz/Escritorio/Robotica/week9/mobile_control_ws/install/robot_motion_control/share/ament_index/resource_index
creating /home/luz/Escritorio/Robotica/week9/mobile_control_ws/install/robot_motion_control/share/ament_index/resource_index/packages
copying resource/robot_motion_control -> /home/luz/Escritorio/Robotica/week9/mobile_control_ws/install/robot_motion_control/share/ament_index/resource_index/packages
copying package.xml -> /home/luz/Escritorio/Robotica/week9/mobile_control_ws/install/robot_motion_control/share/robot_motion_control
running install_egg_info
Copying ../../build/robot_motion_control/robot_motion_control.egg-info to /home/luz/Escritorio/Robotica/week9/mobile_control_ws/install/robot_motion_control/lib/python3.10/site-packages/robot_motion_control-0.0.0-py3.10.egg-info
running install_scripts
Installing control_robot script to /home/luz/Escritorio/Robotica/week9/mobile_control_ws/install/robot_motion_control/lib/robot_motion_control
Installing read_lidar script to /home/luz/Escritorio/Robotica/week9/mobile_control_ws/install/robot_motion_control/lib/robot_motion_control
writing list of installed files to '/home/luz/Escritorio/Robotica/week9/mobile_control_ws/build/robot_motion_control/install.log'
