running egg_info
creating ../../build/pata_perro_pkg/pata_perro_pkg.egg-info
writing ../../build/pata_perro_pkg/pata_perro_pkg.egg-info/PKG-INFO
writing dependency_links to ../../build/pata_perro_pkg/pata_perro_pkg.egg-info/dependency_links.txt
writing entry points to ../../build/pata_perro_pkg/pata_perro_pkg.egg-info/entry_points.txt
writing requirements to ../../build/pata_perro_pkg/pata_perro_pkg.egg-info/requires.txt
writing top-level names to ../../build/pata_perro_pkg/pata_perro_pkg.egg-info/top_level.txt
writing manifest file '../../build/pata_perro_pkg/pata_perro_pkg.egg-info/SOURCES.txt'
reading manifest file '../../build/pata_perro_pkg/pata_perro_pkg.egg-info/SOURCES.txt'
adding license file 'LICENSE'
writing manifest file '../../build/pata_perro_pkg/pata_perro_pkg.egg-info/SOURCES.txt'
running build
running build_py
creating /home/luz/Escritorio/Robotica/week4/lab3_2_ws/build/pata_perro_pkg/build
creating /home/luz/Escritorio/Robotica/week4/lab3_2_ws/build/pata_perro_pkg/build/lib
creating /home/luz/Escritorio/Robotica/week4/lab3_2_ws/build/pata_perro_pkg/build/lib/pata_perro_pkg
copying pata_perro_pkg/__init__.py -> /home/luz/Escritorio/Robotica/week4/lab3_2_ws/build/pata_perro_pkg/build/lib/pata_perro_pkg
running install
running install_lib
creating /home/luz/Escritorio/Robotica/week4/lab3_2_ws/install/pata_perro_pkg/lib/python3.10/site-packages/pata_perro_pkg
copying /home/luz/Escritorio/Robotica/week4/lab3_2_ws/build/pata_perro_pkg/build/lib/pata_perro_pkg/__init__.py -> /home/luz/Escritorio/Robotica/week4/lab3_2_ws/install/pata_perro_pkg/lib/python3.10/site-packages/pata_perro_pkg
byte-compiling /home/luz/Escritorio/Robotica/week4/lab3_2_ws/install/pata_perro_pkg/lib/python3.10/site-packages/pata_perro_pkg/__init__.py to __init__.cpython-310.pyc
running install_data
creating /home/luz/Escritorio/Robotica/week4/lab3_2_ws/install/pata_perro_pkg/share/ament_index
creating /home/luz/Escritorio/Robotica/week4/lab3_2_ws/install/pata_perro_pkg/share/ament_index/resource_index
creating /home/luz/Escritorio/Robotica/week4/lab3_2_ws/install/pata_perro_pkg/share/ament_index/resource_index/packages
copying resource/pata_perro_pkg -> /home/luz/Escritorio/Robotica/week4/lab3_2_ws/install/pata_perro_pkg/share/ament_index/resource_index/packages
copying package.xml -> /home/luz/Escritorio/Robotica/week4/lab3_2_ws/install/pata_perro_pkg/share/pata_perro_pkg
running install_egg_info
Copying ../../build/pata_perro_pkg/pata_perro_pkg.egg-info to /home/luz/Escritorio/Robotica/week4/lab3_2_ws/install/pata_perro_pkg/lib/python3.10/site-packages/pata_perro_pkg-0.0.0-py3.10.egg-info
running install_scripts
writing list of installed files to '/home/luz/Escritorio/Robotica/week4/lab3_2_ws/build/pata_perro_pkg/install.log'
