[0.409s] Invoking command in '/home/luz/Escritorio/Robotica/week4/lab3_2_ws/src/pata_perro_pkg': PYTHONPATH=/home/luz/Escritorio/Robotica/week4/lab3_2_ws/build/pata_perro_pkg/prefix_override:/usr/lib/python3/dist-packages/colcon_core/task/python/colcon_distutils_commands:/home/luz/Escritorio/Robotica/week4/lab3_2_ws/install/pata_perro_pkg/lib/python3.10/site-packages:${PYTHONPATH} /usr/bin/python3 -W ignore:setup.py install is deprecated -W ignore:easy_install command is deprecated setup.py egg_info --egg-base ../../build/pata_perro_pkg build --build-base /home/luz/Escritorio/Robotica/week4/lab3_2_ws/build/pata_perro_pkg/build install --record /home/luz/Escritorio/Robotica/week4/lab3_2_ws/build/pata_perro_pkg/install.log --single-version-externally-managed install_data
[0.553s] running egg_info
[0.554s] creating ../../build/pata_perro_pkg/pata_perro_pkg.egg-info
[0.554s] writing ../../build/pata_perro_pkg/pata_perro_pkg.egg-info/PKG-INFO
[0.554s] writing dependency_links to ../../build/pata_perro_pkg/pata_perro_pkg.egg-info/dependency_links.txt
[0.554s] writing entry points to ../../build/pata_perro_pkg/pata_perro_pkg.egg-info/entry_points.txt
[0.554s] writing requirements to ../../build/pata_perro_pkg/pata_perro_pkg.egg-info/requires.txt
[0.554s] writing top-level names to ../../build/pata_perro_pkg/pata_perro_pkg.egg-info/top_level.txt
[0.554s] writing manifest file '../../build/pata_perro_pkg/pata_perro_pkg.egg-info/SOURCES.txt'
[0.555s] reading manifest file '../../build/pata_perro_pkg/pata_perro_pkg.egg-info/SOURCES.txt'
[0.555s] adding license file 'LICENSE'
[0.556s] writing manifest file '../../build/pata_perro_pkg/pata_perro_pkg.egg-info/SOURCES.txt'
[0.556s] running build
[0.556s] running build_py
[0.556s] creating /home/luz/Escritorio/Robotica/week4/lab3_2_ws/build/pata_perro_pkg/build
[0.556s] creating /home/luz/Escritorio/Robotica/week4/lab3_2_ws/build/pata_perro_pkg/build/lib
[0.556s] creating /home/luz/Escritorio/Robotica/week4/lab3_2_ws/build/pata_perro_pkg/build/lib/pata_perro_pkg
[0.556s] copying pata_perro_pkg/__init__.py -> /home/luz/Escritorio/Robotica/week4/lab3_2_ws/build/pata_perro_pkg/build/lib/pata_perro_pkg
[0.556s] running install
[0.557s] running install_lib
[0.557s] creating /home/luz/Escritorio/Robotica/week4/lab3_2_ws/install/pata_perro_pkg/lib/python3.10/site-packages/pata_perro_pkg
[0.557s] copying /home/luz/Escritorio/Robotica/week4/lab3_2_ws/build/pata_perro_pkg/build/lib/pata_perro_pkg/__init__.py -> /home/luz/Escritorio/Robotica/week4/lab3_2_ws/install/pata_perro_pkg/lib/python3.10/site-packages/pata_perro_pkg
[0.558s] byte-compiling /home/luz/Escritorio/Robotica/week4/lab3_2_ws/install/pata_perro_pkg/lib/python3.10/site-packages/pata_perro_pkg/__init__.py to __init__.cpython-310.pyc
[0.558s] running install_data
[0.558s] creating /home/luz/Escritorio/Robotica/week4/lab3_2_ws/install/pata_perro_pkg/share/ament_index
[0.558s] creating /home/luz/Escritorio/Robotica/week4/lab3_2_ws/install/pata_perro_pkg/share/ament_index/resource_index
[0.558s] creating /home/luz/Escritorio/Robotica/week4/lab3_2_ws/install/pata_perro_pkg/share/ament_index/resource_index/packages
[0.558s] copying resource/pata_perro_pkg -> /home/luz/Escritorio/Robotica/week4/lab3_2_ws/install/pata_perro_pkg/share/ament_index/resource_index/packages
[0.558s] copying package.xml -> /home/luz/Escritorio/Robotica/week4/lab3_2_ws/install/pata_perro_pkg/share/pata_perro_pkg
[0.558s] running install_egg_info
[0.560s] Copying ../../build/pata_perro_pkg/pata_perro_pkg.egg-info to /home/luz/Escritorio/Robotica/week4/lab3_2_ws/install/pata_perro_pkg/lib/python3.10/site-packages/pata_perro_pkg-0.0.0-py3.10.egg-info
[0.560s] running install_scripts
[0.574s] writing list of installed files to '/home/luz/Escritorio/Robotica/week4/lab3_2_ws/build/pata_perro_pkg/install.log'
[0.589s] Invoked command in '/home/luz/Escritorio/Robotica/week4/lab3_2_ws/src/pata_perro_pkg' returned '0': PYTHONPATH=/home/luz/Escritorio/Robotica/week4/lab3_2_ws/build/pata_perro_pkg/prefix_override:/usr/lib/python3/dist-packages/colcon_core/task/python/colcon_distutils_commands:/home/luz/Escritorio/Robotica/week4/lab3_2_ws/install/pata_perro_pkg/lib/python3.10/site-packages:${PYTHONPATH} /usr/bin/python3 -W ignore:setup.py install is deprecated -W ignore:easy_install command is deprecated setup.py egg_info --egg-base ../../build/pata_perro_pkg build --build-base /home/luz/Escritorio/Robotica/week4/lab3_2_ws/build/pata_perro_pkg/build install --record /home/luz/Escritorio/Robotica/week4/lab3_2_ws/build/pata_perro_pkg/install.log --single-version-externally-managed install_data
