running egg_info
creating ../../build/lab_p_ps_s/lab_p_ps_s.egg-info
writing ../../build/lab_p_ps_s/lab_p_ps_s.egg-info/PKG-INFO
writing dependency_links to ../../build/lab_p_ps_s/lab_p_ps_s.egg-info/dependency_links.txt
writing entry points to ../../build/lab_p_ps_s/lab_p_ps_s.egg-info/entry_points.txt
writing requirements to ../../build/lab_p_ps_s/lab_p_ps_s.egg-info/requires.txt
writing top-level names to ../../build/lab_p_ps_s/lab_p_ps_s.egg-info/top_level.txt
writing manifest file '../../build/lab_p_ps_s/lab_p_ps_s.egg-info/SOURCES.txt'
reading manifest file '../../build/lab_p_ps_s/lab_p_ps_s.egg-info/SOURCES.txt'
adding license file 'LICENSE'
writing manifest file '../../build/lab_p_ps_s/lab_p_ps_s.egg-info/SOURCES.txt'
running build
running build_py
creating /home/luz/Escritorio/Robotica/week2/lab1ej2_ws/build/lab_p_ps_s/build
creating /home/luz/Escritorio/Robotica/week2/lab1ej2_ws/build/lab_p_ps_s/build/lib
creating /home/luz/Escritorio/Robotica/week2/lab1ej2_ws/build/lab_p_ps_s/build/lib/lab_p_ps_s
copying lab_p_ps_s/__init__.py -> /home/luz/Escritorio/Robotica/week2/lab1ej2_ws/build/lab_p_ps_s/build/lib/lab_p_ps_s
running install
running install_lib
creating /home/luz/Escritorio/Robotica/week2/lab1ej2_ws/install/lab_p_ps_s/lib/python3.10/site-packages/lab_p_ps_s
copying /home/luz/Escritorio/Robotica/week2/lab1ej2_ws/build/lab_p_ps_s/build/lib/lab_p_ps_s/__init__.py -> /home/luz/Escritorio/Robotica/week2/lab1ej2_ws/install/lab_p_ps_s/lib/python3.10/site-packages/lab_p_ps_s
byte-compiling /home/luz/Escritorio/Robotica/week2/lab1ej2_ws/install/lab_p_ps_s/lib/python3.10/site-packages/lab_p_ps_s/__init__.py to __init__.cpython-310.pyc
running install_data
creating /home/luz/Escritorio/Robotica/week2/lab1ej2_ws/install/lab_p_ps_s/share/ament_index
creating /home/luz/Escritorio/Robotica/week2/lab1ej2_ws/install/lab_p_ps_s/share/ament_index/resource_index
creating /home/luz/Escritorio/Robotica/week2/lab1ej2_ws/install/lab_p_ps_s/share/ament_index/resource_index/packages
copying resource/lab_p_ps_s -> /home/luz/Escritorio/Robotica/week2/lab1ej2_ws/install/lab_p_ps_s/share/ament_index/resource_index/packages
copying package.xml -> /home/luz/Escritorio/Robotica/week2/lab1ej2_ws/install/lab_p_ps_s/share/lab_p_ps_s
running install_egg_info
Copying ../../build/lab_p_ps_s/lab_p_ps_s.egg-info to /home/luz/Escritorio/Robotica/week2/lab1ej2_ws/install/lab_p_ps_s/lib/python3.10/site-packages/lab_p_ps_s-0.0.0-py3.10.egg-info
running install_scripts
writing list of installed files to '/home/luz/Escritorio/Robotica/week2/lab1ej2_ws/build/lab_p_ps_s/install.log'
