[0.358s] Invoking command in '/home/luz/Escritorio/Robotica/week2/lab1ej2_ws/src/lab_p_ps_s': PYTHONPATH=/home/luz/Escritorio/Robotica/week2/lab1ej2_ws/build/lab_p_ps_s/prefix_override:/usr/lib/python3/dist-packages/colcon_core/task/python/colcon_distutils_commands:/home/luz/Escritorio/Robotica/week2/lab1ej2_ws/install/lab_p_ps_s/lib/python3.10/site-packages:${PYTHONPATH} /usr/bin/python3 -W ignore:setup.py install is deprecated -W ignore:easy_install command is deprecated setup.py egg_info --egg-base ../../build/lab_p_ps_s build --build-base /home/luz/Escritorio/Robotica/week2/lab1ej2_ws/build/lab_p_ps_s/build install --record /home/luz/Escritorio/Robotica/week2/lab1ej2_ws/build/lab_p_ps_s/install.log --single-version-externally-managed install_data
[0.496s] running egg_info
[0.496s] creating ../../build/lab_p_ps_s/lab_p_ps_s.egg-info
[0.497s] writing ../../build/lab_p_ps_s/lab_p_ps_s.egg-info/PKG-INFO
[0.497s] writing dependency_links to ../../build/lab_p_ps_s/lab_p_ps_s.egg-info/dependency_links.txt
[0.497s] writing entry points to ../../build/lab_p_ps_s/lab_p_ps_s.egg-info/entry_points.txt
[0.497s] writing requirements to ../../build/lab_p_ps_s/lab_p_ps_s.egg-info/requires.txt
[0.497s] writing top-level names to ../../build/lab_p_ps_s/lab_p_ps_s.egg-info/top_level.txt
[0.497s] writing manifest file '../../build/lab_p_ps_s/lab_p_ps_s.egg-info/SOURCES.txt'
[0.498s] reading manifest file '../../build/lab_p_ps_s/lab_p_ps_s.egg-info/SOURCES.txt'
[0.498s] adding license file 'LICENSE'
[0.498s] writing manifest file '../../build/lab_p_ps_s/lab_p_ps_s.egg-info/SOURCES.txt'
[0.498s] running build
[0.498s] running build_py
[0.498s] creating /home/luz/Escritorio/Robotica/week2/lab1ej2_ws/build/lab_p_ps_s/build
[0.498s] creating /home/luz/Escritorio/Robotica/week2/lab1ej2_ws/build/lab_p_ps_s/build/lib
[0.498s] creating /home/luz/Escritorio/Robotica/week2/lab1ej2_ws/build/lab_p_ps_s/build/lib/lab_p_ps_s
[0.498s] copying lab_p_ps_s/__init__.py -> /home/luz/Escritorio/Robotica/week2/lab1ej2_ws/build/lab_p_ps_s/build/lib/lab_p_ps_s
[0.498s] running install
[0.499s] running install_lib
[0.499s] creating /home/luz/Escritorio/Robotica/week2/lab1ej2_ws/install/lab_p_ps_s/lib/python3.10/site-packages/lab_p_ps_s
[0.499s] copying /home/luz/Escritorio/Robotica/week2/lab1ej2_ws/build/lab_p_ps_s/build/lib/lab_p_ps_s/__init__.py -> /home/luz/Escritorio/Robotica/week2/lab1ej2_ws/install/lab_p_ps_s/lib/python3.10/site-packages/lab_p_ps_s
[0.499s] byte-compiling /home/luz/Escritorio/Robotica/week2/lab1ej2_ws/install/lab_p_ps_s/lib/python3.10/site-packages/lab_p_ps_s/__init__.py to __init__.cpython-310.pyc
[0.499s] running install_data
[0.499s] creating /home/luz/Escritorio/Robotica/week2/lab1ej2_ws/install/lab_p_ps_s/share/ament_index
[0.500s] creating /home/luz/Escritorio/Robotica/week2/lab1ej2_ws/install/lab_p_ps_s/share/ament_index/resource_index
[0.500s] creating /home/luz/Escritorio/Robotica/week2/lab1ej2_ws/install/lab_p_ps_s/share/ament_index/resource_index/packages
[0.500s] copying resource/lab_p_ps_s -> /home/luz/Escritorio/Robotica/week2/lab1ej2_ws/install/lab_p_ps_s/share/ament_index/resource_index/packages
[0.500s] copying package.xml -> /home/luz/Escritorio/Robotica/week2/lab1ej2_ws/install/lab_p_ps_s/share/lab_p_ps_s
[0.500s] running install_egg_info
[0.501s] Copying ../../build/lab_p_ps_s/lab_p_ps_s.egg-info to /home/luz/Escritorio/Robotica/week2/lab1ej2_ws/install/lab_p_ps_s/lib/python3.10/site-packages/lab_p_ps_s-0.0.0-py3.10.egg-info
[0.501s] running install_scripts
[0.515s] writing list of installed files to '/home/luz/Escritorio/Robotica/week2/lab1ej2_ws/build/lab_p_ps_s/install.log'
[0.531s] Invoked command in '/home/luz/Escritorio/Robotica/week2/lab1ej2_ws/src/lab_p_ps_s' returned '0': PYTHONPATH=/home/luz/Escritorio/Robotica/week2/lab1ej2_ws/build/lab_p_ps_s/prefix_override:/usr/lib/python3/dist-packages/colcon_core/task/python/colcon_distutils_commands:/home/luz/Escritorio/Robotica/week2/lab1ej2_ws/install/lab_p_ps_s/lib/python3.10/site-packages:${PYTHONPATH} /usr/bin/python3 -W ignore:setup.py install is deprecated -W ignore:easy_install command is deprecated setup.py egg_info --egg-base ../../build/lab_p_ps_s build --build-base /home/luz/Escritorio/Robotica/week2/lab1ej2_ws/build/lab_p_ps_s/build install --record /home/luz/Escritorio/Robotica/week2/lab1ej2_ws/build/lab_p_ps_s/install.log --single-version-externally-managed install_data
