[0.365s] Invoking command in '/home/luz/Escritorio/Robotica/week3/lab2_ws/src/rotations_pkg': PYTHONPATH=/home/luz/Escritorio/Robotica/week3/lab2_ws/build/rotations_pkg/prefix_override:/usr/lib/python3/dist-packages/colcon_core/task/python/colcon_distutils_commands:/home/luz/Escritorio/Robotica/week3/lab2_ws/install/rotations_pkg/lib/python3.10/site-packages:${PYTHONPATH} /usr/bin/python3 -W ignore:setup.py install is deprecated -W ignore:easy_install command is deprecated setup.py egg_info --egg-base ../../build/rotations_pkg build --build-base /home/luz/Escritorio/Robotica/week3/lab2_ws/build/rotations_pkg/build install --record /home/luz/Escritorio/Robotica/week3/lab2_ws/build/rotations_pkg/install.log --single-version-externally-managed install_data
[0.504s] running egg_info
[0.504s] creating ../../build/rotations_pkg/rotations_pkg.egg-info
[0.504s] writing ../../build/rotations_pkg/rotations_pkg.egg-info/PKG-INFO
[0.504s] writing dependency_links to ../../build/rotations_pkg/rotations_pkg.egg-info/dependency_links.txt
[0.504s] writing entry points to ../../build/rotations_pkg/rotations_pkg.egg-info/entry_points.txt
[0.504s] writing requirements to ../../build/rotations_pkg/rotations_pkg.egg-info/requires.txt
[0.504s] writing top-level names to ../../build/rotations_pkg/rotations_pkg.egg-info/top_level.txt
[0.504s] writing manifest file '../../build/rotations_pkg/rotations_pkg.egg-info/SOURCES.txt'
[0.505s] reading manifest file '../../build/rotations_pkg/rotations_pkg.egg-info/SOURCES.txt'
[0.505s] adding license file 'LICENSE'
[0.506s] writing manifest file '../../build/rotations_pkg/rotations_pkg.egg-info/SOURCES.txt'
[0.506s] running build
[0.506s] running build_py
[0.506s] creating /home/luz/Escritorio/Robotica/week3/lab2_ws/build/rotations_pkg/build
[0.506s] creating /home/luz/Escritorio/Robotica/week3/lab2_ws/build/rotations_pkg/build/lib
[0.506s] creating /home/luz/Escritorio/Robotica/week3/lab2_ws/build/rotations_pkg/build/lib/rotations_pkg
[0.506s] copying rotations_pkg/__init__.py -> /home/luz/Escritorio/Robotica/week3/lab2_ws/build/rotations_pkg/build/lib/rotations_pkg
[0.506s] running install
[0.506s] running install_lib
[0.507s] creating /home/luz/Escritorio/Robotica/week3/lab2_ws/install/rotations_pkg/lib/python3.10/site-packages/rotations_pkg
[0.507s] copying /home/luz/Escritorio/Robotica/week3/lab2_ws/build/rotations_pkg/build/lib/rotations_pkg/__init__.py -> /home/luz/Escritorio/Robotica/week3/lab2_ws/install/rotations_pkg/lib/python3.10/site-packages/rotations_pkg
[0.507s] byte-compiling /home/luz/Escritorio/Robotica/week3/lab2_ws/install/rotations_pkg/lib/python3.10/site-packages/rotations_pkg/__init__.py to __init__.cpython-310.pyc
[0.507s] running install_data
[0.507s] creating /home/luz/Escritorio/Robotica/week3/lab2_ws/install/rotations_pkg/share/ament_index
[0.507s] creating /home/luz/Escritorio/Robotica/week3/lab2_ws/install/rotations_pkg/share/ament_index/resource_index
[0.507s] creating /home/luz/Escritorio/Robotica/week3/lab2_ws/install/rotations_pkg/share/ament_index/resource_index/packages
[0.507s] copying resource/rotations_pkg -> /home/luz/Escritorio/Robotica/week3/lab2_ws/install/rotations_pkg/share/ament_index/resource_index/packages
[0.507s] copying package.xml -> /home/luz/Escritorio/Robotica/week3/lab2_ws/install/rotations_pkg/share/rotations_pkg
[0.507s] running install_egg_info
[0.508s] Copying ../../build/rotations_pkg/rotations_pkg.egg-info to /home/luz/Escritorio/Robotica/week3/lab2_ws/install/rotations_pkg/lib/python3.10/site-packages/rotations_pkg-0.0.0-py3.10.egg-info
[0.508s] running install_scripts
[0.522s] writing list of installed files to '/home/luz/Escritorio/Robotica/week3/lab2_ws/build/rotations_pkg/install.log'
[0.539s] Invoked command in '/home/luz/Escritorio/Robotica/week3/lab2_ws/src/rotations_pkg' returned '0': PYTHONPATH=/home/luz/Escritorio/Robotica/week3/lab2_ws/build/rotations_pkg/prefix_override:/usr/lib/python3/dist-packages/colcon_core/task/python/colcon_distutils_commands:/home/luz/Escritorio/Robotica/week3/lab2_ws/install/rotations_pkg/lib/python3.10/site-packages:${PYTHONPATH} /usr/bin/python3 -W ignore:setup.py install is deprecated -W ignore:easy_install command is deprecated setup.py egg_info --egg-base ../../build/rotations_pkg build --build-base /home/luz/Escritorio/Robotica/week3/lab2_ws/build/rotations_pkg/build install --record /home/luz/Escritorio/Robotica/week3/lab2_ws/build/rotations_pkg/install.log --single-version-externally-managed install_data
