running egg_info
creating ../../build/lab_pubsub/lab_pubsub.egg-info
writing ../../build/lab_pubsub/lab_pubsub.egg-info/PKG-INFO
writing dependency_links to ../../build/lab_pubsub/lab_pubsub.egg-info/dependency_links.txt
writing entry points to ../../build/lab_pubsub/lab_pubsub.egg-info/entry_points.txt
writing requirements to ../../build/lab_pubsub/lab_pubsub.egg-info/requires.txt
writing top-level names to ../../build/lab_pubsub/lab_pubsub.egg-info/top_level.txt
writing manifest file '../../build/lab_pubsub/lab_pubsub.egg-info/SOURCES.txt'
reading manifest file '../../build/lab_pubsub/lab_pubsub.egg-info/SOURCES.txt'
adding license file 'LICENSE'
writing manifest file '../../build/lab_pubsub/lab_pubsub.egg-info/SOURCES.txt'
running build
running build_py
creating /home/luz/Escritorio/Robotica/week2/lab1_ws/build/lab_pubsub/build
creating /home/luz/Escritorio/Robotica/week2/lab1_ws/build/lab_pubsub/build/lib
creating /home/luz/Escritorio/Robotica/week2/lab1_ws/build/lab_pubsub/build/lib/lab_pubsub
copying lab_pubsub/__init__.py -> /home/luz/Escritorio/Robotica/week2/lab1_ws/build/lab_pubsub/build/lib/lab_pubsub
running install
running install_lib
creating /home/luz/Escritorio/Robotica/week2/lab1_ws/install/lab_pubsub/lib/python3.10/site-packages/lab_pubsub
copying /home/luz/Escritorio/Robotica/week2/lab1_ws/build/lab_pubsub/build/lib/lab_pubsub/__init__.py -> /home/luz/Escritorio/Robotica/week2/lab1_ws/install/lab_pubsub/lib/python3.10/site-packages/lab_pubsub
byte-compiling /home/luz/Escritorio/Robotica/week2/lab1_ws/install/lab_pubsub/lib/python3.10/site-packages/lab_pubsub/__init__.py to __init__.cpython-310.pyc
running install_data
creating /home/luz/Escritorio/Robotica/week2/lab1_ws/install/lab_pubsub/share/ament_index
creating /home/luz/Escritorio/Robotica/week2/lab1_ws/install/lab_pubsub/share/ament_index/resource_index
creating /home/luz/Escritorio/Robotica/week2/lab1_ws/install/lab_pubsub/share/ament_index/resource_index/packages
copying resource/lab_pubsub -> /home/luz/Escritorio/Robotica/week2/lab1_ws/install/lab_pubsub/share/ament_index/resource_index/packages
copying package.xml -> /home/luz/Escritorio/Robotica/week2/lab1_ws/install/lab_pubsub/share/lab_pubsub
running install_egg_info
Copying ../../build/lab_pubsub/lab_pubsub.egg-info to /home/luz/Escritorio/Robotica/week2/lab1_ws/install/lab_pubsub/lib/python3.10/site-packages/lab_pubsub-0.0.0-py3.10.egg-info
running install_scripts
writing list of installed files to '/home/luz/Escritorio/Robotica/week2/lab1_ws/build/lab_pubsub/install.log'
