[0.358s] Invoking command in '/home/luz/Escritorio/Robotica/week2/lab1_ws/src/lab_pubsub': PYTHONPATH=/home/luz/Escritorio/Robotica/week2/lab1_ws/build/lab_pubsub/prefix_override:/usr/lib/python3/dist-packages/colcon_core/task/python/colcon_distutils_commands:/home/luz/Escritorio/Robotica/week2/lab1_ws/install/lab_pubsub/lib/python3.10/site-packages:${PYTHONPATH} /usr/bin/python3 -W ignore:setup.py install is deprecated -W ignore:easy_install command is deprecated setup.py egg_info --egg-base ../../build/lab_pubsub build --build-base /home/luz/Escritorio/Robotica/week2/lab1_ws/build/lab_pubsub/build install --record /home/luz/Escritorio/Robotica/week2/lab1_ws/build/lab_pubsub/install.log --single-version-externally-managed install_data
[0.499s] running egg_info
[0.500s] creating ../../build/lab_pubsub/lab_pubsub.egg-info
[0.500s] writing ../../build/lab_pubsub/lab_pubsub.egg-info/PKG-INFO
[0.500s] writing dependency_links to ../../build/lab_pubsub/lab_pubsub.egg-info/dependency_links.txt
[0.500s] writing entry points to ../../build/lab_pubsub/lab_pubsub.egg-info/entry_points.txt
[0.500s] writing requirements to ../../build/lab_pubsub/lab_pubsub.egg-info/requires.txt
[0.500s] writing top-level names to ../../build/lab_pubsub/lab_pubsub.egg-info/top_level.txt
[0.500s] writing manifest file '../../build/lab_pubsub/lab_pubsub.egg-info/SOURCES.txt'
[0.501s] reading manifest file '../../build/lab_pubsub/lab_pubsub.egg-info/SOURCES.txt'
[0.501s] adding license file 'LICENSE'
[0.501s] writing manifest file '../../build/lab_pubsub/lab_pubsub.egg-info/SOURCES.txt'
[0.502s] running build
[0.502s] running build_py
[0.502s] creating /home/luz/Escritorio/Robotica/week2/lab1_ws/build/lab_pubsub/build
[0.502s] creating /home/luz/Escritorio/Robotica/week2/lab1_ws/build/lab_pubsub/build/lib
[0.502s] creating /home/luz/Escritorio/Robotica/week2/lab1_ws/build/lab_pubsub/build/lib/lab_pubsub
[0.502s] copying lab_pubsub/__init__.py -> /home/luz/Escritorio/Robotica/week2/lab1_ws/build/lab_pubsub/build/lib/lab_pubsub
[0.502s] running install
[0.502s] running install_lib
[0.502s] creating /home/luz/Escritorio/Robotica/week2/lab1_ws/install/lab_pubsub/lib/python3.10/site-packages/lab_pubsub
[0.503s] copying /home/luz/Escritorio/Robotica/week2/lab1_ws/build/lab_pubsub/build/lib/lab_pubsub/__init__.py -> /home/luz/Escritorio/Robotica/week2/lab1_ws/install/lab_pubsub/lib/python3.10/site-packages/lab_pubsub
[0.503s] byte-compiling /home/luz/Escritorio/Robotica/week2/lab1_ws/install/lab_pubsub/lib/python3.10/site-packages/lab_pubsub/__init__.py to __init__.cpython-310.pyc
[0.503s] running install_data
[0.503s] creating /home/luz/Escritorio/Robotica/week2/lab1_ws/install/lab_pubsub/share/ament_index
[0.503s] creating /home/luz/Escritorio/Robotica/week2/lab1_ws/install/lab_pubsub/share/ament_index/resource_index
[0.503s] creating /home/luz/Escritorio/Robotica/week2/lab1_ws/install/lab_pubsub/share/ament_index/resource_index/packages
[0.503s] copying resource/lab_pubsub -> /home/luz/Escritorio/Robotica/week2/lab1_ws/install/lab_pubsub/share/ament_index/resource_index/packages
[0.503s] copying package.xml -> /home/luz/Escritorio/Robotica/week2/lab1_ws/install/lab_pubsub/share/lab_pubsub
[0.503s] running install_egg_info
[0.504s] Copying ../../build/lab_pubsub/lab_pubsub.egg-info to /home/luz/Escritorio/Robotica/week2/lab1_ws/install/lab_pubsub/lib/python3.10/site-packages/lab_pubsub-0.0.0-py3.10.egg-info
[0.504s] running install_scripts
[0.519s] writing list of installed files to '/home/luz/Escritorio/Robotica/week2/lab1_ws/build/lab_pubsub/install.log'
[0.535s] Invoked command in '/home/luz/Escritorio/Robotica/week2/lab1_ws/src/lab_pubsub' returned '0': PYTHONPATH=/home/luz/Escritorio/Robotica/week2/lab1_ws/build/lab_pubsub/prefix_override:/usr/lib/python3/dist-packages/colcon_core/task/python/colcon_distutils_commands:/home/luz/Escritorio/Robotica/week2/lab1_ws/install/lab_pubsub/lib/python3.10/site-packages:${PYTHONPATH} /usr/bin/python3 -W ignore:setup.py install is deprecated -W ignore:easy_install command is deprecated setup.py egg_info --egg-base ../../build/lab_pubsub build --build-base /home/luz/Escritorio/Robotica/week2/lab1_ws/build/lab_pubsub/build install --record /home/luz/Escritorio/Robotica/week2/lab1_ws/build/lab_pubsub/install.log --single-version-externally-managed install_data
