[0.160s] Invoking command in '/home/luz/Escritorio/ucbrob_ws/build/ucb_interfaces': CMAKE_PREFIX_PATH=/home/luz/Escritorio/ucbrob_ws/install/pubsub_py:/opt/ros/humble /usr/bin/cmake /home/luz/Escritorio/ucbrob_ws/src/ucb_interfaces -DCMAKE_INSTALL_PREFIX=/home/luz/Escritorio/ucbrob_ws/install/ucb_interfaces
[0.321s] -- The C compiler identification is GNU 11.4.0
[0.449s] -- The CXX compiler identification is GNU 11.4.0
[0.460s] -- Detecting C compiler ABI info
[0.537s] -- Detecting C compiler ABI info - done
[0.545s] -- Check for working C compiler: /usr/bin/cc - skipped
[0.546s] -- Detecting C compile features
[0.546s] -- Detecting C compile features - done
[0.550s] -- Detecting CXX compiler ABI info
[0.657s] -- Detecting CXX compiler ABI info - done
[0.662s] -- Check for working CXX compiler: /usr/bin/c++ - skipped
[0.662s] -- Detecting CXX compile features
[0.663s] -- Detecting CXX compile features - done
[0.670s] -- Found ament_cmake: 1.3.12 (/opt/ros/humble/share/ament_cmake/cmake)
[0.805s] -- Found Python3: /usr/bin/python3 (found version "3.10.12") found components: Interpreter 
[0.891s] -- Found ament_lint_auto: 0.12.14 (/opt/ros/humble/share/ament_lint_auto/cmake)
[0.951s] -- Added test 'lint_cmake' to check CMake code style
[0.952s] -- Added test 'xmllint' to check XML markup files
[0.954s] -- Configuring done
[0.956s] -- Generating done
[0.958s] -- Build files have been written to: /home/luz/Escritorio/ucbrob_ws/build/ucb_interfaces
[0.963s] Invoked command in '/home/luz/Escritorio/ucbrob_ws/build/ucb_interfaces' returned '0': CMAKE_PREFIX_PATH=/home/luz/Escritorio/ucbrob_ws/install/pubsub_py:/opt/ros/humble /usr/bin/cmake /home/luz/Escritorio/ucbrob_ws/src/ucb_interfaces -DCMAKE_INSTALL_PREFIX=/home/luz/Escritorio/ucbrob_ws/install/ucb_interfaces
[0.963s] Invoking command in '/home/luz/Escritorio/ucbrob_ws/build/ucb_interfaces': CMAKE_PREFIX_PATH=/home/luz/Escritorio/ucbrob_ws/install/pubsub_py:/opt/ros/humble /usr/bin/cmake --build /home/luz/Escritorio/ucbrob_ws/build/ucb_interfaces -- -j12 -l12
[1.007s] Invoked command in '/home/luz/Escritorio/ucbrob_ws/build/ucb_interfaces' returned '0': CMAKE_PREFIX_PATH=/home/luz/Escritorio/ucbrob_ws/install/pubsub_py:/opt/ros/humble /usr/bin/cmake --build /home/luz/Escritorio/ucbrob_ws/build/ucb_interfaces -- -j12 -l12
[1.018s] Invoking command in '/home/luz/Escritorio/ucbrob_ws/build/ucb_interfaces': CMAKE_PREFIX_PATH=/home/luz/Escritorio/ucbrob_ws/install/pubsub_py:/opt/ros/humble /usr/bin/cmake --install /home/luz/Escritorio/ucbrob_ws/build/ucb_interfaces
[1.028s] -- Install configuration: ""
[1.028s] -- Installing: /home/luz/Escritorio/ucbrob_ws/install/ucb_interfaces/share/ament_index/resource_index/package_run_dependencies/ucb_interfaces
[1.028s] -- Installing: /home/luz/Escritorio/ucbrob_ws/install/ucb_interfaces/share/ament_index/resource_index/parent_prefix_path/ucb_interfaces
[1.028s] -- Installing: /home/luz/Escritorio/ucbrob_ws/install/ucb_interfaces/share/ucb_interfaces/environment/ament_prefix_path.sh
[1.028s] -- Installing: /home/luz/Escritorio/ucbrob_ws/install/ucb_interfaces/share/ucb_interfaces/environment/ament_prefix_path.dsv
[1.028s] -- Installing: /home/luz/Escritorio/ucbrob_ws/install/ucb_interfaces/share/ucb_interfaces/environment/path.sh
[1.028s] -- Installing: /home/luz/Escritorio/ucbrob_ws/install/ucb_interfaces/share/ucb_interfaces/environment/path.dsv
[1.028s] -- Installing: /home/luz/Escritorio/ucbrob_ws/install/ucb_interfaces/share/ucb_interfaces/local_setup.bash
[1.029s] -- Installing: /home/luz/Escritorio/ucbrob_ws/install/ucb_interfaces/share/ucb_interfaces/local_setup.sh
[1.029s] -- Installing: /home/luz/Escritorio/ucbrob_ws/install/ucb_interfaces/share/ucb_interfaces/local_setup.zsh
[1.029s] -- Installing: /home/luz/Escritorio/ucbrob_ws/install/ucb_interfaces/share/ucb_interfaces/local_setup.dsv
[1.029s] -- Installing: /home/luz/Escritorio/ucbrob_ws/install/ucb_interfaces/share/ucb_interfaces/package.dsv
[1.029s] -- Installing: /home/luz/Escritorio/ucbrob_ws/install/ucb_interfaces/share/ament_index/resource_index/packages/ucb_interfaces
[1.029s] -- Installing: /home/luz/Escritorio/ucbrob_ws/install/ucb_interfaces/share/ucb_interfaces/cmake/ucb_interfacesConfig.cmake
[1.029s] -- Installing: /home/luz/Escritorio/ucbrob_ws/install/ucb_interfaces/share/ucb_interfaces/cmake/ucb_interfacesConfig-version.cmake
[1.029s] -- Installing: /home/luz/Escritorio/ucbrob_ws/install/ucb_interfaces/share/ucb_interfaces/package.xml
[1.032s] Invoked command in '/home/luz/Escritorio/ucbrob_ws/build/ucb_interfaces' returned '0': CMAKE_PREFIX_PATH=/home/luz/Escritorio/ucbrob_ws/install/pubsub_py:/opt/ros/humble /usr/bin/cmake --install /home/luz/Escritorio/ucbrob_ws/build/ucb_interfaces
