[0.013s] Invoking command in '/home/luz/Escritorio/Robotica/week9/ros2_ws/build/navigation_tb3': CMAKE_PREFIX_PATH=/home/luz/Escritorio/Robotica/week9/ros2_ws/install/stage_ros2:/opt/ros/humble:/home/luz/Escritorio/Robotica/week9/ros2_ws/install/stage:/home/luz/Escritorio/Robotica/week9/ros2_ws/install/navigation_tb3:/home/luz/Escritorio/Robotica/week9/ros2_ws/install/cartographer_rviz:/home/luz/Escritorio/Robotica/week9/ros2_ws/install/cartographer_ros:/home/luz/Escritorio/Robotica/week9/ros2_ws/install/cartographer_ros_msgs /usr/bin/cmake --build /home/luz/Escritorio/Robotica/week9/ros2_ws/build/navigation_tb3 -- -j12 -l12
[0.063s] [  0%] Built target ament_cmake_python_copy_navigation_tb3
[0.066s] [100%] Built target pub_occupancy_grid
[0.252s] running egg_info
[0.253s] writing navigation_tb3.egg-info/PKG-INFO
[0.253s] writing dependency_links to navigation_tb3.egg-info/dependency_links.txt
[0.253s] writing top-level names to navigation_tb3.egg-info/top_level.txt
[0.254s] reading manifest file 'navigation_tb3.egg-info/SOURCES.txt'
[0.254s] writing manifest file 'navigation_tb3.egg-info/SOURCES.txt'
[0.274s] [100%] Built target ament_cmake_python_build_navigation_tb3_egg
[0.283s] Invoked command in '/home/luz/Escritorio/Robotica/week9/ros2_ws/build/navigation_tb3' returned '0': CMAKE_PREFIX_PATH=/home/luz/Escritorio/Robotica/week9/ros2_ws/install/stage_ros2:/opt/ros/humble:/home/luz/Escritorio/Robotica/week9/ros2_ws/install/stage:/home/luz/Escritorio/Robotica/week9/ros2_ws/install/navigation_tb3:/home/luz/Escritorio/Robotica/week9/ros2_ws/install/cartographer_rviz:/home/luz/Escritorio/Robotica/week9/ros2_ws/install/cartographer_ros:/home/luz/Escritorio/Robotica/week9/ros2_ws/install/cartographer_ros_msgs /usr/bin/cmake --build /home/luz/Escritorio/Robotica/week9/ros2_ws/build/navigation_tb3 -- -j12 -l12
[0.292s] Invoking command in '/home/luz/Escritorio/Robotica/week9/ros2_ws/build/navigation_tb3': CMAKE_PREFIX_PATH=/home/luz/Escritorio/Robotica/week9/ros2_ws/install/stage_ros2:/opt/ros/humble:/home/luz/Escritorio/Robotica/week9/ros2_ws/install/stage:/home/luz/Escritorio/Robotica/week9/ros2_ws/install/navigation_tb3:/home/luz/Escritorio/Robotica/week9/ros2_ws/install/cartographer_rviz:/home/luz/Escritorio/Robotica/week9/ros2_ws/install/cartographer_ros:/home/luz/Escritorio/Robotica/week9/ros2_ws/install/cartographer_ros_msgs /usr/bin/cmake --install /home/luz/Escritorio/Robotica/week9/ros2_ws/build/navigation_tb3
[0.302s] -- Install configuration: ""
[0.302s] -- Up-to-date: /home/luz/Escritorio/Robotica/week9/ros2_ws/install/navigation_tb3/lib/navigation_tb3/pub_occupancy_grid
[0.302s] -- Up-to-date: /home/luz/Escritorio/Robotica/week9/ros2_ws/install/navigation_tb3/share/navigation_tb3/launch
[0.302s] -- Up-to-date: /home/luz/Escritorio/Robotica/week9/ros2_ws/install/navigation_tb3/share/navigation_tb3/launch/navigation.launch.py
[0.302s] -- Up-to-date: /home/luz/Escritorio/Robotica/week9/ros2_ws/install/navigation_tb3/share/navigation_tb3/launch/mapping.launch.py
[0.302s] -- Up-to-date: /home/luz/Escritorio/Robotica/week9/ros2_ws/install/navigation_tb3/share/navigation_tb3/launch/move_robot.py
[0.302s] -- Up-to-date: /home/luz/Escritorio/Robotica/week9/ros2_ws/install/navigation_tb3/share/navigation_tb3/config
[0.302s] -- Up-to-date: /home/luz/Escritorio/Robotica/week9/ros2_ws/install/navigation_tb3/share/navigation_tb3/config/turtlebot3_lds_2d.lua
[0.302s] -- Up-to-date: /home/luz/Escritorio/Robotica/week9/ros2_ws/install/navigation_tb3/share/navigation_tb3/config/map2.yaml
[0.302s] -- Up-to-date: /home/luz/Escritorio/Robotica/week9/ros2_ws/install/navigation_tb3/share/navigation_tb3/config/mapping.rviz
[0.302s] -- Up-to-date: /home/luz/Escritorio/Robotica/week9/ros2_ws/install/navigation_tb3/share/navigation_tb3/config/pioneer.lua
[0.302s] -- Up-to-date: /home/luz/Escritorio/Robotica/week9/ros2_ws/install/navigation_tb3/share/navigation_tb3/config/cuarto.pgm
[0.302s] -- Up-to-date: /home/luz/Escritorio/Robotica/week9/ros2_ws/install/navigation_tb3/share/navigation_tb3/config/mapCasa3.pgm
[0.302s] -- Up-to-date: /home/luz/Escritorio/Robotica/week9/ros2_ws/install/navigation_tb3/share/navigation_tb3/config/tb3_map.pgm
[0.302s] -- Up-to-date: /home/luz/Escritorio/Robotica/week9/ros2_ws/install/navigation_tb3/share/navigation_tb3/config/rosbostito.lua
[0.302s] -- Up-to-date: /home/luz/Escritorio/Robotica/week9/ros2_ws/install/navigation_tb3/share/navigation_tb3/config/mappingV2.rviz
[0.303s] -- Up-to-date: /home/luz/Escritorio/Robotica/week9/ros2_ws/install/navigation_tb3/share/navigation_tb3/config/map2.pgm
[0.303s] -- Up-to-date: /home/luz/Escritorio/Robotica/week9/ros2_ws/install/navigation_tb3/share/navigation_tb3/config/cuarto.yaml
[0.303s] -- Up-to-date: /home/luz/Escritorio/Robotica/week9/ros2_ws/install/navigation_tb3/share/navigation_tb3/config/tb3_nav2_params.yaml
[0.303s] -- Up-to-date: /home/luz/Escritorio/Robotica/week9/ros2_ws/install/navigation_tb3/share/navigation_tb3/config/navigation.rviz
[0.303s] -- Up-to-date: /home/luz/Escritorio/Robotica/week9/ros2_ws/install/navigation_tb3/share/navigation_tb3/config/visualize.rviz
[0.303s] -- Up-to-date: /home/luz/Escritorio/Robotica/week9/ros2_ws/install/navigation_tb3/share/navigation_tb3/config/tb3_map.yaml
[0.303s] -- Up-to-date: /home/luz/Escritorio/Robotica/week9/ros2_ws/install/navigation_tb3/share/navigation_tb3/config/mapCasa3.yaml
[0.303s] -- Up-to-date: /home/luz/Escritorio/Robotica/week9/ros2_ws/install/navigation_tb3/share/navigation_tb3/environment/pythonpath.sh
[0.303s] -- Up-to-date: /home/luz/Escritorio/Robotica/week9/ros2_ws/install/navigation_tb3/share/navigation_tb3/environment/pythonpath.dsv
[0.303s] -- Up-to-date: /home/luz/Escritorio/Robotica/week9/ros2_ws/install/navigation_tb3/local/lib/python3.10/dist-packages/navigation_tb3-0.0.0-py3.10.egg-info
[0.303s] -- Installing: /home/luz/Escritorio/Robotica/week9/ros2_ws/install/navigation_tb3/local/lib/python3.10/dist-packages/navigation_tb3-0.0.0-py3.10.egg-info/PKG-INFO
[0.303s] -- Installing: /home/luz/Escritorio/Robotica/week9/ros2_ws/install/navigation_tb3/local/lib/python3.10/dist-packages/navigation_tb3-0.0.0-py3.10.egg-info/top_level.txt
[0.303s] -- Installing: /home/luz/Escritorio/Robotica/week9/ros2_ws/install/navigation_tb3/local/lib/python3.10/dist-packages/navigation_tb3-0.0.0-py3.10.egg-info/SOURCES.txt
[0.303s] -- Installing: /home/luz/Escritorio/Robotica/week9/ros2_ws/install/navigation_tb3/local/lib/python3.10/dist-packages/navigation_tb3-0.0.0-py3.10.egg-info/dependency_links.txt
[0.303s] -- Up-to-date: /home/luz/Escritorio/Robotica/week9/ros2_ws/install/navigation_tb3/local/lib/python3.10/dist-packages/navigation_tb3
[0.303s] -- Up-to-date: /home/luz/Escritorio/Robotica/week9/ros2_ws/install/navigation_tb3/local/lib/python3.10/dist-packages/navigation_tb3/__init__.py
[0.313s] Listing '/home/luz/Escritorio/Robotica/week9/ros2_ws/install/navigation_tb3/local/lib/python3.10/dist-packages/navigation_tb3'...
[0.316s] -- Up-to-date: /home/luz/Escritorio/Robotica/week9/ros2_ws/install/navigation_tb3/lib/navigation_tb3/single_goal_nav.py
[0.316s] -- Up-to-date: /home/luz/Escritorio/Robotica/week9/ros2_ws/install/navigation_tb3/lib/navigation_tb3/multi_waypoints.py
[0.316s] -- Up-to-date: /home/luz/Escritorio/Robotica/week9/ros2_ws/install/navigation_tb3/share/ament_index/resource_index/package_run_dependencies/navigation_tb3
[0.316s] -- Up-to-date: /home/luz/Escritorio/Robotica/week9/ros2_ws/install/navigation_tb3/share/ament_index/resource_index/parent_prefix_path/navigation_tb3
[0.316s] -- Up-to-date: /home/luz/Escritorio/Robotica/week9/ros2_ws/install/navigation_tb3/share/navigation_tb3/environment/ament_prefix_path.sh
[0.316s] -- Up-to-date: /home/luz/Escritorio/Robotica/week9/ros2_ws/install/navigation_tb3/share/navigation_tb3/environment/ament_prefix_path.dsv
[0.317s] -- Up-to-date: /home/luz/Escritorio/Robotica/week9/ros2_ws/install/navigation_tb3/share/navigation_tb3/environment/path.sh
[0.317s] -- Up-to-date: /home/luz/Escritorio/Robotica/week9/ros2_ws/install/navigation_tb3/share/navigation_tb3/environment/path.dsv
[0.317s] -- Up-to-date: /home/luz/Escritorio/Robotica/week9/ros2_ws/install/navigation_tb3/share/navigation_tb3/local_setup.bash
[0.317s] -- Up-to-date: /home/luz/Escritorio/Robotica/week9/ros2_ws/install/navigation_tb3/share/navigation_tb3/local_setup.sh
[0.317s] -- Up-to-date: /home/luz/Escritorio/Robotica/week9/ros2_ws/install/navigation_tb3/share/navigation_tb3/local_setup.zsh
[0.317s] -- Up-to-date: /home/luz/Escritorio/Robotica/week9/ros2_ws/install/navigation_tb3/share/navigation_tb3/local_setup.dsv
[0.317s] -- Installing: /home/luz/Escritorio/Robotica/week9/ros2_ws/install/navigation_tb3/share/navigation_tb3/package.dsv
[0.317s] -- Up-to-date: /home/luz/Escritorio/Robotica/week9/ros2_ws/install/navigation_tb3/share/ament_index/resource_index/packages/navigation_tb3
[0.317s] -- Up-to-date: /home/luz/Escritorio/Robotica/week9/ros2_ws/install/navigation_tb3/share/navigation_tb3/cmake/navigation_tb3Config.cmake
[0.317s] -- Up-to-date: /home/luz/Escritorio/Robotica/week9/ros2_ws/install/navigation_tb3/share/navigation_tb3/cmake/navigation_tb3Config-version.cmake
[0.317s] -- Up-to-date: /home/luz/Escritorio/Robotica/week9/ros2_ws/install/navigation_tb3/share/navigation_tb3/package.xml
[0.318s] Invoked command in '/home/luz/Escritorio/Robotica/week9/ros2_ws/build/navigation_tb3' returned '0': CMAKE_PREFIX_PATH=/home/luz/Escritorio/Robotica/week9/ros2_ws/install/stage_ros2:/opt/ros/humble:/home/luz/Escritorio/Robotica/week9/ros2_ws/install/stage:/home/luz/Escritorio/Robotica/week9/ros2_ws/install/navigation_tb3:/home/luz/Escritorio/Robotica/week9/ros2_ws/install/cartographer_rviz:/home/luz/Escritorio/Robotica/week9/ros2_ws/install/cartographer_ros:/home/luz/Escritorio/Robotica/week9/ros2_ws/install/cartographer_ros_msgs /usr/bin/cmake --install /home/luz/Escritorio/Robotica/week9/ros2_ws/build/navigation_tb3
